[2021-03-12 16:46:37,571] {taskinstance.py:851} INFO - Dependencies all met for <TaskInstance: xcom-example.double_values 2021-03-12T16:46:35.662485+00:00 [queued]>
[2021-03-12 16:46:37,601] {taskinstance.py:851} INFO - Dependencies all met for <TaskInstance: xcom-example.double_values 2021-03-12T16:46:35.662485+00:00 [queued]>
[2021-03-12 16:46:37,602] {taskinstance.py:1042} INFO - 
--------------------------------------------------------------------------------
[2021-03-12 16:46:37,604] {taskinstance.py:1043} INFO - Starting attempt 1 of 2
[2021-03-12 16:46:37,605] {taskinstance.py:1044} INFO - 
--------------------------------------------------------------------------------
[2021-03-12 16:46:37,619] {taskinstance.py:1063} INFO - Executing <Task(PythonOperator): double_values> on 2021-03-12T16:46:35.662485+00:00
[2021-03-12 16:46:37,624] {standard_task_runner.py:52} INFO - Started process 44 to run task
[2021-03-12 16:46:37,630] {standard_task_runner.py:76} INFO - Running: ['airflow', 'tasks', 'run', 'xcom-example', 'double_values', '2021-03-12T16:46:35.662485+00:00', '--job-id', '5', '--pool', 'default_pool', '--raw', '--subdir', 'DAGS_FOLDER/airflow-xcom-example.py', '--cfg-path', '/tmp/tmpzfb75spu', '--error-file', '/tmp/tmp7jy_9rua']
[2021-03-12 16:46:37,632] {standard_task_runner.py:77} INFO - Job 5: Subtask double_values
[2021-03-12 16:46:37,701] {logging_mixin.py:104} INFO - Running <TaskInstance: xcom-example.double_values 2021-03-12T16:46:35.662485+00:00 [running]> on host c9789e4b240e
[2021-03-12 16:46:37,755] {taskinstance.py:1257} INFO - Exporting the following env vars:
AIRFLOW_CTX_DAG_EMAIL=tom.karaffa@deep-labs.com
AIRFLOW_CTX_DAG_OWNER=tom.karaffa
AIRFLOW_CTX_DAG_ID=xcom-example
AIRFLOW_CTX_TASK_ID=double_values
AIRFLOW_CTX_EXECUTION_DATE=2021-03-12T16:46:35.662485+00:00
AIRFLOW_CTX_DAG_RUN_ID=manual__2021-03-12T16:46:35.662485+00:00
[2021-03-12 16:46:37,791] {python.py:118} INFO - Done. Returned value was: None
[2021-03-12 16:46:37,803] {taskinstance.py:1166} INFO - Marking task as SUCCESS. dag_id=xcom-example, task_id=double_values, execution_date=20210312T164635, start_date=20210312T164637, end_date=20210312T164637
[2021-03-12 16:46:37,845] {taskinstance.py:1220} INFO - 1 downstream tasks scheduled from follow-on schedule check
[2021-03-12 16:46:37,891] {local_task_job.py:146} INFO - Task exited with return code 0
