[2021-03-11 23:33:10,912] {taskinstance.py:851} INFO - Dependencies all met for <TaskInstance: xcom-example.extract_from_db 2021-03-11T23:33:09.087910+00:00 [queued]>
[2021-03-11 23:33:10,989] {taskinstance.py:851} INFO - Dependencies all met for <TaskInstance: xcom-example.extract_from_db 2021-03-11T23:33:09.087910+00:00 [queued]>
[2021-03-11 23:33:10,992] {taskinstance.py:1042} INFO - 
--------------------------------------------------------------------------------
[2021-03-11 23:33:10,993] {taskinstance.py:1043} INFO - Starting attempt 1 of 2
[2021-03-11 23:33:10,994] {taskinstance.py:1044} INFO - 
--------------------------------------------------------------------------------
[2021-03-11 23:33:11,012] {taskinstance.py:1063} INFO - Executing <Task(PythonOperator): extract_from_db> on 2021-03-11T23:33:09.087910+00:00
[2021-03-11 23:33:11,024] {standard_task_runner.py:76} INFO - Running: ['airflow', 'tasks', 'run', 'xcom-example', 'extract_from_db', '2021-03-11T23:33:09.087910+00:00', '--job-id', '4', '--pool', 'default_pool', '--raw', '--subdir', 'DAGS_FOLDER/airflow-xcom-example.py', '--cfg-path', '/tmp/tmpup2qp3rc', '--error-file', '/tmp/tmpsuvabhzn']
[2021-03-11 23:33:11,026] {standard_task_runner.py:77} INFO - Job 4: Subtask extract_from_db
[2021-03-11 23:33:11,019] {standard_task_runner.py:52} INFO - Started process 46 to run task
[2021-03-11 23:33:11,150] {logging_mixin.py:104} INFO - Running <TaskInstance: xcom-example.extract_from_db 2021-03-11T23:33:09.087910+00:00 [running]> on host 7d27dd48eb07
[2021-03-11 23:33:11,230] {taskinstance.py:1257} INFO - Exporting the following env vars:
AIRFLOW_CTX_DAG_EMAIL=tom.karaffa@deep-labs.com
AIRFLOW_CTX_DAG_OWNER=tom.karaffa
AIRFLOW_CTX_DAG_ID=xcom-example
AIRFLOW_CTX_TASK_ID=extract_from_db
AIRFLOW_CTX_EXECUTION_DATE=2021-03-11T23:33:09.087910+00:00
AIRFLOW_CTX_DAG_RUN_ID=manual__2021-03-11T23:33:09.087910+00:00
[2021-03-11 23:33:11,251] {logging_mixin.py:104} INFO - [(1, 1111, 111111), (2, 2222, 222222)]
[2021-03-11 23:33:11,253] {xcom.py:238} ERROR - Could not serialize the XCom value into JSON. If you are using pickles instead of JSON for XCom, then you need to enable pickle support for XCom in your airflow config.
[2021-03-11 23:33:11,262] {taskinstance.py:1455} ERROR - Object of type 'RowProxy' is not JSON serializable
Traceback (most recent call last):
  File "/home/airflow/.local/lib/python3.6/site-packages/airflow/models/taskinstance.py", line 1112, in _run_raw_task
    self._prepare_and_execute_task_with_callbacks(context, task)
  File "/home/airflow/.local/lib/python3.6/site-packages/airflow/models/taskinstance.py", line 1285, in _prepare_and_execute_task_with_callbacks
    result = self._execute_task(context, task_copy)
  File "/home/airflow/.local/lib/python3.6/site-packages/airflow/models/taskinstance.py", line 1315, in _execute_task
    result = task_copy.execute(context=context)
  File "/home/airflow/.local/lib/python3.6/site-packages/airflow/operators/python.py", line 117, in execute
    return_value = self.execute_callable()
  File "/home/airflow/.local/lib/python3.6/site-packages/airflow/operators/python.py", line 128, in execute_callable
    return self.python_callable(*self.op_args, **self.op_kwargs)
  File "/opt/airflow/dags/airflow-xcom-example.py", line 46, in extract_from_db
    ti.xcom_push(key='results', value=results)
  File "/home/airflow/.local/lib/python3.6/site-packages/airflow/utils/session.py", line 65, in wrapper
    return func(*args, session=session, **kwargs)
  File "/home/airflow/.local/lib/python3.6/site-packages/airflow/models/taskinstance.py", line 1899, in xcom_push
    session=session,
  File "/home/airflow/.local/lib/python3.6/site-packages/airflow/utils/session.py", line 62, in wrapper
    return func(*args, **kwargs)
  File "/home/airflow/.local/lib/python3.6/site-packages/airflow/models/xcom.py", line 88, in set
    value = XCom.serialize_value(value)
  File "/home/airflow/.local/lib/python3.6/site-packages/airflow/models/xcom.py", line 235, in serialize_value
    return json.dumps(value).encode('UTF-8')
  File "/usr/local/lib/python3.6/json/__init__.py", line 231, in dumps
    return _default_encoder.encode(obj)
  File "/usr/local/lib/python3.6/json/encoder.py", line 199, in encode
    chunks = self.iterencode(o, _one_shot=True)
  File "/usr/local/lib/python3.6/json/encoder.py", line 257, in iterencode
    return _iterencode(o, 0)
  File "/usr/local/lib/python3.6/json/encoder.py", line 180, in default
    o.__class__.__name__)
TypeError: Object of type 'RowProxy' is not JSON serializable
[2021-03-11 23:33:11,286] {taskinstance.py:1503} INFO - Marking task as UP_FOR_RETRY. dag_id=xcom-example, task_id=extract_from_db, execution_date=20210311T233309, start_date=20210311T233310, end_date=20210311T233311
[2021-03-11 23:33:11,337] {local_task_job.py:146} INFO - Task exited with return code 1
