[2021-03-11 23:44:13,062] {taskinstance.py:851} INFO - Dependencies all met for <TaskInstance: xcom-example.extract_from_db 2021-03-11T23:44:11.599409+00:00 [queued]>
[2021-03-11 23:44:13,258] {taskinstance.py:851} INFO - Dependencies all met for <TaskInstance: xcom-example.extract_from_db 2021-03-11T23:44:11.599409+00:00 [queued]>
[2021-03-11 23:44:13,308] {taskinstance.py:1042} INFO - 
--------------------------------------------------------------------------------
[2021-03-11 23:44:13,314] {taskinstance.py:1043} INFO - Starting attempt 1 of 2
[2021-03-11 23:44:13,316] {taskinstance.py:1044} INFO - 
--------------------------------------------------------------------------------
[2021-03-11 23:44:13,377] {taskinstance.py:1063} INFO - Executing <Task(PythonOperator): extract_from_db> on 2021-03-11T23:44:11.599409+00:00
[2021-03-11 23:44:13,390] {standard_task_runner.py:52} INFO - Started process 76 to run task
[2021-03-11 23:44:13,424] {standard_task_runner.py:76} INFO - Running: ['airflow', 'tasks', 'run', 'xcom-example', 'extract_from_db', '2021-03-11T23:44:11.599409+00:00', '--job-id', '18', '--pool', 'default_pool', '--raw', '--subdir', 'DAGS_FOLDER/airflow-xcom-example.py', '--cfg-path', '/tmp/tmpo1ayohxz', '--error-file', '/tmp/tmpsq56u8ta']
[2021-03-11 23:44:13,431] {standard_task_runner.py:77} INFO - Job 18: Subtask extract_from_db
[2021-03-11 23:44:13,686] {logging_mixin.py:104} INFO - Running <TaskInstance: xcom-example.extract_from_db 2021-03-11T23:44:11.599409+00:00 [running]> on host 7d27dd48eb07
[2021-03-11 23:44:13,775] {taskinstance.py:1257} INFO - Exporting the following env vars:
AIRFLOW_CTX_DAG_EMAIL=tom.karaffa@deep-labs.com
AIRFLOW_CTX_DAG_OWNER=tom.karaffa
AIRFLOW_CTX_DAG_ID=xcom-example
AIRFLOW_CTX_TASK_ID=extract_from_db
AIRFLOW_CTX_EXECUTION_DATE=2021-03-11T23:44:11.599409+00:00
AIRFLOW_CTX_DAG_RUN_ID=manual__2021-03-11T23:44:11.599409+00:00
[2021-03-11 23:44:13,835] {python.py:118} INFO - Done. Returned value was: None
[2021-03-11 23:44:13,865] {taskinstance.py:1166} INFO - Marking task as SUCCESS. dag_id=xcom-example, task_id=extract_from_db, execution_date=20210311T234411, start_date=20210311T234413, end_date=20210311T234413
[2021-03-11 23:44:13,912] {taskinstance.py:1220} INFO - 1 downstream tasks scheduled from follow-on schedule check
[2021-03-11 23:44:13,935] {local_task_job.py:146} INFO - Task exited with return code 0
