[2021-03-12 00:12:42,013] {taskinstance.py:851} INFO - Dependencies all met for <TaskInstance: xcom-example.double_values 2021-03-12T00:12:39.820469+00:00 [queued]>
[2021-03-12 00:12:42,039] {taskinstance.py:851} INFO - Dependencies all met for <TaskInstance: xcom-example.double_values 2021-03-12T00:12:39.820469+00:00 [queued]>
[2021-03-12 00:12:42,040] {taskinstance.py:1042} INFO - 
--------------------------------------------------------------------------------
[2021-03-12 00:12:42,041] {taskinstance.py:1043} INFO - Starting attempt 1 of 2
[2021-03-12 00:12:42,041] {taskinstance.py:1044} INFO - 
--------------------------------------------------------------------------------
[2021-03-12 00:12:42,050] {taskinstance.py:1063} INFO - Executing <Task(PythonOperator): double_values> on 2021-03-12T00:12:39.820469+00:00
[2021-03-12 00:12:42,054] {standard_task_runner.py:52} INFO - Started process 42 to run task
[2021-03-12 00:12:42,060] {standard_task_runner.py:76} INFO - Running: ['airflow', 'tasks', 'run', 'xcom-example', 'double_values', '2021-03-12T00:12:39.820469+00:00', '--job-id', '36', '--pool', 'default_pool', '--raw', '--subdir', 'DAGS_FOLDER/airflow-xcom-example.py', '--cfg-path', '/tmp/tmpd7ziyq8e', '--error-file', '/tmp/tmpptsgoif1']
[2021-03-12 00:12:42,063] {standard_task_runner.py:77} INFO - Job 36: Subtask double_values
[2021-03-12 00:12:42,131] {logging_mixin.py:104} INFO - Running <TaskInstance: xcom-example.double_values 2021-03-12T00:12:39.820469+00:00 [running]> on host 529cfb9a3d0d
[2021-03-12 00:12:42,173] {taskinstance.py:1257} INFO - Exporting the following env vars:
AIRFLOW_CTX_DAG_EMAIL=tom.karaffa@deep-labs.com
AIRFLOW_CTX_DAG_OWNER=tom.karaffa
AIRFLOW_CTX_DAG_ID=xcom-example
AIRFLOW_CTX_TASK_ID=double_values
AIRFLOW_CTX_EXECUTION_DATE=2021-03-12T00:12:39.820469+00:00
AIRFLOW_CTX_DAG_RUN_ID=manual__2021-03-12T00:12:39.820469+00:00
[2021-03-12 00:12:42,205] {python.py:118} INFO - Done. Returned value was: None
[2021-03-12 00:12:42,232] {taskinstance.py:1166} INFO - Marking task as SUCCESS. dag_id=xcom-example, task_id=double_values, execution_date=20210312T001239, start_date=20210312T001242, end_date=20210312T001242
[2021-03-12 00:12:42,283] {taskinstance.py:1220} INFO - 1 downstream tasks scheduled from follow-on schedule check
[2021-03-12 00:12:42,318] {local_task_job.py:146} INFO - Task exited with return code 0
