[2021-03-12 16:45:59,453] {taskinstance.py:851} INFO - Dependencies all met for <TaskInstance: xcom-example.extract_from_db 2021-03-12T16:45:57.518048+00:00 [queued]>
[2021-03-12 16:45:59,473] {taskinstance.py:851} INFO - Dependencies all met for <TaskInstance: xcom-example.extract_from_db 2021-03-12T16:45:57.518048+00:00 [queued]>
[2021-03-12 16:45:59,474] {taskinstance.py:1042} INFO - 
--------------------------------------------------------------------------------
[2021-03-12 16:45:59,476] {taskinstance.py:1043} INFO - Starting attempt 1 of 2
[2021-03-12 16:45:59,477] {taskinstance.py:1044} INFO - 
--------------------------------------------------------------------------------
[2021-03-12 16:45:59,489] {taskinstance.py:1063} INFO - Executing <Task(PythonOperator): extract_from_db> on 2021-03-12T16:45:57.518048+00:00
[2021-03-12 16:45:59,494] {standard_task_runner.py:52} INFO - Started process 40 to run task
[2021-03-12 16:45:59,500] {standard_task_runner.py:76} INFO - Running: ['airflow', 'tasks', 'run', 'xcom-example', 'extract_from_db', '2021-03-12T16:45:57.518048+00:00', '--job-id', '3', '--pool', 'default_pool', '--raw', '--subdir', 'DAGS_FOLDER/airflow-xcom-example.py', '--cfg-path', '/tmp/tmpu2k7b1mj', '--error-file', '/tmp/tmpb2pn_ip7']
[2021-03-12 16:45:59,502] {standard_task_runner.py:77} INFO - Job 3: Subtask extract_from_db
[2021-03-12 16:45:59,572] {logging_mixin.py:104} INFO - Running <TaskInstance: xcom-example.extract_from_db 2021-03-12T16:45:57.518048+00:00 [running]> on host c9789e4b240e
[2021-03-12 16:45:59,617] {taskinstance.py:1257} INFO - Exporting the following env vars:
AIRFLOW_CTX_DAG_EMAIL=tom.karaffa@deep-labs.com
AIRFLOW_CTX_DAG_OWNER=tom.karaffa
AIRFLOW_CTX_DAG_ID=xcom-example
AIRFLOW_CTX_TASK_ID=extract_from_db
AIRFLOW_CTX_EXECUTION_DATE=2021-03-12T16:45:57.518048+00:00
AIRFLOW_CTX_DAG_RUN_ID=manual__2021-03-12T16:45:57.518048+00:00
[2021-03-12 16:45:59,677] {taskinstance.py:1455} ERROR - 'Variable template_fields does not exist'
Traceback (most recent call last):
  File "/home/airflow/.local/lib/python3.6/site-packages/airflow/models/taskinstance.py", line 1112, in _run_raw_task
    self._prepare_and_execute_task_with_callbacks(context, task)
  File "/home/airflow/.local/lib/python3.6/site-packages/airflow/models/taskinstance.py", line 1285, in _prepare_and_execute_task_with_callbacks
    result = self._execute_task(context, task_copy)
  File "/home/airflow/.local/lib/python3.6/site-packages/airflow/models/taskinstance.py", line 1315, in _execute_task
    result = task_copy.execute(context=context)
  File "/home/airflow/.local/lib/python3.6/site-packages/airflow/operators/python.py", line 117, in execute
    return_value = self.execute_callable()
  File "/home/airflow/.local/lib/python3.6/site-packages/airflow/operators/python.py", line 128, in execute_callable
    return self.python_callable(*self.op_args, **self.op_kwargs)
  File "/home/airflow/.local/lib/python3.6/site-packages/airflow/operators/python.py", line 294, in factory
    **kwargs,
  File "/home/airflow/.local/lib/python3.6/site-packages/airflow/models/baseoperator.py", line 91, in __call__
    obj.set_xcomargs_dependencies()
  File "/home/airflow/.local/lib/python3.6/site-packages/airflow/models/baseoperator.py", line 724, in set_xcomargs_dependencies
    apply_set_upstream(arg)
  File "/home/airflow/.local/lib/python3.6/site-packages/airflow/models/baseoperator.py", line 716, in apply_set_upstream
    apply_set_upstream(elem)
  File "/home/airflow/.local/lib/python3.6/site-packages/airflow/models/baseoperator.py", line 716, in apply_set_upstream
    apply_set_upstream(elem)
  File "/home/airflow/.local/lib/python3.6/site-packages/airflow/models/baseoperator.py", line 717, in apply_set_upstream
    elif hasattr(arg, "template_fields"):
  File "/home/airflow/.local/lib/python3.6/site-packages/airflow/models/taskinstance.py", line 1651, in __getattr__
    self.var = Variable.get(item, deserialize_json=True)
  File "/home/airflow/.local/lib/python3.6/site-packages/airflow/models/variable.py", line 128, in get
    raise KeyError(f'Variable {key} does not exist')
KeyError: 'Variable template_fields does not exist'
[2021-03-12 16:45:59,682] {taskinstance.py:1503} INFO - Marking task as UP_FOR_RETRY. dag_id=xcom-example, task_id=extract_from_db, execution_date=20210312T164557, start_date=20210312T164559, end_date=20210312T164559
[2021-03-12 16:45:59,725] {local_task_job.py:146} INFO - Task exited with return code 1
