[2021-03-11 23:35:32,370] {taskinstance.py:851} INFO - Dependencies all met for <TaskInstance: example_xcom.push 2021-03-09T00:00:00+00:00 [queued]>
[2021-03-11 23:35:32,388] {taskinstance.py:851} INFO - Dependencies all met for <TaskInstance: example_xcom.push 2021-03-09T00:00:00+00:00 [queued]>
[2021-03-11 23:35:32,389] {taskinstance.py:1042} INFO - 
--------------------------------------------------------------------------------
[2021-03-11 23:35:32,390] {taskinstance.py:1043} INFO - Starting attempt 1 of 1
[2021-03-11 23:35:32,391] {taskinstance.py:1044} INFO - 
--------------------------------------------------------------------------------
[2021-03-11 23:35:32,400] {taskinstance.py:1063} INFO - Executing <Task(PythonOperator): push> on 2021-03-09T00:00:00+00:00
[2021-03-11 23:35:32,405] {standard_task_runner.py:52} INFO - Started process 49 to run task
[2021-03-11 23:35:32,412] {standard_task_runner.py:76} INFO - Running: ['airflow', 'tasks', 'run', 'example_xcom', 'push', '2021-03-09T00:00:00+00:00', '--job-id', '5', '--pool', 'default_pool', '--raw', '--subdir', '/home/airflow/.local/lib/python3.6/site-packages/airflow/example_dags/example_xcom.py', '--cfg-path', '/tmp/tmpo2jmdigj', '--error-file', '/tmp/tmptzewy6ar']
[2021-03-11 23:35:32,414] {standard_task_runner.py:77} INFO - Job 5: Subtask push
[2021-03-11 23:35:32,481] {logging_mixin.py:104} INFO - Running <TaskInstance: example_xcom.push 2021-03-09T00:00:00+00:00 [running]> on host 7d27dd48eb07
[2021-03-11 23:35:32,520] {taskinstance.py:1257} INFO - Exporting the following env vars:
AIRFLOW_CTX_DAG_OWNER=airflow
AIRFLOW_CTX_DAG_ID=example_xcom
AIRFLOW_CTX_TASK_ID=push
AIRFLOW_CTX_EXECUTION_DATE=2021-03-09T00:00:00+00:00
AIRFLOW_CTX_DAG_RUN_ID=scheduled__2021-03-09T00:00:00+00:00
[2021-03-11 23:35:32,538] {python.py:118} INFO - Done. Returned value was: None
[2021-03-11 23:35:32,550] {taskinstance.py:1166} INFO - Marking task as SUCCESS. dag_id=example_xcom, task_id=push, execution_date=20210309T000000, start_date=20210311T233532, end_date=20210311T233532
[2021-03-11 23:35:32,580] {taskinstance.py:1220} INFO - 0 downstream tasks scheduled from follow-on schedule check
[2021-03-11 23:35:32,627] {local_task_job.py:146} INFO - Task exited with return code 0
