[2021-03-11 23:35:49,599] {taskinstance.py:851} INFO - Dependencies all met for <TaskInstance: example_xcom_args.print_value 2021-03-11T23:35:46.543118+00:00 [queued]>
[2021-03-11 23:35:49,632] {taskinstance.py:851} INFO - Dependencies all met for <TaskInstance: example_xcom_args.print_value 2021-03-11T23:35:46.543118+00:00 [queued]>
[2021-03-11 23:35:49,643] {taskinstance.py:1042} INFO - 
--------------------------------------------------------------------------------
[2021-03-11 23:35:49,647] {taskinstance.py:1043} INFO - Starting attempt 1 of 1
[2021-03-11 23:35:49,649] {taskinstance.py:1044} INFO - 
--------------------------------------------------------------------------------
[2021-03-11 23:35:49,674] {taskinstance.py:1063} INFO - Executing <Task(_PythonDecoratedOperator): print_value> on 2021-03-11T23:35:46.543118+00:00
[2021-03-11 23:35:49,685] {standard_task_runner.py:52} INFO - Started process 56 to run task
[2021-03-11 23:35:49,692] {standard_task_runner.py:76} INFO - Running: ['airflow', 'tasks', 'run', 'example_xcom_args', 'print_value', '2021-03-11T23:35:46.543118+00:00', '--job-id', '9', '--pool', 'default_pool', '--raw', '--subdir', '/home/airflow/.local/lib/python3.6/site-packages/airflow/example_dags/example_xcomargs.py', '--cfg-path', '/tmp/tmp8p7wb98y', '--error-file', '/tmp/tmpp86bqfx1']
[2021-03-11 23:35:49,694] {standard_task_runner.py:77} INFO - Job 9: Subtask print_value
[2021-03-11 23:35:49,815] {logging_mixin.py:104} INFO - Running <TaskInstance: example_xcom_args.print_value 2021-03-11T23:35:46.543118+00:00 [running]> on host 7d27dd48eb07
[2021-03-11 23:35:50,169] {taskinstance.py:1257} INFO - Exporting the following env vars:
AIRFLOW_CTX_DAG_OWNER=airflow
AIRFLOW_CTX_DAG_ID=example_xcom_args
AIRFLOW_CTX_TASK_ID=print_value
AIRFLOW_CTX_EXECUTION_DATE=2021-03-11T23:35:46.543118+00:00
AIRFLOW_CTX_DAG_RUN_ID=manual__2021-03-11T23:35:46.543118+00:00
[2021-03-11 23:35:50,172] {example_xcomargs.py:39} INFO - The knights of Ni say: Bring me a shrubbery! (at 2021-03-11T23:35:46.543118+00:00)
[2021-03-11 23:35:50,201] {taskinstance.py:1166} INFO - Marking task as SUCCESS. dag_id=example_xcom_args, task_id=print_value, execution_date=20210311T233546, start_date=20210311T233549, end_date=20210311T233550
[2021-03-11 23:35:50,358] {taskinstance.py:1220} INFO - 0 downstream tasks scheduled from follow-on schedule check
[2021-03-11 23:35:50,401] {local_task_job.py:146} INFO - Task exited with return code 0
