[2021-03-11 23:35:54,364] {taskinstance.py:851} INFO - Dependencies all met for <TaskInstance: example_xcom_args_with_operators.c 2021-03-11T23:35:53.366019+00:00 [queued]>
[2021-03-11 23:35:54,401] {taskinstance.py:851} INFO - Dependencies all met for <TaskInstance: example_xcom_args_with_operators.c 2021-03-11T23:35:53.366019+00:00 [queued]>
[2021-03-11 23:35:54,403] {taskinstance.py:1042} INFO - 
--------------------------------------------------------------------------------
[2021-03-11 23:35:54,404] {taskinstance.py:1043} INFO - Starting attempt 1 of 1
[2021-03-11 23:35:54,405] {taskinstance.py:1044} INFO - 
--------------------------------------------------------------------------------
[2021-03-11 23:35:54,417] {taskinstance.py:1063} INFO - Executing <Task(BashOperator): c> on 2021-03-11T23:35:53.366019+00:00
[2021-03-11 23:35:54,431] {standard_task_runner.py:76} INFO - Running: ['airflow', 'tasks', 'run', 'example_xcom_args_with_operators', 'c', '2021-03-11T23:35:53.366019+00:00', '--job-id', '10', '--pool', 'default_pool', '--raw', '--subdir', '/home/airflow/.local/lib/python3.6/site-packages/airflow/example_dags/example_xcomargs.py', '--cfg-path', '/tmp/tmpikxp1d0_', '--error-file', '/tmp/tmpbmd_9s1s']
[2021-03-11 23:35:54,424] {standard_task_runner.py:52} INFO - Started process 58 to run task
[2021-03-11 23:35:54,434] {standard_task_runner.py:77} INFO - Job 10: Subtask c
[2021-03-11 23:35:54,509] {logging_mixin.py:104} INFO - Running <TaskInstance: example_xcom_args_with_operators.c 2021-03-11T23:35:53.366019+00:00 [running]> on host 7d27dd48eb07
[2021-03-11 23:35:54,561] {taskinstance.py:1257} INFO - Exporting the following env vars:
AIRFLOW_CTX_DAG_OWNER=airflow
AIRFLOW_CTX_DAG_ID=example_xcom_args_with_operators
AIRFLOW_CTX_TASK_ID=c
AIRFLOW_CTX_EXECUTION_DATE=2021-03-11T23:35:53.366019+00:00
AIRFLOW_CTX_DAG_RUN_ID=manual__2021-03-11T23:35:53.366019+00:00
[2021-03-11 23:35:54,564] {bash.py:135} INFO - Tmp dir root location: 
 /tmp
[2021-03-11 23:35:54,567] {bash.py:158} INFO - Running command: echo c
[2021-03-11 23:35:54,582] {bash.py:169} INFO - Output:
[2021-03-11 23:35:54,591] {bash.py:173} INFO - c
[2021-03-11 23:35:54,593] {bash.py:177} INFO - Command exited with return code 0
[2021-03-11 23:35:54,642] {taskinstance.py:1166} INFO - Marking task as SUCCESS. dag_id=example_xcom_args_with_operators, task_id=c, execution_date=20210311T233553, start_date=20210311T233554, end_date=20210311T233554
[2021-03-11 23:35:54,735] {taskinstance.py:1220} INFO - 1 downstream tasks scheduled from follow-on schedule check
[2021-03-11 23:35:54,781] {local_task_job.py:146} INFO - Task exited with return code 0
