[2021-03-11 23:10:59,621] {taskinstance.py:851} INFO - Dependencies all met for <TaskInstance: tutorial.print_date 2021-03-11T23:10:57.615950+00:00 [queued]>
[2021-03-11 23:10:59,644] {taskinstance.py:851} INFO - Dependencies all met for <TaskInstance: tutorial.print_date 2021-03-11T23:10:57.615950+00:00 [queued]>
[2021-03-11 23:10:59,646] {taskinstance.py:1042} INFO - 
--------------------------------------------------------------------------------
[2021-03-11 23:10:59,648] {taskinstance.py:1043} INFO - Starting attempt 1 of 2
[2021-03-11 23:10:59,649] {taskinstance.py:1044} INFO - 
--------------------------------------------------------------------------------
[2021-03-11 23:10:59,675] {taskinstance.py:1063} INFO - Executing <Task(BashOperator): print_date> on 2021-03-11T23:10:57.615950+00:00
[2021-03-11 23:10:59,689] {standard_task_runner.py:76} INFO - Running: ['airflow', 'tasks', 'run', 'tutorial', 'print_date', '2021-03-11T23:10:57.615950+00:00', '--job-id', '24', '--pool', 'default_pool', '--raw', '--subdir', '/home/airflow/.local/lib/python3.6/site-packages/airflow/example_dags/tutorial.py', '--cfg-path', '/tmp/tmp7d9d93uu', '--error-file', '/tmp/tmpwyv78nzx']
[2021-03-11 23:10:59,684] {standard_task_runner.py:52} INFO - Started process 42 to run task
[2021-03-11 23:10:59,691] {standard_task_runner.py:77} INFO - Job 24: Subtask print_date
[2021-03-11 23:10:59,769] {logging_mixin.py:104} INFO - Running <TaskInstance: tutorial.print_date 2021-03-11T23:10:57.615950+00:00 [running]> on host c76a06009557
[2021-03-11 23:10:59,835] {taskinstance.py:1257} INFO - Exporting the following env vars:
AIRFLOW_CTX_DAG_EMAIL=airflow@example.com
AIRFLOW_CTX_DAG_OWNER=airflow
AIRFLOW_CTX_DAG_ID=tutorial
AIRFLOW_CTX_TASK_ID=print_date
AIRFLOW_CTX_EXECUTION_DATE=2021-03-11T23:10:57.615950+00:00
AIRFLOW_CTX_DAG_RUN_ID=manual__2021-03-11T23:10:57.615950+00:00
[2021-03-11 23:10:59,837] {bash.py:135} INFO - Tmp dir root location: 
 /tmp
[2021-03-11 23:10:59,840] {bash.py:158} INFO - Running command: date
[2021-03-11 23:10:59,865] {bash.py:169} INFO - Output:
[2021-03-11 23:10:59,872] {bash.py:173} INFO - Thu Mar 11 23:10:59 UTC 2021
[2021-03-11 23:10:59,873] {bash.py:177} INFO - Command exited with return code 0
[2021-03-11 23:10:59,906] {taskinstance.py:1166} INFO - Marking task as SUCCESS. dag_id=tutorial, task_id=print_date, execution_date=20210311T231057, start_date=20210311T231059, end_date=20210311T231059
[2021-03-11 23:10:59,943] {taskinstance.py:1220} INFO - 2 downstream tasks scheduled from follow-on schedule check
[2021-03-11 23:10:59,956] {local_task_job.py:146} INFO - Task exited with return code 0
