[2021-03-11 23:35:48,004] {taskinstance.py:851} INFO - Dependencies all met for <TaskInstance: example_xcom_args.generate_value 2021-03-11T23:35:46.543118+00:00 [queued]>
[2021-03-11 23:35:48,087] {taskinstance.py:851} INFO - Dependencies all met for <TaskInstance: example_xcom_args.generate_value 2021-03-11T23:35:46.543118+00:00 [queued]>
[2021-03-11 23:35:48,089] {taskinstance.py:1042} INFO - 
--------------------------------------------------------------------------------
[2021-03-11 23:35:48,090] {taskinstance.py:1043} INFO - Starting attempt 1 of 1
[2021-03-11 23:35:48,091] {taskinstance.py:1044} INFO - 
--------------------------------------------------------------------------------
[2021-03-11 23:35:48,107] {taskinstance.py:1063} INFO - Executing <Task(PythonOperator): generate_value> on 2021-03-11T23:35:46.543118+00:00
[2021-03-11 23:35:48,128] {standard_task_runner.py:76} INFO - Running: ['airflow', 'tasks', 'run', 'example_xcom_args', 'generate_value', '2021-03-11T23:35:46.543118+00:00', '--job-id', '8', '--pool', 'default_pool', '--raw', '--subdir', '/home/airflow/.local/lib/python3.6/site-packages/airflow/example_dags/example_xcomargs.py', '--cfg-path', '/tmp/tmp4mc164bb', '--error-file', '/tmp/tmpnqo0optl']
[2021-03-11 23:35:48,132] {standard_task_runner.py:77} INFO - Job 8: Subtask generate_value
[2021-03-11 23:35:48,126] {standard_task_runner.py:52} INFO - Started process 54 to run task
[2021-03-11 23:35:48,213] {logging_mixin.py:104} INFO - Running <TaskInstance: example_xcom_args.generate_value 2021-03-11T23:35:46.543118+00:00 [running]> on host 7d27dd48eb07
[2021-03-11 23:35:48,284] {taskinstance.py:1257} INFO - Exporting the following env vars:
AIRFLOW_CTX_DAG_OWNER=airflow
AIRFLOW_CTX_DAG_ID=example_xcom_args
AIRFLOW_CTX_TASK_ID=generate_value
AIRFLOW_CTX_EXECUTION_DATE=2021-03-11T23:35:46.543118+00:00
AIRFLOW_CTX_DAG_RUN_ID=manual__2021-03-11T23:35:46.543118+00:00
[2021-03-11 23:35:48,288] {python.py:118} INFO - Done. Returned value was: Bring me a shrubbery!
[2021-03-11 23:35:48,330] {taskinstance.py:1166} INFO - Marking task as SUCCESS. dag_id=example_xcom_args, task_id=generate_value, execution_date=20210311T233546, start_date=20210311T233548, end_date=20210311T233548
[2021-03-11 23:35:48,383] {taskinstance.py:1220} INFO - 1 downstream tasks scheduled from follow-on schedule check
[2021-03-11 23:35:48,441] {local_task_job.py:146} INFO - Task exited with return code 0
