[2021-03-12 00:20:52,804] {taskinstance.py:851} INFO - Dependencies all met for <TaskInstance: tutorial.templated 2021-03-11T00:00:00+00:00 [queued]>
[2021-03-12 00:20:52,829] {taskinstance.py:851} INFO - Dependencies all met for <TaskInstance: tutorial.templated 2021-03-11T00:00:00+00:00 [queued]>
[2021-03-12 00:20:52,830] {taskinstance.py:1042} INFO - 
--------------------------------------------------------------------------------
[2021-03-12 00:20:52,832] {taskinstance.py:1043} INFO - Starting attempt 1 of 2
[2021-03-12 00:20:52,833] {taskinstance.py:1044} INFO - 
--------------------------------------------------------------------------------
[2021-03-12 00:20:52,874] {taskinstance.py:1063} INFO - Executing <Task(BashOperator): templated> on 2021-03-11T00:00:00+00:00
[2021-03-12 00:20:52,914] {standard_task_runner.py:76} INFO - Running: ['airflow', 'tasks', 'run', 'tutorial', 'templated', '2021-03-11T00:00:00+00:00', '--job-id', '38', '--pool', 'default_pool', '--raw', '--subdir', '/home/airflow/.local/lib/python3.6/site-packages/airflow/example_dags/tutorial.py', '--cfg-path', '/tmp/tmp99jf1edm', '--error-file', '/tmp/tmpbjvwyqi5']
[2021-03-12 00:20:52,926] {standard_task_runner.py:77} INFO - Job 38: Subtask templated
[2021-03-12 00:20:52,892] {standard_task_runner.py:52} INFO - Started process 48 to run task
[2021-03-12 00:20:53,054] {logging_mixin.py:104} INFO - Running <TaskInstance: tutorial.templated 2021-03-11T00:00:00+00:00 [running]> on host e272a46ce32e
[2021-03-12 00:20:53,291] {taskinstance.py:1257} INFO - Exporting the following env vars:
AIRFLOW_CTX_DAG_EMAIL=airflow@example.com
AIRFLOW_CTX_DAG_OWNER=airflow
AIRFLOW_CTX_DAG_ID=tutorial
AIRFLOW_CTX_TASK_ID=templated
AIRFLOW_CTX_EXECUTION_DATE=2021-03-11T00:00:00+00:00
AIRFLOW_CTX_DAG_RUN_ID=scheduled__2021-03-11T00:00:00+00:00
[2021-03-12 00:20:53,293] {bash.py:135} INFO - Tmp dir root location: 
 /tmp
[2021-03-12 00:20:53,296] {bash.py:158} INFO - Running command: 

    echo "2021-03-11"
    echo "2021-03-18"
    echo "Parameter I passed in"

    echo "2021-03-11"
    echo "2021-03-18"
    echo "Parameter I passed in"

    echo "2021-03-11"
    echo "2021-03-18"
    echo "Parameter I passed in"

    echo "2021-03-11"
    echo "2021-03-18"
    echo "Parameter I passed in"

    echo "2021-03-11"
    echo "2021-03-18"
    echo "Parameter I passed in"

[2021-03-12 00:20:53,318] {bash.py:169} INFO - Output:
[2021-03-12 00:20:53,324] {bash.py:173} INFO - 2021-03-11
[2021-03-12 00:20:53,326] {bash.py:173} INFO - 2021-03-18
[2021-03-12 00:20:53,327] {bash.py:173} INFO - Parameter I passed in
[2021-03-12 00:20:53,328] {bash.py:173} INFO - 2021-03-11
[2021-03-12 00:20:53,330] {bash.py:173} INFO - 2021-03-18
[2021-03-12 00:20:53,331] {bash.py:173} INFO - Parameter I passed in
[2021-03-12 00:20:53,332] {bash.py:173} INFO - 2021-03-11
[2021-03-12 00:20:53,334] {bash.py:173} INFO - 2021-03-18
[2021-03-12 00:20:53,335] {bash.py:173} INFO - Parameter I passed in
[2021-03-12 00:20:53,337] {bash.py:173} INFO - 2021-03-11
[2021-03-12 00:20:53,339] {bash.py:173} INFO - 2021-03-18
[2021-03-12 00:20:53,340] {bash.py:173} INFO - Parameter I passed in
[2021-03-12 00:20:53,342] {bash.py:173} INFO - 2021-03-11
[2021-03-12 00:20:53,344] {bash.py:173} INFO - 2021-03-18
[2021-03-12 00:20:53,346] {bash.py:173} INFO - Parameter I passed in
[2021-03-12 00:20:53,348] {bash.py:177} INFO - Command exited with return code 0
[2021-03-12 00:20:53,423] {taskinstance.py:1166} INFO - Marking task as SUCCESS. dag_id=tutorial, task_id=templated, execution_date=20210311T000000, start_date=20210312T002052, end_date=20210312T002053
[2021-03-12 00:20:53,481] {taskinstance.py:1220} INFO - 0 downstream tasks scheduled from follow-on schedule check
[2021-03-12 00:20:53,512] {local_task_job.py:146} INFO - Task exited with return code 0
