[2021-03-12 00:12:40,993] {taskinstance.py:851} INFO - Dependencies all met for <TaskInstance: xcom-example.extract_from_db 2021-03-12T00:12:39.820469+00:00 [queued]>
[2021-03-12 00:12:41,015] {taskinstance.py:851} INFO - Dependencies all met for <TaskInstance: xcom-example.extract_from_db 2021-03-12T00:12:39.820469+00:00 [queued]>
[2021-03-12 00:12:41,016] {taskinstance.py:1042} INFO - 
--------------------------------------------------------------------------------
[2021-03-12 00:12:41,017] {taskinstance.py:1043} INFO - Starting attempt 1 of 2
[2021-03-12 00:12:41,017] {taskinstance.py:1044} INFO - 
--------------------------------------------------------------------------------
[2021-03-12 00:12:41,027] {taskinstance.py:1063} INFO - Executing <Task(PythonOperator): extract_from_db> on 2021-03-12T00:12:39.820469+00:00
[2021-03-12 00:12:41,037] {standard_task_runner.py:76} INFO - Running: ['airflow', 'tasks', 'run', 'xcom-example', 'extract_from_db', '2021-03-12T00:12:39.820469+00:00', '--job-id', '35', '--pool', 'default_pool', '--raw', '--subdir', 'DAGS_FOLDER/airflow-xcom-example.py', '--cfg-path', '/tmp/tmpchrzsned', '--error-file', '/tmp/tmpri33_b9w']
[2021-03-12 00:12:41,032] {standard_task_runner.py:52} INFO - Started process 40 to run task
[2021-03-12 00:12:41,039] {standard_task_runner.py:77} INFO - Job 35: Subtask extract_from_db
[2021-03-12 00:12:41,101] {logging_mixin.py:104} INFO - Running <TaskInstance: xcom-example.extract_from_db 2021-03-12T00:12:39.820469+00:00 [running]> on host 529cfb9a3d0d
[2021-03-12 00:12:41,151] {taskinstance.py:1257} INFO - Exporting the following env vars:
AIRFLOW_CTX_DAG_EMAIL=tom.karaffa@deep-labs.com
AIRFLOW_CTX_DAG_OWNER=tom.karaffa
AIRFLOW_CTX_DAG_ID=xcom-example
AIRFLOW_CTX_TASK_ID=extract_from_db
AIRFLOW_CTX_EXECUTION_DATE=2021-03-12T00:12:39.820469+00:00
AIRFLOW_CTX_DAG_RUN_ID=manual__2021-03-12T00:12:39.820469+00:00
[2021-03-12 00:12:41,175] {python.py:118} INFO - Done. Returned value was: None
[2021-03-12 00:12:41,189] {taskinstance.py:1166} INFO - Marking task as SUCCESS. dag_id=xcom-example, task_id=extract_from_db, execution_date=20210312T001239, start_date=20210312T001240, end_date=20210312T001241
[2021-03-12 00:12:41,226] {taskinstance.py:1220} INFO - 1 downstream tasks scheduled from follow-on schedule check
[2021-03-12 00:12:41,255] {local_task_job.py:146} INFO - Task exited with return code 0
