[2021-03-12 00:49:49,576] {taskinstance.py:851} INFO - Dependencies all met for <TaskInstance: xcom-example.load_into_db 2021-03-12T00:49:45.305899+00:00 [queued]>
[2021-03-12 00:49:49,615] {taskinstance.py:851} INFO - Dependencies all met for <TaskInstance: xcom-example.load_into_db 2021-03-12T00:49:45.305899+00:00 [queued]>
[2021-03-12 00:49:49,616] {taskinstance.py:1042} INFO - 
--------------------------------------------------------------------------------
[2021-03-12 00:49:49,617] {taskinstance.py:1043} INFO - Starting attempt 1 of 2
[2021-03-12 00:49:49,618] {taskinstance.py:1044} INFO - 
--------------------------------------------------------------------------------
[2021-03-12 00:49:49,628] {taskinstance.py:1063} INFO - Executing <Task(PythonOperator): load_into_db> on 2021-03-12T00:49:45.305899+00:00
[2021-03-12 00:49:49,632] {standard_task_runner.py:52} INFO - Started process 43 to run task
[2021-03-12 00:49:49,637] {standard_task_runner.py:76} INFO - Running: ['airflow', 'tasks', 'run', 'xcom-example', 'load_into_db', '2021-03-12T00:49:45.305899+00:00', '--job-id', '4', '--pool', 'default_pool', '--raw', '--subdir', 'DAGS_FOLDER/airflow-xcom-example.py', '--cfg-path', '/tmp/tmpnyx6fubr', '--error-file', '/tmp/tmpqr74i__k']
[2021-03-12 00:49:49,639] {standard_task_runner.py:77} INFO - Job 4: Subtask load_into_db
[2021-03-12 00:49:49,689] {logging_mixin.py:104} INFO - Running <TaskInstance: xcom-example.load_into_db 2021-03-12T00:49:45.305899+00:00 [running]> on host db69dbb545d0
[2021-03-12 00:49:49,727] {taskinstance.py:1257} INFO - Exporting the following env vars:
AIRFLOW_CTX_DAG_EMAIL=tom.karaffa@deep-labs.com
AIRFLOW_CTX_DAG_OWNER=tom.karaffa
AIRFLOW_CTX_DAG_ID=xcom-example
AIRFLOW_CTX_TASK_ID=load_into_db
AIRFLOW_CTX_EXECUTION_DATE=2021-03-12T00:49:45.305899+00:00
AIRFLOW_CTX_DAG_RUN_ID=manual__2021-03-12T00:49:45.305899+00:00
[2021-03-12 00:49:49,747] {python.py:118} INFO - Done. Returned value was: None
[2021-03-12 00:49:49,757] {taskinstance.py:1166} INFO - Marking task as SUCCESS. dag_id=xcom-example, task_id=load_into_db, execution_date=20210312T004945, start_date=20210312T004949, end_date=20210312T004949
[2021-03-12 00:49:49,782] {taskinstance.py:1220} INFO - 0 downstream tasks scheduled from follow-on schedule check
[2021-03-12 00:49:49,817] {local_task_job.py:146} INFO - Task exited with return code 0
