[2021-03-11 23:11:01,111] {taskinstance.py:851} INFO - Dependencies all met for <TaskInstance: tutorial.sleep 2021-03-11T23:10:57.615950+00:00 [queued]>
[2021-03-11 23:11:01,155] {taskinstance.py:851} INFO - Dependencies all met for <TaskInstance: tutorial.sleep 2021-03-11T23:10:57.615950+00:00 [queued]>
[2021-03-11 23:11:01,159] {taskinstance.py:1042} INFO - 
--------------------------------------------------------------------------------
[2021-03-11 23:11:01,162] {taskinstance.py:1043} INFO - Starting attempt 1 of 4
[2021-03-11 23:11:01,165] {taskinstance.py:1044} INFO - 
--------------------------------------------------------------------------------
[2021-03-11 23:11:01,222] {taskinstance.py:1063} INFO - Executing <Task(BashOperator): sleep> on 2021-03-11T23:10:57.615950+00:00
[2021-03-11 23:11:01,228] {standard_task_runner.py:52} INFO - Started process 47 to run task
[2021-03-11 23:11:01,248] {standard_task_runner.py:76} INFO - Running: ['airflow', 'tasks', 'run', 'tutorial', 'sleep', '2021-03-11T23:10:57.615950+00:00', '--job-id', '26', '--pool', 'default_pool', '--raw', '--subdir', '/home/airflow/.local/lib/python3.6/site-packages/airflow/example_dags/tutorial.py', '--cfg-path', '/tmp/tmp_3cgx0j3', '--error-file', '/tmp/tmpo_dylfb5']
[2021-03-11 23:11:01,249] {standard_task_runner.py:77} INFO - Job 26: Subtask sleep
[2021-03-11 23:11:01,344] {logging_mixin.py:104} INFO - Running <TaskInstance: tutorial.sleep 2021-03-11T23:10:57.615950+00:00 [running]> on host c76a06009557
[2021-03-11 23:11:01,435] {taskinstance.py:1257} INFO - Exporting the following env vars:
AIRFLOW_CTX_DAG_EMAIL=airflow@example.com
AIRFLOW_CTX_DAG_OWNER=airflow
AIRFLOW_CTX_DAG_ID=tutorial
AIRFLOW_CTX_TASK_ID=sleep
AIRFLOW_CTX_EXECUTION_DATE=2021-03-11T23:10:57.615950+00:00
AIRFLOW_CTX_DAG_RUN_ID=manual__2021-03-11T23:10:57.615950+00:00
[2021-03-11 23:11:01,439] {bash.py:135} INFO - Tmp dir root location: 
 /tmp
[2021-03-11 23:11:01,441] {bash.py:158} INFO - Running command: sleep 5
[2021-03-11 23:11:01,454] {bash.py:169} INFO - Output:
[2021-03-11 23:11:06,465] {bash.py:177} INFO - Command exited with return code 0
[2021-03-11 23:11:06,508] {taskinstance.py:1166} INFO - Marking task as SUCCESS. dag_id=tutorial, task_id=sleep, execution_date=20210311T231057, start_date=20210311T231101, end_date=20210311T231106
[2021-03-11 23:11:06,550] {taskinstance.py:1220} INFO - 0 downstream tasks scheduled from follow-on schedule check
[2021-03-11 23:11:06,602] {local_task_job.py:146} INFO - Task exited with return code 0
