[2021-03-18 17:00:07,902] {scheduler_job.py:182} INFO - Started process (PID=32) to work on /opt/airflow/dags/airflow-xcom-example.py
[2021-03-18 17:00:07,904] {scheduler_job.py:629} INFO - Processing file /opt/airflow/dags/airflow-xcom-example.py for tasks to queue
[2021-03-18 17:00:07,906] {logging_mixin.py:104} INFO - [2021-03-18 17:00:07,906] {dagbag.py:448} INFO - Filling up the DagBag from /opt/airflow/dags/airflow-xcom-example.py
[2021-03-18 17:00:07,945] {scheduler_job.py:639} INFO - DAG(s) dict_keys(['xcom-example']) retrieved from /opt/airflow/dags/airflow-xcom-example.py
[2021-03-18 17:00:07,971] {logging_mixin.py:104} INFO - [2021-03-18 17:00:07,971] {dag.py:1818} INFO - Sync 1 DAGs
[2021-03-18 17:00:07,988] {logging_mixin.py:104} INFO - [2021-03-18 17:00:07,988] {dag.py:2273} INFO - Setting next_dagrun for xcom-example to 2021-03-18 00:00:00+00:00
[2021-03-18 17:00:07,996] {scheduler_job.py:190} INFO - Processing /opt/airflow/dags/airflow-xcom-example.py took 0.097 seconds
[2021-03-18 17:00:38,107] {scheduler_job.py:182} INFO - Started process (PID=33) to work on /opt/airflow/dags/airflow-xcom-example.py
[2021-03-18 17:00:38,109] {scheduler_job.py:629} INFO - Processing file /opt/airflow/dags/airflow-xcom-example.py for tasks to queue
[2021-03-18 17:00:38,111] {logging_mixin.py:104} INFO - [2021-03-18 17:00:38,111] {dagbag.py:448} INFO - Filling up the DagBag from /opt/airflow/dags/airflow-xcom-example.py
[2021-03-18 17:00:38,136] {scheduler_job.py:639} INFO - DAG(s) dict_keys(['xcom-example']) retrieved from /opt/airflow/dags/airflow-xcom-example.py
[2021-03-18 17:00:38,166] {logging_mixin.py:104} INFO - [2021-03-18 17:00:38,166] {dag.py:1818} INFO - Sync 1 DAGs
[2021-03-18 17:00:38,183] {logging_mixin.py:104} INFO - [2021-03-18 17:00:38,182] {dag.py:2273} INFO - Setting next_dagrun for xcom-example to 2021-03-18 00:00:00+00:00
[2021-03-18 17:00:38,190] {scheduler_job.py:190} INFO - Processing /opt/airflow/dags/airflow-xcom-example.py took 0.088 seconds
[2021-03-18 17:01:08,224] {scheduler_job.py:182} INFO - Started process (PID=34) to work on /opt/airflow/dags/airflow-xcom-example.py
[2021-03-18 17:01:08,225] {scheduler_job.py:629} INFO - Processing file /opt/airflow/dags/airflow-xcom-example.py for tasks to queue
[2021-03-18 17:01:08,227] {logging_mixin.py:104} INFO - [2021-03-18 17:01:08,226] {dagbag.py:448} INFO - Filling up the DagBag from /opt/airflow/dags/airflow-xcom-example.py
[2021-03-18 17:01:08,254] {scheduler_job.py:639} INFO - DAG(s) dict_keys(['xcom-example']) retrieved from /opt/airflow/dags/airflow-xcom-example.py
[2021-03-18 17:01:08,275] {logging_mixin.py:104} INFO - [2021-03-18 17:01:08,274] {dag.py:1818} INFO - Sync 1 DAGs
[2021-03-18 17:01:08,290] {logging_mixin.py:104} INFO - [2021-03-18 17:01:08,290] {dag.py:2273} INFO - Setting next_dagrun for xcom-example to 2021-03-18 00:00:00+00:00
[2021-03-18 17:01:08,303] {scheduler_job.py:190} INFO - Processing /opt/airflow/dags/airflow-xcom-example.py took 0.084 seconds
[2021-03-18 17:01:38,363] {scheduler_job.py:182} INFO - Started process (PID=35) to work on /opt/airflow/dags/airflow-xcom-example.py
[2021-03-18 17:01:38,365] {scheduler_job.py:629} INFO - Processing file /opt/airflow/dags/airflow-xcom-example.py for tasks to queue
[2021-03-18 17:01:38,367] {logging_mixin.py:104} INFO - [2021-03-18 17:01:38,367] {dagbag.py:448} INFO - Filling up the DagBag from /opt/airflow/dags/airflow-xcom-example.py
[2021-03-18 17:01:38,389] {scheduler_job.py:639} INFO - DAG(s) dict_keys(['xcom-example']) retrieved from /opt/airflow/dags/airflow-xcom-example.py
[2021-03-18 17:01:38,416] {logging_mixin.py:104} INFO - [2021-03-18 17:01:38,416] {dag.py:1818} INFO - Sync 1 DAGs
[2021-03-18 17:01:38,445] {logging_mixin.py:104} INFO - [2021-03-18 17:01:38,445] {dag.py:2273} INFO - Setting next_dagrun for xcom-example to 2021-03-18 00:00:00+00:00
[2021-03-18 17:01:38,458] {scheduler_job.py:190} INFO - Processing /opt/airflow/dags/airflow-xcom-example.py took 0.100 seconds
[2021-03-18 17:02:08,499] {scheduler_job.py:182} INFO - Started process (PID=36) to work on /opt/airflow/dags/airflow-xcom-example.py
[2021-03-18 17:02:08,501] {scheduler_job.py:629} INFO - Processing file /opt/airflow/dags/airflow-xcom-example.py for tasks to queue
[2021-03-18 17:02:08,503] {logging_mixin.py:104} INFO - [2021-03-18 17:02:08,502] {dagbag.py:448} INFO - Filling up the DagBag from /opt/airflow/dags/airflow-xcom-example.py
[2021-03-18 17:02:08,521] {scheduler_job.py:639} INFO - DAG(s) dict_keys(['xcom-example']) retrieved from /opt/airflow/dags/airflow-xcom-example.py
[2021-03-18 17:02:08,541] {logging_mixin.py:104} INFO - [2021-03-18 17:02:08,541] {dag.py:1818} INFO - Sync 1 DAGs
[2021-03-18 17:02:08,556] {logging_mixin.py:104} INFO - [2021-03-18 17:02:08,556] {dag.py:2273} INFO - Setting next_dagrun for xcom-example to 2021-03-18 00:00:00+00:00
[2021-03-18 17:02:08,565] {scheduler_job.py:190} INFO - Processing /opt/airflow/dags/airflow-xcom-example.py took 0.070 seconds
[2021-03-18 17:02:38,649] {scheduler_job.py:182} INFO - Started process (PID=37) to work on /opt/airflow/dags/airflow-xcom-example.py
[2021-03-18 17:02:38,651] {scheduler_job.py:629} INFO - Processing file /opt/airflow/dags/airflow-xcom-example.py for tasks to queue
[2021-03-18 17:02:38,652] {logging_mixin.py:104} INFO - [2021-03-18 17:02:38,652] {dagbag.py:448} INFO - Filling up the DagBag from /opt/airflow/dags/airflow-xcom-example.py
[2021-03-18 17:02:38,670] {scheduler_job.py:639} INFO - DAG(s) dict_keys(['xcom-example']) retrieved from /opt/airflow/dags/airflow-xcom-example.py
[2021-03-18 17:02:38,690] {logging_mixin.py:104} INFO - [2021-03-18 17:02:38,690] {dag.py:1818} INFO - Sync 1 DAGs
[2021-03-18 17:02:38,705] {logging_mixin.py:104} INFO - [2021-03-18 17:02:38,705] {dag.py:2273} INFO - Setting next_dagrun for xcom-example to 2021-03-18 00:00:00+00:00
[2021-03-18 17:02:38,714] {scheduler_job.py:190} INFO - Processing /opt/airflow/dags/airflow-xcom-example.py took 0.069 seconds
[2021-03-18 17:03:08,776] {scheduler_job.py:182} INFO - Started process (PID=38) to work on /opt/airflow/dags/airflow-xcom-example.py
[2021-03-18 17:03:08,779] {scheduler_job.py:629} INFO - Processing file /opt/airflow/dags/airflow-xcom-example.py for tasks to queue
[2021-03-18 17:03:08,781] {logging_mixin.py:104} INFO - [2021-03-18 17:03:08,781] {dagbag.py:448} INFO - Filling up the DagBag from /opt/airflow/dags/airflow-xcom-example.py
[2021-03-18 17:03:08,811] {scheduler_job.py:639} INFO - DAG(s) dict_keys(['xcom-example']) retrieved from /opt/airflow/dags/airflow-xcom-example.py
[2021-03-18 17:03:08,845] {logging_mixin.py:104} INFO - [2021-03-18 17:03:08,845] {dag.py:1818} INFO - Sync 1 DAGs
[2021-03-18 17:03:08,876] {logging_mixin.py:104} INFO - [2021-03-18 17:03:08,875] {dag.py:2273} INFO - Setting next_dagrun for xcom-example to 2021-03-18 00:00:00+00:00
[2021-03-18 17:03:08,885] {scheduler_job.py:190} INFO - Processing /opt/airflow/dags/airflow-xcom-example.py took 0.115 seconds
[2021-03-18 17:05:11,170] {scheduler_job.py:182} INFO - Started process (PID=23) to work on /opt/airflow/dags/airflow-xcom-example.py
[2021-03-18 17:05:11,186] {scheduler_job.py:629} INFO - Processing file /opt/airflow/dags/airflow-xcom-example.py for tasks to queue
[2021-03-18 17:05:11,199] {logging_mixin.py:104} INFO - [2021-03-18 17:05:11,199] {dagbag.py:448} INFO - Filling up the DagBag from /opt/airflow/dags/airflow-xcom-example.py
[2021-03-18 17:05:11,428] {scheduler_job.py:639} INFO - DAG(s) dict_keys(['xcom-example']) retrieved from /opt/airflow/dags/airflow-xcom-example.py
[2021-03-18 17:05:11,538] {logging_mixin.py:104} INFO - [2021-03-18 17:05:11,538] {dag.py:1818} INFO - Sync 1 DAGs
[2021-03-18 17:05:11,581] {logging_mixin.py:104} INFO - [2021-03-18 17:05:11,580] {dag.py:1837} INFO - Creating ORM DAG for xcom-example
[2021-03-18 17:05:11,591] {logging_mixin.py:104} INFO - [2021-03-18 17:05:11,590] {dag.py:2273} INFO - Setting next_dagrun for xcom-example to 2021-03-18 00:00:00+00:00
[2021-03-18 17:05:11,644] {scheduler_job.py:190} INFO - Processing /opt/airflow/dags/airflow-xcom-example.py took 0.550 seconds
[2021-03-18 17:05:41,751] {scheduler_job.py:182} INFO - Started process (PID=24) to work on /opt/airflow/dags/airflow-xcom-example.py
[2021-03-18 17:05:41,753] {scheduler_job.py:629} INFO - Processing file /opt/airflow/dags/airflow-xcom-example.py for tasks to queue
[2021-03-18 17:05:41,754] {logging_mixin.py:104} INFO - [2021-03-18 17:05:41,754] {dagbag.py:448} INFO - Filling up the DagBag from /opt/airflow/dags/airflow-xcom-example.py
[2021-03-18 17:05:41,773] {scheduler_job.py:639} INFO - DAG(s) dict_keys(['xcom-example']) retrieved from /opt/airflow/dags/airflow-xcom-example.py
[2021-03-18 17:05:41,793] {logging_mixin.py:104} INFO - [2021-03-18 17:05:41,793] {dag.py:1818} INFO - Sync 1 DAGs
[2021-03-18 17:05:41,808] {logging_mixin.py:104} INFO - [2021-03-18 17:05:41,808] {dag.py:2273} INFO - Setting next_dagrun for xcom-example to 2021-03-18 00:00:00+00:00
[2021-03-18 17:05:41,817] {scheduler_job.py:190} INFO - Processing /opt/airflow/dags/airflow-xcom-example.py took 0.072 seconds
[2021-03-18 17:06:11,873] {scheduler_job.py:182} INFO - Started process (PID=25) to work on /opt/airflow/dags/airflow-xcom-example.py
[2021-03-18 17:06:11,875] {scheduler_job.py:629} INFO - Processing file /opt/airflow/dags/airflow-xcom-example.py for tasks to queue
[2021-03-18 17:06:11,876] {logging_mixin.py:104} INFO - [2021-03-18 17:06:11,876] {dagbag.py:448} INFO - Filling up the DagBag from /opt/airflow/dags/airflow-xcom-example.py
[2021-03-18 17:06:11,895] {scheduler_job.py:639} INFO - DAG(s) dict_keys(['xcom-example']) retrieved from /opt/airflow/dags/airflow-xcom-example.py
[2021-03-18 17:06:11,915] {logging_mixin.py:104} INFO - [2021-03-18 17:06:11,915] {dag.py:1818} INFO - Sync 1 DAGs
[2021-03-18 17:06:11,930] {logging_mixin.py:104} INFO - [2021-03-18 17:06:11,930] {dag.py:2273} INFO - Setting next_dagrun for xcom-example to 2021-03-18 00:00:00+00:00
[2021-03-18 17:06:11,938] {scheduler_job.py:190} INFO - Processing /opt/airflow/dags/airflow-xcom-example.py took 0.068 seconds
[2021-03-18 17:06:42,024] {scheduler_job.py:182} INFO - Started process (PID=26) to work on /opt/airflow/dags/airflow-xcom-example.py
[2021-03-18 17:06:42,026] {scheduler_job.py:629} INFO - Processing file /opt/airflow/dags/airflow-xcom-example.py for tasks to queue
[2021-03-18 17:06:42,027] {logging_mixin.py:104} INFO - [2021-03-18 17:06:42,027] {dagbag.py:448} INFO - Filling up the DagBag from /opt/airflow/dags/airflow-xcom-example.py
[2021-03-18 17:06:42,045] {scheduler_job.py:639} INFO - DAG(s) dict_keys(['xcom-example']) retrieved from /opt/airflow/dags/airflow-xcom-example.py
[2021-03-18 17:06:42,065] {logging_mixin.py:104} INFO - [2021-03-18 17:06:42,065] {dag.py:1818} INFO - Sync 1 DAGs
[2021-03-18 17:06:42,080] {logging_mixin.py:104} INFO - [2021-03-18 17:06:42,080] {dag.py:2273} INFO - Setting next_dagrun for xcom-example to 2021-03-18 00:00:00+00:00
[2021-03-18 17:06:42,088] {scheduler_job.py:190} INFO - Processing /opt/airflow/dags/airflow-xcom-example.py took 0.067 seconds
[2021-03-18 17:07:12,123] {scheduler_job.py:182} INFO - Started process (PID=27) to work on /opt/airflow/dags/airflow-xcom-example.py
[2021-03-18 17:07:12,125] {scheduler_job.py:629} INFO - Processing file /opt/airflow/dags/airflow-xcom-example.py for tasks to queue
[2021-03-18 17:07:12,126] {logging_mixin.py:104} INFO - [2021-03-18 17:07:12,126] {dagbag.py:448} INFO - Filling up the DagBag from /opt/airflow/dags/airflow-xcom-example.py
[2021-03-18 17:07:12,144] {scheduler_job.py:639} INFO - DAG(s) dict_keys(['xcom-example']) retrieved from /opt/airflow/dags/airflow-xcom-example.py
[2021-03-18 17:07:12,167] {logging_mixin.py:104} INFO - [2021-03-18 17:07:12,166] {dag.py:1818} INFO - Sync 1 DAGs
[2021-03-18 17:07:12,187] {logging_mixin.py:104} INFO - [2021-03-18 17:07:12,186] {dag.py:2273} INFO - Setting next_dagrun for xcom-example to 2021-03-18 00:00:00+00:00
[2021-03-18 17:07:12,197] {scheduler_job.py:190} INFO - Processing /opt/airflow/dags/airflow-xcom-example.py took 0.078 seconds
[2021-03-18 17:07:42,245] {scheduler_job.py:182} INFO - Started process (PID=28) to work on /opt/airflow/dags/airflow-xcom-example.py
[2021-03-18 17:07:42,247] {scheduler_job.py:629} INFO - Processing file /opt/airflow/dags/airflow-xcom-example.py for tasks to queue
[2021-03-18 17:07:42,248] {logging_mixin.py:104} INFO - [2021-03-18 17:07:42,248] {dagbag.py:448} INFO - Filling up the DagBag from /opt/airflow/dags/airflow-xcom-example.py
[2021-03-18 17:07:42,267] {scheduler_job.py:639} INFO - DAG(s) dict_keys(['xcom-example']) retrieved from /opt/airflow/dags/airflow-xcom-example.py
[2021-03-18 17:07:42,291] {logging_mixin.py:104} INFO - [2021-03-18 17:07:42,290] {dag.py:1818} INFO - Sync 1 DAGs
[2021-03-18 17:07:42,309] {logging_mixin.py:104} INFO - [2021-03-18 17:07:42,309] {dag.py:2273} INFO - Setting next_dagrun for xcom-example to 2021-03-18 00:00:00+00:00
[2021-03-18 17:07:42,320] {scheduler_job.py:190} INFO - Processing /opt/airflow/dags/airflow-xcom-example.py took 0.079 seconds
[2021-03-18 17:08:12,399] {scheduler_job.py:182} INFO - Started process (PID=29) to work on /opt/airflow/dags/airflow-xcom-example.py
[2021-03-18 17:08:12,401] {scheduler_job.py:629} INFO - Processing file /opt/airflow/dags/airflow-xcom-example.py for tasks to queue
[2021-03-18 17:08:12,402] {logging_mixin.py:104} INFO - [2021-03-18 17:08:12,402] {dagbag.py:448} INFO - Filling up the DagBag from /opt/airflow/dags/airflow-xcom-example.py
[2021-03-18 17:08:12,419] {scheduler_job.py:639} INFO - DAG(s) dict_keys(['xcom-example']) retrieved from /opt/airflow/dags/airflow-xcom-example.py
[2021-03-18 17:08:12,439] {logging_mixin.py:104} INFO - [2021-03-18 17:08:12,439] {dag.py:1818} INFO - Sync 1 DAGs
[2021-03-18 17:08:12,454] {logging_mixin.py:104} INFO - [2021-03-18 17:08:12,454] {dag.py:2273} INFO - Setting next_dagrun for xcom-example to 2021-03-18 00:00:00+00:00
[2021-03-18 17:08:12,461] {scheduler_job.py:190} INFO - Processing /opt/airflow/dags/airflow-xcom-example.py took 0.066 seconds
[2021-03-18 17:08:42,512] {scheduler_job.py:182} INFO - Started process (PID=30) to work on /opt/airflow/dags/airflow-xcom-example.py
[2021-03-18 17:08:42,515] {scheduler_job.py:629} INFO - Processing file /opt/airflow/dags/airflow-xcom-example.py for tasks to queue
[2021-03-18 17:08:42,517] {logging_mixin.py:104} INFO - [2021-03-18 17:08:42,517] {dagbag.py:448} INFO - Filling up the DagBag from /opt/airflow/dags/airflow-xcom-example.py
[2021-03-18 17:08:42,537] {scheduler_job.py:639} INFO - DAG(s) dict_keys(['xcom-example']) retrieved from /opt/airflow/dags/airflow-xcom-example.py
[2021-03-18 17:08:42,558] {logging_mixin.py:104} INFO - [2021-03-18 17:08:42,558] {dag.py:1818} INFO - Sync 1 DAGs
[2021-03-18 17:08:42,574] {logging_mixin.py:104} INFO - [2021-03-18 17:08:42,574] {dag.py:2273} INFO - Setting next_dagrun for xcom-example to 2021-03-18 00:00:00+00:00
[2021-03-18 17:08:42,583] {scheduler_job.py:190} INFO - Processing /opt/airflow/dags/airflow-xcom-example.py took 0.076 seconds
[2021-03-18 17:09:12,645] {scheduler_job.py:182} INFO - Started process (PID=31) to work on /opt/airflow/dags/airflow-xcom-example.py
[2021-03-18 17:09:12,647] {scheduler_job.py:629} INFO - Processing file /opt/airflow/dags/airflow-xcom-example.py for tasks to queue
[2021-03-18 17:09:12,649] {logging_mixin.py:104} INFO - [2021-03-18 17:09:12,649] {dagbag.py:448} INFO - Filling up the DagBag from /opt/airflow/dags/airflow-xcom-example.py
[2021-03-18 17:09:12,673] {scheduler_job.py:639} INFO - DAG(s) dict_keys(['xcom-example']) retrieved from /opt/airflow/dags/airflow-xcom-example.py
[2021-03-18 17:09:12,699] {logging_mixin.py:104} INFO - [2021-03-18 17:09:12,699] {dag.py:1818} INFO - Sync 1 DAGs
[2021-03-18 17:09:12,722] {logging_mixin.py:104} INFO - [2021-03-18 17:09:12,721] {dag.py:2273} INFO - Setting next_dagrun for xcom-example to 2021-03-18 00:00:00+00:00
[2021-03-18 17:09:12,740] {scheduler_job.py:190} INFO - Processing /opt/airflow/dags/airflow-xcom-example.py took 0.098 seconds
[2021-03-18 17:09:42,794] {scheduler_job.py:182} INFO - Started process (PID=32) to work on /opt/airflow/dags/airflow-xcom-example.py
[2021-03-18 17:09:42,795] {scheduler_job.py:629} INFO - Processing file /opt/airflow/dags/airflow-xcom-example.py for tasks to queue
[2021-03-18 17:09:42,797] {logging_mixin.py:104} INFO - [2021-03-18 17:09:42,796] {dagbag.py:448} INFO - Filling up the DagBag from /opt/airflow/dags/airflow-xcom-example.py
[2021-03-18 17:09:42,814] {scheduler_job.py:639} INFO - DAG(s) dict_keys(['xcom-example']) retrieved from /opt/airflow/dags/airflow-xcom-example.py
[2021-03-18 17:09:42,835] {logging_mixin.py:104} INFO - [2021-03-18 17:09:42,835] {dag.py:1818} INFO - Sync 1 DAGs
[2021-03-18 17:09:42,850] {logging_mixin.py:104} INFO - [2021-03-18 17:09:42,850] {dag.py:2273} INFO - Setting next_dagrun for xcom-example to 2021-03-18 00:00:00+00:00
[2021-03-18 17:09:42,859] {scheduler_job.py:190} INFO - Processing /opt/airflow/dags/airflow-xcom-example.py took 0.069 seconds
[2021-03-18 17:10:12,967] {scheduler_job.py:182} INFO - Started process (PID=33) to work on /opt/airflow/dags/airflow-xcom-example.py
[2021-03-18 17:10:12,968] {scheduler_job.py:629} INFO - Processing file /opt/airflow/dags/airflow-xcom-example.py for tasks to queue
[2021-03-18 17:10:12,970] {logging_mixin.py:104} INFO - [2021-03-18 17:10:12,969] {dagbag.py:448} INFO - Filling up the DagBag from /opt/airflow/dags/airflow-xcom-example.py
[2021-03-18 17:10:12,988] {scheduler_job.py:639} INFO - DAG(s) dict_keys(['xcom-example']) retrieved from /opt/airflow/dags/airflow-xcom-example.py
[2021-03-18 17:10:13,008] {logging_mixin.py:104} INFO - [2021-03-18 17:10:13,008] {dag.py:1818} INFO - Sync 1 DAGs
[2021-03-18 17:10:13,023] {logging_mixin.py:104} INFO - [2021-03-18 17:10:13,023] {dag.py:2273} INFO - Setting next_dagrun for xcom-example to 2021-03-18 00:00:00+00:00
[2021-03-18 17:10:13,031] {scheduler_job.py:190} INFO - Processing /opt/airflow/dags/airflow-xcom-example.py took 0.068 seconds
[2021-03-18 17:10:43,099] {scheduler_job.py:182} INFO - Started process (PID=34) to work on /opt/airflow/dags/airflow-xcom-example.py
[2021-03-18 17:10:43,100] {scheduler_job.py:629} INFO - Processing file /opt/airflow/dags/airflow-xcom-example.py for tasks to queue
[2021-03-18 17:10:43,101] {logging_mixin.py:104} INFO - [2021-03-18 17:10:43,101] {dagbag.py:448} INFO - Filling up the DagBag from /opt/airflow/dags/airflow-xcom-example.py
[2021-03-18 17:10:43,119] {scheduler_job.py:639} INFO - DAG(s) dict_keys(['xcom-example']) retrieved from /opt/airflow/dags/airflow-xcom-example.py
[2021-03-18 17:10:43,141] {logging_mixin.py:104} INFO - [2021-03-18 17:10:43,141] {dag.py:1818} INFO - Sync 1 DAGs
[2021-03-18 17:10:43,157] {logging_mixin.py:104} INFO - [2021-03-18 17:10:43,157] {dag.py:2273} INFO - Setting next_dagrun for xcom-example to 2021-03-18 00:00:00+00:00
[2021-03-18 17:10:43,164] {scheduler_job.py:190} INFO - Processing /opt/airflow/dags/airflow-xcom-example.py took 0.069 seconds
[2021-03-18 17:11:13,258] {scheduler_job.py:182} INFO - Started process (PID=35) to work on /opt/airflow/dags/airflow-xcom-example.py
[2021-03-18 17:11:13,260] {scheduler_job.py:629} INFO - Processing file /opt/airflow/dags/airflow-xcom-example.py for tasks to queue
[2021-03-18 17:11:13,261] {logging_mixin.py:104} INFO - [2021-03-18 17:11:13,261] {dagbag.py:448} INFO - Filling up the DagBag from /opt/airflow/dags/airflow-xcom-example.py
[2021-03-18 17:11:13,280] {scheduler_job.py:639} INFO - DAG(s) dict_keys(['xcom-example']) retrieved from /opt/airflow/dags/airflow-xcom-example.py
[2021-03-18 17:11:13,300] {logging_mixin.py:104} INFO - [2021-03-18 17:11:13,300] {dag.py:1818} INFO - Sync 1 DAGs
[2021-03-18 17:11:13,315] {logging_mixin.py:104} INFO - [2021-03-18 17:11:13,315] {dag.py:2273} INFO - Setting next_dagrun for xcom-example to 2021-03-18 00:00:00+00:00
[2021-03-18 17:11:13,323] {scheduler_job.py:190} INFO - Processing /opt/airflow/dags/airflow-xcom-example.py took 0.069 seconds
[2021-03-18 17:11:43,374] {scheduler_job.py:182} INFO - Started process (PID=36) to work on /opt/airflow/dags/airflow-xcom-example.py
[2021-03-18 17:11:43,375] {scheduler_job.py:629} INFO - Processing file /opt/airflow/dags/airflow-xcom-example.py for tasks to queue
[2021-03-18 17:11:43,377] {logging_mixin.py:104} INFO - [2021-03-18 17:11:43,377] {dagbag.py:448} INFO - Filling up the DagBag from /opt/airflow/dags/airflow-xcom-example.py
[2021-03-18 17:11:43,396] {scheduler_job.py:639} INFO - DAG(s) dict_keys(['xcom-example']) retrieved from /opt/airflow/dags/airflow-xcom-example.py
[2021-03-18 17:11:43,416] {logging_mixin.py:104} INFO - [2021-03-18 17:11:43,416] {dag.py:1818} INFO - Sync 1 DAGs
[2021-03-18 17:11:43,431] {logging_mixin.py:104} INFO - [2021-03-18 17:11:43,431] {dag.py:2273} INFO - Setting next_dagrun for xcom-example to 2021-03-18 00:00:00+00:00
[2021-03-18 17:11:43,440] {scheduler_job.py:190} INFO - Processing /opt/airflow/dags/airflow-xcom-example.py took 0.071 seconds
[2021-03-18 17:12:13,506] {scheduler_job.py:182} INFO - Started process (PID=37) to work on /opt/airflow/dags/airflow-xcom-example.py
[2021-03-18 17:12:13,508] {scheduler_job.py:629} INFO - Processing file /opt/airflow/dags/airflow-xcom-example.py for tasks to queue
[2021-03-18 17:12:13,509] {logging_mixin.py:104} INFO - [2021-03-18 17:12:13,509] {dagbag.py:448} INFO - Filling up the DagBag from /opt/airflow/dags/airflow-xcom-example.py
[2021-03-18 17:12:13,527] {scheduler_job.py:639} INFO - DAG(s) dict_keys(['xcom-example']) retrieved from /opt/airflow/dags/airflow-xcom-example.py
[2021-03-18 17:12:13,547] {logging_mixin.py:104} INFO - [2021-03-18 17:12:13,547] {dag.py:1818} INFO - Sync 1 DAGs
[2021-03-18 17:12:13,562] {logging_mixin.py:104} INFO - [2021-03-18 17:12:13,562] {dag.py:2273} INFO - Setting next_dagrun for xcom-example to 2021-03-18 00:00:00+00:00
[2021-03-18 17:12:13,572] {scheduler_job.py:190} INFO - Processing /opt/airflow/dags/airflow-xcom-example.py took 0.070 seconds
[2021-03-18 17:12:43,657] {scheduler_job.py:182} INFO - Started process (PID=38) to work on /opt/airflow/dags/airflow-xcom-example.py
[2021-03-18 17:12:43,659] {scheduler_job.py:629} INFO - Processing file /opt/airflow/dags/airflow-xcom-example.py for tasks to queue
[2021-03-18 17:12:43,660] {logging_mixin.py:104} INFO - [2021-03-18 17:12:43,660] {dagbag.py:448} INFO - Filling up the DagBag from /opt/airflow/dags/airflow-xcom-example.py
[2021-03-18 17:12:43,680] {scheduler_job.py:639} INFO - DAG(s) dict_keys(['xcom-example']) retrieved from /opt/airflow/dags/airflow-xcom-example.py
[2021-03-18 17:12:43,704] {logging_mixin.py:104} INFO - [2021-03-18 17:12:43,704] {dag.py:1818} INFO - Sync 1 DAGs
[2021-03-18 17:12:43,721] {logging_mixin.py:104} INFO - [2021-03-18 17:12:43,721] {dag.py:2273} INFO - Setting next_dagrun for xcom-example to 2021-03-18 00:00:00+00:00
[2021-03-18 17:12:43,729] {scheduler_job.py:190} INFO - Processing /opt/airflow/dags/airflow-xcom-example.py took 0.076 seconds
[2021-03-18 17:25:38,079] {scheduler_job.py:182} INFO - Started process (PID=22) to work on /opt/airflow/dags/airflow-xcom-example.py
[2021-03-18 17:25:38,100] {scheduler_job.py:629} INFO - Processing file /opt/airflow/dags/airflow-xcom-example.py for tasks to queue
[2021-03-18 17:25:38,115] {logging_mixin.py:104} INFO - [2021-03-18 17:25:38,115] {dagbag.py:448} INFO - Filling up the DagBag from /opt/airflow/dags/airflow-xcom-example.py
[2021-03-18 17:25:38,290] {scheduler_job.py:639} INFO - DAG(s) dict_keys(['xcom-example']) retrieved from /opt/airflow/dags/airflow-xcom-example.py
[2021-03-18 17:25:38,355] {logging_mixin.py:104} INFO - [2021-03-18 17:25:38,355] {dag.py:1818} INFO - Sync 1 DAGs
[2021-03-18 17:25:38,385] {logging_mixin.py:104} INFO - [2021-03-18 17:25:38,385] {dag.py:1837} INFO - Creating ORM DAG for xcom-example
[2021-03-18 17:25:38,400] {logging_mixin.py:104} INFO - [2021-03-18 17:25:38,400] {dag.py:2273} INFO - Setting next_dagrun for xcom-example to 2021-03-18 00:00:00+00:00
[2021-03-18 17:25:38,459] {scheduler_job.py:190} INFO - Processing /opt/airflow/dags/airflow-xcom-example.py took 0.387 seconds
[2021-03-18 17:26:08,559] {scheduler_job.py:182} INFO - Started process (PID=23) to work on /opt/airflow/dags/airflow-xcom-example.py
[2021-03-18 17:26:08,562] {scheduler_job.py:629} INFO - Processing file /opt/airflow/dags/airflow-xcom-example.py for tasks to queue
[2021-03-18 17:26:08,564] {logging_mixin.py:104} INFO - [2021-03-18 17:26:08,564] {dagbag.py:448} INFO - Filling up the DagBag from /opt/airflow/dags/airflow-xcom-example.py
[2021-03-18 17:26:08,590] {scheduler_job.py:639} INFO - DAG(s) dict_keys(['xcom-example']) retrieved from /opt/airflow/dags/airflow-xcom-example.py
[2021-03-18 17:26:08,613] {logging_mixin.py:104} INFO - [2021-03-18 17:26:08,613] {dag.py:1818} INFO - Sync 1 DAGs
[2021-03-18 17:26:08,632] {logging_mixin.py:104} INFO - [2021-03-18 17:26:08,632] {dag.py:2273} INFO - Setting next_dagrun for xcom-example to 2021-03-18 00:00:00+00:00
[2021-03-18 17:26:08,642] {scheduler_job.py:190} INFO - Processing /opt/airflow/dags/airflow-xcom-example.py took 0.091 seconds
[2021-03-18 17:26:38,667] {scheduler_job.py:182} INFO - Started process (PID=24) to work on /opt/airflow/dags/airflow-xcom-example.py
[2021-03-18 17:26:38,669] {scheduler_job.py:629} INFO - Processing file /opt/airflow/dags/airflow-xcom-example.py for tasks to queue
[2021-03-18 17:26:38,671] {logging_mixin.py:104} INFO - [2021-03-18 17:26:38,671] {dagbag.py:448} INFO - Filling up the DagBag from /opt/airflow/dags/airflow-xcom-example.py
[2021-03-18 17:26:38,691] {scheduler_job.py:639} INFO - DAG(s) dict_keys(['xcom-example']) retrieved from /opt/airflow/dags/airflow-xcom-example.py
[2021-03-18 17:26:38,713] {logging_mixin.py:104} INFO - [2021-03-18 17:26:38,713] {dag.py:1818} INFO - Sync 1 DAGs
[2021-03-18 17:26:38,728] {logging_mixin.py:104} INFO - [2021-03-18 17:26:38,728] {dag.py:2273} INFO - Setting next_dagrun for xcom-example to 2021-03-18 00:00:00+00:00
[2021-03-18 17:26:38,736] {scheduler_job.py:190} INFO - Processing /opt/airflow/dags/airflow-xcom-example.py took 0.074 seconds
[2021-03-18 17:27:08,820] {scheduler_job.py:182} INFO - Started process (PID=25) to work on /opt/airflow/dags/airflow-xcom-example.py
[2021-03-18 17:27:08,822] {scheduler_job.py:629} INFO - Processing file /opt/airflow/dags/airflow-xcom-example.py for tasks to queue
[2021-03-18 17:27:08,823] {logging_mixin.py:104} INFO - [2021-03-18 17:27:08,823] {dagbag.py:448} INFO - Filling up the DagBag from /opt/airflow/dags/airflow-xcom-example.py
[2021-03-18 17:27:08,842] {scheduler_job.py:639} INFO - DAG(s) dict_keys(['xcom-example']) retrieved from /opt/airflow/dags/airflow-xcom-example.py
[2021-03-18 17:27:08,862] {logging_mixin.py:104} INFO - [2021-03-18 17:27:08,862] {dag.py:1818} INFO - Sync 1 DAGs
[2021-03-18 17:27:08,879] {logging_mixin.py:104} INFO - [2021-03-18 17:27:08,879] {dag.py:2273} INFO - Setting next_dagrun for xcom-example to 2021-03-18 00:00:00+00:00
[2021-03-18 17:27:08,887] {scheduler_job.py:190} INFO - Processing /opt/airflow/dags/airflow-xcom-example.py took 0.071 seconds
[2021-03-18 17:27:38,941] {scheduler_job.py:182} INFO - Started process (PID=26) to work on /opt/airflow/dags/airflow-xcom-example.py
[2021-03-18 17:27:38,943] {scheduler_job.py:629} INFO - Processing file /opt/airflow/dags/airflow-xcom-example.py for tasks to queue
[2021-03-18 17:27:38,944] {logging_mixin.py:104} INFO - [2021-03-18 17:27:38,944] {dagbag.py:448} INFO - Filling up the DagBag from /opt/airflow/dags/airflow-xcom-example.py
[2021-03-18 17:27:38,970] {scheduler_job.py:639} INFO - DAG(s) dict_keys(['xcom-example']) retrieved from /opt/airflow/dags/airflow-xcom-example.py
[2021-03-18 17:27:39,023] {logging_mixin.py:104} INFO - [2021-03-18 17:27:39,023] {dag.py:1818} INFO - Sync 1 DAGs
[2021-03-18 17:27:39,054] {logging_mixin.py:104} INFO - [2021-03-18 17:27:39,054] {dag.py:2273} INFO - Setting next_dagrun for xcom-example to 2021-03-18 00:00:00+00:00
[2021-03-18 17:27:39,064] {scheduler_job.py:190} INFO - Processing /opt/airflow/dags/airflow-xcom-example.py took 0.126 seconds
[2021-03-18 17:28:09,151] {scheduler_job.py:182} INFO - Started process (PID=27) to work on /opt/airflow/dags/airflow-xcom-example.py
[2021-03-18 17:28:09,153] {scheduler_job.py:629} INFO - Processing file /opt/airflow/dags/airflow-xcom-example.py for tasks to queue
[2021-03-18 17:28:09,155] {logging_mixin.py:104} INFO - [2021-03-18 17:28:09,155] {dagbag.py:448} INFO - Filling up the DagBag from /opt/airflow/dags/airflow-xcom-example.py
[2021-03-18 17:28:09,175] {scheduler_job.py:639} INFO - DAG(s) dict_keys(['xcom-example']) retrieved from /opt/airflow/dags/airflow-xcom-example.py
[2021-03-18 17:28:09,199] {logging_mixin.py:104} INFO - [2021-03-18 17:28:09,198] {dag.py:1818} INFO - Sync 1 DAGs
[2021-03-18 17:28:09,215] {logging_mixin.py:104} INFO - [2021-03-18 17:28:09,214] {dag.py:2273} INFO - Setting next_dagrun for xcom-example to 2021-03-18 00:00:00+00:00
[2021-03-18 17:28:09,222] {scheduler_job.py:190} INFO - Processing /opt/airflow/dags/airflow-xcom-example.py took 0.075 seconds
[2021-03-18 17:28:39,264] {scheduler_job.py:182} INFO - Started process (PID=28) to work on /opt/airflow/dags/airflow-xcom-example.py
[2021-03-18 17:28:39,267] {scheduler_job.py:629} INFO - Processing file /opt/airflow/dags/airflow-xcom-example.py for tasks to queue
[2021-03-18 17:28:39,268] {logging_mixin.py:104} INFO - [2021-03-18 17:28:39,268] {dagbag.py:448} INFO - Filling up the DagBag from /opt/airflow/dags/airflow-xcom-example.py
[2021-03-18 17:28:39,288] {scheduler_job.py:639} INFO - DAG(s) dict_keys(['xcom-example']) retrieved from /opt/airflow/dags/airflow-xcom-example.py
[2021-03-18 17:28:39,311] {logging_mixin.py:104} INFO - [2021-03-18 17:28:39,310] {dag.py:1818} INFO - Sync 1 DAGs
[2021-03-18 17:28:39,327] {logging_mixin.py:104} INFO - [2021-03-18 17:28:39,326] {dag.py:2273} INFO - Setting next_dagrun for xcom-example to 2021-03-18 00:00:00+00:00
[2021-03-18 17:28:39,335] {scheduler_job.py:190} INFO - Processing /opt/airflow/dags/airflow-xcom-example.py took 0.077 seconds
[2021-03-18 17:29:09,398] {scheduler_job.py:182} INFO - Started process (PID=29) to work on /opt/airflow/dags/airflow-xcom-example.py
[2021-03-18 17:29:09,400] {scheduler_job.py:629} INFO - Processing file /opt/airflow/dags/airflow-xcom-example.py for tasks to queue
[2021-03-18 17:29:09,402] {logging_mixin.py:104} INFO - [2021-03-18 17:29:09,402] {dagbag.py:448} INFO - Filling up the DagBag from /opt/airflow/dags/airflow-xcom-example.py
[2021-03-18 17:29:09,426] {scheduler_job.py:639} INFO - DAG(s) dict_keys(['xcom-example']) retrieved from /opt/airflow/dags/airflow-xcom-example.py
[2021-03-18 17:29:09,449] {logging_mixin.py:104} INFO - [2021-03-18 17:29:09,449] {dag.py:1818} INFO - Sync 1 DAGs
[2021-03-18 17:29:09,464] {logging_mixin.py:104} INFO - [2021-03-18 17:29:09,464] {dag.py:2273} INFO - Setting next_dagrun for xcom-example to 2021-03-18 00:00:00+00:00
[2021-03-18 17:29:09,472] {scheduler_job.py:190} INFO - Processing /opt/airflow/dags/airflow-xcom-example.py took 0.078 seconds
[2021-03-18 17:29:39,732] {scheduler_job.py:182} INFO - Started process (PID=30) to work on /opt/airflow/dags/airflow-xcom-example.py
[2021-03-18 17:29:39,736] {scheduler_job.py:629} INFO - Processing file /opt/airflow/dags/airflow-xcom-example.py for tasks to queue
[2021-03-18 17:29:39,738] {logging_mixin.py:104} INFO - [2021-03-18 17:29:39,737] {dagbag.py:448} INFO - Filling up the DagBag from /opt/airflow/dags/airflow-xcom-example.py
[2021-03-18 17:29:39,765] {scheduler_job.py:639} INFO - DAG(s) dict_keys(['xcom-example']) retrieved from /opt/airflow/dags/airflow-xcom-example.py
[2021-03-18 17:29:39,789] {logging_mixin.py:104} INFO - [2021-03-18 17:29:39,789] {dag.py:1818} INFO - Sync 1 DAGs
[2021-03-18 17:29:39,808] {logging_mixin.py:104} INFO - [2021-03-18 17:29:39,808] {dag.py:2273} INFO - Setting next_dagrun for xcom-example to 2021-03-18 00:00:00+00:00
[2021-03-18 17:29:39,819] {scheduler_job.py:190} INFO - Processing /opt/airflow/dags/airflow-xcom-example.py took 0.092 seconds
[2021-03-18 17:30:09,859] {scheduler_job.py:182} INFO - Started process (PID=31) to work on /opt/airflow/dags/airflow-xcom-example.py
[2021-03-18 17:30:09,861] {scheduler_job.py:629} INFO - Processing file /opt/airflow/dags/airflow-xcom-example.py for tasks to queue
[2021-03-18 17:30:09,863] {logging_mixin.py:104} INFO - [2021-03-18 17:30:09,863] {dagbag.py:448} INFO - Filling up the DagBag from /opt/airflow/dags/airflow-xcom-example.py
[2021-03-18 17:30:09,889] {scheduler_job.py:639} INFO - DAG(s) dict_keys(['xcom-example']) retrieved from /opt/airflow/dags/airflow-xcom-example.py
[2021-03-18 17:30:09,919] {logging_mixin.py:104} INFO - [2021-03-18 17:30:09,918] {dag.py:1818} INFO - Sync 1 DAGs
[2021-03-18 17:30:09,942] {logging_mixin.py:104} INFO - [2021-03-18 17:30:09,942] {dag.py:2273} INFO - Setting next_dagrun for xcom-example to 2021-03-18 00:00:00+00:00
[2021-03-18 17:30:09,951] {scheduler_job.py:190} INFO - Processing /opt/airflow/dags/airflow-xcom-example.py took 0.097 seconds
[2021-03-18 17:30:40,049] {scheduler_job.py:182} INFO - Started process (PID=32) to work on /opt/airflow/dags/airflow-xcom-example.py
[2021-03-18 17:30:40,052] {scheduler_job.py:629} INFO - Processing file /opt/airflow/dags/airflow-xcom-example.py for tasks to queue
[2021-03-18 17:30:40,056] {logging_mixin.py:104} INFO - [2021-03-18 17:30:40,056] {dagbag.py:448} INFO - Filling up the DagBag from /opt/airflow/dags/airflow-xcom-example.py
[2021-03-18 17:30:40,108] {scheduler_job.py:639} INFO - DAG(s) dict_keys(['xcom-example']) retrieved from /opt/airflow/dags/airflow-xcom-example.py
[2021-03-18 17:30:40,168] {logging_mixin.py:104} INFO - [2021-03-18 17:30:40,168] {dag.py:1818} INFO - Sync 1 DAGs
[2021-03-18 17:30:40,208] {logging_mixin.py:104} INFO - [2021-03-18 17:30:40,208] {dag.py:2273} INFO - Setting next_dagrun for xcom-example to 2021-03-18 00:00:00+00:00
[2021-03-18 17:30:40,229] {scheduler_job.py:190} INFO - Processing /opt/airflow/dags/airflow-xcom-example.py took 0.186 seconds
[2021-03-18 17:31:10,312] {scheduler_job.py:182} INFO - Started process (PID=33) to work on /opt/airflow/dags/airflow-xcom-example.py
[2021-03-18 17:31:10,315] {scheduler_job.py:629} INFO - Processing file /opt/airflow/dags/airflow-xcom-example.py for tasks to queue
[2021-03-18 17:31:10,317] {logging_mixin.py:104} INFO - [2021-03-18 17:31:10,317] {dagbag.py:448} INFO - Filling up the DagBag from /opt/airflow/dags/airflow-xcom-example.py
[2021-03-18 17:31:10,345] {scheduler_job.py:639} INFO - DAG(s) dict_keys(['xcom-example']) retrieved from /opt/airflow/dags/airflow-xcom-example.py
[2021-03-18 17:31:10,373] {logging_mixin.py:104} INFO - [2021-03-18 17:31:10,373] {dag.py:1818} INFO - Sync 1 DAGs
[2021-03-18 17:31:10,399] {logging_mixin.py:104} INFO - [2021-03-18 17:31:10,399] {dag.py:2273} INFO - Setting next_dagrun for xcom-example to 2021-03-18 00:00:00+00:00
[2021-03-18 17:31:10,410] {scheduler_job.py:190} INFO - Processing /opt/airflow/dags/airflow-xcom-example.py took 0.102 seconds
[2021-03-18 17:31:40,499] {scheduler_job.py:182} INFO - Started process (PID=34) to work on /opt/airflow/dags/airflow-xcom-example.py
[2021-03-18 17:31:40,502] {scheduler_job.py:629} INFO - Processing file /opt/airflow/dags/airflow-xcom-example.py for tasks to queue
[2021-03-18 17:31:40,504] {logging_mixin.py:104} INFO - [2021-03-18 17:31:40,504] {dagbag.py:448} INFO - Filling up the DagBag from /opt/airflow/dags/airflow-xcom-example.py
[2021-03-18 17:31:40,524] {scheduler_job.py:639} INFO - DAG(s) dict_keys(['xcom-example']) retrieved from /opt/airflow/dags/airflow-xcom-example.py
[2021-03-18 17:31:40,544] {logging_mixin.py:104} INFO - [2021-03-18 17:31:40,544] {dag.py:1818} INFO - Sync 1 DAGs
[2021-03-18 17:31:40,562] {logging_mixin.py:104} INFO - [2021-03-18 17:31:40,561] {dag.py:2273} INFO - Setting next_dagrun for xcom-example to 2021-03-18 00:00:00+00:00
[2021-03-18 17:31:40,571] {scheduler_job.py:190} INFO - Processing /opt/airflow/dags/airflow-xcom-example.py took 0.077 seconds
[2021-03-18 17:32:10,615] {scheduler_job.py:182} INFO - Started process (PID=35) to work on /opt/airflow/dags/airflow-xcom-example.py
[2021-03-18 17:32:10,617] {scheduler_job.py:629} INFO - Processing file /opt/airflow/dags/airflow-xcom-example.py for tasks to queue
[2021-03-18 17:32:10,618] {logging_mixin.py:104} INFO - [2021-03-18 17:32:10,618] {dagbag.py:448} INFO - Filling up the DagBag from /opt/airflow/dags/airflow-xcom-example.py
[2021-03-18 17:32:10,636] {scheduler_job.py:639} INFO - DAG(s) dict_keys(['xcom-example']) retrieved from /opt/airflow/dags/airflow-xcom-example.py
[2021-03-18 17:32:10,656] {logging_mixin.py:104} INFO - [2021-03-18 17:32:10,656] {dag.py:1818} INFO - Sync 1 DAGs
[2021-03-18 17:32:10,672] {logging_mixin.py:104} INFO - [2021-03-18 17:32:10,672] {dag.py:2273} INFO - Setting next_dagrun for xcom-example to 2021-03-18 00:00:00+00:00
[2021-03-18 17:32:10,681] {scheduler_job.py:190} INFO - Processing /opt/airflow/dags/airflow-xcom-example.py took 0.070 seconds
[2021-03-18 17:32:40,782] {scheduler_job.py:182} INFO - Started process (PID=36) to work on /opt/airflow/dags/airflow-xcom-example.py
[2021-03-18 17:32:40,784] {scheduler_job.py:629} INFO - Processing file /opt/airflow/dags/airflow-xcom-example.py for tasks to queue
[2021-03-18 17:32:40,786] {logging_mixin.py:104} INFO - [2021-03-18 17:32:40,785] {dagbag.py:448} INFO - Filling up the DagBag from /opt/airflow/dags/airflow-xcom-example.py
[2021-03-18 17:32:40,823] {scheduler_job.py:639} INFO - DAG(s) dict_keys(['xcom-example']) retrieved from /opt/airflow/dags/airflow-xcom-example.py
[2021-03-18 17:32:40,846] {logging_mixin.py:104} INFO - [2021-03-18 17:32:40,846] {dag.py:1818} INFO - Sync 1 DAGs
[2021-03-18 17:32:40,870] {logging_mixin.py:104} INFO - [2021-03-18 17:32:40,870] {dag.py:2273} INFO - Setting next_dagrun for xcom-example to 2021-03-18 00:00:00+00:00
[2021-03-18 17:32:40,880] {scheduler_job.py:190} INFO - Processing /opt/airflow/dags/airflow-xcom-example.py took 0.102 seconds
[2021-03-18 17:33:10,906] {scheduler_job.py:182} INFO - Started process (PID=37) to work on /opt/airflow/dags/airflow-xcom-example.py
[2021-03-18 17:33:10,908] {scheduler_job.py:629} INFO - Processing file /opt/airflow/dags/airflow-xcom-example.py for tasks to queue
[2021-03-18 17:33:10,911] {logging_mixin.py:104} INFO - [2021-03-18 17:33:10,910] {dagbag.py:448} INFO - Filling up the DagBag from /opt/airflow/dags/airflow-xcom-example.py
[2021-03-18 17:33:10,940] {scheduler_job.py:639} INFO - DAG(s) dict_keys(['xcom-example']) retrieved from /opt/airflow/dags/airflow-xcom-example.py
[2021-03-18 17:33:10,961] {logging_mixin.py:104} INFO - [2021-03-18 17:33:10,961] {dag.py:1818} INFO - Sync 1 DAGs
[2021-03-18 17:33:10,979] {logging_mixin.py:104} INFO - [2021-03-18 17:33:10,978] {dag.py:2273} INFO - Setting next_dagrun for xcom-example to 2021-03-18 00:00:00+00:00
[2021-03-18 17:33:10,986] {scheduler_job.py:190} INFO - Processing /opt/airflow/dags/airflow-xcom-example.py took 0.084 seconds
[2021-03-18 17:33:41,088] {scheduler_job.py:182} INFO - Started process (PID=38) to work on /opt/airflow/dags/airflow-xcom-example.py
[2021-03-18 17:33:41,090] {scheduler_job.py:629} INFO - Processing file /opt/airflow/dags/airflow-xcom-example.py for tasks to queue
[2021-03-18 17:33:41,091] {logging_mixin.py:104} INFO - [2021-03-18 17:33:41,091] {dagbag.py:448} INFO - Filling up the DagBag from /opt/airflow/dags/airflow-xcom-example.py
[2021-03-18 17:33:41,120] {scheduler_job.py:639} INFO - DAG(s) dict_keys(['xcom-example']) retrieved from /opt/airflow/dags/airflow-xcom-example.py
[2021-03-18 17:33:41,150] {logging_mixin.py:104} INFO - [2021-03-18 17:33:41,150] {dag.py:1818} INFO - Sync 1 DAGs
[2021-03-18 17:33:41,177] {logging_mixin.py:104} INFO - [2021-03-18 17:33:41,177] {dag.py:2273} INFO - Setting next_dagrun for xcom-example to 2021-03-18 00:00:00+00:00
[2021-03-18 17:33:41,190] {scheduler_job.py:190} INFO - Processing /opt/airflow/dags/airflow-xcom-example.py took 0.106 seconds
[2021-03-18 17:34:11,256] {scheduler_job.py:182} INFO - Started process (PID=39) to work on /opt/airflow/dags/airflow-xcom-example.py
[2021-03-18 17:34:11,258] {scheduler_job.py:629} INFO - Processing file /opt/airflow/dags/airflow-xcom-example.py for tasks to queue
[2021-03-18 17:34:11,261] {logging_mixin.py:104} INFO - [2021-03-18 17:34:11,260] {dagbag.py:448} INFO - Filling up the DagBag from /opt/airflow/dags/airflow-xcom-example.py
[2021-03-18 17:34:11,284] {scheduler_job.py:639} INFO - DAG(s) dict_keys(['xcom-example']) retrieved from /opt/airflow/dags/airflow-xcom-example.py
[2021-03-18 17:34:11,311] {logging_mixin.py:104} INFO - [2021-03-18 17:34:11,311] {dag.py:1818} INFO - Sync 1 DAGs
[2021-03-18 17:34:11,340] {logging_mixin.py:104} INFO - [2021-03-18 17:34:11,339] {dag.py:2273} INFO - Setting next_dagrun for xcom-example to 2021-03-18 00:00:00+00:00
[2021-03-18 17:34:11,347] {scheduler_job.py:190} INFO - Processing /opt/airflow/dags/airflow-xcom-example.py took 0.095 seconds
[2021-03-18 17:34:41,406] {scheduler_job.py:182} INFO - Started process (PID=40) to work on /opt/airflow/dags/airflow-xcom-example.py
[2021-03-18 17:34:41,415] {scheduler_job.py:629} INFO - Processing file /opt/airflow/dags/airflow-xcom-example.py for tasks to queue
[2021-03-18 17:34:41,420] {logging_mixin.py:104} INFO - [2021-03-18 17:34:41,419] {dagbag.py:448} INFO - Filling up the DagBag from /opt/airflow/dags/airflow-xcom-example.py
[2021-03-18 17:34:41,456] {scheduler_job.py:639} INFO - DAG(s) dict_keys(['xcom-example']) retrieved from /opt/airflow/dags/airflow-xcom-example.py
[2021-03-18 17:34:41,494] {logging_mixin.py:104} INFO - [2021-03-18 17:34:41,494] {dag.py:1818} INFO - Sync 1 DAGs
[2021-03-18 17:34:41,529] {logging_mixin.py:104} INFO - [2021-03-18 17:34:41,528] {dag.py:2273} INFO - Setting next_dagrun for xcom-example to 2021-03-18 00:00:00+00:00
[2021-03-18 17:34:41,547] {scheduler_job.py:190} INFO - Processing /opt/airflow/dags/airflow-xcom-example.py took 0.147 seconds
[2021-03-18 17:35:11,629] {scheduler_job.py:182} INFO - Started process (PID=41) to work on /opt/airflow/dags/airflow-xcom-example.py
[2021-03-18 17:35:11,631] {scheduler_job.py:629} INFO - Processing file /opt/airflow/dags/airflow-xcom-example.py for tasks to queue
[2021-03-18 17:35:11,633] {logging_mixin.py:104} INFO - [2021-03-18 17:35:11,633] {dagbag.py:448} INFO - Filling up the DagBag from /opt/airflow/dags/airflow-xcom-example.py
[2021-03-18 17:35:11,656] {scheduler_job.py:639} INFO - DAG(s) dict_keys(['xcom-example']) retrieved from /opt/airflow/dags/airflow-xcom-example.py
[2021-03-18 17:35:11,685] {logging_mixin.py:104} INFO - [2021-03-18 17:35:11,685] {dag.py:1818} INFO - Sync 1 DAGs
[2021-03-18 17:35:11,710] {logging_mixin.py:104} INFO - [2021-03-18 17:35:11,709] {dag.py:2273} INFO - Setting next_dagrun for xcom-example to 2021-03-18 00:00:00+00:00
[2021-03-18 17:35:11,722] {scheduler_job.py:190} INFO - Processing /opt/airflow/dags/airflow-xcom-example.py took 0.097 seconds
[2021-03-18 17:35:41,751] {scheduler_job.py:182} INFO - Started process (PID=42) to work on /opt/airflow/dags/airflow-xcom-example.py
[2021-03-18 17:35:41,753] {scheduler_job.py:629} INFO - Processing file /opt/airflow/dags/airflow-xcom-example.py for tasks to queue
[2021-03-18 17:35:41,755] {logging_mixin.py:104} INFO - [2021-03-18 17:35:41,754] {dagbag.py:448} INFO - Filling up the DagBag from /opt/airflow/dags/airflow-xcom-example.py
[2021-03-18 17:35:41,774] {scheduler_job.py:639} INFO - DAG(s) dict_keys(['xcom-example']) retrieved from /opt/airflow/dags/airflow-xcom-example.py
[2021-03-18 17:35:41,795] {logging_mixin.py:104} INFO - [2021-03-18 17:35:41,795] {dag.py:1818} INFO - Sync 1 DAGs
[2021-03-18 17:35:41,813] {logging_mixin.py:104} INFO - [2021-03-18 17:35:41,813] {dag.py:2273} INFO - Setting next_dagrun for xcom-example to 2021-03-18 00:00:00+00:00
[2021-03-18 17:35:41,822] {scheduler_job.py:190} INFO - Processing /opt/airflow/dags/airflow-xcom-example.py took 0.074 seconds
[2021-03-18 17:36:11,917] {scheduler_job.py:182} INFO - Started process (PID=43) to work on /opt/airflow/dags/airflow-xcom-example.py
[2021-03-18 17:36:11,922] {scheduler_job.py:629} INFO - Processing file /opt/airflow/dags/airflow-xcom-example.py for tasks to queue
[2021-03-18 17:36:11,923] {logging_mixin.py:104} INFO - [2021-03-18 17:36:11,923] {dagbag.py:448} INFO - Filling up the DagBag from /opt/airflow/dags/airflow-xcom-example.py
[2021-03-18 17:36:11,949] {scheduler_job.py:639} INFO - DAG(s) dict_keys(['xcom-example']) retrieved from /opt/airflow/dags/airflow-xcom-example.py
[2021-03-18 17:36:11,976] {logging_mixin.py:104} INFO - [2021-03-18 17:36:11,976] {dag.py:1818} INFO - Sync 1 DAGs
[2021-03-18 17:36:11,999] {logging_mixin.py:104} INFO - [2021-03-18 17:36:11,998] {dag.py:2273} INFO - Setting next_dagrun for xcom-example to 2021-03-18 00:00:00+00:00
[2021-03-18 17:36:12,007] {scheduler_job.py:190} INFO - Processing /opt/airflow/dags/airflow-xcom-example.py took 0.092 seconds
[2021-03-18 17:36:42,041] {scheduler_job.py:182} INFO - Started process (PID=44) to work on /opt/airflow/dags/airflow-xcom-example.py
[2021-03-18 17:36:42,043] {scheduler_job.py:629} INFO - Processing file /opt/airflow/dags/airflow-xcom-example.py for tasks to queue
[2021-03-18 17:36:42,044] {logging_mixin.py:104} INFO - [2021-03-18 17:36:42,044] {dagbag.py:448} INFO - Filling up the DagBag from /opt/airflow/dags/airflow-xcom-example.py
[2021-03-18 17:36:42,077] {scheduler_job.py:639} INFO - DAG(s) dict_keys(['xcom-example']) retrieved from /opt/airflow/dags/airflow-xcom-example.py
[2021-03-18 17:36:42,148] {logging_mixin.py:104} INFO - [2021-03-18 17:36:42,148] {dag.py:1818} INFO - Sync 1 DAGs
[2021-03-18 17:36:42,194] {logging_mixin.py:104} INFO - [2021-03-18 17:36:42,194] {dag.py:2273} INFO - Setting next_dagrun for xcom-example to 2021-03-18 00:00:00+00:00
[2021-03-18 17:36:42,214] {scheduler_job.py:190} INFO - Processing /opt/airflow/dags/airflow-xcom-example.py took 0.179 seconds
[2021-03-18 17:37:12,297] {scheduler_job.py:182} INFO - Started process (PID=45) to work on /opt/airflow/dags/airflow-xcom-example.py
[2021-03-18 17:37:12,299] {scheduler_job.py:629} INFO - Processing file /opt/airflow/dags/airflow-xcom-example.py for tasks to queue
[2021-03-18 17:37:12,300] {logging_mixin.py:104} INFO - [2021-03-18 17:37:12,300] {dagbag.py:448} INFO - Filling up the DagBag from /opt/airflow/dags/airflow-xcom-example.py
[2021-03-18 17:37:12,324] {scheduler_job.py:639} INFO - DAG(s) dict_keys(['xcom-example']) retrieved from /opt/airflow/dags/airflow-xcom-example.py
[2021-03-18 17:37:12,351] {logging_mixin.py:104} INFO - [2021-03-18 17:37:12,351] {dag.py:1818} INFO - Sync 1 DAGs
[2021-03-18 17:37:12,373] {logging_mixin.py:104} INFO - [2021-03-18 17:37:12,373] {dag.py:2273} INFO - Setting next_dagrun for xcom-example to 2021-03-18 00:00:00+00:00
[2021-03-18 17:37:12,382] {scheduler_job.py:190} INFO - Processing /opt/airflow/dags/airflow-xcom-example.py took 0.088 seconds
[2021-03-18 17:37:42,412] {scheduler_job.py:182} INFO - Started process (PID=46) to work on /opt/airflow/dags/airflow-xcom-example.py
[2021-03-18 17:37:42,414] {scheduler_job.py:629} INFO - Processing file /opt/airflow/dags/airflow-xcom-example.py for tasks to queue
[2021-03-18 17:37:42,416] {logging_mixin.py:104} INFO - [2021-03-18 17:37:42,416] {dagbag.py:448} INFO - Filling up the DagBag from /opt/airflow/dags/airflow-xcom-example.py
[2021-03-18 17:37:42,436] {scheduler_job.py:639} INFO - DAG(s) dict_keys(['xcom-example']) retrieved from /opt/airflow/dags/airflow-xcom-example.py
[2021-03-18 17:37:42,461] {logging_mixin.py:104} INFO - [2021-03-18 17:37:42,461] {dag.py:1818} INFO - Sync 1 DAGs
[2021-03-18 17:37:42,477] {logging_mixin.py:104} INFO - [2021-03-18 17:37:42,477] {dag.py:2273} INFO - Setting next_dagrun for xcom-example to 2021-03-18 00:00:00+00:00
[2021-03-18 17:37:42,486] {scheduler_job.py:190} INFO - Processing /opt/airflow/dags/airflow-xcom-example.py took 0.077 seconds
[2021-03-18 17:38:12,567] {scheduler_job.py:182} INFO - Started process (PID=47) to work on /opt/airflow/dags/airflow-xcom-example.py
[2021-03-18 17:38:12,568] {scheduler_job.py:629} INFO - Processing file /opt/airflow/dags/airflow-xcom-example.py for tasks to queue
[2021-03-18 17:38:12,570] {logging_mixin.py:104} INFO - [2021-03-18 17:38:12,570] {dagbag.py:448} INFO - Filling up the DagBag from /opt/airflow/dags/airflow-xcom-example.py
[2021-03-18 17:38:12,590] {scheduler_job.py:639} INFO - DAG(s) dict_keys(['xcom-example']) retrieved from /opt/airflow/dags/airflow-xcom-example.py
[2021-03-18 17:38:12,614] {logging_mixin.py:104} INFO - [2021-03-18 17:38:12,614] {dag.py:1818} INFO - Sync 1 DAGs
[2021-03-18 17:38:12,628] {logging_mixin.py:104} INFO - [2021-03-18 17:38:12,628] {dag.py:2273} INFO - Setting next_dagrun for xcom-example to 2021-03-18 00:00:00+00:00
[2021-03-18 17:38:12,635] {scheduler_job.py:190} INFO - Processing /opt/airflow/dags/airflow-xcom-example.py took 0.072 seconds
[2021-03-18 17:38:42,688] {scheduler_job.py:182} INFO - Started process (PID=48) to work on /opt/airflow/dags/airflow-xcom-example.py
[2021-03-18 17:38:42,689] {scheduler_job.py:629} INFO - Processing file /opt/airflow/dags/airflow-xcom-example.py for tasks to queue
[2021-03-18 17:38:42,690] {logging_mixin.py:104} INFO - [2021-03-18 17:38:42,690] {dagbag.py:448} INFO - Filling up the DagBag from /opt/airflow/dags/airflow-xcom-example.py
[2021-03-18 17:38:42,709] {scheduler_job.py:639} INFO - DAG(s) dict_keys(['xcom-example']) retrieved from /opt/airflow/dags/airflow-xcom-example.py
[2021-03-18 17:38:42,734] {logging_mixin.py:104} INFO - [2021-03-18 17:38:42,734] {dag.py:1818} INFO - Sync 1 DAGs
[2021-03-18 17:38:42,749] {logging_mixin.py:104} INFO - [2021-03-18 17:38:42,749] {dag.py:2273} INFO - Setting next_dagrun for xcom-example to 2021-03-18 00:00:00+00:00
[2021-03-18 17:38:42,756] {scheduler_job.py:190} INFO - Processing /opt/airflow/dags/airflow-xcom-example.py took 0.072 seconds
[2021-03-18 17:39:12,817] {scheduler_job.py:182} INFO - Started process (PID=49) to work on /opt/airflow/dags/airflow-xcom-example.py
[2021-03-18 17:39:12,820] {scheduler_job.py:629} INFO - Processing file /opt/airflow/dags/airflow-xcom-example.py for tasks to queue
[2021-03-18 17:39:12,821] {logging_mixin.py:104} INFO - [2021-03-18 17:39:12,821] {dagbag.py:448} INFO - Filling up the DagBag from /opt/airflow/dags/airflow-xcom-example.py
[2021-03-18 17:39:12,874] {scheduler_job.py:639} INFO - DAG(s) dict_keys(['xcom-example']) retrieved from /opt/airflow/dags/airflow-xcom-example.py
[2021-03-18 17:39:12,910] {logging_mixin.py:104} INFO - [2021-03-18 17:39:12,910] {dag.py:1818} INFO - Sync 1 DAGs
[2021-03-18 17:39:12,935] {logging_mixin.py:104} INFO - [2021-03-18 17:39:12,935] {dag.py:2273} INFO - Setting next_dagrun for xcom-example to 2021-03-18 00:00:00+00:00
[2021-03-18 17:39:12,949] {scheduler_job.py:190} INFO - Processing /opt/airflow/dags/airflow-xcom-example.py took 0.136 seconds
