[2021-03-18 17:26:26,466] {taskinstance.py:851} INFO - Dependencies all met for <TaskInstance: xcom-example.load_into_db 2021-03-18T17:26:20.257470+00:00 [queued]>
[2021-03-18 17:26:26,505] {taskinstance.py:851} INFO - Dependencies all met for <TaskInstance: xcom-example.load_into_db 2021-03-18T17:26:20.257470+00:00 [queued]>
[2021-03-18 17:26:26,507] {taskinstance.py:1042} INFO - 
--------------------------------------------------------------------------------
[2021-03-18 17:26:26,509] {taskinstance.py:1043} INFO - Starting attempt 1 of 2
[2021-03-18 17:26:26,510] {taskinstance.py:1044} INFO - 
--------------------------------------------------------------------------------
[2021-03-18 17:26:26,529] {taskinstance.py:1063} INFO - Executing <Task(PythonOperator): load_into_db> on 2021-03-18T17:26:20.257470+00:00
[2021-03-18 17:26:26,536] {standard_task_runner.py:52} INFO - Started process 43 to run task
[2021-03-18 17:26:26,546] {standard_task_runner.py:76} INFO - Running: ['airflow', 'tasks', 'run', 'xcom-example', 'load_into_db', '2021-03-18T17:26:20.257470+00:00', '--job-id', '4', '--pool', 'default_pool', '--raw', '--subdir', 'DAGS_FOLDER/airflow-xcom-example.py', '--cfg-path', '/tmp/tmpdfsnyyza', '--error-file', '/tmp/tmp7j_40ujo']
[2021-03-18 17:26:26,548] {standard_task_runner.py:77} INFO - Job 4: Subtask load_into_db
[2021-03-18 17:26:26,629] {logging_mixin.py:104} INFO - Running <TaskInstance: xcom-example.load_into_db 2021-03-18T17:26:20.257470+00:00 [running]> on host c98c5c7ad3ed
[2021-03-18 17:26:26,677] {taskinstance.py:1257} INFO - Exporting the following env vars:
AIRFLOW_CTX_DAG_EMAIL=tom.karaffa@deep-labs.com
AIRFLOW_CTX_DAG_OWNER=tom.karaffa
AIRFLOW_CTX_DAG_ID=xcom-example
AIRFLOW_CTX_TASK_ID=load_into_db
AIRFLOW_CTX_EXECUTION_DATE=2021-03-18T17:26:20.257470+00:00
AIRFLOW_CTX_DAG_RUN_ID=manual__2021-03-18T17:26:20.257470+00:00
[2021-03-18 17:26:26,704] {python.py:118} INFO - Done. Returned value was: None
[2021-03-18 17:26:26,740] {taskinstance.py:1166} INFO - Marking task as SUCCESS. dag_id=xcom-example, task_id=load_into_db, execution_date=20210318T172620, start_date=20210318T172626, end_date=20210318T172626
[2021-03-18 17:26:26,798] {taskinstance.py:1220} INFO - 0 downstream tasks scheduled from follow-on schedule check
[2021-03-18 17:26:26,848] {local_task_job.py:146} INFO - Task exited with return code 0
