[2021-03-11 20:18:42,827] {taskinstance.py:851} INFO - Dependencies all met for <TaskInstance: example_xcom_args_with_operators.d 2021-03-11T20:18:38.021147+00:00 [queued]>
[2021-03-11 20:18:42,864] {taskinstance.py:851} INFO - Dependencies all met for <TaskInstance: example_xcom_args_with_operators.d 2021-03-11T20:18:38.021147+00:00 [queued]>
[2021-03-11 20:18:42,866] {taskinstance.py:1042} INFO - 
--------------------------------------------------------------------------------
[2021-03-11 20:18:42,868] {taskinstance.py:1043} INFO - Starting attempt 1 of 1
[2021-03-11 20:18:42,869] {taskinstance.py:1044} INFO - 
--------------------------------------------------------------------------------
[2021-03-11 20:18:42,889] {taskinstance.py:1063} INFO - Executing <Task(BashOperator): d> on 2021-03-11T20:18:38.021147+00:00
[2021-03-11 20:18:42,896] {standard_task_runner.py:52} INFO - Started process 56 to run task
[2021-03-11 20:18:42,902] {standard_task_runner.py:76} INFO - Running: ['airflow', 'tasks', 'run', 'example_xcom_args_with_operators', 'd', '2021-03-11T20:18:38.021147+00:00', '--job-id', '18', '--pool', 'default_pool', '--raw', '--subdir', '/home/airflow/.local/lib/python3.6/site-packages/airflow/example_dags/example_xcomargs.py', '--cfg-path', '/tmp/tmpxct5t457', '--error-file', '/tmp/tmpfhzns9d5']
[2021-03-11 20:18:42,906] {standard_task_runner.py:77} INFO - Job 18: Subtask d
[2021-03-11 20:18:42,978] {logging_mixin.py:104} INFO - Running <TaskInstance: example_xcom_args_with_operators.d 2021-03-11T20:18:38.021147+00:00 [running]> on host c5b43799858a
[2021-03-11 20:18:43,031] {taskinstance.py:1257} INFO - Exporting the following env vars:
AIRFLOW_CTX_DAG_OWNER=airflow
AIRFLOW_CTX_DAG_ID=example_xcom_args_with_operators
AIRFLOW_CTX_TASK_ID=d
AIRFLOW_CTX_EXECUTION_DATE=2021-03-11T20:18:38.021147+00:00
AIRFLOW_CTX_DAG_RUN_ID=manual__2021-03-11T20:18:38.021147+00:00
[2021-03-11 20:18:43,034] {bash.py:135} INFO - Tmp dir root location: 
 /tmp
[2021-03-11 20:18:43,036] {bash.py:158} INFO - Running command: echo c
[2021-03-11 20:18:43,047] {bash.py:169} INFO - Output:
[2021-03-11 20:18:43,049] {bash.py:173} INFO - c
[2021-03-11 20:18:43,052] {bash.py:177} INFO - Command exited with return code 0
[2021-03-11 20:18:43,132] {taskinstance.py:1166} INFO - Marking task as SUCCESS. dag_id=example_xcom_args_with_operators, task_id=d, execution_date=20210311T201838, start_date=20210311T201842, end_date=20210311T201843
[2021-03-11 20:18:43,169] {taskinstance.py:1220} INFO - 0 downstream tasks scheduled from follow-on schedule check
[2021-03-11 20:18:43,199] {local_task_job.py:146} INFO - Task exited with return code 0
