[2021-03-12 16:52:50,432] {taskinstance.py:851} INFO - Dependencies all met for <TaskInstance: xcom-example.double_values 2021-03-12T16:52:48.752809+00:00 [queued]>
[2021-03-12 16:52:50,462] {taskinstance.py:851} INFO - Dependencies all met for <TaskInstance: xcom-example.double_values 2021-03-12T16:52:48.752809+00:00 [queued]>
[2021-03-12 16:52:50,464] {taskinstance.py:1042} INFO - 
--------------------------------------------------------------------------------
[2021-03-12 16:52:50,465] {taskinstance.py:1043} INFO - Starting attempt 1 of 2
[2021-03-12 16:52:50,466] {taskinstance.py:1044} INFO - 
--------------------------------------------------------------------------------
[2021-03-12 16:52:50,478] {taskinstance.py:1063} INFO - Executing <Task(PythonOperator): double_values> on 2021-03-12T16:52:48.752809+00:00
[2021-03-12 16:52:50,483] {standard_task_runner.py:52} INFO - Started process 58 to run task
[2021-03-12 16:52:50,488] {standard_task_runner.py:76} INFO - Running: ['airflow', 'tasks', 'run', 'xcom-example', 'double_values', '2021-03-12T16:52:48.752809+00:00', '--job-id', '12', '--pool', 'default_pool', '--raw', '--subdir', 'DAGS_FOLDER/airflow-xcom-example.py', '--cfg-path', '/tmp/tmpiryzgq55', '--error-file', '/tmp/tmptey97sdy']
[2021-03-12 16:52:50,490] {standard_task_runner.py:77} INFO - Job 12: Subtask double_values
[2021-03-12 16:52:50,539] {logging_mixin.py:104} INFO - Running <TaskInstance: xcom-example.double_values 2021-03-12T16:52:48.752809+00:00 [running]> on host c9789e4b240e
[2021-03-12 16:52:50,577] {taskinstance.py:1257} INFO - Exporting the following env vars:
AIRFLOW_CTX_DAG_EMAIL=tom.karaffa@deep-labs.com
AIRFLOW_CTX_DAG_OWNER=tom.karaffa
AIRFLOW_CTX_DAG_ID=xcom-example
AIRFLOW_CTX_TASK_ID=double_values
AIRFLOW_CTX_EXECUTION_DATE=2021-03-12T16:52:48.752809+00:00
AIRFLOW_CTX_DAG_RUN_ID=manual__2021-03-12T16:52:48.752809+00:00
[2021-03-12 16:52:50,599] {python.py:118} INFO - Done. Returned value was: None
[2021-03-12 16:52:50,610] {taskinstance.py:1166} INFO - Marking task as SUCCESS. dag_id=xcom-example, task_id=double_values, execution_date=20210312T165248, start_date=20210312T165250, end_date=20210312T165250
[2021-03-12 16:52:50,637] {taskinstance.py:1220} INFO - 1 downstream tasks scheduled from follow-on schedule check
[2021-03-12 16:52:50,665] {local_task_job.py:146} INFO - Task exited with return code 0
