[2021-03-11 23:47:18,840] {taskinstance.py:851} INFO - Dependencies all met for <TaskInstance: xcom-example.load_into_db 2021-03-11T23:47:13.206884+00:00 [queued]>
[2021-03-11 23:47:18,881] {taskinstance.py:851} INFO - Dependencies all met for <TaskInstance: xcom-example.load_into_db 2021-03-11T23:47:13.206884+00:00 [queued]>
[2021-03-11 23:47:18,882] {taskinstance.py:1042} INFO - 
--------------------------------------------------------------------------------
[2021-03-11 23:47:18,883] {taskinstance.py:1043} INFO - Starting attempt 1 of 2
[2021-03-11 23:47:18,884] {taskinstance.py:1044} INFO - 
--------------------------------------------------------------------------------
[2021-03-11 23:47:18,907] {taskinstance.py:1063} INFO - Executing <Task(PythonOperator): load_into_db> on 2021-03-11T23:47:13.206884+00:00
[2021-03-11 23:47:18,927] {standard_task_runner.py:76} INFO - Running: ['airflow', 'tasks', 'run', 'xcom-example', 'load_into_db', '2021-03-11T23:47:13.206884+00:00', '--job-id', '26', '--pool', 'default_pool', '--raw', '--subdir', 'DAGS_FOLDER/airflow-xcom-example.py', '--cfg-path', '/tmp/tmp5lwo7hy9', '--error-file', '/tmp/tmp4b046vce']
[2021-03-11 23:47:18,919] {standard_task_runner.py:52} INFO - Started process 92 to run task
[2021-03-11 23:47:18,929] {standard_task_runner.py:77} INFO - Job 26: Subtask load_into_db
[2021-03-11 23:47:19,058] {logging_mixin.py:104} INFO - Running <TaskInstance: xcom-example.load_into_db 2021-03-11T23:47:13.206884+00:00 [running]> on host 7d27dd48eb07
[2021-03-11 23:47:19,261] {taskinstance.py:1257} INFO - Exporting the following env vars:
AIRFLOW_CTX_DAG_EMAIL=tom.karaffa@deep-labs.com
AIRFLOW_CTX_DAG_OWNER=tom.karaffa
AIRFLOW_CTX_DAG_ID=xcom-example
AIRFLOW_CTX_TASK_ID=load_into_db
AIRFLOW_CTX_EXECUTION_DATE=2021-03-11T23:47:13.206884+00:00
AIRFLOW_CTX_DAG_RUN_ID=manual__2021-03-11T23:47:13.206884+00:00
[2021-03-11 23:47:19,343] {python.py:118} INFO - Done. Returned value was: None
[2021-03-11 23:47:19,393] {taskinstance.py:1166} INFO - Marking task as SUCCESS. dag_id=xcom-example, task_id=load_into_db, execution_date=20210311T234713, start_date=20210311T234718, end_date=20210311T234719
[2021-03-11 23:47:19,480] {taskinstance.py:1220} INFO - 0 downstream tasks scheduled from follow-on schedule check
[2021-03-11 23:47:19,572] {local_task_job.py:146} INFO - Task exited with return code 0
