[2021-03-12 00:00:03,782] {taskinstance.py:851} INFO - Dependencies all met for <TaskInstance: xcom-example.load_into_db 2021-03-11T00:00:00+00:00 [queued]>
[2021-03-12 00:00:03,803] {taskinstance.py:851} INFO - Dependencies all met for <TaskInstance: xcom-example.load_into_db 2021-03-11T00:00:00+00:00 [queued]>
[2021-03-12 00:00:03,804] {taskinstance.py:1042} INFO - 
--------------------------------------------------------------------------------
[2021-03-12 00:00:03,804] {taskinstance.py:1043} INFO - Starting attempt 1 of 2
[2021-03-12 00:00:03,805] {taskinstance.py:1044} INFO - 
--------------------------------------------------------------------------------
[2021-03-12 00:00:03,812] {taskinstance.py:1063} INFO - Executing <Task(PythonOperator): load_into_db> on 2021-03-11T00:00:00+00:00
[2021-03-12 00:00:03,816] {standard_task_runner.py:52} INFO - Started process 106 to run task
[2021-03-12 00:00:03,820] {standard_task_runner.py:76} INFO - Running: ['airflow', 'tasks', 'run', 'xcom-example', 'load_into_db', '2021-03-11T00:00:00+00:00', '--job-id', '33', '--pool', 'default_pool', '--raw', '--subdir', 'DAGS_FOLDER/airflow-xcom-example.py', '--cfg-path', '/tmp/tmp_6rt96_v', '--error-file', '/tmp/tmp9a5pdt4r']
[2021-03-12 00:00:03,821] {standard_task_runner.py:77} INFO - Job 33: Subtask load_into_db
[2021-03-12 00:00:03,868] {logging_mixin.py:104} INFO - Running <TaskInstance: xcom-example.load_into_db 2021-03-11T00:00:00+00:00 [running]> on host 7d27dd48eb07
[2021-03-12 00:00:03,902] {taskinstance.py:1257} INFO - Exporting the following env vars:
AIRFLOW_CTX_DAG_EMAIL=tom.karaffa@deep-labs.com
AIRFLOW_CTX_DAG_OWNER=tom.karaffa
AIRFLOW_CTX_DAG_ID=xcom-example
AIRFLOW_CTX_TASK_ID=load_into_db
AIRFLOW_CTX_EXECUTION_DATE=2021-03-11T00:00:00+00:00
AIRFLOW_CTX_DAG_RUN_ID=scheduled__2021-03-11T00:00:00+00:00
[2021-03-12 00:00:03,921] {python.py:118} INFO - Done. Returned value was: None
[2021-03-12 00:00:03,932] {taskinstance.py:1166} INFO - Marking task as SUCCESS. dag_id=xcom-example, task_id=load_into_db, execution_date=20210311T000000, start_date=20210312T000003, end_date=20210312T000003
[2021-03-12 00:00:03,962] {taskinstance.py:1220} INFO - 0 downstream tasks scheduled from follow-on schedule check
[2021-03-12 00:00:03,997] {local_task_job.py:146} INFO - Task exited with return code 0
