[2021-03-11 23:49:17,583] {taskinstance.py:851} INFO - Dependencies all met for <TaskInstance: xcom-example.load_into_db 2021-03-11T23:44:11.599409+00:00 [queued]>
[2021-03-11 23:49:17,595] {taskinstance.py:851} INFO - Dependencies all met for <TaskInstance: xcom-example.load_into_db 2021-03-11T23:44:11.599409+00:00 [queued]>
[2021-03-11 23:49:17,596] {taskinstance.py:1042} INFO - 
--------------------------------------------------------------------------------
[2021-03-11 23:49:17,596] {taskinstance.py:1043} INFO - Starting attempt 2 of 2
[2021-03-11 23:49:17,597] {taskinstance.py:1044} INFO - 
--------------------------------------------------------------------------------
[2021-03-11 23:49:17,604] {taskinstance.py:1063} INFO - Executing <Task(PythonOperator): load_into_db> on 2021-03-11T23:44:11.599409+00:00
[2021-03-11 23:49:17,607] {standard_task_runner.py:52} INFO - Started process 100 to run task
[2021-03-11 23:49:17,612] {standard_task_runner.py:76} INFO - Running: ['airflow', 'tasks', 'run', 'xcom-example', 'load_into_db', '2021-03-11T23:44:11.599409+00:00', '--job-id', '30', '--pool', 'default_pool', '--raw', '--subdir', 'DAGS_FOLDER/airflow-xcom-example.py', '--cfg-path', '/tmp/tmp8r1y94aa', '--error-file', '/tmp/tmp0fglckjt']
[2021-03-11 23:49:17,612] {standard_task_runner.py:77} INFO - Job 30: Subtask load_into_db
[2021-03-11 23:49:17,652] {logging_mixin.py:104} INFO - Running <TaskInstance: xcom-example.load_into_db 2021-03-11T23:44:11.599409+00:00 [running]> on host 7d27dd48eb07
[2021-03-11 23:49:17,684] {taskinstance.py:1257} INFO - Exporting the following env vars:
AIRFLOW_CTX_DAG_EMAIL=tom.karaffa@deep-labs.com
AIRFLOW_CTX_DAG_OWNER=tom.karaffa
AIRFLOW_CTX_DAG_ID=xcom-example
AIRFLOW_CTX_TASK_ID=load_into_db
AIRFLOW_CTX_EXECUTION_DATE=2021-03-11T23:44:11.599409+00:00
AIRFLOW_CTX_DAG_RUN_ID=manual__2021-03-11T23:44:11.599409+00:00
[2021-03-11 23:49:17,701] {python.py:118} INFO - Done. Returned value was: None
[2021-03-11 23:49:17,712] {taskinstance.py:1166} INFO - Marking task as SUCCESS. dag_id=xcom-example, task_id=load_into_db, execution_date=20210311T234411, start_date=20210311T234917, end_date=20210311T234917
[2021-03-11 23:49:17,737] {taskinstance.py:1220} INFO - 0 downstream tasks scheduled from follow-on schedule check
[2021-03-11 23:49:17,746] {local_task_job.py:146} INFO - Task exited with return code 0
