[2021-03-11 20:18:40,419] {taskinstance.py:851} INFO - Dependencies all met for <TaskInstance: example_xcom_args_with_operators.print_value 2021-03-11T20:18:38.021147+00:00 [queued]>
[2021-03-11 20:18:40,440] {taskinstance.py:851} INFO - Dependencies all met for <TaskInstance: example_xcom_args_with_operators.print_value 2021-03-11T20:18:38.021147+00:00 [queued]>
[2021-03-11 20:18:40,442] {taskinstance.py:1042} INFO - 
--------------------------------------------------------------------------------
[2021-03-11 20:18:40,443] {taskinstance.py:1043} INFO - Starting attempt 1 of 1
[2021-03-11 20:18:40,444] {taskinstance.py:1044} INFO - 
--------------------------------------------------------------------------------
[2021-03-11 20:18:40,457] {taskinstance.py:1063} INFO - Executing <Task(_PythonDecoratedOperator): print_value> on 2021-03-11T20:18:38.021147+00:00
[2021-03-11 20:18:40,463] {standard_task_runner.py:52} INFO - Started process 52 to run task
[2021-03-11 20:18:40,470] {standard_task_runner.py:76} INFO - Running: ['airflow', 'tasks', 'run', 'example_xcom_args_with_operators', 'print_value', '2021-03-11T20:18:38.021147+00:00', '--job-id', '16', '--pool', 'default_pool', '--raw', '--subdir', '/home/airflow/.local/lib/python3.6/site-packages/airflow/example_dags/example_xcomargs.py', '--cfg-path', '/tmp/tmpl744slsb', '--error-file', '/tmp/tmp8jh0x0c8']
[2021-03-11 20:18:40,472] {standard_task_runner.py:77} INFO - Job 16: Subtask print_value
[2021-03-11 20:18:40,541] {logging_mixin.py:104} INFO - Running <TaskInstance: example_xcom_args_with_operators.print_value 2021-03-11T20:18:38.021147+00:00 [running]> on host c5b43799858a
[2021-03-11 20:18:40,599] {taskinstance.py:1257} INFO - Exporting the following env vars:
AIRFLOW_CTX_DAG_OWNER=airflow
AIRFLOW_CTX_DAG_ID=example_xcom_args_with_operators
AIRFLOW_CTX_TASK_ID=print_value
AIRFLOW_CTX_EXECUTION_DATE=2021-03-11T20:18:38.021147+00:00
AIRFLOW_CTX_DAG_RUN_ID=manual__2021-03-11T20:18:38.021147+00:00
[2021-03-11 20:18:40,600] {example_xcomargs.py:39} INFO - The knights of Ni say: first! (at 2021-03-11T20:18:38.021147+00:00)
[2021-03-11 20:18:40,614] {taskinstance.py:1166} INFO - Marking task as SUCCESS. dag_id=example_xcom_args_with_operators, task_id=print_value, execution_date=20210311T201838, start_date=20210311T201840, end_date=20210311T201840
[2021-03-11 20:18:40,650] {taskinstance.py:1220} INFO - 1 downstream tasks scheduled from follow-on schedule check
[2021-03-11 20:18:40,692] {local_task_job.py:146} INFO - Task exited with return code 0
