[2021-03-12 00:00:02,506] {taskinstance.py:851} INFO - Dependencies all met for <TaskInstance: xcom-example.double_values 2021-03-11T00:00:00+00:00 [queued]>
[2021-03-12 00:00:02,521] {taskinstance.py:851} INFO - Dependencies all met for <TaskInstance: xcom-example.double_values 2021-03-11T00:00:00+00:00 [queued]>
[2021-03-12 00:00:02,522] {taskinstance.py:1042} INFO - 
--------------------------------------------------------------------------------
[2021-03-12 00:00:02,523] {taskinstance.py:1043} INFO - Starting attempt 1 of 2
[2021-03-12 00:00:02,525] {taskinstance.py:1044} INFO - 
--------------------------------------------------------------------------------
[2021-03-12 00:00:02,545] {taskinstance.py:1063} INFO - Executing <Task(PythonOperator): double_values> on 2021-03-11T00:00:00+00:00
[2021-03-12 00:00:02,551] {standard_task_runner.py:52} INFO - Started process 104 to run task
[2021-03-12 00:00:02,556] {standard_task_runner.py:76} INFO - Running: ['airflow', 'tasks', 'run', 'xcom-example', 'double_values', '2021-03-11T00:00:00+00:00', '--job-id', '32', '--pool', 'default_pool', '--raw', '--subdir', 'DAGS_FOLDER/airflow-xcom-example.py', '--cfg-path', '/tmp/tmpu7fvjh7z', '--error-file', '/tmp/tmpk44gwt46']
[2021-03-12 00:00:02,558] {standard_task_runner.py:77} INFO - Job 32: Subtask double_values
[2021-03-12 00:00:02,602] {logging_mixin.py:104} INFO - Running <TaskInstance: xcom-example.double_values 2021-03-11T00:00:00+00:00 [running]> on host 7d27dd48eb07
[2021-03-12 00:00:02,637] {taskinstance.py:1257} INFO - Exporting the following env vars:
AIRFLOW_CTX_DAG_EMAIL=tom.karaffa@deep-labs.com
AIRFLOW_CTX_DAG_OWNER=tom.karaffa
AIRFLOW_CTX_DAG_ID=xcom-example
AIRFLOW_CTX_TASK_ID=double_values
AIRFLOW_CTX_EXECUTION_DATE=2021-03-11T00:00:00+00:00
AIRFLOW_CTX_DAG_RUN_ID=scheduled__2021-03-11T00:00:00+00:00
[2021-03-12 00:00:02,659] {python.py:118} INFO - Done. Returned value was: None
[2021-03-12 00:00:02,669] {taskinstance.py:1166} INFO - Marking task as SUCCESS. dag_id=xcom-example, task_id=double_values, execution_date=20210311T000000, start_date=20210312T000002, end_date=20210312T000002
[2021-03-12 00:00:02,695] {taskinstance.py:1220} INFO - 1 downstream tasks scheduled from follow-on schedule check
[2021-03-12 00:00:02,733] {local_task_job.py:146} INFO - Task exited with return code 0
