[2021-03-12 00:00:10,180] {scheduler_job.py:182} INFO - Started process (PID=1904) to work on /home/airflow/.local/lib/python3.6/site-packages/airflow/example_dags/example_xcomargs.py
[2021-03-12 00:00:10,183] {scheduler_job.py:629} INFO - Processing file /home/airflow/.local/lib/python3.6/site-packages/airflow/example_dags/example_xcomargs.py for tasks to queue
[2021-03-12 00:00:10,184] {logging_mixin.py:104} INFO - [2021-03-12 00:00:10,184] {dagbag.py:448} INFO - Filling up the DagBag from /home/airflow/.local/lib/python3.6/site-packages/airflow/example_dags/example_xcomargs.py
[2021-03-12 00:00:10,199] {scheduler_job.py:639} INFO - DAG(s) dict_keys(['example_xcom_args', 'example_xcom_args_with_operators']) retrieved from /home/airflow/.local/lib/python3.6/site-packages/airflow/example_dags/example_xcomargs.py
[2021-03-12 00:00:10,251] {logging_mixin.py:104} INFO - [2021-03-12 00:00:10,251] {dag.py:1818} INFO - Sync 2 DAGs
[2021-03-12 00:00:10,269] {logging_mixin.py:104} INFO - [2021-03-12 00:00:10,268] {dag.py:2273} INFO - Setting next_dagrun for example_xcom_args to None
[2021-03-12 00:00:10,271] {logging_mixin.py:104} INFO - [2021-03-12 00:00:10,271] {dag.py:2273} INFO - Setting next_dagrun for example_xcom_args_with_operators to None
[2021-03-12 00:00:10,284] {scheduler_job.py:190} INFO - Processing /home/airflow/.local/lib/python3.6/site-packages/airflow/example_dags/example_xcomargs.py took 0.107 seconds
[2021-03-12 00:00:40,897] {scheduler_job.py:182} INFO - Started process (PID=1931) to work on /home/airflow/.local/lib/python3.6/site-packages/airflow/example_dags/example_xcomargs.py
[2021-03-12 00:00:40,899] {scheduler_job.py:629} INFO - Processing file /home/airflow/.local/lib/python3.6/site-packages/airflow/example_dags/example_xcomargs.py for tasks to queue
[2021-03-12 00:00:40,900] {logging_mixin.py:104} INFO - [2021-03-12 00:00:40,900] {dagbag.py:448} INFO - Filling up the DagBag from /home/airflow/.local/lib/python3.6/site-packages/airflow/example_dags/example_xcomargs.py
[2021-03-12 00:00:40,916] {scheduler_job.py:639} INFO - DAG(s) dict_keys(['example_xcom_args', 'example_xcom_args_with_operators']) retrieved from /home/airflow/.local/lib/python3.6/site-packages/airflow/example_dags/example_xcomargs.py
[2021-03-12 00:00:40,967] {logging_mixin.py:104} INFO - [2021-03-12 00:00:40,967] {dag.py:1818} INFO - Sync 2 DAGs
[2021-03-12 00:00:40,992] {logging_mixin.py:104} INFO - [2021-03-12 00:00:40,991] {dag.py:2273} INFO - Setting next_dagrun for example_xcom_args to None
[2021-03-12 00:00:40,994] {logging_mixin.py:104} INFO - [2021-03-12 00:00:40,994] {dag.py:2273} INFO - Setting next_dagrun for example_xcom_args_with_operators to None
[2021-03-12 00:00:41,008] {scheduler_job.py:190} INFO - Processing /home/airflow/.local/lib/python3.6/site-packages/airflow/example_dags/example_xcomargs.py took 0.115 seconds
[2021-03-12 00:01:11,703] {scheduler_job.py:182} INFO - Started process (PID=1958) to work on /home/airflow/.local/lib/python3.6/site-packages/airflow/example_dags/example_xcomargs.py
[2021-03-12 00:01:11,704] {scheduler_job.py:629} INFO - Processing file /home/airflow/.local/lib/python3.6/site-packages/airflow/example_dags/example_xcomargs.py for tasks to queue
[2021-03-12 00:01:11,705] {logging_mixin.py:104} INFO - [2021-03-12 00:01:11,705] {dagbag.py:448} INFO - Filling up the DagBag from /home/airflow/.local/lib/python3.6/site-packages/airflow/example_dags/example_xcomargs.py
[2021-03-12 00:01:11,721] {scheduler_job.py:639} INFO - DAG(s) dict_keys(['example_xcom_args', 'example_xcom_args_with_operators']) retrieved from /home/airflow/.local/lib/python3.6/site-packages/airflow/example_dags/example_xcomargs.py
[2021-03-12 00:01:11,747] {logging_mixin.py:104} INFO - [2021-03-12 00:01:11,747] {dag.py:1818} INFO - Sync 2 DAGs
[2021-03-12 00:01:11,762] {logging_mixin.py:104} INFO - [2021-03-12 00:01:11,762] {dag.py:2273} INFO - Setting next_dagrun for example_xcom_args to None
[2021-03-12 00:01:11,764] {logging_mixin.py:104} INFO - [2021-03-12 00:01:11,764] {dag.py:2273} INFO - Setting next_dagrun for example_xcom_args_with_operators to None
[2021-03-12 00:01:11,776] {scheduler_job.py:190} INFO - Processing /home/airflow/.local/lib/python3.6/site-packages/airflow/example_dags/example_xcomargs.py took 0.078 seconds
[2021-03-12 00:01:42,145] {scheduler_job.py:182} INFO - Started process (PID=1985) to work on /home/airflow/.local/lib/python3.6/site-packages/airflow/example_dags/example_xcomargs.py
[2021-03-12 00:01:42,147] {scheduler_job.py:629} INFO - Processing file /home/airflow/.local/lib/python3.6/site-packages/airflow/example_dags/example_xcomargs.py for tasks to queue
[2021-03-12 00:01:42,148] {logging_mixin.py:104} INFO - [2021-03-12 00:01:42,148] {dagbag.py:448} INFO - Filling up the DagBag from /home/airflow/.local/lib/python3.6/site-packages/airflow/example_dags/example_xcomargs.py
[2021-03-12 00:01:42,167] {scheduler_job.py:639} INFO - DAG(s) dict_keys(['example_xcom_args', 'example_xcom_args_with_operators']) retrieved from /home/airflow/.local/lib/python3.6/site-packages/airflow/example_dags/example_xcomargs.py
[2021-03-12 00:01:42,200] {logging_mixin.py:104} INFO - [2021-03-12 00:01:42,200] {dag.py:1818} INFO - Sync 2 DAGs
[2021-03-12 00:01:42,219] {logging_mixin.py:104} INFO - [2021-03-12 00:01:42,219] {dag.py:2273} INFO - Setting next_dagrun for example_xcom_args to None
[2021-03-12 00:01:42,220] {logging_mixin.py:104} INFO - [2021-03-12 00:01:42,220] {dag.py:2273} INFO - Setting next_dagrun for example_xcom_args_with_operators to None
[2021-03-12 00:01:42,234] {scheduler_job.py:190} INFO - Processing /home/airflow/.local/lib/python3.6/site-packages/airflow/example_dags/example_xcomargs.py took 0.097 seconds
[2021-03-12 00:02:12,853] {scheduler_job.py:182} INFO - Started process (PID=2012) to work on /home/airflow/.local/lib/python3.6/site-packages/airflow/example_dags/example_xcomargs.py
[2021-03-12 00:02:12,856] {scheduler_job.py:629} INFO - Processing file /home/airflow/.local/lib/python3.6/site-packages/airflow/example_dags/example_xcomargs.py for tasks to queue
[2021-03-12 00:02:12,858] {logging_mixin.py:104} INFO - [2021-03-12 00:02:12,857] {dagbag.py:448} INFO - Filling up the DagBag from /home/airflow/.local/lib/python3.6/site-packages/airflow/example_dags/example_xcomargs.py
[2021-03-12 00:02:12,873] {scheduler_job.py:639} INFO - DAG(s) dict_keys(['example_xcom_args', 'example_xcom_args_with_operators']) retrieved from /home/airflow/.local/lib/python3.6/site-packages/airflow/example_dags/example_xcomargs.py
[2021-03-12 00:02:12,900] {logging_mixin.py:104} INFO - [2021-03-12 00:02:12,900] {dag.py:1818} INFO - Sync 2 DAGs
[2021-03-12 00:02:12,918] {logging_mixin.py:104} INFO - [2021-03-12 00:02:12,918] {dag.py:2273} INFO - Setting next_dagrun for example_xcom_args to None
[2021-03-12 00:02:12,920] {logging_mixin.py:104} INFO - [2021-03-12 00:02:12,920] {dag.py:2273} INFO - Setting next_dagrun for example_xcom_args_with_operators to None
[2021-03-12 00:02:12,936] {scheduler_job.py:190} INFO - Processing /home/airflow/.local/lib/python3.6/site-packages/airflow/example_dags/example_xcomargs.py took 0.087 seconds
[2021-03-12 00:02:43,535] {scheduler_job.py:182} INFO - Started process (PID=2039) to work on /home/airflow/.local/lib/python3.6/site-packages/airflow/example_dags/example_xcomargs.py
[2021-03-12 00:02:43,537] {scheduler_job.py:629} INFO - Processing file /home/airflow/.local/lib/python3.6/site-packages/airflow/example_dags/example_xcomargs.py for tasks to queue
[2021-03-12 00:02:43,538] {logging_mixin.py:104} INFO - [2021-03-12 00:02:43,538] {dagbag.py:448} INFO - Filling up the DagBag from /home/airflow/.local/lib/python3.6/site-packages/airflow/example_dags/example_xcomargs.py
[2021-03-12 00:02:43,552] {scheduler_job.py:639} INFO - DAG(s) dict_keys(['example_xcom_args', 'example_xcom_args_with_operators']) retrieved from /home/airflow/.local/lib/python3.6/site-packages/airflow/example_dags/example_xcomargs.py
[2021-03-12 00:02:43,587] {logging_mixin.py:104} INFO - [2021-03-12 00:02:43,587] {dag.py:1818} INFO - Sync 2 DAGs
[2021-03-12 00:02:43,603] {logging_mixin.py:104} INFO - [2021-03-12 00:02:43,603] {dag.py:2273} INFO - Setting next_dagrun for example_xcom_args to None
[2021-03-12 00:02:43,605] {logging_mixin.py:104} INFO - [2021-03-12 00:02:43,604] {dag.py:2273} INFO - Setting next_dagrun for example_xcom_args_with_operators to None
[2021-03-12 00:02:43,614] {scheduler_job.py:190} INFO - Processing /home/airflow/.local/lib/python3.6/site-packages/airflow/example_dags/example_xcomargs.py took 0.083 seconds
[2021-03-12 00:03:14,253] {scheduler_job.py:182} INFO - Started process (PID=2066) to work on /home/airflow/.local/lib/python3.6/site-packages/airflow/example_dags/example_xcomargs.py
[2021-03-12 00:03:14,257] {scheduler_job.py:629} INFO - Processing file /home/airflow/.local/lib/python3.6/site-packages/airflow/example_dags/example_xcomargs.py for tasks to queue
[2021-03-12 00:03:14,261] {logging_mixin.py:104} INFO - [2021-03-12 00:03:14,261] {dagbag.py:448} INFO - Filling up the DagBag from /home/airflow/.local/lib/python3.6/site-packages/airflow/example_dags/example_xcomargs.py
[2021-03-12 00:03:14,285] {scheduler_job.py:639} INFO - DAG(s) dict_keys(['example_xcom_args', 'example_xcom_args_with_operators']) retrieved from /home/airflow/.local/lib/python3.6/site-packages/airflow/example_dags/example_xcomargs.py
[2021-03-12 00:03:14,326] {logging_mixin.py:104} INFO - [2021-03-12 00:03:14,326] {dag.py:1818} INFO - Sync 2 DAGs
[2021-03-12 00:03:14,352] {logging_mixin.py:104} INFO - [2021-03-12 00:03:14,352] {dag.py:2273} INFO - Setting next_dagrun for example_xcom_args to None
[2021-03-12 00:03:14,355] {logging_mixin.py:104} INFO - [2021-03-12 00:03:14,355] {dag.py:2273} INFO - Setting next_dagrun for example_xcom_args_with_operators to None
[2021-03-12 00:03:14,371] {scheduler_job.py:190} INFO - Processing /home/airflow/.local/lib/python3.6/site-packages/airflow/example_dags/example_xcomargs.py took 0.129 seconds
[2021-03-12 00:03:44,914] {scheduler_job.py:182} INFO - Started process (PID=2093) to work on /home/airflow/.local/lib/python3.6/site-packages/airflow/example_dags/example_xcomargs.py
[2021-03-12 00:03:44,917] {scheduler_job.py:629} INFO - Processing file /home/airflow/.local/lib/python3.6/site-packages/airflow/example_dags/example_xcomargs.py for tasks to queue
[2021-03-12 00:03:44,919] {logging_mixin.py:104} INFO - [2021-03-12 00:03:44,918] {dagbag.py:448} INFO - Filling up the DagBag from /home/airflow/.local/lib/python3.6/site-packages/airflow/example_dags/example_xcomargs.py
[2021-03-12 00:03:44,936] {scheduler_job.py:639} INFO - DAG(s) dict_keys(['example_xcom_args', 'example_xcom_args_with_operators']) retrieved from /home/airflow/.local/lib/python3.6/site-packages/airflow/example_dags/example_xcomargs.py
[2021-03-12 00:03:44,975] {logging_mixin.py:104} INFO - [2021-03-12 00:03:44,974] {dag.py:1818} INFO - Sync 2 DAGs
[2021-03-12 00:03:45,002] {logging_mixin.py:104} INFO - [2021-03-12 00:03:45,002] {dag.py:2273} INFO - Setting next_dagrun for example_xcom_args to None
[2021-03-12 00:03:45,006] {logging_mixin.py:104} INFO - [2021-03-12 00:03:45,006] {dag.py:2273} INFO - Setting next_dagrun for example_xcom_args_with_operators to None
[2021-03-12 00:03:45,022] {scheduler_job.py:190} INFO - Processing /home/airflow/.local/lib/python3.6/site-packages/airflow/example_dags/example_xcomargs.py took 0.112 seconds
[2021-03-12 00:04:15,538] {scheduler_job.py:182} INFO - Started process (PID=2120) to work on /home/airflow/.local/lib/python3.6/site-packages/airflow/example_dags/example_xcomargs.py
[2021-03-12 00:04:15,540] {scheduler_job.py:629} INFO - Processing file /home/airflow/.local/lib/python3.6/site-packages/airflow/example_dags/example_xcomargs.py for tasks to queue
[2021-03-12 00:04:15,541] {logging_mixin.py:104} INFO - [2021-03-12 00:04:15,541] {dagbag.py:448} INFO - Filling up the DagBag from /home/airflow/.local/lib/python3.6/site-packages/airflow/example_dags/example_xcomargs.py
[2021-03-12 00:04:15,557] {scheduler_job.py:639} INFO - DAG(s) dict_keys(['example_xcom_args', 'example_xcom_args_with_operators']) retrieved from /home/airflow/.local/lib/python3.6/site-packages/airflow/example_dags/example_xcomargs.py
[2021-03-12 00:04:15,591] {logging_mixin.py:104} INFO - [2021-03-12 00:04:15,590] {dag.py:1818} INFO - Sync 2 DAGs
[2021-03-12 00:04:15,614] {logging_mixin.py:104} INFO - [2021-03-12 00:04:15,614] {dag.py:2273} INFO - Setting next_dagrun for example_xcom_args to None
[2021-03-12 00:04:15,616] {logging_mixin.py:104} INFO - [2021-03-12 00:04:15,616] {dag.py:2273} INFO - Setting next_dagrun for example_xcom_args_with_operators to None
[2021-03-12 00:04:15,632] {scheduler_job.py:190} INFO - Processing /home/airflow/.local/lib/python3.6/site-packages/airflow/example_dags/example_xcomargs.py took 0.098 seconds
[2021-03-12 00:04:46,397] {scheduler_job.py:182} INFO - Started process (PID=2147) to work on /home/airflow/.local/lib/python3.6/site-packages/airflow/example_dags/example_xcomargs.py
[2021-03-12 00:04:46,402] {scheduler_job.py:629} INFO - Processing file /home/airflow/.local/lib/python3.6/site-packages/airflow/example_dags/example_xcomargs.py for tasks to queue
[2021-03-12 00:04:46,406] {logging_mixin.py:104} INFO - [2021-03-12 00:04:46,406] {dagbag.py:448} INFO - Filling up the DagBag from /home/airflow/.local/lib/python3.6/site-packages/airflow/example_dags/example_xcomargs.py
[2021-03-12 00:04:46,425] {scheduler_job.py:639} INFO - DAG(s) dict_keys(['example_xcom_args', 'example_xcom_args_with_operators']) retrieved from /home/airflow/.local/lib/python3.6/site-packages/airflow/example_dags/example_xcomargs.py
[2021-03-12 00:04:46,468] {logging_mixin.py:104} INFO - [2021-03-12 00:04:46,468] {dag.py:1818} INFO - Sync 2 DAGs
[2021-03-12 00:04:46,499] {logging_mixin.py:104} INFO - [2021-03-12 00:04:46,499] {dag.py:2273} INFO - Setting next_dagrun for example_xcom_args to None
[2021-03-12 00:04:46,501] {logging_mixin.py:104} INFO - [2021-03-12 00:04:46,501] {dag.py:2273} INFO - Setting next_dagrun for example_xcom_args_with_operators to None
[2021-03-12 00:04:46,519] {scheduler_job.py:190} INFO - Processing /home/airflow/.local/lib/python3.6/site-packages/airflow/example_dags/example_xcomargs.py took 0.130 seconds
[2021-03-12 00:05:17,084] {scheduler_job.py:182} INFO - Started process (PID=2174) to work on /home/airflow/.local/lib/python3.6/site-packages/airflow/example_dags/example_xcomargs.py
[2021-03-12 00:05:17,091] {scheduler_job.py:629} INFO - Processing file /home/airflow/.local/lib/python3.6/site-packages/airflow/example_dags/example_xcomargs.py for tasks to queue
[2021-03-12 00:05:17,094] {logging_mixin.py:104} INFO - [2021-03-12 00:05:17,094] {dagbag.py:448} INFO - Filling up the DagBag from /home/airflow/.local/lib/python3.6/site-packages/airflow/example_dags/example_xcomargs.py
[2021-03-12 00:05:17,122] {scheduler_job.py:639} INFO - DAG(s) dict_keys(['example_xcom_args', 'example_xcom_args_with_operators']) retrieved from /home/airflow/.local/lib/python3.6/site-packages/airflow/example_dags/example_xcomargs.py
[2021-03-12 00:05:17,176] {logging_mixin.py:104} INFO - [2021-03-12 00:05:17,176] {dag.py:1818} INFO - Sync 2 DAGs
[2021-03-12 00:05:17,194] {logging_mixin.py:104} INFO - [2021-03-12 00:05:17,194] {dag.py:2273} INFO - Setting next_dagrun for example_xcom_args to None
[2021-03-12 00:05:17,197] {logging_mixin.py:104} INFO - [2021-03-12 00:05:17,197] {dag.py:2273} INFO - Setting next_dagrun for example_xcom_args_with_operators to None
[2021-03-12 00:05:17,211] {scheduler_job.py:190} INFO - Processing /home/airflow/.local/lib/python3.6/site-packages/airflow/example_dags/example_xcomargs.py took 0.140 seconds
[2021-03-12 00:05:47,905] {scheduler_job.py:182} INFO - Started process (PID=2201) to work on /home/airflow/.local/lib/python3.6/site-packages/airflow/example_dags/example_xcomargs.py
[2021-03-12 00:05:47,908] {scheduler_job.py:629} INFO - Processing file /home/airflow/.local/lib/python3.6/site-packages/airflow/example_dags/example_xcomargs.py for tasks to queue
[2021-03-12 00:05:47,909] {logging_mixin.py:104} INFO - [2021-03-12 00:05:47,909] {dagbag.py:448} INFO - Filling up the DagBag from /home/airflow/.local/lib/python3.6/site-packages/airflow/example_dags/example_xcomargs.py
[2021-03-12 00:05:47,927] {scheduler_job.py:639} INFO - DAG(s) dict_keys(['example_xcom_args', 'example_xcom_args_with_operators']) retrieved from /home/airflow/.local/lib/python3.6/site-packages/airflow/example_dags/example_xcomargs.py
[2021-03-12 00:05:47,970] {logging_mixin.py:104} INFO - [2021-03-12 00:05:47,970] {dag.py:1818} INFO - Sync 2 DAGs
[2021-03-12 00:05:47,987] {logging_mixin.py:104} INFO - [2021-03-12 00:05:47,987] {dag.py:2273} INFO - Setting next_dagrun for example_xcom_args to None
[2021-03-12 00:05:47,989] {logging_mixin.py:104} INFO - [2021-03-12 00:05:47,989] {dag.py:2273} INFO - Setting next_dagrun for example_xcom_args_with_operators to None
[2021-03-12 00:05:48,015] {scheduler_job.py:190} INFO - Processing /home/airflow/.local/lib/python3.6/site-packages/airflow/example_dags/example_xcomargs.py took 0.114 seconds
[2021-03-12 00:06:18,869] {scheduler_job.py:182} INFO - Started process (PID=2228) to work on /home/airflow/.local/lib/python3.6/site-packages/airflow/example_dags/example_xcomargs.py
[2021-03-12 00:06:18,871] {scheduler_job.py:629} INFO - Processing file /home/airflow/.local/lib/python3.6/site-packages/airflow/example_dags/example_xcomargs.py for tasks to queue
[2021-03-12 00:06:18,873] {logging_mixin.py:104} INFO - [2021-03-12 00:06:18,872] {dagbag.py:448} INFO - Filling up the DagBag from /home/airflow/.local/lib/python3.6/site-packages/airflow/example_dags/example_xcomargs.py
[2021-03-12 00:06:18,889] {scheduler_job.py:639} INFO - DAG(s) dict_keys(['example_xcom_args', 'example_xcom_args_with_operators']) retrieved from /home/airflow/.local/lib/python3.6/site-packages/airflow/example_dags/example_xcomargs.py
[2021-03-12 00:06:18,915] {logging_mixin.py:104} INFO - [2021-03-12 00:06:18,914] {dag.py:1818} INFO - Sync 2 DAGs
[2021-03-12 00:06:18,932] {logging_mixin.py:104} INFO - [2021-03-12 00:06:18,932] {dag.py:2273} INFO - Setting next_dagrun for example_xcom_args to None
[2021-03-12 00:06:18,934] {logging_mixin.py:104} INFO - [2021-03-12 00:06:18,934] {dag.py:2273} INFO - Setting next_dagrun for example_xcom_args_with_operators to None
[2021-03-12 00:06:18,950] {scheduler_job.py:190} INFO - Processing /home/airflow/.local/lib/python3.6/site-packages/airflow/example_dags/example_xcomargs.py took 0.086 seconds
[2021-03-12 00:06:49,553] {scheduler_job.py:182} INFO - Started process (PID=2255) to work on /home/airflow/.local/lib/python3.6/site-packages/airflow/example_dags/example_xcomargs.py
[2021-03-12 00:06:49,556] {scheduler_job.py:629} INFO - Processing file /home/airflow/.local/lib/python3.6/site-packages/airflow/example_dags/example_xcomargs.py for tasks to queue
[2021-03-12 00:06:49,558] {logging_mixin.py:104} INFO - [2021-03-12 00:06:49,558] {dagbag.py:448} INFO - Filling up the DagBag from /home/airflow/.local/lib/python3.6/site-packages/airflow/example_dags/example_xcomargs.py
[2021-03-12 00:06:49,574] {scheduler_job.py:639} INFO - DAG(s) dict_keys(['example_xcom_args', 'example_xcom_args_with_operators']) retrieved from /home/airflow/.local/lib/python3.6/site-packages/airflow/example_dags/example_xcomargs.py
[2021-03-12 00:06:49,612] {logging_mixin.py:104} INFO - [2021-03-12 00:06:49,611] {dag.py:1818} INFO - Sync 2 DAGs
[2021-03-12 00:06:49,630] {logging_mixin.py:104} INFO - [2021-03-12 00:06:49,630] {dag.py:2273} INFO - Setting next_dagrun for example_xcom_args to None
[2021-03-12 00:06:49,632] {logging_mixin.py:104} INFO - [2021-03-12 00:06:49,632] {dag.py:2273} INFO - Setting next_dagrun for example_xcom_args_with_operators to None
[2021-03-12 00:06:49,648] {scheduler_job.py:190} INFO - Processing /home/airflow/.local/lib/python3.6/site-packages/airflow/example_dags/example_xcomargs.py took 0.100 seconds
[2021-03-12 00:07:20,363] {scheduler_job.py:182} INFO - Started process (PID=2282) to work on /home/airflow/.local/lib/python3.6/site-packages/airflow/example_dags/example_xcomargs.py
[2021-03-12 00:07:20,366] {scheduler_job.py:629} INFO - Processing file /home/airflow/.local/lib/python3.6/site-packages/airflow/example_dags/example_xcomargs.py for tasks to queue
[2021-03-12 00:07:20,369] {logging_mixin.py:104} INFO - [2021-03-12 00:07:20,368] {dagbag.py:448} INFO - Filling up the DagBag from /home/airflow/.local/lib/python3.6/site-packages/airflow/example_dags/example_xcomargs.py
[2021-03-12 00:07:20,384] {scheduler_job.py:639} INFO - DAG(s) dict_keys(['example_xcom_args', 'example_xcom_args_with_operators']) retrieved from /home/airflow/.local/lib/python3.6/site-packages/airflow/example_dags/example_xcomargs.py
[2021-03-12 00:07:20,411] {logging_mixin.py:104} INFO - [2021-03-12 00:07:20,411] {dag.py:1818} INFO - Sync 2 DAGs
[2021-03-12 00:07:20,429] {logging_mixin.py:104} INFO - [2021-03-12 00:07:20,428] {dag.py:2273} INFO - Setting next_dagrun for example_xcom_args to None
[2021-03-12 00:07:20,430] {logging_mixin.py:104} INFO - [2021-03-12 00:07:20,430] {dag.py:2273} INFO - Setting next_dagrun for example_xcom_args_with_operators to None
[2021-03-12 00:07:20,443] {scheduler_job.py:190} INFO - Processing /home/airflow/.local/lib/python3.6/site-packages/airflow/example_dags/example_xcomargs.py took 0.085 seconds
[2021-03-12 00:07:51,225] {scheduler_job.py:182} INFO - Started process (PID=2309) to work on /home/airflow/.local/lib/python3.6/site-packages/airflow/example_dags/example_xcomargs.py
[2021-03-12 00:07:51,227] {scheduler_job.py:629} INFO - Processing file /home/airflow/.local/lib/python3.6/site-packages/airflow/example_dags/example_xcomargs.py for tasks to queue
[2021-03-12 00:07:51,228] {logging_mixin.py:104} INFO - [2021-03-12 00:07:51,228] {dagbag.py:448} INFO - Filling up the DagBag from /home/airflow/.local/lib/python3.6/site-packages/airflow/example_dags/example_xcomargs.py
[2021-03-12 00:07:51,243] {scheduler_job.py:639} INFO - DAG(s) dict_keys(['example_xcom_args', 'example_xcom_args_with_operators']) retrieved from /home/airflow/.local/lib/python3.6/site-packages/airflow/example_dags/example_xcomargs.py
[2021-03-12 00:07:51,267] {logging_mixin.py:104} INFO - [2021-03-12 00:07:51,267] {dag.py:1818} INFO - Sync 2 DAGs
[2021-03-12 00:07:51,283] {logging_mixin.py:104} INFO - [2021-03-12 00:07:51,283] {dag.py:2273} INFO - Setting next_dagrun for example_xcom_args to None
[2021-03-12 00:07:51,285] {logging_mixin.py:104} INFO - [2021-03-12 00:07:51,284] {dag.py:2273} INFO - Setting next_dagrun for example_xcom_args_with_operators to None
[2021-03-12 00:07:51,294] {scheduler_job.py:190} INFO - Processing /home/airflow/.local/lib/python3.6/site-packages/airflow/example_dags/example_xcomargs.py took 0.074 seconds
[2021-03-12 00:08:21,815] {scheduler_job.py:182} INFO - Started process (PID=2336) to work on /home/airflow/.local/lib/python3.6/site-packages/airflow/example_dags/example_xcomargs.py
[2021-03-12 00:08:21,817] {scheduler_job.py:629} INFO - Processing file /home/airflow/.local/lib/python3.6/site-packages/airflow/example_dags/example_xcomargs.py for tasks to queue
[2021-03-12 00:08:21,819] {logging_mixin.py:104} INFO - [2021-03-12 00:08:21,819] {dagbag.py:448} INFO - Filling up the DagBag from /home/airflow/.local/lib/python3.6/site-packages/airflow/example_dags/example_xcomargs.py
[2021-03-12 00:08:21,837] {scheduler_job.py:639} INFO - DAG(s) dict_keys(['example_xcom_args', 'example_xcom_args_with_operators']) retrieved from /home/airflow/.local/lib/python3.6/site-packages/airflow/example_dags/example_xcomargs.py
[2021-03-12 00:08:21,872] {logging_mixin.py:104} INFO - [2021-03-12 00:08:21,872] {dag.py:1818} INFO - Sync 2 DAGs
[2021-03-12 00:08:21,890] {logging_mixin.py:104} INFO - [2021-03-12 00:08:21,890] {dag.py:2273} INFO - Setting next_dagrun for example_xcom_args to None
[2021-03-12 00:08:21,892] {logging_mixin.py:104} INFO - [2021-03-12 00:08:21,892] {dag.py:2273} INFO - Setting next_dagrun for example_xcom_args_with_operators to None
[2021-03-12 00:08:21,904] {scheduler_job.py:190} INFO - Processing /home/airflow/.local/lib/python3.6/site-packages/airflow/example_dags/example_xcomargs.py took 0.094 seconds
[2021-03-12 00:08:52,497] {scheduler_job.py:182} INFO - Started process (PID=2363) to work on /home/airflow/.local/lib/python3.6/site-packages/airflow/example_dags/example_xcomargs.py
[2021-03-12 00:08:52,499] {scheduler_job.py:629} INFO - Processing file /home/airflow/.local/lib/python3.6/site-packages/airflow/example_dags/example_xcomargs.py for tasks to queue
[2021-03-12 00:08:52,500] {logging_mixin.py:104} INFO - [2021-03-12 00:08:52,500] {dagbag.py:448} INFO - Filling up the DagBag from /home/airflow/.local/lib/python3.6/site-packages/airflow/example_dags/example_xcomargs.py
[2021-03-12 00:08:52,519] {scheduler_job.py:639} INFO - DAG(s) dict_keys(['example_xcom_args', 'example_xcom_args_with_operators']) retrieved from /home/airflow/.local/lib/python3.6/site-packages/airflow/example_dags/example_xcomargs.py
[2021-03-12 00:08:52,552] {logging_mixin.py:104} INFO - [2021-03-12 00:08:52,552] {dag.py:1818} INFO - Sync 2 DAGs
[2021-03-12 00:08:52,575] {logging_mixin.py:104} INFO - [2021-03-12 00:08:52,575] {dag.py:2273} INFO - Setting next_dagrun for example_xcom_args to None
[2021-03-12 00:08:52,576] {logging_mixin.py:104} INFO - [2021-03-12 00:08:52,576] {dag.py:2273} INFO - Setting next_dagrun for example_xcom_args_with_operators to None
[2021-03-12 00:08:52,590] {scheduler_job.py:190} INFO - Processing /home/airflow/.local/lib/python3.6/site-packages/airflow/example_dags/example_xcomargs.py took 0.097 seconds
[2021-03-12 00:09:23,025] {scheduler_job.py:182} INFO - Started process (PID=2390) to work on /home/airflow/.local/lib/python3.6/site-packages/airflow/example_dags/example_xcomargs.py
[2021-03-12 00:09:23,028] {scheduler_job.py:629} INFO - Processing file /home/airflow/.local/lib/python3.6/site-packages/airflow/example_dags/example_xcomargs.py for tasks to queue
[2021-03-12 00:09:23,030] {logging_mixin.py:104} INFO - [2021-03-12 00:09:23,030] {dagbag.py:448} INFO - Filling up the DagBag from /home/airflow/.local/lib/python3.6/site-packages/airflow/example_dags/example_xcomargs.py
[2021-03-12 00:09:23,047] {scheduler_job.py:639} INFO - DAG(s) dict_keys(['example_xcom_args', 'example_xcom_args_with_operators']) retrieved from /home/airflow/.local/lib/python3.6/site-packages/airflow/example_dags/example_xcomargs.py
[2021-03-12 00:09:23,077] {logging_mixin.py:104} INFO - [2021-03-12 00:09:23,077] {dag.py:1818} INFO - Sync 2 DAGs
[2021-03-12 00:09:23,093] {logging_mixin.py:104} INFO - [2021-03-12 00:09:23,093] {dag.py:2273} INFO - Setting next_dagrun for example_xcom_args to None
[2021-03-12 00:09:23,094] {logging_mixin.py:104} INFO - [2021-03-12 00:09:23,094] {dag.py:2273} INFO - Setting next_dagrun for example_xcom_args_with_operators to None
[2021-03-12 00:09:23,106] {scheduler_job.py:190} INFO - Processing /home/airflow/.local/lib/python3.6/site-packages/airflow/example_dags/example_xcomargs.py took 0.086 seconds
[2021-03-12 00:09:53,963] {scheduler_job.py:182} INFO - Started process (PID=2417) to work on /home/airflow/.local/lib/python3.6/site-packages/airflow/example_dags/example_xcomargs.py
[2021-03-12 00:09:53,965] {scheduler_job.py:629} INFO - Processing file /home/airflow/.local/lib/python3.6/site-packages/airflow/example_dags/example_xcomargs.py for tasks to queue
[2021-03-12 00:09:53,967] {logging_mixin.py:104} INFO - [2021-03-12 00:09:53,966] {dagbag.py:448} INFO - Filling up the DagBag from /home/airflow/.local/lib/python3.6/site-packages/airflow/example_dags/example_xcomargs.py
[2021-03-12 00:09:53,982] {scheduler_job.py:639} INFO - DAG(s) dict_keys(['example_xcom_args', 'example_xcom_args_with_operators']) retrieved from /home/airflow/.local/lib/python3.6/site-packages/airflow/example_dags/example_xcomargs.py
[2021-03-12 00:09:54,012] {logging_mixin.py:104} INFO - [2021-03-12 00:09:54,012] {dag.py:1818} INFO - Sync 2 DAGs
[2021-03-12 00:09:54,029] {logging_mixin.py:104} INFO - [2021-03-12 00:09:54,029] {dag.py:2273} INFO - Setting next_dagrun for example_xcom_args to None
[2021-03-12 00:09:54,031] {logging_mixin.py:104} INFO - [2021-03-12 00:09:54,031] {dag.py:2273} INFO - Setting next_dagrun for example_xcom_args_with_operators to None
[2021-03-12 00:09:54,044] {scheduler_job.py:190} INFO - Processing /home/airflow/.local/lib/python3.6/site-packages/airflow/example_dags/example_xcomargs.py took 0.086 seconds
[2021-03-12 00:10:24,852] {scheduler_job.py:182} INFO - Started process (PID=2444) to work on /home/airflow/.local/lib/python3.6/site-packages/airflow/example_dags/example_xcomargs.py
[2021-03-12 00:10:24,855] {scheduler_job.py:629} INFO - Processing file /home/airflow/.local/lib/python3.6/site-packages/airflow/example_dags/example_xcomargs.py for tasks to queue
[2021-03-12 00:10:24,857] {logging_mixin.py:104} INFO - [2021-03-12 00:10:24,857] {dagbag.py:448} INFO - Filling up the DagBag from /home/airflow/.local/lib/python3.6/site-packages/airflow/example_dags/example_xcomargs.py
[2021-03-12 00:10:24,873] {scheduler_job.py:639} INFO - DAG(s) dict_keys(['example_xcom_args', 'example_xcom_args_with_operators']) retrieved from /home/airflow/.local/lib/python3.6/site-packages/airflow/example_dags/example_xcomargs.py
[2021-03-12 00:10:24,907] {logging_mixin.py:104} INFO - [2021-03-12 00:10:24,907] {dag.py:1818} INFO - Sync 2 DAGs
[2021-03-12 00:10:24,926] {logging_mixin.py:104} INFO - [2021-03-12 00:10:24,926] {dag.py:2273} INFO - Setting next_dagrun for example_xcom_args to None
[2021-03-12 00:10:24,928] {logging_mixin.py:104} INFO - [2021-03-12 00:10:24,928] {dag.py:2273} INFO - Setting next_dagrun for example_xcom_args_with_operators to None
[2021-03-12 00:10:24,945] {scheduler_job.py:190} INFO - Processing /home/airflow/.local/lib/python3.6/site-packages/airflow/example_dags/example_xcomargs.py took 0.100 seconds
[2021-03-12 00:10:55,325] {scheduler_job.py:182} INFO - Started process (PID=2471) to work on /home/airflow/.local/lib/python3.6/site-packages/airflow/example_dags/example_xcomargs.py
[2021-03-12 00:10:55,328] {scheduler_job.py:629} INFO - Processing file /home/airflow/.local/lib/python3.6/site-packages/airflow/example_dags/example_xcomargs.py for tasks to queue
[2021-03-12 00:10:55,330] {logging_mixin.py:104} INFO - [2021-03-12 00:10:55,330] {dagbag.py:448} INFO - Filling up the DagBag from /home/airflow/.local/lib/python3.6/site-packages/airflow/example_dags/example_xcomargs.py
[2021-03-12 00:10:55,356] {scheduler_job.py:639} INFO - DAG(s) dict_keys(['example_xcom_args', 'example_xcom_args_with_operators']) retrieved from /home/airflow/.local/lib/python3.6/site-packages/airflow/example_dags/example_xcomargs.py
[2021-03-12 00:10:55,390] {logging_mixin.py:104} INFO - [2021-03-12 00:10:55,390] {dag.py:1818} INFO - Sync 2 DAGs
[2021-03-12 00:10:55,413] {logging_mixin.py:104} INFO - [2021-03-12 00:10:55,413] {dag.py:2273} INFO - Setting next_dagrun for example_xcom_args to None
[2021-03-12 00:10:55,415] {logging_mixin.py:104} INFO - [2021-03-12 00:10:55,415] {dag.py:2273} INFO - Setting next_dagrun for example_xcom_args_with_operators to None
[2021-03-12 00:10:55,427] {scheduler_job.py:190} INFO - Processing /home/airflow/.local/lib/python3.6/site-packages/airflow/example_dags/example_xcomargs.py took 0.111 seconds
[2021-03-12 00:11:26,020] {scheduler_job.py:182} INFO - Started process (PID=2498) to work on /home/airflow/.local/lib/python3.6/site-packages/airflow/example_dags/example_xcomargs.py
[2021-03-12 00:11:26,030] {scheduler_job.py:629} INFO - Processing file /home/airflow/.local/lib/python3.6/site-packages/airflow/example_dags/example_xcomargs.py for tasks to queue
[2021-03-12 00:11:26,036] {logging_mixin.py:104} INFO - [2021-03-12 00:11:26,035] {dagbag.py:448} INFO - Filling up the DagBag from /home/airflow/.local/lib/python3.6/site-packages/airflow/example_dags/example_xcomargs.py
[2021-03-12 00:11:26,077] {scheduler_job.py:639} INFO - DAG(s) dict_keys(['example_xcom_args', 'example_xcom_args_with_operators']) retrieved from /home/airflow/.local/lib/python3.6/site-packages/airflow/example_dags/example_xcomargs.py
[2021-03-12 00:11:26,137] {logging_mixin.py:104} INFO - [2021-03-12 00:11:26,137] {dag.py:1818} INFO - Sync 2 DAGs
[2021-03-12 00:11:26,169] {logging_mixin.py:104} INFO - [2021-03-12 00:11:26,169] {dag.py:2273} INFO - Setting next_dagrun for example_xcom_args to None
[2021-03-12 00:11:26,174] {logging_mixin.py:104} INFO - [2021-03-12 00:11:26,174] {dag.py:2273} INFO - Setting next_dagrun for example_xcom_args_with_operators to None
[2021-03-12 00:11:26,195] {scheduler_job.py:190} INFO - Processing /home/airflow/.local/lib/python3.6/site-packages/airflow/example_dags/example_xcomargs.py took 0.196 seconds
[2021-03-12 00:41:05,893] {scheduler_job.py:182} INFO - Started process (PID=36) to work on /home/airflow/.local/lib/python3.6/site-packages/airflow/example_dags/example_xcomargs.py
[2021-03-12 00:41:05,913] {scheduler_job.py:629} INFO - Processing file /home/airflow/.local/lib/python3.6/site-packages/airflow/example_dags/example_xcomargs.py for tasks to queue
[2021-03-12 00:41:05,922] {logging_mixin.py:104} INFO - [2021-03-12 00:41:05,921] {dagbag.py:448} INFO - Filling up the DagBag from /home/airflow/.local/lib/python3.6/site-packages/airflow/example_dags/example_xcomargs.py
[2021-03-12 00:41:06,042] {scheduler_job.py:639} INFO - DAG(s) dict_keys(['example_xcom_args', 'example_xcom_args_with_operators']) retrieved from /home/airflow/.local/lib/python3.6/site-packages/airflow/example_dags/example_xcomargs.py
[2021-03-12 00:41:06,200] {logging_mixin.py:104} INFO - [2021-03-12 00:41:06,200] {dag.py:1818} INFO - Sync 2 DAGs
[2021-03-12 00:41:06,256] {logging_mixin.py:104} INFO - [2021-03-12 00:41:06,255] {dag.py:2273} INFO - Setting next_dagrun for example_xcom_args to None
[2021-03-12 00:41:06,271] {logging_mixin.py:104} INFO - [2021-03-12 00:41:06,271] {dag.py:2273} INFO - Setting next_dagrun for example_xcom_args_with_operators to None
[2021-03-12 00:41:06,314] {scheduler_job.py:190} INFO - Processing /home/airflow/.local/lib/python3.6/site-packages/airflow/example_dags/example_xcomargs.py took 0.434 seconds
[2021-03-12 00:41:36,441] {scheduler_job.py:182} INFO - Started process (PID=63) to work on /home/airflow/.local/lib/python3.6/site-packages/airflow/example_dags/example_xcomargs.py
[2021-03-12 00:41:36,446] {scheduler_job.py:629} INFO - Processing file /home/airflow/.local/lib/python3.6/site-packages/airflow/example_dags/example_xcomargs.py for tasks to queue
[2021-03-12 00:41:36,448] {logging_mixin.py:104} INFO - [2021-03-12 00:41:36,448] {dagbag.py:448} INFO - Filling up the DagBag from /home/airflow/.local/lib/python3.6/site-packages/airflow/example_dags/example_xcomargs.py
[2021-03-12 00:41:36,471] {scheduler_job.py:639} INFO - DAG(s) dict_keys(['example_xcom_args', 'example_xcom_args_with_operators']) retrieved from /home/airflow/.local/lib/python3.6/site-packages/airflow/example_dags/example_xcomargs.py
[2021-03-12 00:41:36,508] {logging_mixin.py:104} INFO - [2021-03-12 00:41:36,508] {dag.py:1818} INFO - Sync 2 DAGs
[2021-03-12 00:41:36,526] {logging_mixin.py:104} INFO - [2021-03-12 00:41:36,526] {dag.py:2273} INFO - Setting next_dagrun for example_xcom_args to None
[2021-03-12 00:41:36,528] {logging_mixin.py:104} INFO - [2021-03-12 00:41:36,528] {dag.py:2273} INFO - Setting next_dagrun for example_xcom_args_with_operators to None
[2021-03-12 00:41:36,538] {scheduler_job.py:190} INFO - Processing /home/airflow/.local/lib/python3.6/site-packages/airflow/example_dags/example_xcomargs.py took 0.101 seconds
[2021-03-12 00:42:06,876] {scheduler_job.py:182} INFO - Started process (PID=86) to work on /home/airflow/.local/lib/python3.6/site-packages/airflow/example_dags/example_xcomargs.py
[2021-03-12 00:42:06,878] {scheduler_job.py:629} INFO - Processing file /home/airflow/.local/lib/python3.6/site-packages/airflow/example_dags/example_xcomargs.py for tasks to queue
[2021-03-12 00:42:06,880] {logging_mixin.py:104} INFO - [2021-03-12 00:42:06,880] {dagbag.py:448} INFO - Filling up the DagBag from /home/airflow/.local/lib/python3.6/site-packages/airflow/example_dags/example_xcomargs.py
[2021-03-12 00:42:06,899] {scheduler_job.py:639} INFO - DAG(s) dict_keys(['example_xcom_args', 'example_xcom_args_with_operators']) retrieved from /home/airflow/.local/lib/python3.6/site-packages/airflow/example_dags/example_xcomargs.py
[2021-03-12 00:42:06,934] {logging_mixin.py:104} INFO - [2021-03-12 00:42:06,934] {dag.py:1818} INFO - Sync 2 DAGs
[2021-03-12 00:42:06,956] {logging_mixin.py:104} INFO - [2021-03-12 00:42:06,955] {dag.py:2273} INFO - Setting next_dagrun for example_xcom_args to None
[2021-03-12 00:42:06,957] {logging_mixin.py:104} INFO - [2021-03-12 00:42:06,957] {dag.py:2273} INFO - Setting next_dagrun for example_xcom_args_with_operators to None
[2021-03-12 00:42:06,968] {scheduler_job.py:190} INFO - Processing /home/airflow/.local/lib/python3.6/site-packages/airflow/example_dags/example_xcomargs.py took 0.096 seconds
[2021-03-12 00:42:37,665] {scheduler_job.py:182} INFO - Started process (PID=113) to work on /home/airflow/.local/lib/python3.6/site-packages/airflow/example_dags/example_xcomargs.py
[2021-03-12 00:42:37,666] {scheduler_job.py:629} INFO - Processing file /home/airflow/.local/lib/python3.6/site-packages/airflow/example_dags/example_xcomargs.py for tasks to queue
[2021-03-12 00:42:37,668] {logging_mixin.py:104} INFO - [2021-03-12 00:42:37,668] {dagbag.py:448} INFO - Filling up the DagBag from /home/airflow/.local/lib/python3.6/site-packages/airflow/example_dags/example_xcomargs.py
[2021-03-12 00:42:37,683] {scheduler_job.py:639} INFO - DAG(s) dict_keys(['example_xcom_args', 'example_xcom_args_with_operators']) retrieved from /home/airflow/.local/lib/python3.6/site-packages/airflow/example_dags/example_xcomargs.py
[2021-03-12 00:42:37,713] {logging_mixin.py:104} INFO - [2021-03-12 00:42:37,712] {dag.py:1818} INFO - Sync 2 DAGs
[2021-03-12 00:42:37,730] {logging_mixin.py:104} INFO - [2021-03-12 00:42:37,730] {dag.py:2273} INFO - Setting next_dagrun for example_xcom_args to None
[2021-03-12 00:42:37,731] {logging_mixin.py:104} INFO - [2021-03-12 00:42:37,731] {dag.py:2273} INFO - Setting next_dagrun for example_xcom_args_with_operators to None
[2021-03-12 00:42:37,743] {scheduler_job.py:190} INFO - Processing /home/airflow/.local/lib/python3.6/site-packages/airflow/example_dags/example_xcomargs.py took 0.083 seconds
[2021-03-12 00:43:08,636] {scheduler_job.py:182} INFO - Started process (PID=140) to work on /home/airflow/.local/lib/python3.6/site-packages/airflow/example_dags/example_xcomargs.py
[2021-03-12 00:43:08,638] {scheduler_job.py:629} INFO - Processing file /home/airflow/.local/lib/python3.6/site-packages/airflow/example_dags/example_xcomargs.py for tasks to queue
[2021-03-12 00:43:08,640] {logging_mixin.py:104} INFO - [2021-03-12 00:43:08,640] {dagbag.py:448} INFO - Filling up the DagBag from /home/airflow/.local/lib/python3.6/site-packages/airflow/example_dags/example_xcomargs.py
[2021-03-12 00:43:08,660] {scheduler_job.py:639} INFO - DAG(s) dict_keys(['example_xcom_args', 'example_xcom_args_with_operators']) retrieved from /home/airflow/.local/lib/python3.6/site-packages/airflow/example_dags/example_xcomargs.py
[2021-03-12 00:43:08,691] {logging_mixin.py:104} INFO - [2021-03-12 00:43:08,691] {dag.py:1818} INFO - Sync 2 DAGs
[2021-03-12 00:43:08,712] {logging_mixin.py:104} INFO - [2021-03-12 00:43:08,711] {dag.py:2273} INFO - Setting next_dagrun for example_xcom_args to None
[2021-03-12 00:43:08,714] {logging_mixin.py:104} INFO - [2021-03-12 00:43:08,714] {dag.py:2273} INFO - Setting next_dagrun for example_xcom_args_with_operators to None
[2021-03-12 00:43:08,730] {scheduler_job.py:190} INFO - Processing /home/airflow/.local/lib/python3.6/site-packages/airflow/example_dags/example_xcomargs.py took 0.100 seconds
