[2021-03-12 00:00:10,438] {scheduler_job.py:182} INFO - Started process (PID=1907) to work on /home/airflow/.local/lib/python3.6/site-packages/airflow/example_dags/example_latest_only_with_trigger.py
[2021-03-12 00:00:10,443] {scheduler_job.py:629} INFO - Processing file /home/airflow/.local/lib/python3.6/site-packages/airflow/example_dags/example_latest_only_with_trigger.py for tasks to queue
[2021-03-12 00:00:10,448] {logging_mixin.py:104} INFO - [2021-03-12 00:00:10,447] {dagbag.py:448} INFO - Filling up the DagBag from /home/airflow/.local/lib/python3.6/site-packages/airflow/example_dags/example_latest_only_with_trigger.py
[2021-03-12 00:00:10,468] {scheduler_job.py:639} INFO - DAG(s) dict_keys(['latest_only_with_trigger']) retrieved from /home/airflow/.local/lib/python3.6/site-packages/airflow/example_dags/example_latest_only_with_trigger.py
[2021-03-12 00:00:10,512] {logging_mixin.py:104} INFO - [2021-03-12 00:00:10,512] {dag.py:1818} INFO - Sync 1 DAGs
[2021-03-12 00:00:10,529] {logging_mixin.py:104} INFO - [2021-03-12 00:00:10,529] {dag.py:2273} INFO - Setting next_dagrun for latest_only_with_trigger to 2021-03-10 00:00:00+00:00
[2021-03-12 00:00:10,561] {scheduler_job.py:190} INFO - Processing /home/airflow/.local/lib/python3.6/site-packages/airflow/example_dags/example_latest_only_with_trigger.py took 0.130 seconds
[2021-03-12 00:00:41,153] {scheduler_job.py:182} INFO - Started process (PID=1934) to work on /home/airflow/.local/lib/python3.6/site-packages/airflow/example_dags/example_latest_only_with_trigger.py
[2021-03-12 00:00:41,157] {scheduler_job.py:629} INFO - Processing file /home/airflow/.local/lib/python3.6/site-packages/airflow/example_dags/example_latest_only_with_trigger.py for tasks to queue
[2021-03-12 00:00:41,159] {logging_mixin.py:104} INFO - [2021-03-12 00:00:41,159] {dagbag.py:448} INFO - Filling up the DagBag from /home/airflow/.local/lib/python3.6/site-packages/airflow/example_dags/example_latest_only_with_trigger.py
[2021-03-12 00:00:41,174] {scheduler_job.py:639} INFO - DAG(s) dict_keys(['latest_only_with_trigger']) retrieved from /home/airflow/.local/lib/python3.6/site-packages/airflow/example_dags/example_latest_only_with_trigger.py
[2021-03-12 00:00:41,203] {logging_mixin.py:104} INFO - [2021-03-12 00:00:41,203] {dag.py:1818} INFO - Sync 1 DAGs
[2021-03-12 00:00:41,227] {logging_mixin.py:104} INFO - [2021-03-12 00:00:41,226] {dag.py:2273} INFO - Setting next_dagrun for latest_only_with_trigger to 2021-03-10 00:00:00+00:00
[2021-03-12 00:00:41,235] {scheduler_job.py:190} INFO - Processing /home/airflow/.local/lib/python3.6/site-packages/airflow/example_dags/example_latest_only_with_trigger.py took 0.086 seconds
[2021-03-12 00:01:11,869] {scheduler_job.py:182} INFO - Started process (PID=1961) to work on /home/airflow/.local/lib/python3.6/site-packages/airflow/example_dags/example_latest_only_with_trigger.py
[2021-03-12 00:01:11,870] {scheduler_job.py:629} INFO - Processing file /home/airflow/.local/lib/python3.6/site-packages/airflow/example_dags/example_latest_only_with_trigger.py for tasks to queue
[2021-03-12 00:01:11,871] {logging_mixin.py:104} INFO - [2021-03-12 00:01:11,871] {dagbag.py:448} INFO - Filling up the DagBag from /home/airflow/.local/lib/python3.6/site-packages/airflow/example_dags/example_latest_only_with_trigger.py
[2021-03-12 00:01:11,884] {scheduler_job.py:639} INFO - DAG(s) dict_keys(['latest_only_with_trigger']) retrieved from /home/airflow/.local/lib/python3.6/site-packages/airflow/example_dags/example_latest_only_with_trigger.py
[2021-03-12 00:01:11,907] {logging_mixin.py:104} INFO - [2021-03-12 00:01:11,907] {dag.py:1818} INFO - Sync 1 DAGs
[2021-03-12 00:01:11,926] {logging_mixin.py:104} INFO - [2021-03-12 00:01:11,925] {dag.py:2273} INFO - Setting next_dagrun for latest_only_with_trigger to 2021-03-10 00:00:00+00:00
[2021-03-12 00:01:11,935] {scheduler_job.py:190} INFO - Processing /home/airflow/.local/lib/python3.6/site-packages/airflow/example_dags/example_latest_only_with_trigger.py took 0.070 seconds
[2021-03-12 00:01:42,367] {scheduler_job.py:182} INFO - Started process (PID=1988) to work on /home/airflow/.local/lib/python3.6/site-packages/airflow/example_dags/example_latest_only_with_trigger.py
[2021-03-12 00:01:42,371] {scheduler_job.py:629} INFO - Processing file /home/airflow/.local/lib/python3.6/site-packages/airflow/example_dags/example_latest_only_with_trigger.py for tasks to queue
[2021-03-12 00:01:42,373] {logging_mixin.py:104} INFO - [2021-03-12 00:01:42,372] {dagbag.py:448} INFO - Filling up the DagBag from /home/airflow/.local/lib/python3.6/site-packages/airflow/example_dags/example_latest_only_with_trigger.py
[2021-03-12 00:01:42,391] {scheduler_job.py:639} INFO - DAG(s) dict_keys(['latest_only_with_trigger']) retrieved from /home/airflow/.local/lib/python3.6/site-packages/airflow/example_dags/example_latest_only_with_trigger.py
[2021-03-12 00:01:42,438] {logging_mixin.py:104} INFO - [2021-03-12 00:01:42,438] {dag.py:1818} INFO - Sync 1 DAGs
[2021-03-12 00:01:42,466] {logging_mixin.py:104} INFO - [2021-03-12 00:01:42,466] {dag.py:2273} INFO - Setting next_dagrun for latest_only_with_trigger to 2021-03-10 00:00:00+00:00
[2021-03-12 00:01:42,479] {scheduler_job.py:190} INFO - Processing /home/airflow/.local/lib/python3.6/site-packages/airflow/example_dags/example_latest_only_with_trigger.py took 0.116 seconds
[2021-03-12 00:02:13,081] {scheduler_job.py:182} INFO - Started process (PID=2015) to work on /home/airflow/.local/lib/python3.6/site-packages/airflow/example_dags/example_latest_only_with_trigger.py
[2021-03-12 00:02:13,084] {scheduler_job.py:629} INFO - Processing file /home/airflow/.local/lib/python3.6/site-packages/airflow/example_dags/example_latest_only_with_trigger.py for tasks to queue
[2021-03-12 00:02:13,086] {logging_mixin.py:104} INFO - [2021-03-12 00:02:13,086] {dagbag.py:448} INFO - Filling up the DagBag from /home/airflow/.local/lib/python3.6/site-packages/airflow/example_dags/example_latest_only_with_trigger.py
[2021-03-12 00:02:13,103] {scheduler_job.py:639} INFO - DAG(s) dict_keys(['latest_only_with_trigger']) retrieved from /home/airflow/.local/lib/python3.6/site-packages/airflow/example_dags/example_latest_only_with_trigger.py
[2021-03-12 00:02:13,130] {logging_mixin.py:104} INFO - [2021-03-12 00:02:13,129] {dag.py:1818} INFO - Sync 1 DAGs
[2021-03-12 00:02:13,148] {logging_mixin.py:104} INFO - [2021-03-12 00:02:13,148] {dag.py:2273} INFO - Setting next_dagrun for latest_only_with_trigger to 2021-03-10 00:00:00+00:00
[2021-03-12 00:02:13,158] {scheduler_job.py:190} INFO - Processing /home/airflow/.local/lib/python3.6/site-packages/airflow/example_dags/example_latest_only_with_trigger.py took 0.083 seconds
[2021-03-12 00:02:43,723] {scheduler_job.py:182} INFO - Started process (PID=2042) to work on /home/airflow/.local/lib/python3.6/site-packages/airflow/example_dags/example_latest_only_with_trigger.py
[2021-03-12 00:02:43,724] {scheduler_job.py:629} INFO - Processing file /home/airflow/.local/lib/python3.6/site-packages/airflow/example_dags/example_latest_only_with_trigger.py for tasks to queue
[2021-03-12 00:02:43,726] {logging_mixin.py:104} INFO - [2021-03-12 00:02:43,725] {dagbag.py:448} INFO - Filling up the DagBag from /home/airflow/.local/lib/python3.6/site-packages/airflow/example_dags/example_latest_only_with_trigger.py
[2021-03-12 00:02:43,737] {scheduler_job.py:639} INFO - DAG(s) dict_keys(['latest_only_with_trigger']) retrieved from /home/airflow/.local/lib/python3.6/site-packages/airflow/example_dags/example_latest_only_with_trigger.py
[2021-03-12 00:02:43,758] {logging_mixin.py:104} INFO - [2021-03-12 00:02:43,758] {dag.py:1818} INFO - Sync 1 DAGs
[2021-03-12 00:02:43,777] {logging_mixin.py:104} INFO - [2021-03-12 00:02:43,777] {dag.py:2273} INFO - Setting next_dagrun for latest_only_with_trigger to 2021-03-10 00:00:00+00:00
[2021-03-12 00:02:43,797] {scheduler_job.py:190} INFO - Processing /home/airflow/.local/lib/python3.6/site-packages/airflow/example_dags/example_latest_only_with_trigger.py took 0.078 seconds
[2021-03-12 00:03:14,495] {scheduler_job.py:182} INFO - Started process (PID=2069) to work on /home/airflow/.local/lib/python3.6/site-packages/airflow/example_dags/example_latest_only_with_trigger.py
[2021-03-12 00:03:14,498] {scheduler_job.py:629} INFO - Processing file /home/airflow/.local/lib/python3.6/site-packages/airflow/example_dags/example_latest_only_with_trigger.py for tasks to queue
[2021-03-12 00:03:14,499] {logging_mixin.py:104} INFO - [2021-03-12 00:03:14,499] {dagbag.py:448} INFO - Filling up the DagBag from /home/airflow/.local/lib/python3.6/site-packages/airflow/example_dags/example_latest_only_with_trigger.py
[2021-03-12 00:03:14,519] {scheduler_job.py:639} INFO - DAG(s) dict_keys(['latest_only_with_trigger']) retrieved from /home/airflow/.local/lib/python3.6/site-packages/airflow/example_dags/example_latest_only_with_trigger.py
[2021-03-12 00:03:14,553] {logging_mixin.py:104} INFO - [2021-03-12 00:03:14,552] {dag.py:1818} INFO - Sync 1 DAGs
[2021-03-12 00:03:14,585] {logging_mixin.py:104} INFO - [2021-03-12 00:03:14,585] {dag.py:2273} INFO - Setting next_dagrun for latest_only_with_trigger to 2021-03-10 00:00:00+00:00
[2021-03-12 00:03:14,600] {scheduler_job.py:190} INFO - Processing /home/airflow/.local/lib/python3.6/site-packages/airflow/example_dags/example_latest_only_with_trigger.py took 0.111 seconds
[2021-03-12 00:03:45,150] {scheduler_job.py:182} INFO - Started process (PID=2096) to work on /home/airflow/.local/lib/python3.6/site-packages/airflow/example_dags/example_latest_only_with_trigger.py
[2021-03-12 00:03:45,153] {scheduler_job.py:629} INFO - Processing file /home/airflow/.local/lib/python3.6/site-packages/airflow/example_dags/example_latest_only_with_trigger.py for tasks to queue
[2021-03-12 00:03:45,154] {logging_mixin.py:104} INFO - [2021-03-12 00:03:45,154] {dagbag.py:448} INFO - Filling up the DagBag from /home/airflow/.local/lib/python3.6/site-packages/airflow/example_dags/example_latest_only_with_trigger.py
[2021-03-12 00:03:45,171] {scheduler_job.py:639} INFO - DAG(s) dict_keys(['latest_only_with_trigger']) retrieved from /home/airflow/.local/lib/python3.6/site-packages/airflow/example_dags/example_latest_only_with_trigger.py
[2021-03-12 00:03:45,201] {logging_mixin.py:104} INFO - [2021-03-12 00:03:45,201] {dag.py:1818} INFO - Sync 1 DAGs
[2021-03-12 00:03:45,218] {logging_mixin.py:104} INFO - [2021-03-12 00:03:45,217] {dag.py:2273} INFO - Setting next_dagrun for latest_only_with_trigger to 2021-03-10 00:00:00+00:00
[2021-03-12 00:03:45,237] {scheduler_job.py:190} INFO - Processing /home/airflow/.local/lib/python3.6/site-packages/airflow/example_dags/example_latest_only_with_trigger.py took 0.090 seconds
[2021-03-12 00:04:15,769] {scheduler_job.py:182} INFO - Started process (PID=2123) to work on /home/airflow/.local/lib/python3.6/site-packages/airflow/example_dags/example_latest_only_with_trigger.py
[2021-03-12 00:04:15,773] {scheduler_job.py:629} INFO - Processing file /home/airflow/.local/lib/python3.6/site-packages/airflow/example_dags/example_latest_only_with_trigger.py for tasks to queue
[2021-03-12 00:04:15,776] {logging_mixin.py:104} INFO - [2021-03-12 00:04:15,775] {dagbag.py:448} INFO - Filling up the DagBag from /home/airflow/.local/lib/python3.6/site-packages/airflow/example_dags/example_latest_only_with_trigger.py
[2021-03-12 00:04:15,793] {scheduler_job.py:639} INFO - DAG(s) dict_keys(['latest_only_with_trigger']) retrieved from /home/airflow/.local/lib/python3.6/site-packages/airflow/example_dags/example_latest_only_with_trigger.py
[2021-03-12 00:04:15,817] {logging_mixin.py:104} INFO - [2021-03-12 00:04:15,817] {dag.py:1818} INFO - Sync 1 DAGs
[2021-03-12 00:04:15,840] {logging_mixin.py:104} INFO - [2021-03-12 00:04:15,840] {dag.py:2273} INFO - Setting next_dagrun for latest_only_with_trigger to 2021-03-10 00:00:00+00:00
[2021-03-12 00:04:15,850] {scheduler_job.py:190} INFO - Processing /home/airflow/.local/lib/python3.6/site-packages/airflow/example_dags/example_latest_only_with_trigger.py took 0.086 seconds
[2021-03-12 00:04:46,665] {scheduler_job.py:182} INFO - Started process (PID=2150) to work on /home/airflow/.local/lib/python3.6/site-packages/airflow/example_dags/example_latest_only_with_trigger.py
[2021-03-12 00:04:46,666] {scheduler_job.py:629} INFO - Processing file /home/airflow/.local/lib/python3.6/site-packages/airflow/example_dags/example_latest_only_with_trigger.py for tasks to queue
[2021-03-12 00:04:46,668] {logging_mixin.py:104} INFO - [2021-03-12 00:04:46,668] {dagbag.py:448} INFO - Filling up the DagBag from /home/airflow/.local/lib/python3.6/site-packages/airflow/example_dags/example_latest_only_with_trigger.py
[2021-03-12 00:04:46,683] {scheduler_job.py:639} INFO - DAG(s) dict_keys(['latest_only_with_trigger']) retrieved from /home/airflow/.local/lib/python3.6/site-packages/airflow/example_dags/example_latest_only_with_trigger.py
[2021-03-12 00:04:46,724] {logging_mixin.py:104} INFO - [2021-03-12 00:04:46,724] {dag.py:1818} INFO - Sync 1 DAGs
[2021-03-12 00:04:46,744] {logging_mixin.py:104} INFO - [2021-03-12 00:04:46,744] {dag.py:2273} INFO - Setting next_dagrun for latest_only_with_trigger to 2021-03-10 00:00:00+00:00
[2021-03-12 00:04:46,754] {scheduler_job.py:190} INFO - Processing /home/airflow/.local/lib/python3.6/site-packages/airflow/example_dags/example_latest_only_with_trigger.py took 0.093 seconds
[2021-03-12 00:05:17,376] {scheduler_job.py:182} INFO - Started process (PID=2177) to work on /home/airflow/.local/lib/python3.6/site-packages/airflow/example_dags/example_latest_only_with_trigger.py
[2021-03-12 00:05:17,379] {scheduler_job.py:629} INFO - Processing file /home/airflow/.local/lib/python3.6/site-packages/airflow/example_dags/example_latest_only_with_trigger.py for tasks to queue
[2021-03-12 00:05:17,381] {logging_mixin.py:104} INFO - [2021-03-12 00:05:17,381] {dagbag.py:448} INFO - Filling up the DagBag from /home/airflow/.local/lib/python3.6/site-packages/airflow/example_dags/example_latest_only_with_trigger.py
[2021-03-12 00:05:17,405] {scheduler_job.py:639} INFO - DAG(s) dict_keys(['latest_only_with_trigger']) retrieved from /home/airflow/.local/lib/python3.6/site-packages/airflow/example_dags/example_latest_only_with_trigger.py
[2021-03-12 00:05:17,442] {logging_mixin.py:104} INFO - [2021-03-12 00:05:17,442] {dag.py:1818} INFO - Sync 1 DAGs
[2021-03-12 00:05:17,462] {logging_mixin.py:104} INFO - [2021-03-12 00:05:17,462] {dag.py:2273} INFO - Setting next_dagrun for latest_only_with_trigger to 2021-03-10 00:00:00+00:00
[2021-03-12 00:05:17,475] {scheduler_job.py:190} INFO - Processing /home/airflow/.local/lib/python3.6/site-packages/airflow/example_dags/example_latest_only_with_trigger.py took 0.104 seconds
[2021-03-12 00:05:48,123] {scheduler_job.py:182} INFO - Started process (PID=2204) to work on /home/airflow/.local/lib/python3.6/site-packages/airflow/example_dags/example_latest_only_with_trigger.py
[2021-03-12 00:05:48,124] {scheduler_job.py:629} INFO - Processing file /home/airflow/.local/lib/python3.6/site-packages/airflow/example_dags/example_latest_only_with_trigger.py for tasks to queue
[2021-03-12 00:05:48,126] {logging_mixin.py:104} INFO - [2021-03-12 00:05:48,126] {dagbag.py:448} INFO - Filling up the DagBag from /home/airflow/.local/lib/python3.6/site-packages/airflow/example_dags/example_latest_only_with_trigger.py
[2021-03-12 00:05:48,140] {scheduler_job.py:639} INFO - DAG(s) dict_keys(['latest_only_with_trigger']) retrieved from /home/airflow/.local/lib/python3.6/site-packages/airflow/example_dags/example_latest_only_with_trigger.py
[2021-03-12 00:05:48,172] {logging_mixin.py:104} INFO - [2021-03-12 00:05:48,172] {dag.py:1818} INFO - Sync 1 DAGs
[2021-03-12 00:05:48,189] {logging_mixin.py:104} INFO - [2021-03-12 00:05:48,189] {dag.py:2273} INFO - Setting next_dagrun for latest_only_with_trigger to 2021-03-10 00:00:00+00:00
[2021-03-12 00:05:48,198] {scheduler_job.py:190} INFO - Processing /home/airflow/.local/lib/python3.6/site-packages/airflow/example_dags/example_latest_only_with_trigger.py took 0.080 seconds
[2021-03-12 00:06:19,056] {scheduler_job.py:182} INFO - Started process (PID=2231) to work on /home/airflow/.local/lib/python3.6/site-packages/airflow/example_dags/example_latest_only_with_trigger.py
[2021-03-12 00:06:19,057] {scheduler_job.py:629} INFO - Processing file /home/airflow/.local/lib/python3.6/site-packages/airflow/example_dags/example_latest_only_with_trigger.py for tasks to queue
[2021-03-12 00:06:19,059] {logging_mixin.py:104} INFO - [2021-03-12 00:06:19,059] {dagbag.py:448} INFO - Filling up the DagBag from /home/airflow/.local/lib/python3.6/site-packages/airflow/example_dags/example_latest_only_with_trigger.py
[2021-03-12 00:06:19,076] {scheduler_job.py:639} INFO - DAG(s) dict_keys(['latest_only_with_trigger']) retrieved from /home/airflow/.local/lib/python3.6/site-packages/airflow/example_dags/example_latest_only_with_trigger.py
[2021-03-12 00:06:19,103] {logging_mixin.py:104} INFO - [2021-03-12 00:06:19,102] {dag.py:1818} INFO - Sync 1 DAGs
[2021-03-12 00:06:19,118] {logging_mixin.py:104} INFO - [2021-03-12 00:06:19,118] {dag.py:2273} INFO - Setting next_dagrun for latest_only_with_trigger to 2021-03-10 00:00:00+00:00
[2021-03-12 00:06:19,126] {scheduler_job.py:190} INFO - Processing /home/airflow/.local/lib/python3.6/site-packages/airflow/example_dags/example_latest_only_with_trigger.py took 0.074 seconds
[2021-03-12 00:06:49,808] {scheduler_job.py:182} INFO - Started process (PID=2258) to work on /home/airflow/.local/lib/python3.6/site-packages/airflow/example_dags/example_latest_only_with_trigger.py
[2021-03-12 00:06:49,810] {scheduler_job.py:629} INFO - Processing file /home/airflow/.local/lib/python3.6/site-packages/airflow/example_dags/example_latest_only_with_trigger.py for tasks to queue
[2021-03-12 00:06:49,812] {logging_mixin.py:104} INFO - [2021-03-12 00:06:49,812] {dagbag.py:448} INFO - Filling up the DagBag from /home/airflow/.local/lib/python3.6/site-packages/airflow/example_dags/example_latest_only_with_trigger.py
[2021-03-12 00:06:49,827] {scheduler_job.py:639} INFO - DAG(s) dict_keys(['latest_only_with_trigger']) retrieved from /home/airflow/.local/lib/python3.6/site-packages/airflow/example_dags/example_latest_only_with_trigger.py
[2021-03-12 00:06:49,852] {logging_mixin.py:104} INFO - [2021-03-12 00:06:49,852] {dag.py:1818} INFO - Sync 1 DAGs
[2021-03-12 00:06:49,868] {logging_mixin.py:104} INFO - [2021-03-12 00:06:49,868] {dag.py:2273} INFO - Setting next_dagrun for latest_only_with_trigger to 2021-03-10 00:00:00+00:00
[2021-03-12 00:06:49,880] {scheduler_job.py:190} INFO - Processing /home/airflow/.local/lib/python3.6/site-packages/airflow/example_dags/example_latest_only_with_trigger.py took 0.077 seconds
[2021-03-12 00:07:20,564] {scheduler_job.py:182} INFO - Started process (PID=2285) to work on /home/airflow/.local/lib/python3.6/site-packages/airflow/example_dags/example_latest_only_with_trigger.py
[2021-03-12 00:07:20,566] {scheduler_job.py:629} INFO - Processing file /home/airflow/.local/lib/python3.6/site-packages/airflow/example_dags/example_latest_only_with_trigger.py for tasks to queue
[2021-03-12 00:07:20,568] {logging_mixin.py:104} INFO - [2021-03-12 00:07:20,567] {dagbag.py:448} INFO - Filling up the DagBag from /home/airflow/.local/lib/python3.6/site-packages/airflow/example_dags/example_latest_only_with_trigger.py
[2021-03-12 00:07:20,592] {scheduler_job.py:639} INFO - DAG(s) dict_keys(['latest_only_with_trigger']) retrieved from /home/airflow/.local/lib/python3.6/site-packages/airflow/example_dags/example_latest_only_with_trigger.py
[2021-03-12 00:07:20,620] {logging_mixin.py:104} INFO - [2021-03-12 00:07:20,620] {dag.py:1818} INFO - Sync 1 DAGs
[2021-03-12 00:07:20,638] {logging_mixin.py:104} INFO - [2021-03-12 00:07:20,638] {dag.py:2273} INFO - Setting next_dagrun for latest_only_with_trigger to 2021-03-10 00:00:00+00:00
[2021-03-12 00:07:20,647] {scheduler_job.py:190} INFO - Processing /home/airflow/.local/lib/python3.6/site-packages/airflow/example_dags/example_latest_only_with_trigger.py took 0.097 seconds
[2021-03-12 00:07:51,410] {scheduler_job.py:182} INFO - Started process (PID=2312) to work on /home/airflow/.local/lib/python3.6/site-packages/airflow/example_dags/example_latest_only_with_trigger.py
[2021-03-12 00:07:51,412] {scheduler_job.py:629} INFO - Processing file /home/airflow/.local/lib/python3.6/site-packages/airflow/example_dags/example_latest_only_with_trigger.py for tasks to queue
[2021-03-12 00:07:51,413] {logging_mixin.py:104} INFO - [2021-03-12 00:07:51,413] {dagbag.py:448} INFO - Filling up the DagBag from /home/airflow/.local/lib/python3.6/site-packages/airflow/example_dags/example_latest_only_with_trigger.py
[2021-03-12 00:07:51,424] {scheduler_job.py:639} INFO - DAG(s) dict_keys(['latest_only_with_trigger']) retrieved from /home/airflow/.local/lib/python3.6/site-packages/airflow/example_dags/example_latest_only_with_trigger.py
[2021-03-12 00:07:51,446] {logging_mixin.py:104} INFO - [2021-03-12 00:07:51,446] {dag.py:1818} INFO - Sync 1 DAGs
[2021-03-12 00:07:51,466] {logging_mixin.py:104} INFO - [2021-03-12 00:07:51,465] {dag.py:2273} INFO - Setting next_dagrun for latest_only_with_trigger to 2021-03-10 00:00:00+00:00
[2021-03-12 00:07:51,477] {scheduler_job.py:190} INFO - Processing /home/airflow/.local/lib/python3.6/site-packages/airflow/example_dags/example_latest_only_with_trigger.py took 0.070 seconds
[2021-03-12 00:08:22,021] {scheduler_job.py:182} INFO - Started process (PID=2339) to work on /home/airflow/.local/lib/python3.6/site-packages/airflow/example_dags/example_latest_only_with_trigger.py
[2021-03-12 00:08:22,022] {scheduler_job.py:629} INFO - Processing file /home/airflow/.local/lib/python3.6/site-packages/airflow/example_dags/example_latest_only_with_trigger.py for tasks to queue
[2021-03-12 00:08:22,024] {logging_mixin.py:104} INFO - [2021-03-12 00:08:22,024] {dagbag.py:448} INFO - Filling up the DagBag from /home/airflow/.local/lib/python3.6/site-packages/airflow/example_dags/example_latest_only_with_trigger.py
[2021-03-12 00:08:22,038] {scheduler_job.py:639} INFO - DAG(s) dict_keys(['latest_only_with_trigger']) retrieved from /home/airflow/.local/lib/python3.6/site-packages/airflow/example_dags/example_latest_only_with_trigger.py
[2021-03-12 00:08:22,062] {logging_mixin.py:104} INFO - [2021-03-12 00:08:22,062] {dag.py:1818} INFO - Sync 1 DAGs
[2021-03-12 00:08:22,082] {logging_mixin.py:104} INFO - [2021-03-12 00:08:22,082] {dag.py:2273} INFO - Setting next_dagrun for latest_only_with_trigger to 2021-03-10 00:00:00+00:00
[2021-03-12 00:08:22,096] {scheduler_job.py:190} INFO - Processing /home/airflow/.local/lib/python3.6/site-packages/airflow/example_dags/example_latest_only_with_trigger.py took 0.080 seconds
[2021-03-12 00:08:52,718] {scheduler_job.py:182} INFO - Started process (PID=2366) to work on /home/airflow/.local/lib/python3.6/site-packages/airflow/example_dags/example_latest_only_with_trigger.py
[2021-03-12 00:08:52,724] {scheduler_job.py:629} INFO - Processing file /home/airflow/.local/lib/python3.6/site-packages/airflow/example_dags/example_latest_only_with_trigger.py for tasks to queue
[2021-03-12 00:08:52,726] {logging_mixin.py:104} INFO - [2021-03-12 00:08:52,726] {dagbag.py:448} INFO - Filling up the DagBag from /home/airflow/.local/lib/python3.6/site-packages/airflow/example_dags/example_latest_only_with_trigger.py
[2021-03-12 00:08:52,741] {scheduler_job.py:639} INFO - DAG(s) dict_keys(['latest_only_with_trigger']) retrieved from /home/airflow/.local/lib/python3.6/site-packages/airflow/example_dags/example_latest_only_with_trigger.py
[2021-03-12 00:08:52,764] {logging_mixin.py:104} INFO - [2021-03-12 00:08:52,764] {dag.py:1818} INFO - Sync 1 DAGs
[2021-03-12 00:08:52,782] {logging_mixin.py:104} INFO - [2021-03-12 00:08:52,781] {dag.py:2273} INFO - Setting next_dagrun for latest_only_with_trigger to 2021-03-10 00:00:00+00:00
[2021-03-12 00:08:52,793] {scheduler_job.py:190} INFO - Processing /home/airflow/.local/lib/python3.6/site-packages/airflow/example_dags/example_latest_only_with_trigger.py took 0.085 seconds
[2021-03-12 00:09:23,292] {scheduler_job.py:182} INFO - Started process (PID=2393) to work on /home/airflow/.local/lib/python3.6/site-packages/airflow/example_dags/example_latest_only_with_trigger.py
[2021-03-12 00:09:23,294] {scheduler_job.py:629} INFO - Processing file /home/airflow/.local/lib/python3.6/site-packages/airflow/example_dags/example_latest_only_with_trigger.py for tasks to queue
[2021-03-12 00:09:23,296] {logging_mixin.py:104} INFO - [2021-03-12 00:09:23,296] {dagbag.py:448} INFO - Filling up the DagBag from /home/airflow/.local/lib/python3.6/site-packages/airflow/example_dags/example_latest_only_with_trigger.py
[2021-03-12 00:09:23,309] {scheduler_job.py:639} INFO - DAG(s) dict_keys(['latest_only_with_trigger']) retrieved from /home/airflow/.local/lib/python3.6/site-packages/airflow/example_dags/example_latest_only_with_trigger.py
[2021-03-12 00:09:23,330] {logging_mixin.py:104} INFO - [2021-03-12 00:09:23,330] {dag.py:1818} INFO - Sync 1 DAGs
[2021-03-12 00:09:23,347] {logging_mixin.py:104} INFO - [2021-03-12 00:09:23,347] {dag.py:2273} INFO - Setting next_dagrun for latest_only_with_trigger to 2021-03-10 00:00:00+00:00
[2021-03-12 00:09:23,359] {scheduler_job.py:190} INFO - Processing /home/airflow/.local/lib/python3.6/site-packages/airflow/example_dags/example_latest_only_with_trigger.py took 0.071 seconds
[2021-03-12 00:09:54,165] {scheduler_job.py:182} INFO - Started process (PID=2420) to work on /home/airflow/.local/lib/python3.6/site-packages/airflow/example_dags/example_latest_only_with_trigger.py
[2021-03-12 00:09:54,167] {scheduler_job.py:629} INFO - Processing file /home/airflow/.local/lib/python3.6/site-packages/airflow/example_dags/example_latest_only_with_trigger.py for tasks to queue
[2021-03-12 00:09:54,168] {logging_mixin.py:104} INFO - [2021-03-12 00:09:54,168] {dagbag.py:448} INFO - Filling up the DagBag from /home/airflow/.local/lib/python3.6/site-packages/airflow/example_dags/example_latest_only_with_trigger.py
[2021-03-12 00:09:54,179] {scheduler_job.py:639} INFO - DAG(s) dict_keys(['latest_only_with_trigger']) retrieved from /home/airflow/.local/lib/python3.6/site-packages/airflow/example_dags/example_latest_only_with_trigger.py
[2021-03-12 00:09:54,201] {logging_mixin.py:104} INFO - [2021-03-12 00:09:54,201] {dag.py:1818} INFO - Sync 1 DAGs
[2021-03-12 00:09:54,217] {logging_mixin.py:104} INFO - [2021-03-12 00:09:54,217] {dag.py:2273} INFO - Setting next_dagrun for latest_only_with_trigger to 2021-03-10 00:00:00+00:00
[2021-03-12 00:09:54,228] {scheduler_job.py:190} INFO - Processing /home/airflow/.local/lib/python3.6/site-packages/airflow/example_dags/example_latest_only_with_trigger.py took 0.066 seconds
[2021-03-12 00:10:25,065] {scheduler_job.py:182} INFO - Started process (PID=2447) to work on /home/airflow/.local/lib/python3.6/site-packages/airflow/example_dags/example_latest_only_with_trigger.py
[2021-03-12 00:10:25,067] {scheduler_job.py:629} INFO - Processing file /home/airflow/.local/lib/python3.6/site-packages/airflow/example_dags/example_latest_only_with_trigger.py for tasks to queue
[2021-03-12 00:10:25,069] {logging_mixin.py:104} INFO - [2021-03-12 00:10:25,069] {dagbag.py:448} INFO - Filling up the DagBag from /home/airflow/.local/lib/python3.6/site-packages/airflow/example_dags/example_latest_only_with_trigger.py
[2021-03-12 00:10:25,091] {scheduler_job.py:639} INFO - DAG(s) dict_keys(['latest_only_with_trigger']) retrieved from /home/airflow/.local/lib/python3.6/site-packages/airflow/example_dags/example_latest_only_with_trigger.py
[2021-03-12 00:10:25,123] {logging_mixin.py:104} INFO - [2021-03-12 00:10:25,123] {dag.py:1818} INFO - Sync 1 DAGs
[2021-03-12 00:10:25,140] {logging_mixin.py:104} INFO - [2021-03-12 00:10:25,140] {dag.py:2273} INFO - Setting next_dagrun for latest_only_with_trigger to 2021-03-10 00:00:00+00:00
[2021-03-12 00:10:25,150] {scheduler_job.py:190} INFO - Processing /home/airflow/.local/lib/python3.6/site-packages/airflow/example_dags/example_latest_only_with_trigger.py took 0.089 seconds
[2021-03-12 00:10:55,578] {scheduler_job.py:182} INFO - Started process (PID=2474) to work on /home/airflow/.local/lib/python3.6/site-packages/airflow/example_dags/example_latest_only_with_trigger.py
[2021-03-12 00:10:55,579] {scheduler_job.py:629} INFO - Processing file /home/airflow/.local/lib/python3.6/site-packages/airflow/example_dags/example_latest_only_with_trigger.py for tasks to queue
[2021-03-12 00:10:55,581] {logging_mixin.py:104} INFO - [2021-03-12 00:10:55,580] {dagbag.py:448} INFO - Filling up the DagBag from /home/airflow/.local/lib/python3.6/site-packages/airflow/example_dags/example_latest_only_with_trigger.py
[2021-03-12 00:10:55,592] {scheduler_job.py:639} INFO - DAG(s) dict_keys(['latest_only_with_trigger']) retrieved from /home/airflow/.local/lib/python3.6/site-packages/airflow/example_dags/example_latest_only_with_trigger.py
[2021-03-12 00:10:55,617] {logging_mixin.py:104} INFO - [2021-03-12 00:10:55,617] {dag.py:1818} INFO - Sync 1 DAGs
[2021-03-12 00:10:55,635] {logging_mixin.py:104} INFO - [2021-03-12 00:10:55,635] {dag.py:2273} INFO - Setting next_dagrun for latest_only_with_trigger to 2021-03-10 00:00:00+00:00
[2021-03-12 00:10:55,644] {scheduler_job.py:190} INFO - Processing /home/airflow/.local/lib/python3.6/site-packages/airflow/example_dags/example_latest_only_with_trigger.py took 0.070 seconds
[2021-03-12 00:11:26,400] {scheduler_job.py:182} INFO - Started process (PID=2501) to work on /home/airflow/.local/lib/python3.6/site-packages/airflow/example_dags/example_latest_only_with_trigger.py
[2021-03-12 00:11:26,410] {scheduler_job.py:629} INFO - Processing file /home/airflow/.local/lib/python3.6/site-packages/airflow/example_dags/example_latest_only_with_trigger.py for tasks to queue
[2021-03-12 00:11:26,416] {logging_mixin.py:104} INFO - [2021-03-12 00:11:26,416] {dagbag.py:448} INFO - Filling up the DagBag from /home/airflow/.local/lib/python3.6/site-packages/airflow/example_dags/example_latest_only_with_trigger.py
[2021-03-12 00:11:26,464] {scheduler_job.py:639} INFO - DAG(s) dict_keys(['latest_only_with_trigger']) retrieved from /home/airflow/.local/lib/python3.6/site-packages/airflow/example_dags/example_latest_only_with_trigger.py
[2021-03-12 00:11:26,541] {logging_mixin.py:104} INFO - [2021-03-12 00:11:26,541] {dag.py:1818} INFO - Sync 1 DAGs
[2021-03-12 00:11:26,573] {logging_mixin.py:104} INFO - [2021-03-12 00:11:26,573] {dag.py:2273} INFO - Setting next_dagrun for latest_only_with_trigger to 2021-03-10 00:00:00+00:00
[2021-03-12 00:11:26,586] {scheduler_job.py:190} INFO - Processing /home/airflow/.local/lib/python3.6/site-packages/airflow/example_dags/example_latest_only_with_trigger.py took 0.194 seconds
[2021-03-12 00:41:08,093] {scheduler_job.py:182} INFO - Started process (PID=47) to work on /home/airflow/.local/lib/python3.6/site-packages/airflow/example_dags/example_latest_only_with_trigger.py
[2021-03-12 00:41:08,097] {scheduler_job.py:629} INFO - Processing file /home/airflow/.local/lib/python3.6/site-packages/airflow/example_dags/example_latest_only_with_trigger.py for tasks to queue
[2021-03-12 00:41:08,100] {logging_mixin.py:104} INFO - [2021-03-12 00:41:08,100] {dagbag.py:448} INFO - Filling up the DagBag from /home/airflow/.local/lib/python3.6/site-packages/airflow/example_dags/example_latest_only_with_trigger.py
[2021-03-12 00:41:08,133] {scheduler_job.py:639} INFO - DAG(s) dict_keys(['latest_only_with_trigger']) retrieved from /home/airflow/.local/lib/python3.6/site-packages/airflow/example_dags/example_latest_only_with_trigger.py
[2021-03-12 00:41:08,195] {logging_mixin.py:104} INFO - [2021-03-12 00:41:08,195] {dag.py:1818} INFO - Sync 1 DAGs
[2021-03-12 00:41:08,236] {logging_mixin.py:104} INFO - [2021-03-12 00:41:08,236] {dag.py:2273} INFO - Setting next_dagrun for latest_only_with_trigger to 2021-03-10 00:00:00+00:00
[2021-03-12 00:41:08,274] {scheduler_job.py:190} INFO - Processing /home/airflow/.local/lib/python3.6/site-packages/airflow/example_dags/example_latest_only_with_trigger.py took 0.188 seconds
[2021-03-12 00:41:39,111] {scheduler_job.py:182} INFO - Started process (PID=74) to work on /home/airflow/.local/lib/python3.6/site-packages/airflow/example_dags/example_latest_only_with_trigger.py
[2021-03-12 00:41:39,113] {scheduler_job.py:629} INFO - Processing file /home/airflow/.local/lib/python3.6/site-packages/airflow/example_dags/example_latest_only_with_trigger.py for tasks to queue
[2021-03-12 00:41:39,114] {logging_mixin.py:104} INFO - [2021-03-12 00:41:39,114] {dagbag.py:448} INFO - Filling up the DagBag from /home/airflow/.local/lib/python3.6/site-packages/airflow/example_dags/example_latest_only_with_trigger.py
[2021-03-12 00:41:39,126] {scheduler_job.py:639} INFO - DAG(s) dict_keys(['latest_only_with_trigger']) retrieved from /home/airflow/.local/lib/python3.6/site-packages/airflow/example_dags/example_latest_only_with_trigger.py
[2021-03-12 00:41:39,147] {logging_mixin.py:104} INFO - [2021-03-12 00:41:39,147] {dag.py:1818} INFO - Sync 1 DAGs
[2021-03-12 00:41:39,167] {logging_mixin.py:104} INFO - [2021-03-12 00:41:39,167] {dag.py:2273} INFO - Setting next_dagrun for latest_only_with_trigger to 2021-03-10 00:00:00+00:00
[2021-03-12 00:41:39,177] {scheduler_job.py:190} INFO - Processing /home/airflow/.local/lib/python3.6/site-packages/airflow/example_dags/example_latest_only_with_trigger.py took 0.070 seconds
[2021-03-12 00:42:09,788] {scheduler_job.py:182} INFO - Started process (PID=101) to work on /home/airflow/.local/lib/python3.6/site-packages/airflow/example_dags/example_latest_only_with_trigger.py
[2021-03-12 00:42:09,791] {scheduler_job.py:629} INFO - Processing file /home/airflow/.local/lib/python3.6/site-packages/airflow/example_dags/example_latest_only_with_trigger.py for tasks to queue
[2021-03-12 00:42:09,792] {logging_mixin.py:104} INFO - [2021-03-12 00:42:09,792] {dagbag.py:448} INFO - Filling up the DagBag from /home/airflow/.local/lib/python3.6/site-packages/airflow/example_dags/example_latest_only_with_trigger.py
[2021-03-12 00:42:09,805] {scheduler_job.py:639} INFO - DAG(s) dict_keys(['latest_only_with_trigger']) retrieved from /home/airflow/.local/lib/python3.6/site-packages/airflow/example_dags/example_latest_only_with_trigger.py
[2021-03-12 00:42:09,833] {logging_mixin.py:104} INFO - [2021-03-12 00:42:09,833] {dag.py:1818} INFO - Sync 1 DAGs
[2021-03-12 00:42:09,854] {logging_mixin.py:104} INFO - [2021-03-12 00:42:09,853] {dag.py:2273} INFO - Setting next_dagrun for latest_only_with_trigger to 2021-03-10 00:00:00+00:00
[2021-03-12 00:42:09,866] {scheduler_job.py:190} INFO - Processing /home/airflow/.local/lib/python3.6/site-packages/airflow/example_dags/example_latest_only_with_trigger.py took 0.083 seconds
[2021-03-12 00:42:40,648] {scheduler_job.py:182} INFO - Started process (PID=128) to work on /home/airflow/.local/lib/python3.6/site-packages/airflow/example_dags/example_latest_only_with_trigger.py
[2021-03-12 00:42:40,657] {scheduler_job.py:629} INFO - Processing file /home/airflow/.local/lib/python3.6/site-packages/airflow/example_dags/example_latest_only_with_trigger.py for tasks to queue
[2021-03-12 00:42:40,660] {logging_mixin.py:104} INFO - [2021-03-12 00:42:40,660] {dagbag.py:448} INFO - Filling up the DagBag from /home/airflow/.local/lib/python3.6/site-packages/airflow/example_dags/example_latest_only_with_trigger.py
[2021-03-12 00:42:40,678] {scheduler_job.py:639} INFO - DAG(s) dict_keys(['latest_only_with_trigger']) retrieved from /home/airflow/.local/lib/python3.6/site-packages/airflow/example_dags/example_latest_only_with_trigger.py
[2021-03-12 00:42:40,712] {logging_mixin.py:104} INFO - [2021-03-12 00:42:40,711] {dag.py:1818} INFO - Sync 1 DAGs
[2021-03-12 00:42:40,731] {logging_mixin.py:104} INFO - [2021-03-12 00:42:40,731] {dag.py:2273} INFO - Setting next_dagrun for latest_only_with_trigger to 2021-03-10 00:00:00+00:00
[2021-03-12 00:42:40,741] {scheduler_job.py:190} INFO - Processing /home/airflow/.local/lib/python3.6/site-packages/airflow/example_dags/example_latest_only_with_trigger.py took 0.097 seconds
[2021-03-12 00:43:11,666] {scheduler_job.py:182} INFO - Started process (PID=155) to work on /home/airflow/.local/lib/python3.6/site-packages/airflow/example_dags/example_latest_only_with_trigger.py
[2021-03-12 00:43:11,669] {scheduler_job.py:629} INFO - Processing file /home/airflow/.local/lib/python3.6/site-packages/airflow/example_dags/example_latest_only_with_trigger.py for tasks to queue
[2021-03-12 00:43:11,672] {logging_mixin.py:104} INFO - [2021-03-12 00:43:11,671] {dagbag.py:448} INFO - Filling up the DagBag from /home/airflow/.local/lib/python3.6/site-packages/airflow/example_dags/example_latest_only_with_trigger.py
[2021-03-12 00:43:11,696] {scheduler_job.py:639} INFO - DAG(s) dict_keys(['latest_only_with_trigger']) retrieved from /home/airflow/.local/lib/python3.6/site-packages/airflow/example_dags/example_latest_only_with_trigger.py
[2021-03-12 00:43:11,730] {logging_mixin.py:104} INFO - [2021-03-12 00:43:11,730] {dag.py:1818} INFO - Sync 1 DAGs
[2021-03-12 00:43:11,760] {logging_mixin.py:104} INFO - [2021-03-12 00:43:11,760] {dag.py:2273} INFO - Setting next_dagrun for latest_only_with_trigger to 2021-03-10 00:00:00+00:00
[2021-03-12 00:43:11,774] {scheduler_job.py:190} INFO - Processing /home/airflow/.local/lib/python3.6/site-packages/airflow/example_dags/example_latest_only_with_trigger.py took 0.122 seconds
