[2021-03-12 00:00:15,188] {scheduler_job.py:182} INFO - Started process (PID=1918) to work on /home/airflow/.local/lib/python3.6/site-packages/airflow/example_dags/example_subdag_operator.py
[2021-03-12 00:00:15,190] {scheduler_job.py:629} INFO - Processing file /home/airflow/.local/lib/python3.6/site-packages/airflow/example_dags/example_subdag_operator.py for tasks to queue
[2021-03-12 00:00:15,192] {logging_mixin.py:104} INFO - [2021-03-12 00:00:15,192] {dagbag.py:448} INFO - Filling up the DagBag from /home/airflow/.local/lib/python3.6/site-packages/airflow/example_dags/example_subdag_operator.py
[2021-03-12 00:00:15,233] {scheduler_job.py:639} INFO - DAG(s) dict_keys(['example_subdag_operator.section-1', 'example_subdag_operator.section-2', 'example_subdag_operator']) retrieved from /home/airflow/.local/lib/python3.6/site-packages/airflow/example_dags/example_subdag_operator.py
[2021-03-12 00:00:15,247] {logging_mixin.py:104} INFO - [2021-03-12 00:00:15,247] {dag.py:1818} INFO - Sync 3 DAGs
[2021-03-12 00:00:15,263] {logging_mixin.py:104} INFO - [2021-03-12 00:00:15,263] {dag.py:2273} INFO - Setting next_dagrun for example_subdag_operator to 2021-03-10 00:00:00+00:00
[2021-03-12 00:00:15,265] {logging_mixin.py:104} INFO - [2021-03-12 00:00:15,265] {dag.py:2273} INFO - Setting next_dagrun for example_subdag_operator.section-1 to None
[2021-03-12 00:00:15,266] {logging_mixin.py:104} INFO - [2021-03-12 00:00:15,266] {dag.py:2273} INFO - Setting next_dagrun for example_subdag_operator.section-2 to None
[2021-03-12 00:00:15,275] {logging_mixin.py:104} INFO - [2021-03-12 00:00:15,275] {dag.py:1818} INFO - Sync 2 DAGs
[2021-03-12 00:00:15,281] {logging_mixin.py:104} INFO - [2021-03-12 00:00:15,281] {dag.py:2273} INFO - Setting next_dagrun for example_subdag_operator.section-1 to None
[2021-03-12 00:00:15,282] {logging_mixin.py:104} INFO - [2021-03-12 00:00:15,282] {dag.py:2273} INFO - Setting next_dagrun for example_subdag_operator.section-2 to None
[2021-03-12 00:00:15,287] {scheduler_job.py:190} INFO - Processing /home/airflow/.local/lib/python3.6/site-packages/airflow/example_dags/example_subdag_operator.py took 0.104 seconds
[2021-03-12 00:00:45,848] {scheduler_job.py:182} INFO - Started process (PID=1945) to work on /home/airflow/.local/lib/python3.6/site-packages/airflow/example_dags/example_subdag_operator.py
[2021-03-12 00:00:45,849] {scheduler_job.py:629} INFO - Processing file /home/airflow/.local/lib/python3.6/site-packages/airflow/example_dags/example_subdag_operator.py for tasks to queue
[2021-03-12 00:00:45,851] {logging_mixin.py:104} INFO - [2021-03-12 00:00:45,851] {dagbag.py:448} INFO - Filling up the DagBag from /home/airflow/.local/lib/python3.6/site-packages/airflow/example_dags/example_subdag_operator.py
[2021-03-12 00:00:45,880] {scheduler_job.py:639} INFO - DAG(s) dict_keys(['example_subdag_operator.section-1', 'example_subdag_operator.section-2', 'example_subdag_operator']) retrieved from /home/airflow/.local/lib/python3.6/site-packages/airflow/example_dags/example_subdag_operator.py
[2021-03-12 00:00:45,892] {logging_mixin.py:104} INFO - [2021-03-12 00:00:45,892] {dag.py:1818} INFO - Sync 3 DAGs
[2021-03-12 00:00:45,910] {logging_mixin.py:104} INFO - [2021-03-12 00:00:45,910] {dag.py:2273} INFO - Setting next_dagrun for example_subdag_operator to 2021-03-10 00:00:00+00:00
[2021-03-12 00:00:45,912] {logging_mixin.py:104} INFO - [2021-03-12 00:00:45,912] {dag.py:2273} INFO - Setting next_dagrun for example_subdag_operator.section-1 to None
[2021-03-12 00:00:45,912] {logging_mixin.py:104} INFO - [2021-03-12 00:00:45,912] {dag.py:2273} INFO - Setting next_dagrun for example_subdag_operator.section-2 to None
[2021-03-12 00:00:45,919] {logging_mixin.py:104} INFO - [2021-03-12 00:00:45,919] {dag.py:1818} INFO - Sync 2 DAGs
[2021-03-12 00:00:45,925] {logging_mixin.py:104} INFO - [2021-03-12 00:00:45,925] {dag.py:2273} INFO - Setting next_dagrun for example_subdag_operator.section-1 to None
[2021-03-12 00:00:45,926] {logging_mixin.py:104} INFO - [2021-03-12 00:00:45,926] {dag.py:2273} INFO - Setting next_dagrun for example_subdag_operator.section-2 to None
[2021-03-12 00:00:45,931] {scheduler_job.py:190} INFO - Processing /home/airflow/.local/lib/python3.6/site-packages/airflow/example_dags/example_subdag_operator.py took 0.087 seconds
[2021-03-12 00:01:16,472] {scheduler_job.py:182} INFO - Started process (PID=1972) to work on /home/airflow/.local/lib/python3.6/site-packages/airflow/example_dags/example_subdag_operator.py
[2021-03-12 00:01:16,474] {scheduler_job.py:629} INFO - Processing file /home/airflow/.local/lib/python3.6/site-packages/airflow/example_dags/example_subdag_operator.py for tasks to queue
[2021-03-12 00:01:16,476] {logging_mixin.py:104} INFO - [2021-03-12 00:01:16,476] {dagbag.py:448} INFO - Filling up the DagBag from /home/airflow/.local/lib/python3.6/site-packages/airflow/example_dags/example_subdag_operator.py
[2021-03-12 00:01:16,525] {scheduler_job.py:639} INFO - DAG(s) dict_keys(['example_subdag_operator.section-1', 'example_subdag_operator.section-2', 'example_subdag_operator']) retrieved from /home/airflow/.local/lib/python3.6/site-packages/airflow/example_dags/example_subdag_operator.py
[2021-03-12 00:01:16,542] {logging_mixin.py:104} INFO - [2021-03-12 00:01:16,541] {dag.py:1818} INFO - Sync 3 DAGs
[2021-03-12 00:01:16,558] {logging_mixin.py:104} INFO - [2021-03-12 00:01:16,558] {dag.py:2273} INFO - Setting next_dagrun for example_subdag_operator to 2021-03-10 00:00:00+00:00
[2021-03-12 00:01:16,559] {logging_mixin.py:104} INFO - [2021-03-12 00:01:16,559] {dag.py:2273} INFO - Setting next_dagrun for example_subdag_operator.section-1 to None
[2021-03-12 00:01:16,560] {logging_mixin.py:104} INFO - [2021-03-12 00:01:16,560] {dag.py:2273} INFO - Setting next_dagrun for example_subdag_operator.section-2 to None
[2021-03-12 00:01:16,565] {logging_mixin.py:104} INFO - [2021-03-12 00:01:16,565] {dag.py:1818} INFO - Sync 2 DAGs
[2021-03-12 00:01:16,572] {logging_mixin.py:104} INFO - [2021-03-12 00:01:16,571] {dag.py:2273} INFO - Setting next_dagrun for example_subdag_operator.section-1 to None
[2021-03-12 00:01:16,572] {logging_mixin.py:104} INFO - [2021-03-12 00:01:16,572] {dag.py:2273} INFO - Setting next_dagrun for example_subdag_operator.section-2 to None
[2021-03-12 00:01:16,577] {scheduler_job.py:190} INFO - Processing /home/airflow/.local/lib/python3.6/site-packages/airflow/example_dags/example_subdag_operator.py took 0.109 seconds
[2021-03-12 00:01:47,148] {scheduler_job.py:182} INFO - Started process (PID=1999) to work on /home/airflow/.local/lib/python3.6/site-packages/airflow/example_dags/example_subdag_operator.py
[2021-03-12 00:01:47,150] {scheduler_job.py:629} INFO - Processing file /home/airflow/.local/lib/python3.6/site-packages/airflow/example_dags/example_subdag_operator.py for tasks to queue
[2021-03-12 00:01:47,155] {logging_mixin.py:104} INFO - [2021-03-12 00:01:47,154] {dagbag.py:448} INFO - Filling up the DagBag from /home/airflow/.local/lib/python3.6/site-packages/airflow/example_dags/example_subdag_operator.py
[2021-03-12 00:01:47,190] {scheduler_job.py:639} INFO - DAG(s) dict_keys(['example_subdag_operator.section-1', 'example_subdag_operator.section-2', 'example_subdag_operator']) retrieved from /home/airflow/.local/lib/python3.6/site-packages/airflow/example_dags/example_subdag_operator.py
[2021-03-12 00:01:47,201] {logging_mixin.py:104} INFO - [2021-03-12 00:01:47,201] {dag.py:1818} INFO - Sync 3 DAGs
[2021-03-12 00:01:47,216] {logging_mixin.py:104} INFO - [2021-03-12 00:01:47,216] {dag.py:2273} INFO - Setting next_dagrun for example_subdag_operator to 2021-03-10 00:00:00+00:00
[2021-03-12 00:01:47,217] {logging_mixin.py:104} INFO - [2021-03-12 00:01:47,217] {dag.py:2273} INFO - Setting next_dagrun for example_subdag_operator.section-1 to None
[2021-03-12 00:01:47,218] {logging_mixin.py:104} INFO - [2021-03-12 00:01:47,218] {dag.py:2273} INFO - Setting next_dagrun for example_subdag_operator.section-2 to None
[2021-03-12 00:01:47,223] {logging_mixin.py:104} INFO - [2021-03-12 00:01:47,223] {dag.py:1818} INFO - Sync 2 DAGs
[2021-03-12 00:01:47,229] {logging_mixin.py:104} INFO - [2021-03-12 00:01:47,229] {dag.py:2273} INFO - Setting next_dagrun for example_subdag_operator.section-1 to None
[2021-03-12 00:01:47,230] {logging_mixin.py:104} INFO - [2021-03-12 00:01:47,230] {dag.py:2273} INFO - Setting next_dagrun for example_subdag_operator.section-2 to None
[2021-03-12 00:01:47,235] {scheduler_job.py:190} INFO - Processing /home/airflow/.local/lib/python3.6/site-packages/airflow/example_dags/example_subdag_operator.py took 0.092 seconds
[2021-03-12 00:02:17,731] {scheduler_job.py:182} INFO - Started process (PID=2026) to work on /home/airflow/.local/lib/python3.6/site-packages/airflow/example_dags/example_subdag_operator.py
[2021-03-12 00:02:17,733] {scheduler_job.py:629} INFO - Processing file /home/airflow/.local/lib/python3.6/site-packages/airflow/example_dags/example_subdag_operator.py for tasks to queue
[2021-03-12 00:02:17,734] {logging_mixin.py:104} INFO - [2021-03-12 00:02:17,734] {dagbag.py:448} INFO - Filling up the DagBag from /home/airflow/.local/lib/python3.6/site-packages/airflow/example_dags/example_subdag_operator.py
[2021-03-12 00:02:17,774] {scheduler_job.py:639} INFO - DAG(s) dict_keys(['example_subdag_operator.section-1', 'example_subdag_operator.section-2', 'example_subdag_operator']) retrieved from /home/airflow/.local/lib/python3.6/site-packages/airflow/example_dags/example_subdag_operator.py
[2021-03-12 00:02:17,787] {logging_mixin.py:104} INFO - [2021-03-12 00:02:17,787] {dag.py:1818} INFO - Sync 3 DAGs
[2021-03-12 00:02:17,803] {logging_mixin.py:104} INFO - [2021-03-12 00:02:17,803] {dag.py:2273} INFO - Setting next_dagrun for example_subdag_operator to 2021-03-10 00:00:00+00:00
[2021-03-12 00:02:17,805] {logging_mixin.py:104} INFO - [2021-03-12 00:02:17,805] {dag.py:2273} INFO - Setting next_dagrun for example_subdag_operator.section-1 to None
[2021-03-12 00:02:17,805] {logging_mixin.py:104} INFO - [2021-03-12 00:02:17,805] {dag.py:2273} INFO - Setting next_dagrun for example_subdag_operator.section-2 to None
[2021-03-12 00:02:17,812] {logging_mixin.py:104} INFO - [2021-03-12 00:02:17,811] {dag.py:1818} INFO - Sync 2 DAGs
[2021-03-12 00:02:17,819] {logging_mixin.py:104} INFO - [2021-03-12 00:02:17,819] {dag.py:2273} INFO - Setting next_dagrun for example_subdag_operator.section-1 to None
[2021-03-12 00:02:17,820] {logging_mixin.py:104} INFO - [2021-03-12 00:02:17,820] {dag.py:2273} INFO - Setting next_dagrun for example_subdag_operator.section-2 to None
[2021-03-12 00:02:17,825] {scheduler_job.py:190} INFO - Processing /home/airflow/.local/lib/python3.6/site-packages/airflow/example_dags/example_subdag_operator.py took 0.099 seconds
[2021-03-12 00:02:48,435] {scheduler_job.py:182} INFO - Started process (PID=2053) to work on /home/airflow/.local/lib/python3.6/site-packages/airflow/example_dags/example_subdag_operator.py
[2021-03-12 00:02:48,439] {scheduler_job.py:629} INFO - Processing file /home/airflow/.local/lib/python3.6/site-packages/airflow/example_dags/example_subdag_operator.py for tasks to queue
[2021-03-12 00:02:48,440] {logging_mixin.py:104} INFO - [2021-03-12 00:02:48,440] {dagbag.py:448} INFO - Filling up the DagBag from /home/airflow/.local/lib/python3.6/site-packages/airflow/example_dags/example_subdag_operator.py
[2021-03-12 00:02:48,480] {scheduler_job.py:639} INFO - DAG(s) dict_keys(['example_subdag_operator.section-1', 'example_subdag_operator.section-2', 'example_subdag_operator']) retrieved from /home/airflow/.local/lib/python3.6/site-packages/airflow/example_dags/example_subdag_operator.py
[2021-03-12 00:02:48,496] {logging_mixin.py:104} INFO - [2021-03-12 00:02:48,496] {dag.py:1818} INFO - Sync 3 DAGs
[2021-03-12 00:02:48,515] {logging_mixin.py:104} INFO - [2021-03-12 00:02:48,515] {dag.py:2273} INFO - Setting next_dagrun for example_subdag_operator to 2021-03-10 00:00:00+00:00
[2021-03-12 00:02:48,517] {logging_mixin.py:104} INFO - [2021-03-12 00:02:48,516] {dag.py:2273} INFO - Setting next_dagrun for example_subdag_operator.section-1 to None
[2021-03-12 00:02:48,518] {logging_mixin.py:104} INFO - [2021-03-12 00:02:48,518] {dag.py:2273} INFO - Setting next_dagrun for example_subdag_operator.section-2 to None
[2021-03-12 00:02:48,527] {logging_mixin.py:104} INFO - [2021-03-12 00:02:48,527] {dag.py:1818} INFO - Sync 2 DAGs
[2021-03-12 00:02:48,538] {logging_mixin.py:104} INFO - [2021-03-12 00:02:48,538] {dag.py:2273} INFO - Setting next_dagrun for example_subdag_operator.section-1 to None
[2021-03-12 00:02:48,539] {logging_mixin.py:104} INFO - [2021-03-12 00:02:48,539] {dag.py:2273} INFO - Setting next_dagrun for example_subdag_operator.section-2 to None
[2021-03-12 00:02:48,547] {scheduler_job.py:190} INFO - Processing /home/airflow/.local/lib/python3.6/site-packages/airflow/example_dags/example_subdag_operator.py took 0.117 seconds
[2021-03-12 00:03:19,204] {scheduler_job.py:182} INFO - Started process (PID=2080) to work on /home/airflow/.local/lib/python3.6/site-packages/airflow/example_dags/example_subdag_operator.py
[2021-03-12 00:03:19,206] {scheduler_job.py:629} INFO - Processing file /home/airflow/.local/lib/python3.6/site-packages/airflow/example_dags/example_subdag_operator.py for tasks to queue
[2021-03-12 00:03:19,207] {logging_mixin.py:104} INFO - [2021-03-12 00:03:19,207] {dagbag.py:448} INFO - Filling up the DagBag from /home/airflow/.local/lib/python3.6/site-packages/airflow/example_dags/example_subdag_operator.py
[2021-03-12 00:03:19,242] {scheduler_job.py:639} INFO - DAG(s) dict_keys(['example_subdag_operator.section-1', 'example_subdag_operator.section-2', 'example_subdag_operator']) retrieved from /home/airflow/.local/lib/python3.6/site-packages/airflow/example_dags/example_subdag_operator.py
[2021-03-12 00:03:19,263] {logging_mixin.py:104} INFO - [2021-03-12 00:03:19,262] {dag.py:1818} INFO - Sync 3 DAGs
[2021-03-12 00:03:19,288] {logging_mixin.py:104} INFO - [2021-03-12 00:03:19,288] {dag.py:2273} INFO - Setting next_dagrun for example_subdag_operator to 2021-03-10 00:00:00+00:00
[2021-03-12 00:03:19,290] {logging_mixin.py:104} INFO - [2021-03-12 00:03:19,290] {dag.py:2273} INFO - Setting next_dagrun for example_subdag_operator.section-1 to None
[2021-03-12 00:03:19,291] {logging_mixin.py:104} INFO - [2021-03-12 00:03:19,291] {dag.py:2273} INFO - Setting next_dagrun for example_subdag_operator.section-2 to None
[2021-03-12 00:03:19,298] {logging_mixin.py:104} INFO - [2021-03-12 00:03:19,298] {dag.py:1818} INFO - Sync 2 DAGs
[2021-03-12 00:03:19,306] {logging_mixin.py:104} INFO - [2021-03-12 00:03:19,306] {dag.py:2273} INFO - Setting next_dagrun for example_subdag_operator.section-1 to None
[2021-03-12 00:03:19,308] {logging_mixin.py:104} INFO - [2021-03-12 00:03:19,308] {dag.py:2273} INFO - Setting next_dagrun for example_subdag_operator.section-2 to None
[2021-03-12 00:03:19,314] {scheduler_job.py:190} INFO - Processing /home/airflow/.local/lib/python3.6/site-packages/airflow/example_dags/example_subdag_operator.py took 0.114 seconds
[2021-03-12 00:03:49,895] {scheduler_job.py:182} INFO - Started process (PID=2107) to work on /home/airflow/.local/lib/python3.6/site-packages/airflow/example_dags/example_subdag_operator.py
[2021-03-12 00:03:49,897] {scheduler_job.py:629} INFO - Processing file /home/airflow/.local/lib/python3.6/site-packages/airflow/example_dags/example_subdag_operator.py for tasks to queue
[2021-03-12 00:03:49,899] {logging_mixin.py:104} INFO - [2021-03-12 00:03:49,899] {dagbag.py:448} INFO - Filling up the DagBag from /home/airflow/.local/lib/python3.6/site-packages/airflow/example_dags/example_subdag_operator.py
[2021-03-12 00:03:49,939] {scheduler_job.py:639} INFO - DAG(s) dict_keys(['example_subdag_operator.section-1', 'example_subdag_operator.section-2', 'example_subdag_operator']) retrieved from /home/airflow/.local/lib/python3.6/site-packages/airflow/example_dags/example_subdag_operator.py
[2021-03-12 00:03:49,962] {logging_mixin.py:104} INFO - [2021-03-12 00:03:49,962] {dag.py:1818} INFO - Sync 3 DAGs
[2021-03-12 00:03:49,993] {logging_mixin.py:104} INFO - [2021-03-12 00:03:49,993] {dag.py:2273} INFO - Setting next_dagrun for example_subdag_operator to 2021-03-10 00:00:00+00:00
[2021-03-12 00:03:49,996] {logging_mixin.py:104} INFO - [2021-03-12 00:03:49,996] {dag.py:2273} INFO - Setting next_dagrun for example_subdag_operator.section-1 to None
[2021-03-12 00:03:49,998] {logging_mixin.py:104} INFO - [2021-03-12 00:03:49,998] {dag.py:2273} INFO - Setting next_dagrun for example_subdag_operator.section-2 to None
[2021-03-12 00:03:50,009] {logging_mixin.py:104} INFO - [2021-03-12 00:03:50,009] {dag.py:1818} INFO - Sync 2 DAGs
[2021-03-12 00:03:50,018] {logging_mixin.py:104} INFO - [2021-03-12 00:03:50,018] {dag.py:2273} INFO - Setting next_dagrun for example_subdag_operator.section-1 to None
[2021-03-12 00:03:50,020] {logging_mixin.py:104} INFO - [2021-03-12 00:03:50,019] {dag.py:2273} INFO - Setting next_dagrun for example_subdag_operator.section-2 to None
[2021-03-12 00:03:50,029] {scheduler_job.py:190} INFO - Processing /home/airflow/.local/lib/python3.6/site-packages/airflow/example_dags/example_subdag_operator.py took 0.139 seconds
[2021-03-12 00:04:20,512] {scheduler_job.py:182} INFO - Started process (PID=2134) to work on /home/airflow/.local/lib/python3.6/site-packages/airflow/example_dags/example_subdag_operator.py
[2021-03-12 00:04:20,514] {scheduler_job.py:629} INFO - Processing file /home/airflow/.local/lib/python3.6/site-packages/airflow/example_dags/example_subdag_operator.py for tasks to queue
[2021-03-12 00:04:20,516] {logging_mixin.py:104} INFO - [2021-03-12 00:04:20,516] {dagbag.py:448} INFO - Filling up the DagBag from /home/airflow/.local/lib/python3.6/site-packages/airflow/example_dags/example_subdag_operator.py
[2021-03-12 00:04:20,549] {scheduler_job.py:639} INFO - DAG(s) dict_keys(['example_subdag_operator.section-1', 'example_subdag_operator.section-2', 'example_subdag_operator']) retrieved from /home/airflow/.local/lib/python3.6/site-packages/airflow/example_dags/example_subdag_operator.py
[2021-03-12 00:04:20,560] {logging_mixin.py:104} INFO - [2021-03-12 00:04:20,560] {dag.py:1818} INFO - Sync 3 DAGs
[2021-03-12 00:04:20,577] {logging_mixin.py:104} INFO - [2021-03-12 00:04:20,577] {dag.py:2273} INFO - Setting next_dagrun for example_subdag_operator to 2021-03-10 00:00:00+00:00
[2021-03-12 00:04:20,579] {logging_mixin.py:104} INFO - [2021-03-12 00:04:20,579] {dag.py:2273} INFO - Setting next_dagrun for example_subdag_operator.section-1 to None
[2021-03-12 00:04:20,580] {logging_mixin.py:104} INFO - [2021-03-12 00:04:20,580] {dag.py:2273} INFO - Setting next_dagrun for example_subdag_operator.section-2 to None
[2021-03-12 00:04:20,587] {logging_mixin.py:104} INFO - [2021-03-12 00:04:20,586] {dag.py:1818} INFO - Sync 2 DAGs
[2021-03-12 00:04:20,594] {logging_mixin.py:104} INFO - [2021-03-12 00:04:20,594] {dag.py:2273} INFO - Setting next_dagrun for example_subdag_operator.section-1 to None
[2021-03-12 00:04:20,596] {logging_mixin.py:104} INFO - [2021-03-12 00:04:20,595] {dag.py:2273} INFO - Setting next_dagrun for example_subdag_operator.section-2 to None
[2021-03-12 00:04:20,604] {scheduler_job.py:190} INFO - Processing /home/airflow/.local/lib/python3.6/site-packages/airflow/example_dags/example_subdag_operator.py took 0.096 seconds
[2021-03-12 00:04:51,269] {scheduler_job.py:182} INFO - Started process (PID=2161) to work on /home/airflow/.local/lib/python3.6/site-packages/airflow/example_dags/example_subdag_operator.py
[2021-03-12 00:04:51,271] {scheduler_job.py:629} INFO - Processing file /home/airflow/.local/lib/python3.6/site-packages/airflow/example_dags/example_subdag_operator.py for tasks to queue
[2021-03-12 00:04:51,272] {logging_mixin.py:104} INFO - [2021-03-12 00:04:51,272] {dagbag.py:448} INFO - Filling up the DagBag from /home/airflow/.local/lib/python3.6/site-packages/airflow/example_dags/example_subdag_operator.py
[2021-03-12 00:04:51,309] {scheduler_job.py:639} INFO - DAG(s) dict_keys(['example_subdag_operator.section-1', 'example_subdag_operator.section-2', 'example_subdag_operator']) retrieved from /home/airflow/.local/lib/python3.6/site-packages/airflow/example_dags/example_subdag_operator.py
[2021-03-12 00:04:51,327] {logging_mixin.py:104} INFO - [2021-03-12 00:04:51,327] {dag.py:1818} INFO - Sync 3 DAGs
[2021-03-12 00:04:51,348] {logging_mixin.py:104} INFO - [2021-03-12 00:04:51,348] {dag.py:2273} INFO - Setting next_dagrun for example_subdag_operator to 2021-03-10 00:00:00+00:00
[2021-03-12 00:04:51,351] {logging_mixin.py:104} INFO - [2021-03-12 00:04:51,351] {dag.py:2273} INFO - Setting next_dagrun for example_subdag_operator.section-1 to None
[2021-03-12 00:04:51,352] {logging_mixin.py:104} INFO - [2021-03-12 00:04:51,352] {dag.py:2273} INFO - Setting next_dagrun for example_subdag_operator.section-2 to None
[2021-03-12 00:04:51,360] {logging_mixin.py:104} INFO - [2021-03-12 00:04:51,360] {dag.py:1818} INFO - Sync 2 DAGs
[2021-03-12 00:04:51,367] {logging_mixin.py:104} INFO - [2021-03-12 00:04:51,367] {dag.py:2273} INFO - Setting next_dagrun for example_subdag_operator.section-1 to None
[2021-03-12 00:04:51,368] {logging_mixin.py:104} INFO - [2021-03-12 00:04:51,368] {dag.py:2273} INFO - Setting next_dagrun for example_subdag_operator.section-2 to None
[2021-03-12 00:04:51,375] {scheduler_job.py:190} INFO - Processing /home/airflow/.local/lib/python3.6/site-packages/airflow/example_dags/example_subdag_operator.py took 0.110 seconds
[2021-03-12 00:05:22,091] {scheduler_job.py:182} INFO - Started process (PID=2188) to work on /home/airflow/.local/lib/python3.6/site-packages/airflow/example_dags/example_subdag_operator.py
[2021-03-12 00:05:22,093] {scheduler_job.py:629} INFO - Processing file /home/airflow/.local/lib/python3.6/site-packages/airflow/example_dags/example_subdag_operator.py for tasks to queue
[2021-03-12 00:05:22,094] {logging_mixin.py:104} INFO - [2021-03-12 00:05:22,094] {dagbag.py:448} INFO - Filling up the DagBag from /home/airflow/.local/lib/python3.6/site-packages/airflow/example_dags/example_subdag_operator.py
[2021-03-12 00:05:22,146] {scheduler_job.py:639} INFO - DAG(s) dict_keys(['example_subdag_operator.section-1', 'example_subdag_operator.section-2', 'example_subdag_operator']) retrieved from /home/airflow/.local/lib/python3.6/site-packages/airflow/example_dags/example_subdag_operator.py
[2021-03-12 00:05:22,164] {logging_mixin.py:104} INFO - [2021-03-12 00:05:22,164] {dag.py:1818} INFO - Sync 3 DAGs
[2021-03-12 00:05:22,188] {logging_mixin.py:104} INFO - [2021-03-12 00:05:22,188] {dag.py:2273} INFO - Setting next_dagrun for example_subdag_operator to 2021-03-10 00:00:00+00:00
[2021-03-12 00:05:22,190] {logging_mixin.py:104} INFO - [2021-03-12 00:05:22,190] {dag.py:2273} INFO - Setting next_dagrun for example_subdag_operator.section-1 to None
[2021-03-12 00:05:22,191] {logging_mixin.py:104} INFO - [2021-03-12 00:05:22,191] {dag.py:2273} INFO - Setting next_dagrun for example_subdag_operator.section-2 to None
[2021-03-12 00:05:22,199] {logging_mixin.py:104} INFO - [2021-03-12 00:05:22,199] {dag.py:1818} INFO - Sync 2 DAGs
[2021-03-12 00:05:22,210] {logging_mixin.py:104} INFO - [2021-03-12 00:05:22,210] {dag.py:2273} INFO - Setting next_dagrun for example_subdag_operator.section-1 to None
[2021-03-12 00:05:22,211] {logging_mixin.py:104} INFO - [2021-03-12 00:05:22,211] {dag.py:2273} INFO - Setting next_dagrun for example_subdag_operator.section-2 to None
[2021-03-12 00:05:22,219] {scheduler_job.py:190} INFO - Processing /home/airflow/.local/lib/python3.6/site-packages/airflow/example_dags/example_subdag_operator.py took 0.135 seconds
[2021-03-12 00:05:53,022] {scheduler_job.py:182} INFO - Started process (PID=2215) to work on /home/airflow/.local/lib/python3.6/site-packages/airflow/example_dags/example_subdag_operator.py
[2021-03-12 00:05:53,024] {scheduler_job.py:629} INFO - Processing file /home/airflow/.local/lib/python3.6/site-packages/airflow/example_dags/example_subdag_operator.py for tasks to queue
[2021-03-12 00:05:53,025] {logging_mixin.py:104} INFO - [2021-03-12 00:05:53,025] {dagbag.py:448} INFO - Filling up the DagBag from /home/airflow/.local/lib/python3.6/site-packages/airflow/example_dags/example_subdag_operator.py
[2021-03-12 00:05:53,102] {scheduler_job.py:639} INFO - DAG(s) dict_keys(['example_subdag_operator.section-1', 'example_subdag_operator.section-2', 'example_subdag_operator']) retrieved from /home/airflow/.local/lib/python3.6/site-packages/airflow/example_dags/example_subdag_operator.py
[2021-03-12 00:05:53,117] {logging_mixin.py:104} INFO - [2021-03-12 00:05:53,117] {dag.py:1818} INFO - Sync 3 DAGs
[2021-03-12 00:05:53,145] {logging_mixin.py:104} INFO - [2021-03-12 00:05:53,145] {dag.py:2273} INFO - Setting next_dagrun for example_subdag_operator to 2021-03-10 00:00:00+00:00
[2021-03-12 00:05:53,149] {logging_mixin.py:104} INFO - [2021-03-12 00:05:53,149] {dag.py:2273} INFO - Setting next_dagrun for example_subdag_operator.section-1 to None
[2021-03-12 00:05:53,150] {logging_mixin.py:104} INFO - [2021-03-12 00:05:53,150] {dag.py:2273} INFO - Setting next_dagrun for example_subdag_operator.section-2 to None
[2021-03-12 00:05:53,161] {logging_mixin.py:104} INFO - [2021-03-12 00:05:53,160] {dag.py:1818} INFO - Sync 2 DAGs
[2021-03-12 00:05:53,181] {logging_mixin.py:104} INFO - [2021-03-12 00:05:53,181] {dag.py:2273} INFO - Setting next_dagrun for example_subdag_operator.section-1 to None
[2021-03-12 00:05:53,183] {logging_mixin.py:104} INFO - [2021-03-12 00:05:53,183] {dag.py:2273} INFO - Setting next_dagrun for example_subdag_operator.section-2 to None
[2021-03-12 00:05:53,193] {scheduler_job.py:190} INFO - Processing /home/airflow/.local/lib/python3.6/site-packages/airflow/example_dags/example_subdag_operator.py took 0.177 seconds
[2021-03-12 00:06:23,651] {scheduler_job.py:182} INFO - Started process (PID=2242) to work on /home/airflow/.local/lib/python3.6/site-packages/airflow/example_dags/example_subdag_operator.py
[2021-03-12 00:06:23,653] {scheduler_job.py:629} INFO - Processing file /home/airflow/.local/lib/python3.6/site-packages/airflow/example_dags/example_subdag_operator.py for tasks to queue
[2021-03-12 00:06:23,654] {logging_mixin.py:104} INFO - [2021-03-12 00:06:23,654] {dagbag.py:448} INFO - Filling up the DagBag from /home/airflow/.local/lib/python3.6/site-packages/airflow/example_dags/example_subdag_operator.py
[2021-03-12 00:06:23,683] {scheduler_job.py:639} INFO - DAG(s) dict_keys(['example_subdag_operator.section-1', 'example_subdag_operator.section-2', 'example_subdag_operator']) retrieved from /home/airflow/.local/lib/python3.6/site-packages/airflow/example_dags/example_subdag_operator.py
[2021-03-12 00:06:23,696] {logging_mixin.py:104} INFO - [2021-03-12 00:06:23,696] {dag.py:1818} INFO - Sync 3 DAGs
[2021-03-12 00:06:23,713] {logging_mixin.py:104} INFO - [2021-03-12 00:06:23,713] {dag.py:2273} INFO - Setting next_dagrun for example_subdag_operator to 2021-03-10 00:00:00+00:00
[2021-03-12 00:06:23,715] {logging_mixin.py:104} INFO - [2021-03-12 00:06:23,714] {dag.py:2273} INFO - Setting next_dagrun for example_subdag_operator.section-1 to None
[2021-03-12 00:06:23,715] {logging_mixin.py:104} INFO - [2021-03-12 00:06:23,715] {dag.py:2273} INFO - Setting next_dagrun for example_subdag_operator.section-2 to None
[2021-03-12 00:06:23,721] {logging_mixin.py:104} INFO - [2021-03-12 00:06:23,721] {dag.py:1818} INFO - Sync 2 DAGs
[2021-03-12 00:06:23,728] {logging_mixin.py:104} INFO - [2021-03-12 00:06:23,727] {dag.py:2273} INFO - Setting next_dagrun for example_subdag_operator.section-1 to None
[2021-03-12 00:06:23,728] {logging_mixin.py:104} INFO - [2021-03-12 00:06:23,728] {dag.py:2273} INFO - Setting next_dagrun for example_subdag_operator.section-2 to None
[2021-03-12 00:06:23,733] {scheduler_job.py:190} INFO - Processing /home/airflow/.local/lib/python3.6/site-packages/airflow/example_dags/example_subdag_operator.py took 0.086 seconds
[2021-03-12 00:06:54,449] {scheduler_job.py:182} INFO - Started process (PID=2269) to work on /home/airflow/.local/lib/python3.6/site-packages/airflow/example_dags/example_subdag_operator.py
[2021-03-12 00:06:54,452] {scheduler_job.py:629} INFO - Processing file /home/airflow/.local/lib/python3.6/site-packages/airflow/example_dags/example_subdag_operator.py for tasks to queue
[2021-03-12 00:06:54,455] {logging_mixin.py:104} INFO - [2021-03-12 00:06:54,454] {dagbag.py:448} INFO - Filling up the DagBag from /home/airflow/.local/lib/python3.6/site-packages/airflow/example_dags/example_subdag_operator.py
[2021-03-12 00:06:54,493] {scheduler_job.py:639} INFO - DAG(s) dict_keys(['example_subdag_operator.section-1', 'example_subdag_operator.section-2', 'example_subdag_operator']) retrieved from /home/airflow/.local/lib/python3.6/site-packages/airflow/example_dags/example_subdag_operator.py
[2021-03-12 00:06:54,505] {logging_mixin.py:104} INFO - [2021-03-12 00:06:54,505] {dag.py:1818} INFO - Sync 3 DAGs
[2021-03-12 00:06:54,520] {logging_mixin.py:104} INFO - [2021-03-12 00:06:54,520] {dag.py:2273} INFO - Setting next_dagrun for example_subdag_operator to 2021-03-10 00:00:00+00:00
[2021-03-12 00:06:54,522] {logging_mixin.py:104} INFO - [2021-03-12 00:06:54,522] {dag.py:2273} INFO - Setting next_dagrun for example_subdag_operator.section-1 to None
[2021-03-12 00:06:54,523] {logging_mixin.py:104} INFO - [2021-03-12 00:06:54,523] {dag.py:2273} INFO - Setting next_dagrun for example_subdag_operator.section-2 to None
[2021-03-12 00:06:54,529] {logging_mixin.py:104} INFO - [2021-03-12 00:06:54,529] {dag.py:1818} INFO - Sync 2 DAGs
[2021-03-12 00:06:54,536] {logging_mixin.py:104} INFO - [2021-03-12 00:06:54,536] {dag.py:2273} INFO - Setting next_dagrun for example_subdag_operator.section-1 to None
[2021-03-12 00:06:54,537] {logging_mixin.py:104} INFO - [2021-03-12 00:06:54,537] {dag.py:2273} INFO - Setting next_dagrun for example_subdag_operator.section-2 to None
[2021-03-12 00:06:54,544] {scheduler_job.py:190} INFO - Processing /home/airflow/.local/lib/python3.6/site-packages/airflow/example_dags/example_subdag_operator.py took 0.100 seconds
[2021-03-12 00:07:25,359] {scheduler_job.py:182} INFO - Started process (PID=2296) to work on /home/airflow/.local/lib/python3.6/site-packages/airflow/example_dags/example_subdag_operator.py
[2021-03-12 00:07:25,361] {scheduler_job.py:629} INFO - Processing file /home/airflow/.local/lib/python3.6/site-packages/airflow/example_dags/example_subdag_operator.py for tasks to queue
[2021-03-12 00:07:25,362] {logging_mixin.py:104} INFO - [2021-03-12 00:07:25,362] {dagbag.py:448} INFO - Filling up the DagBag from /home/airflow/.local/lib/python3.6/site-packages/airflow/example_dags/example_subdag_operator.py
[2021-03-12 00:07:25,398] {scheduler_job.py:639} INFO - DAG(s) dict_keys(['example_subdag_operator.section-1', 'example_subdag_operator.section-2', 'example_subdag_operator']) retrieved from /home/airflow/.local/lib/python3.6/site-packages/airflow/example_dags/example_subdag_operator.py
[2021-03-12 00:07:25,412] {logging_mixin.py:104} INFO - [2021-03-12 00:07:25,412] {dag.py:1818} INFO - Sync 3 DAGs
[2021-03-12 00:07:25,429] {logging_mixin.py:104} INFO - [2021-03-12 00:07:25,429] {dag.py:2273} INFO - Setting next_dagrun for example_subdag_operator to 2021-03-10 00:00:00+00:00
[2021-03-12 00:07:25,431] {logging_mixin.py:104} INFO - [2021-03-12 00:07:25,431] {dag.py:2273} INFO - Setting next_dagrun for example_subdag_operator.section-1 to None
[2021-03-12 00:07:25,432] {logging_mixin.py:104} INFO - [2021-03-12 00:07:25,432] {dag.py:2273} INFO - Setting next_dagrun for example_subdag_operator.section-2 to None
[2021-03-12 00:07:25,439] {logging_mixin.py:104} INFO - [2021-03-12 00:07:25,439] {dag.py:1818} INFO - Sync 2 DAGs
[2021-03-12 00:07:25,448] {logging_mixin.py:104} INFO - [2021-03-12 00:07:25,448] {dag.py:2273} INFO - Setting next_dagrun for example_subdag_operator.section-1 to None
[2021-03-12 00:07:25,449] {logging_mixin.py:104} INFO - [2021-03-12 00:07:25,449] {dag.py:2273} INFO - Setting next_dagrun for example_subdag_operator.section-2 to None
[2021-03-12 00:07:25,454] {scheduler_job.py:190} INFO - Processing /home/airflow/.local/lib/python3.6/site-packages/airflow/example_dags/example_subdag_operator.py took 0.099 seconds
[2021-03-12 00:07:56,003] {scheduler_job.py:182} INFO - Started process (PID=2323) to work on /home/airflow/.local/lib/python3.6/site-packages/airflow/example_dags/example_subdag_operator.py
[2021-03-12 00:07:56,005] {scheduler_job.py:629} INFO - Processing file /home/airflow/.local/lib/python3.6/site-packages/airflow/example_dags/example_subdag_operator.py for tasks to queue
[2021-03-12 00:07:56,007] {logging_mixin.py:104} INFO - [2021-03-12 00:07:56,007] {dagbag.py:448} INFO - Filling up the DagBag from /home/airflow/.local/lib/python3.6/site-packages/airflow/example_dags/example_subdag_operator.py
[2021-03-12 00:07:56,039] {scheduler_job.py:639} INFO - DAG(s) dict_keys(['example_subdag_operator.section-1', 'example_subdag_operator.section-2', 'example_subdag_operator']) retrieved from /home/airflow/.local/lib/python3.6/site-packages/airflow/example_dags/example_subdag_operator.py
[2021-03-12 00:07:56,051] {logging_mixin.py:104} INFO - [2021-03-12 00:07:56,051] {dag.py:1818} INFO - Sync 3 DAGs
[2021-03-12 00:07:56,066] {logging_mixin.py:104} INFO - [2021-03-12 00:07:56,066] {dag.py:2273} INFO - Setting next_dagrun for example_subdag_operator to 2021-03-10 00:00:00+00:00
[2021-03-12 00:07:56,068] {logging_mixin.py:104} INFO - [2021-03-12 00:07:56,068] {dag.py:2273} INFO - Setting next_dagrun for example_subdag_operator.section-1 to None
[2021-03-12 00:07:56,069] {logging_mixin.py:104} INFO - [2021-03-12 00:07:56,069] {dag.py:2273} INFO - Setting next_dagrun for example_subdag_operator.section-2 to None
[2021-03-12 00:07:56,075] {logging_mixin.py:104} INFO - [2021-03-12 00:07:56,075] {dag.py:1818} INFO - Sync 2 DAGs
[2021-03-12 00:07:56,082] {logging_mixin.py:104} INFO - [2021-03-12 00:07:56,082] {dag.py:2273} INFO - Setting next_dagrun for example_subdag_operator.section-1 to None
[2021-03-12 00:07:56,083] {logging_mixin.py:104} INFO - [2021-03-12 00:07:56,083] {dag.py:2273} INFO - Setting next_dagrun for example_subdag_operator.section-2 to None
[2021-03-12 00:07:56,089] {scheduler_job.py:190} INFO - Processing /home/airflow/.local/lib/python3.6/site-packages/airflow/example_dags/example_subdag_operator.py took 0.090 seconds
[2021-03-12 00:08:26,703] {scheduler_job.py:182} INFO - Started process (PID=2350) to work on /home/airflow/.local/lib/python3.6/site-packages/airflow/example_dags/example_subdag_operator.py
[2021-03-12 00:08:26,706] {scheduler_job.py:629} INFO - Processing file /home/airflow/.local/lib/python3.6/site-packages/airflow/example_dags/example_subdag_operator.py for tasks to queue
[2021-03-12 00:08:26,707] {logging_mixin.py:104} INFO - [2021-03-12 00:08:26,707] {dagbag.py:448} INFO - Filling up the DagBag from /home/airflow/.local/lib/python3.6/site-packages/airflow/example_dags/example_subdag_operator.py
[2021-03-12 00:08:26,754] {scheduler_job.py:639} INFO - DAG(s) dict_keys(['example_subdag_operator.section-1', 'example_subdag_operator.section-2', 'example_subdag_operator']) retrieved from /home/airflow/.local/lib/python3.6/site-packages/airflow/example_dags/example_subdag_operator.py
[2021-03-12 00:08:26,770] {logging_mixin.py:104} INFO - [2021-03-12 00:08:26,770] {dag.py:1818} INFO - Sync 3 DAGs
[2021-03-12 00:08:26,789] {logging_mixin.py:104} INFO - [2021-03-12 00:08:26,789] {dag.py:2273} INFO - Setting next_dagrun for example_subdag_operator to 2021-03-10 00:00:00+00:00
[2021-03-12 00:08:26,791] {logging_mixin.py:104} INFO - [2021-03-12 00:08:26,791] {dag.py:2273} INFO - Setting next_dagrun for example_subdag_operator.section-1 to None
[2021-03-12 00:08:26,792] {logging_mixin.py:104} INFO - [2021-03-12 00:08:26,792] {dag.py:2273} INFO - Setting next_dagrun for example_subdag_operator.section-2 to None
[2021-03-12 00:08:26,801] {logging_mixin.py:104} INFO - [2021-03-12 00:08:26,801] {dag.py:1818} INFO - Sync 2 DAGs
[2021-03-12 00:08:26,808] {logging_mixin.py:104} INFO - [2021-03-12 00:08:26,808] {dag.py:2273} INFO - Setting next_dagrun for example_subdag_operator.section-1 to None
[2021-03-12 00:08:26,810] {logging_mixin.py:104} INFO - [2021-03-12 00:08:26,810] {dag.py:2273} INFO - Setting next_dagrun for example_subdag_operator.section-2 to None
[2021-03-12 00:08:26,816] {scheduler_job.py:190} INFO - Processing /home/airflow/.local/lib/python3.6/site-packages/airflow/example_dags/example_subdag_operator.py took 0.118 seconds
[2021-03-12 00:08:57,309] {scheduler_job.py:182} INFO - Started process (PID=2377) to work on /home/airflow/.local/lib/python3.6/site-packages/airflow/example_dags/example_subdag_operator.py
[2021-03-12 00:08:57,312] {scheduler_job.py:629} INFO - Processing file /home/airflow/.local/lib/python3.6/site-packages/airflow/example_dags/example_subdag_operator.py for tasks to queue
[2021-03-12 00:08:57,314] {logging_mixin.py:104} INFO - [2021-03-12 00:08:57,313] {dagbag.py:448} INFO - Filling up the DagBag from /home/airflow/.local/lib/python3.6/site-packages/airflow/example_dags/example_subdag_operator.py
[2021-03-12 00:08:57,355] {scheduler_job.py:639} INFO - DAG(s) dict_keys(['example_subdag_operator.section-1', 'example_subdag_operator.section-2', 'example_subdag_operator']) retrieved from /home/airflow/.local/lib/python3.6/site-packages/airflow/example_dags/example_subdag_operator.py
[2021-03-12 00:08:57,368] {logging_mixin.py:104} INFO - [2021-03-12 00:08:57,367] {dag.py:1818} INFO - Sync 3 DAGs
[2021-03-12 00:08:57,384] {logging_mixin.py:104} INFO - [2021-03-12 00:08:57,384] {dag.py:2273} INFO - Setting next_dagrun for example_subdag_operator to 2021-03-10 00:00:00+00:00
[2021-03-12 00:08:57,386] {logging_mixin.py:104} INFO - [2021-03-12 00:08:57,386] {dag.py:2273} INFO - Setting next_dagrun for example_subdag_operator.section-1 to None
[2021-03-12 00:08:57,386] {logging_mixin.py:104} INFO - [2021-03-12 00:08:57,386] {dag.py:2273} INFO - Setting next_dagrun for example_subdag_operator.section-2 to None
[2021-03-12 00:08:57,395] {logging_mixin.py:104} INFO - [2021-03-12 00:08:57,394] {dag.py:1818} INFO - Sync 2 DAGs
[2021-03-12 00:08:57,402] {logging_mixin.py:104} INFO - [2021-03-12 00:08:57,401] {dag.py:2273} INFO - Setting next_dagrun for example_subdag_operator.section-1 to None
[2021-03-12 00:08:57,402] {logging_mixin.py:104} INFO - [2021-03-12 00:08:57,402] {dag.py:2273} INFO - Setting next_dagrun for example_subdag_operator.section-2 to None
[2021-03-12 00:08:57,408] {scheduler_job.py:190} INFO - Processing /home/airflow/.local/lib/python3.6/site-packages/airflow/example_dags/example_subdag_operator.py took 0.104 seconds
[2021-03-12 00:09:28,000] {scheduler_job.py:182} INFO - Started process (PID=2404) to work on /home/airflow/.local/lib/python3.6/site-packages/airflow/example_dags/example_subdag_operator.py
[2021-03-12 00:09:28,003] {scheduler_job.py:629} INFO - Processing file /home/airflow/.local/lib/python3.6/site-packages/airflow/example_dags/example_subdag_operator.py for tasks to queue
[2021-03-12 00:09:28,005] {logging_mixin.py:104} INFO - [2021-03-12 00:09:28,005] {dagbag.py:448} INFO - Filling up the DagBag from /home/airflow/.local/lib/python3.6/site-packages/airflow/example_dags/example_subdag_operator.py
[2021-03-12 00:09:28,055] {scheduler_job.py:639} INFO - DAG(s) dict_keys(['example_subdag_operator.section-1', 'example_subdag_operator.section-2', 'example_subdag_operator']) retrieved from /home/airflow/.local/lib/python3.6/site-packages/airflow/example_dags/example_subdag_operator.py
[2021-03-12 00:09:28,068] {logging_mixin.py:104} INFO - [2021-03-12 00:09:28,067] {dag.py:1818} INFO - Sync 3 DAGs
[2021-03-12 00:09:28,093] {logging_mixin.py:104} INFO - [2021-03-12 00:09:28,092] {dag.py:2273} INFO - Setting next_dagrun for example_subdag_operator to 2021-03-10 00:00:00+00:00
[2021-03-12 00:09:28,094] {logging_mixin.py:104} INFO - [2021-03-12 00:09:28,094] {dag.py:2273} INFO - Setting next_dagrun for example_subdag_operator.section-1 to None
[2021-03-12 00:09:28,095] {logging_mixin.py:104} INFO - [2021-03-12 00:09:28,095] {dag.py:2273} INFO - Setting next_dagrun for example_subdag_operator.section-2 to None
[2021-03-12 00:09:28,103] {logging_mixin.py:104} INFO - [2021-03-12 00:09:28,103] {dag.py:1818} INFO - Sync 2 DAGs
[2021-03-12 00:09:28,115] {logging_mixin.py:104} INFO - [2021-03-12 00:09:28,115] {dag.py:2273} INFO - Setting next_dagrun for example_subdag_operator.section-1 to None
[2021-03-12 00:09:28,117] {logging_mixin.py:104} INFO - [2021-03-12 00:09:28,117] {dag.py:2273} INFO - Setting next_dagrun for example_subdag_operator.section-2 to None
[2021-03-12 00:09:28,127] {scheduler_job.py:190} INFO - Processing /home/airflow/.local/lib/python3.6/site-packages/airflow/example_dags/example_subdag_operator.py took 0.131 seconds
[2021-03-12 00:09:59,075] {scheduler_job.py:182} INFO - Started process (PID=2431) to work on /home/airflow/.local/lib/python3.6/site-packages/airflow/example_dags/example_subdag_operator.py
[2021-03-12 00:09:59,078] {scheduler_job.py:629} INFO - Processing file /home/airflow/.local/lib/python3.6/site-packages/airflow/example_dags/example_subdag_operator.py for tasks to queue
[2021-03-12 00:09:59,079] {logging_mixin.py:104} INFO - [2021-03-12 00:09:59,079] {dagbag.py:448} INFO - Filling up the DagBag from /home/airflow/.local/lib/python3.6/site-packages/airflow/example_dags/example_subdag_operator.py
[2021-03-12 00:09:59,136] {scheduler_job.py:639} INFO - DAG(s) dict_keys(['example_subdag_operator.section-1', 'example_subdag_operator.section-2', 'example_subdag_operator']) retrieved from /home/airflow/.local/lib/python3.6/site-packages/airflow/example_dags/example_subdag_operator.py
[2021-03-12 00:09:59,165] {logging_mixin.py:104} INFO - [2021-03-12 00:09:59,164] {dag.py:1818} INFO - Sync 3 DAGs
[2021-03-12 00:09:59,188] {logging_mixin.py:104} INFO - [2021-03-12 00:09:59,188] {dag.py:2273} INFO - Setting next_dagrun for example_subdag_operator to 2021-03-10 00:00:00+00:00
[2021-03-12 00:09:59,191] {logging_mixin.py:104} INFO - [2021-03-12 00:09:59,191] {dag.py:2273} INFO - Setting next_dagrun for example_subdag_operator.section-1 to None
[2021-03-12 00:09:59,192] {logging_mixin.py:104} INFO - [2021-03-12 00:09:59,192] {dag.py:2273} INFO - Setting next_dagrun for example_subdag_operator.section-2 to None
[2021-03-12 00:09:59,202] {logging_mixin.py:104} INFO - [2021-03-12 00:09:59,202] {dag.py:1818} INFO - Sync 2 DAGs
[2021-03-12 00:09:59,216] {logging_mixin.py:104} INFO - [2021-03-12 00:09:59,216] {dag.py:2273} INFO - Setting next_dagrun for example_subdag_operator.section-1 to None
[2021-03-12 00:09:59,218] {logging_mixin.py:104} INFO - [2021-03-12 00:09:59,218] {dag.py:2273} INFO - Setting next_dagrun for example_subdag_operator.section-2 to None
[2021-03-12 00:09:59,228] {scheduler_job.py:190} INFO - Processing /home/airflow/.local/lib/python3.6/site-packages/airflow/example_dags/example_subdag_operator.py took 0.158 seconds
[2021-03-12 00:10:29,653] {scheduler_job.py:182} INFO - Started process (PID=2458) to work on /home/airflow/.local/lib/python3.6/site-packages/airflow/example_dags/example_subdag_operator.py
[2021-03-12 00:10:29,656] {scheduler_job.py:629} INFO - Processing file /home/airflow/.local/lib/python3.6/site-packages/airflow/example_dags/example_subdag_operator.py for tasks to queue
[2021-03-12 00:10:29,657] {logging_mixin.py:104} INFO - [2021-03-12 00:10:29,657] {dagbag.py:448} INFO - Filling up the DagBag from /home/airflow/.local/lib/python3.6/site-packages/airflow/example_dags/example_subdag_operator.py
[2021-03-12 00:10:29,710] {scheduler_job.py:639} INFO - DAG(s) dict_keys(['example_subdag_operator.section-1', 'example_subdag_operator.section-2', 'example_subdag_operator']) retrieved from /home/airflow/.local/lib/python3.6/site-packages/airflow/example_dags/example_subdag_operator.py
[2021-03-12 00:10:29,723] {logging_mixin.py:104} INFO - [2021-03-12 00:10:29,723] {dag.py:1818} INFO - Sync 3 DAGs
[2021-03-12 00:10:29,740] {logging_mixin.py:104} INFO - [2021-03-12 00:10:29,740] {dag.py:2273} INFO - Setting next_dagrun for example_subdag_operator to 2021-03-10 00:00:00+00:00
[2021-03-12 00:10:29,742] {logging_mixin.py:104} INFO - [2021-03-12 00:10:29,742] {dag.py:2273} INFO - Setting next_dagrun for example_subdag_operator.section-1 to None
[2021-03-12 00:10:29,743] {logging_mixin.py:104} INFO - [2021-03-12 00:10:29,743] {dag.py:2273} INFO - Setting next_dagrun for example_subdag_operator.section-2 to None
[2021-03-12 00:10:29,749] {logging_mixin.py:104} INFO - [2021-03-12 00:10:29,749] {dag.py:1818} INFO - Sync 2 DAGs
[2021-03-12 00:10:29,757] {logging_mixin.py:104} INFO - [2021-03-12 00:10:29,757] {dag.py:2273} INFO - Setting next_dagrun for example_subdag_operator.section-1 to None
[2021-03-12 00:10:29,758] {logging_mixin.py:104} INFO - [2021-03-12 00:10:29,758] {dag.py:2273} INFO - Setting next_dagrun for example_subdag_operator.section-2 to None
[2021-03-12 00:10:29,764] {scheduler_job.py:190} INFO - Processing /home/airflow/.local/lib/python3.6/site-packages/airflow/example_dags/example_subdag_operator.py took 0.116 seconds
[2021-03-12 00:11:00,222] {scheduler_job.py:182} INFO - Started process (PID=2485) to work on /home/airflow/.local/lib/python3.6/site-packages/airflow/example_dags/example_subdag_operator.py
[2021-03-12 00:11:00,224] {scheduler_job.py:629} INFO - Processing file /home/airflow/.local/lib/python3.6/site-packages/airflow/example_dags/example_subdag_operator.py for tasks to queue
[2021-03-12 00:11:00,226] {logging_mixin.py:104} INFO - [2021-03-12 00:11:00,225] {dagbag.py:448} INFO - Filling up the DagBag from /home/airflow/.local/lib/python3.6/site-packages/airflow/example_dags/example_subdag_operator.py
[2021-03-12 00:11:00,266] {scheduler_job.py:639} INFO - DAG(s) dict_keys(['example_subdag_operator.section-1', 'example_subdag_operator.section-2', 'example_subdag_operator']) retrieved from /home/airflow/.local/lib/python3.6/site-packages/airflow/example_dags/example_subdag_operator.py
[2021-03-12 00:11:00,281] {logging_mixin.py:104} INFO - [2021-03-12 00:11:00,281] {dag.py:1818} INFO - Sync 3 DAGs
[2021-03-12 00:11:00,300] {logging_mixin.py:104} INFO - [2021-03-12 00:11:00,299] {dag.py:2273} INFO - Setting next_dagrun for example_subdag_operator to 2021-03-10 00:00:00+00:00
[2021-03-12 00:11:00,301] {logging_mixin.py:104} INFO - [2021-03-12 00:11:00,301] {dag.py:2273} INFO - Setting next_dagrun for example_subdag_operator.section-1 to None
[2021-03-12 00:11:00,302] {logging_mixin.py:104} INFO - [2021-03-12 00:11:00,302] {dag.py:2273} INFO - Setting next_dagrun for example_subdag_operator.section-2 to None
[2021-03-12 00:11:00,308] {logging_mixin.py:104} INFO - [2021-03-12 00:11:00,308] {dag.py:1818} INFO - Sync 2 DAGs
[2021-03-12 00:11:00,315] {logging_mixin.py:104} INFO - [2021-03-12 00:11:00,315] {dag.py:2273} INFO - Setting next_dagrun for example_subdag_operator.section-1 to None
[2021-03-12 00:11:00,316] {logging_mixin.py:104} INFO - [2021-03-12 00:11:00,316] {dag.py:2273} INFO - Setting next_dagrun for example_subdag_operator.section-2 to None
[2021-03-12 00:11:00,322] {scheduler_job.py:190} INFO - Processing /home/airflow/.local/lib/python3.6/site-packages/airflow/example_dags/example_subdag_operator.py took 0.104 seconds
[2021-03-12 00:11:31,347] {scheduler_job.py:182} INFO - Started process (PID=2512) to work on /home/airflow/.local/lib/python3.6/site-packages/airflow/example_dags/example_subdag_operator.py
[2021-03-12 00:11:31,351] {scheduler_job.py:629} INFO - Processing file /home/airflow/.local/lib/python3.6/site-packages/airflow/example_dags/example_subdag_operator.py for tasks to queue
[2021-03-12 00:11:31,355] {logging_mixin.py:104} INFO - [2021-03-12 00:11:31,354] {dagbag.py:448} INFO - Filling up the DagBag from /home/airflow/.local/lib/python3.6/site-packages/airflow/example_dags/example_subdag_operator.py
[2021-03-12 00:11:31,425] {scheduler_job.py:639} INFO - DAG(s) dict_keys(['example_subdag_operator.section-1', 'example_subdag_operator.section-2', 'example_subdag_operator']) retrieved from /home/airflow/.local/lib/python3.6/site-packages/airflow/example_dags/example_subdag_operator.py
[2021-03-12 00:11:31,441] {logging_mixin.py:104} INFO - [2021-03-12 00:11:31,441] {dag.py:1818} INFO - Sync 3 DAGs
[2021-03-12 00:11:31,459] {logging_mixin.py:104} INFO - [2021-03-12 00:11:31,459] {dag.py:2273} INFO - Setting next_dagrun for example_subdag_operator to 2021-03-10 00:00:00+00:00
[2021-03-12 00:11:31,461] {logging_mixin.py:104} INFO - [2021-03-12 00:11:31,461] {dag.py:2273} INFO - Setting next_dagrun for example_subdag_operator.section-1 to None
[2021-03-12 00:11:31,462] {logging_mixin.py:104} INFO - [2021-03-12 00:11:31,462] {dag.py:2273} INFO - Setting next_dagrun for example_subdag_operator.section-2 to None
[2021-03-12 00:11:31,469] {logging_mixin.py:104} INFO - [2021-03-12 00:11:31,469] {dag.py:1818} INFO - Sync 2 DAGs
[2021-03-12 00:11:31,477] {logging_mixin.py:104} INFO - [2021-03-12 00:11:31,477] {dag.py:2273} INFO - Setting next_dagrun for example_subdag_operator.section-1 to None
[2021-03-12 00:11:31,478] {logging_mixin.py:104} INFO - [2021-03-12 00:11:31,478] {dag.py:2273} INFO - Setting next_dagrun for example_subdag_operator.section-2 to None
[2021-03-12 00:11:31,488] {scheduler_job.py:190} INFO - Processing /home/airflow/.local/lib/python3.6/site-packages/airflow/example_dags/example_subdag_operator.py took 0.151 seconds
[2021-03-12 00:41:07,731] {scheduler_job.py:182} INFO - Started process (PID=45) to work on /home/airflow/.local/lib/python3.6/site-packages/airflow/example_dags/example_subdag_operator.py
[2021-03-12 00:41:07,741] {scheduler_job.py:629} INFO - Processing file /home/airflow/.local/lib/python3.6/site-packages/airflow/example_dags/example_subdag_operator.py for tasks to queue
[2021-03-12 00:41:07,745] {logging_mixin.py:104} INFO - [2021-03-12 00:41:07,744] {dagbag.py:448} INFO - Filling up the DagBag from /home/airflow/.local/lib/python3.6/site-packages/airflow/example_dags/example_subdag_operator.py
[2021-03-12 00:41:07,867] {scheduler_job.py:639} INFO - DAG(s) dict_keys(['example_subdag_operator.section-1', 'example_subdag_operator.section-2', 'example_subdag_operator']) retrieved from /home/airflow/.local/lib/python3.6/site-packages/airflow/example_dags/example_subdag_operator.py
[2021-03-12 00:41:07,917] {logging_mixin.py:104} INFO - [2021-03-12 00:41:07,917] {dag.py:1818} INFO - Sync 3 DAGs
[2021-03-12 00:41:07,972] {logging_mixin.py:104} INFO - [2021-03-12 00:41:07,972] {dag.py:2273} INFO - Setting next_dagrun for example_subdag_operator to 2021-03-10 00:00:00+00:00
[2021-03-12 00:41:07,975] {logging_mixin.py:104} INFO - [2021-03-12 00:41:07,974] {dag.py:2273} INFO - Setting next_dagrun for example_subdag_operator.section-1 to None
[2021-03-12 00:41:07,976] {logging_mixin.py:104} INFO - [2021-03-12 00:41:07,976] {dag.py:2273} INFO - Setting next_dagrun for example_subdag_operator.section-2 to None
[2021-03-12 00:41:08,006] {logging_mixin.py:104} INFO - [2021-03-12 00:41:08,006] {dag.py:1818} INFO - Sync 2 DAGs
[2021-03-12 00:41:08,028] {logging_mixin.py:104} INFO - [2021-03-12 00:41:08,028] {dag.py:2273} INFO - Setting next_dagrun for example_subdag_operator.section-1 to None
[2021-03-12 00:41:08,030] {logging_mixin.py:104} INFO - [2021-03-12 00:41:08,030] {dag.py:2273} INFO - Setting next_dagrun for example_subdag_operator.section-2 to None
[2021-03-12 00:41:08,041] {scheduler_job.py:190} INFO - Processing /home/airflow/.local/lib/python3.6/site-packages/airflow/example_dags/example_subdag_operator.py took 0.316 seconds
[2021-03-12 00:41:38,091] {scheduler_job.py:182} INFO - Started process (PID=72) to work on /home/airflow/.local/lib/python3.6/site-packages/airflow/example_dags/example_subdag_operator.py
[2021-03-12 00:41:38,093] {scheduler_job.py:629} INFO - Processing file /home/airflow/.local/lib/python3.6/site-packages/airflow/example_dags/example_subdag_operator.py for tasks to queue
[2021-03-12 00:41:38,094] {logging_mixin.py:104} INFO - [2021-03-12 00:41:38,094] {dagbag.py:448} INFO - Filling up the DagBag from /home/airflow/.local/lib/python3.6/site-packages/airflow/example_dags/example_subdag_operator.py
[2021-03-12 00:41:38,123] {scheduler_job.py:639} INFO - DAG(s) dict_keys(['example_subdag_operator.section-1', 'example_subdag_operator.section-2', 'example_subdag_operator']) retrieved from /home/airflow/.local/lib/python3.6/site-packages/airflow/example_dags/example_subdag_operator.py
[2021-03-12 00:41:38,137] {logging_mixin.py:104} INFO - [2021-03-12 00:41:38,137] {dag.py:1818} INFO - Sync 3 DAGs
[2021-03-12 00:41:38,154] {logging_mixin.py:104} INFO - [2021-03-12 00:41:38,153] {dag.py:2273} INFO - Setting next_dagrun for example_subdag_operator to 2021-03-10 00:00:00+00:00
[2021-03-12 00:41:38,155] {logging_mixin.py:104} INFO - [2021-03-12 00:41:38,155] {dag.py:2273} INFO - Setting next_dagrun for example_subdag_operator.section-1 to None
[2021-03-12 00:41:38,156] {logging_mixin.py:104} INFO - [2021-03-12 00:41:38,156] {dag.py:2273} INFO - Setting next_dagrun for example_subdag_operator.section-2 to None
[2021-03-12 00:41:38,162] {logging_mixin.py:104} INFO - [2021-03-12 00:41:38,162] {dag.py:1818} INFO - Sync 2 DAGs
[2021-03-12 00:41:38,169] {logging_mixin.py:104} INFO - [2021-03-12 00:41:38,169] {dag.py:2273} INFO - Setting next_dagrun for example_subdag_operator.section-1 to None
[2021-03-12 00:41:38,169] {logging_mixin.py:104} INFO - [2021-03-12 00:41:38,169] {dag.py:2273} INFO - Setting next_dagrun for example_subdag_operator.section-2 to None
[2021-03-12 00:41:38,175] {scheduler_job.py:190} INFO - Processing /home/airflow/.local/lib/python3.6/site-packages/airflow/example_dags/example_subdag_operator.py took 0.088 seconds
[2021-03-12 00:42:08,591] {scheduler_job.py:182} INFO - Started process (PID=99) to work on /home/airflow/.local/lib/python3.6/site-packages/airflow/example_dags/example_subdag_operator.py
[2021-03-12 00:42:08,595] {scheduler_job.py:629} INFO - Processing file /home/airflow/.local/lib/python3.6/site-packages/airflow/example_dags/example_subdag_operator.py for tasks to queue
[2021-03-12 00:42:08,598] {logging_mixin.py:104} INFO - [2021-03-12 00:42:08,598] {dagbag.py:448} INFO - Filling up the DagBag from /home/airflow/.local/lib/python3.6/site-packages/airflow/example_dags/example_subdag_operator.py
[2021-03-12 00:42:08,651] {scheduler_job.py:639} INFO - DAG(s) dict_keys(['example_subdag_operator.section-1', 'example_subdag_operator.section-2', 'example_subdag_operator']) retrieved from /home/airflow/.local/lib/python3.6/site-packages/airflow/example_dags/example_subdag_operator.py
[2021-03-12 00:42:08,674] {logging_mixin.py:104} INFO - [2021-03-12 00:42:08,674] {dag.py:1818} INFO - Sync 3 DAGs
[2021-03-12 00:42:08,717] {logging_mixin.py:104} INFO - [2021-03-12 00:42:08,716] {dag.py:2273} INFO - Setting next_dagrun for example_subdag_operator to 2021-03-10 00:00:00+00:00
[2021-03-12 00:42:08,719] {logging_mixin.py:104} INFO - [2021-03-12 00:42:08,719] {dag.py:2273} INFO - Setting next_dagrun for example_subdag_operator.section-1 to None
[2021-03-12 00:42:08,720] {logging_mixin.py:104} INFO - [2021-03-12 00:42:08,720] {dag.py:2273} INFO - Setting next_dagrun for example_subdag_operator.section-2 to None
[2021-03-12 00:42:08,731] {logging_mixin.py:104} INFO - [2021-03-12 00:42:08,730] {dag.py:1818} INFO - Sync 2 DAGs
[2021-03-12 00:42:08,747] {logging_mixin.py:104} INFO - [2021-03-12 00:42:08,747] {dag.py:2273} INFO - Setting next_dagrun for example_subdag_operator.section-1 to None
[2021-03-12 00:42:08,750] {logging_mixin.py:104} INFO - [2021-03-12 00:42:08,749] {dag.py:2273} INFO - Setting next_dagrun for example_subdag_operator.section-2 to None
[2021-03-12 00:42:08,771] {scheduler_job.py:190} INFO - Processing /home/airflow/.local/lib/python3.6/site-packages/airflow/example_dags/example_subdag_operator.py took 0.197 seconds
[2021-03-12 00:42:39,353] {scheduler_job.py:182} INFO - Started process (PID=125) to work on /home/airflow/.local/lib/python3.6/site-packages/airflow/example_dags/example_subdag_operator.py
[2021-03-12 00:42:39,360] {scheduler_job.py:629} INFO - Processing file /home/airflow/.local/lib/python3.6/site-packages/airflow/example_dags/example_subdag_operator.py for tasks to queue
[2021-03-12 00:42:39,368] {logging_mixin.py:104} INFO - [2021-03-12 00:42:39,367] {dagbag.py:448} INFO - Filling up the DagBag from /home/airflow/.local/lib/python3.6/site-packages/airflow/example_dags/example_subdag_operator.py
[2021-03-12 00:42:39,442] {scheduler_job.py:639} INFO - DAG(s) dict_keys(['example_subdag_operator.section-1', 'example_subdag_operator.section-2', 'example_subdag_operator']) retrieved from /home/airflow/.local/lib/python3.6/site-packages/airflow/example_dags/example_subdag_operator.py
[2021-03-12 00:42:39,486] {logging_mixin.py:104} INFO - [2021-03-12 00:42:39,486] {dag.py:1818} INFO - Sync 3 DAGs
[2021-03-12 00:42:39,531] {logging_mixin.py:104} INFO - [2021-03-12 00:42:39,531] {dag.py:2273} INFO - Setting next_dagrun for example_subdag_operator to 2021-03-10 00:00:00+00:00
[2021-03-12 00:42:39,536] {logging_mixin.py:104} INFO - [2021-03-12 00:42:39,536] {dag.py:2273} INFO - Setting next_dagrun for example_subdag_operator.section-1 to None
[2021-03-12 00:42:39,539] {logging_mixin.py:104} INFO - [2021-03-12 00:42:39,538] {dag.py:2273} INFO - Setting next_dagrun for example_subdag_operator.section-2 to None
[2021-03-12 00:42:39,557] {logging_mixin.py:104} INFO - [2021-03-12 00:42:39,556] {dag.py:1818} INFO - Sync 2 DAGs
[2021-03-12 00:42:39,580] {logging_mixin.py:104} INFO - [2021-03-12 00:42:39,579] {dag.py:2273} INFO - Setting next_dagrun for example_subdag_operator.section-1 to None
[2021-03-12 00:42:39,581] {logging_mixin.py:104} INFO - [2021-03-12 00:42:39,581] {dag.py:2273} INFO - Setting next_dagrun for example_subdag_operator.section-2 to None
[2021-03-12 00:42:39,605] {scheduler_job.py:190} INFO - Processing /home/airflow/.local/lib/python3.6/site-packages/airflow/example_dags/example_subdag_operator.py took 0.259 seconds
[2021-03-12 00:43:10,462] {scheduler_job.py:182} INFO - Started process (PID=152) to work on /home/airflow/.local/lib/python3.6/site-packages/airflow/example_dags/example_subdag_operator.py
[2021-03-12 00:43:10,465] {scheduler_job.py:629} INFO - Processing file /home/airflow/.local/lib/python3.6/site-packages/airflow/example_dags/example_subdag_operator.py for tasks to queue
[2021-03-12 00:43:10,468] {logging_mixin.py:104} INFO - [2021-03-12 00:43:10,468] {dagbag.py:448} INFO - Filling up the DagBag from /home/airflow/.local/lib/python3.6/site-packages/airflow/example_dags/example_subdag_operator.py
[2021-03-12 00:43:10,543] {scheduler_job.py:639} INFO - DAG(s) dict_keys(['example_subdag_operator.section-1', 'example_subdag_operator.section-2', 'example_subdag_operator']) retrieved from /home/airflow/.local/lib/python3.6/site-packages/airflow/example_dags/example_subdag_operator.py
[2021-03-12 00:43:10,569] {logging_mixin.py:104} INFO - [2021-03-12 00:43:10,569] {dag.py:1818} INFO - Sync 3 DAGs
[2021-03-12 00:43:10,603] {logging_mixin.py:104} INFO - [2021-03-12 00:43:10,603] {dag.py:2273} INFO - Setting next_dagrun for example_subdag_operator to 2021-03-10 00:00:00+00:00
[2021-03-12 00:43:10,606] {logging_mixin.py:104} INFO - [2021-03-12 00:43:10,606] {dag.py:2273} INFO - Setting next_dagrun for example_subdag_operator.section-1 to None
[2021-03-12 00:43:10,607] {logging_mixin.py:104} INFO - [2021-03-12 00:43:10,607] {dag.py:2273} INFO - Setting next_dagrun for example_subdag_operator.section-2 to None
[2021-03-12 00:43:10,621] {logging_mixin.py:104} INFO - [2021-03-12 00:43:10,621] {dag.py:1818} INFO - Sync 2 DAGs
[2021-03-12 00:43:10,632] {logging_mixin.py:104} INFO - [2021-03-12 00:43:10,632] {dag.py:2273} INFO - Setting next_dagrun for example_subdag_operator.section-1 to None
[2021-03-12 00:43:10,633] {logging_mixin.py:104} INFO - [2021-03-12 00:43:10,633] {dag.py:2273} INFO - Setting next_dagrun for example_subdag_operator.section-2 to None
[2021-03-12 00:43:10,642] {scheduler_job.py:190} INFO - Processing /home/airflow/.local/lib/python3.6/site-packages/airflow/example_dags/example_subdag_operator.py took 0.186 seconds
