[2021-03-12 00:00:08,968] {scheduler_job.py:182} INFO - Started process (PID=1901) to work on /home/airflow/.local/lib/python3.6/site-packages/airflow/example_dags/example_nested_branch_dag.py
[2021-03-12 00:00:08,972] {scheduler_job.py:629} INFO - Processing file /home/airflow/.local/lib/python3.6/site-packages/airflow/example_dags/example_nested_branch_dag.py for tasks to queue
[2021-03-12 00:00:08,974] {logging_mixin.py:104} INFO - [2021-03-12 00:00:08,974] {dagbag.py:448} INFO - Filling up the DagBag from /home/airflow/.local/lib/python3.6/site-packages/airflow/example_dags/example_nested_branch_dag.py
[2021-03-12 00:00:09,009] {scheduler_job.py:639} INFO - DAG(s) dict_keys(['example_nested_branch_dag']) retrieved from /home/airflow/.local/lib/python3.6/site-packages/airflow/example_dags/example_nested_branch_dag.py
[2021-03-12 00:00:09,055] {logging_mixin.py:104} INFO - [2021-03-12 00:00:09,054] {dag.py:1818} INFO - Sync 1 DAGs
[2021-03-12 00:00:09,097] {logging_mixin.py:104} INFO - [2021-03-12 00:00:09,097] {dag.py:2273} INFO - Setting next_dagrun for example_nested_branch_dag to 2021-03-10 00:00:00+00:00
[2021-03-12 00:00:09,115] {scheduler_job.py:190} INFO - Processing /home/airflow/.local/lib/python3.6/site-packages/airflow/example_dags/example_nested_branch_dag.py took 0.153 seconds
[2021-03-12 00:00:39,776] {scheduler_job.py:182} INFO - Started process (PID=1928) to work on /home/airflow/.local/lib/python3.6/site-packages/airflow/example_dags/example_nested_branch_dag.py
[2021-03-12 00:00:39,778] {scheduler_job.py:629} INFO - Processing file /home/airflow/.local/lib/python3.6/site-packages/airflow/example_dags/example_nested_branch_dag.py for tasks to queue
[2021-03-12 00:00:39,779] {logging_mixin.py:104} INFO - [2021-03-12 00:00:39,779] {dagbag.py:448} INFO - Filling up the DagBag from /home/airflow/.local/lib/python3.6/site-packages/airflow/example_dags/example_nested_branch_dag.py
[2021-03-12 00:00:39,799] {scheduler_job.py:639} INFO - DAG(s) dict_keys(['example_nested_branch_dag']) retrieved from /home/airflow/.local/lib/python3.6/site-packages/airflow/example_dags/example_nested_branch_dag.py
[2021-03-12 00:00:39,826] {logging_mixin.py:104} INFO - [2021-03-12 00:00:39,826] {dag.py:1818} INFO - Sync 1 DAGs
[2021-03-12 00:00:39,853] {logging_mixin.py:104} INFO - [2021-03-12 00:00:39,852] {dag.py:2273} INFO - Setting next_dagrun for example_nested_branch_dag to 2021-03-10 00:00:00+00:00
[2021-03-12 00:00:39,862] {scheduler_job.py:190} INFO - Processing /home/airflow/.local/lib/python3.6/site-packages/airflow/example_dags/example_nested_branch_dag.py took 0.090 seconds
[2021-03-12 00:01:10,597] {scheduler_job.py:182} INFO - Started process (PID=1955) to work on /home/airflow/.local/lib/python3.6/site-packages/airflow/example_dags/example_nested_branch_dag.py
[2021-03-12 00:01:10,599] {scheduler_job.py:629} INFO - Processing file /home/airflow/.local/lib/python3.6/site-packages/airflow/example_dags/example_nested_branch_dag.py for tasks to queue
[2021-03-12 00:01:10,600] {logging_mixin.py:104} INFO - [2021-03-12 00:01:10,600] {dagbag.py:448} INFO - Filling up the DagBag from /home/airflow/.local/lib/python3.6/site-packages/airflow/example_dags/example_nested_branch_dag.py
[2021-03-12 00:01:10,620] {scheduler_job.py:639} INFO - DAG(s) dict_keys(['example_nested_branch_dag']) retrieved from /home/airflow/.local/lib/python3.6/site-packages/airflow/example_dags/example_nested_branch_dag.py
[2021-03-12 00:01:10,647] {logging_mixin.py:104} INFO - [2021-03-12 00:01:10,647] {dag.py:1818} INFO - Sync 1 DAGs
[2021-03-12 00:01:10,669] {logging_mixin.py:104} INFO - [2021-03-12 00:01:10,668] {dag.py:2273} INFO - Setting next_dagrun for example_nested_branch_dag to 2021-03-10 00:00:00+00:00
[2021-03-12 00:01:10,678] {scheduler_job.py:190} INFO - Processing /home/airflow/.local/lib/python3.6/site-packages/airflow/example_dags/example_nested_branch_dag.py took 0.089 seconds
[2021-03-12 00:01:41,038] {scheduler_job.py:182} INFO - Started process (PID=1982) to work on /home/airflow/.local/lib/python3.6/site-packages/airflow/example_dags/example_nested_branch_dag.py
[2021-03-12 00:01:41,041] {scheduler_job.py:629} INFO - Processing file /home/airflow/.local/lib/python3.6/site-packages/airflow/example_dags/example_nested_branch_dag.py for tasks to queue
[2021-03-12 00:01:41,042] {logging_mixin.py:104} INFO - [2021-03-12 00:01:41,042] {dagbag.py:448} INFO - Filling up the DagBag from /home/airflow/.local/lib/python3.6/site-packages/airflow/example_dags/example_nested_branch_dag.py
[2021-03-12 00:01:41,061] {scheduler_job.py:639} INFO - DAG(s) dict_keys(['example_nested_branch_dag']) retrieved from /home/airflow/.local/lib/python3.6/site-packages/airflow/example_dags/example_nested_branch_dag.py
[2021-03-12 00:01:41,084] {logging_mixin.py:104} INFO - [2021-03-12 00:01:41,084] {dag.py:1818} INFO - Sync 1 DAGs
[2021-03-12 00:01:41,111] {logging_mixin.py:104} INFO - [2021-03-12 00:01:41,111] {dag.py:2273} INFO - Setting next_dagrun for example_nested_branch_dag to 2021-03-10 00:00:00+00:00
[2021-03-12 00:01:41,123] {scheduler_job.py:190} INFO - Processing /home/airflow/.local/lib/python3.6/site-packages/airflow/example_dags/example_nested_branch_dag.py took 0.090 seconds
[2021-03-12 00:02:11,705] {scheduler_job.py:182} INFO - Started process (PID=2009) to work on /home/airflow/.local/lib/python3.6/site-packages/airflow/example_dags/example_nested_branch_dag.py
[2021-03-12 00:02:11,708] {scheduler_job.py:629} INFO - Processing file /home/airflow/.local/lib/python3.6/site-packages/airflow/example_dags/example_nested_branch_dag.py for tasks to queue
[2021-03-12 00:02:11,709] {logging_mixin.py:104} INFO - [2021-03-12 00:02:11,709] {dagbag.py:448} INFO - Filling up the DagBag from /home/airflow/.local/lib/python3.6/site-packages/airflow/example_dags/example_nested_branch_dag.py
[2021-03-12 00:02:11,727] {scheduler_job.py:639} INFO - DAG(s) dict_keys(['example_nested_branch_dag']) retrieved from /home/airflow/.local/lib/python3.6/site-packages/airflow/example_dags/example_nested_branch_dag.py
[2021-03-12 00:02:11,770] {logging_mixin.py:104} INFO - [2021-03-12 00:02:11,770] {dag.py:1818} INFO - Sync 1 DAGs
[2021-03-12 00:02:11,802] {logging_mixin.py:104} INFO - [2021-03-12 00:02:11,802] {dag.py:2273} INFO - Setting next_dagrun for example_nested_branch_dag to 2021-03-10 00:00:00+00:00
[2021-03-12 00:02:11,813] {scheduler_job.py:190} INFO - Processing /home/airflow/.local/lib/python3.6/site-packages/airflow/example_dags/example_nested_branch_dag.py took 0.114 seconds
[2021-03-12 00:02:42,407] {scheduler_job.py:182} INFO - Started process (PID=2036) to work on /home/airflow/.local/lib/python3.6/site-packages/airflow/example_dags/example_nested_branch_dag.py
[2021-03-12 00:02:42,410] {scheduler_job.py:629} INFO - Processing file /home/airflow/.local/lib/python3.6/site-packages/airflow/example_dags/example_nested_branch_dag.py for tasks to queue
[2021-03-12 00:02:42,411] {logging_mixin.py:104} INFO - [2021-03-12 00:02:42,411] {dagbag.py:448} INFO - Filling up the DagBag from /home/airflow/.local/lib/python3.6/site-packages/airflow/example_dags/example_nested_branch_dag.py
[2021-03-12 00:02:42,435] {scheduler_job.py:639} INFO - DAG(s) dict_keys(['example_nested_branch_dag']) retrieved from /home/airflow/.local/lib/python3.6/site-packages/airflow/example_dags/example_nested_branch_dag.py
[2021-03-12 00:02:42,467] {logging_mixin.py:104} INFO - [2021-03-12 00:02:42,467] {dag.py:1818} INFO - Sync 1 DAGs
[2021-03-12 00:02:42,490] {logging_mixin.py:104} INFO - [2021-03-12 00:02:42,490] {dag.py:2273} INFO - Setting next_dagrun for example_nested_branch_dag to 2021-03-10 00:00:00+00:00
[2021-03-12 00:02:42,500] {scheduler_job.py:190} INFO - Processing /home/airflow/.local/lib/python3.6/site-packages/airflow/example_dags/example_nested_branch_dag.py took 0.098 seconds
[2021-03-12 00:03:13,130] {scheduler_job.py:182} INFO - Started process (PID=2063) to work on /home/airflow/.local/lib/python3.6/site-packages/airflow/example_dags/example_nested_branch_dag.py
[2021-03-12 00:03:13,132] {scheduler_job.py:629} INFO - Processing file /home/airflow/.local/lib/python3.6/site-packages/airflow/example_dags/example_nested_branch_dag.py for tasks to queue
[2021-03-12 00:03:13,133] {logging_mixin.py:104} INFO - [2021-03-12 00:03:13,133] {dagbag.py:448} INFO - Filling up the DagBag from /home/airflow/.local/lib/python3.6/site-packages/airflow/example_dags/example_nested_branch_dag.py
[2021-03-12 00:03:13,150] {scheduler_job.py:639} INFO - DAG(s) dict_keys(['example_nested_branch_dag']) retrieved from /home/airflow/.local/lib/python3.6/site-packages/airflow/example_dags/example_nested_branch_dag.py
[2021-03-12 00:03:13,176] {logging_mixin.py:104} INFO - [2021-03-12 00:03:13,176] {dag.py:1818} INFO - Sync 1 DAGs
[2021-03-12 00:03:13,197] {logging_mixin.py:104} INFO - [2021-03-12 00:03:13,197] {dag.py:2273} INFO - Setting next_dagrun for example_nested_branch_dag to 2021-03-10 00:00:00+00:00
[2021-03-12 00:03:13,205] {scheduler_job.py:190} INFO - Processing /home/airflow/.local/lib/python3.6/site-packages/airflow/example_dags/example_nested_branch_dag.py took 0.079 seconds
[2021-03-12 00:03:43,790] {scheduler_job.py:182} INFO - Started process (PID=2090) to work on /home/airflow/.local/lib/python3.6/site-packages/airflow/example_dags/example_nested_branch_dag.py
[2021-03-12 00:03:43,793] {scheduler_job.py:629} INFO - Processing file /home/airflow/.local/lib/python3.6/site-packages/airflow/example_dags/example_nested_branch_dag.py for tasks to queue
[2021-03-12 00:03:43,794] {logging_mixin.py:104} INFO - [2021-03-12 00:03:43,794] {dagbag.py:448} INFO - Filling up the DagBag from /home/airflow/.local/lib/python3.6/site-packages/airflow/example_dags/example_nested_branch_dag.py
[2021-03-12 00:03:43,812] {scheduler_job.py:639} INFO - DAG(s) dict_keys(['example_nested_branch_dag']) retrieved from /home/airflow/.local/lib/python3.6/site-packages/airflow/example_dags/example_nested_branch_dag.py
[2021-03-12 00:03:43,845] {logging_mixin.py:104} INFO - [2021-03-12 00:03:43,844] {dag.py:1818} INFO - Sync 1 DAGs
[2021-03-12 00:03:43,869] {logging_mixin.py:104} INFO - [2021-03-12 00:03:43,868] {dag.py:2273} INFO - Setting next_dagrun for example_nested_branch_dag to 2021-03-10 00:00:00+00:00
[2021-03-12 00:03:43,880] {scheduler_job.py:190} INFO - Processing /home/airflow/.local/lib/python3.6/site-packages/airflow/example_dags/example_nested_branch_dag.py took 0.095 seconds
[2021-03-12 00:04:14,386] {scheduler_job.py:182} INFO - Started process (PID=2117) to work on /home/airflow/.local/lib/python3.6/site-packages/airflow/example_dags/example_nested_branch_dag.py
[2021-03-12 00:04:14,388] {scheduler_job.py:629} INFO - Processing file /home/airflow/.local/lib/python3.6/site-packages/airflow/example_dags/example_nested_branch_dag.py for tasks to queue
[2021-03-12 00:04:14,390] {logging_mixin.py:104} INFO - [2021-03-12 00:04:14,390] {dagbag.py:448} INFO - Filling up the DagBag from /home/airflow/.local/lib/python3.6/site-packages/airflow/example_dags/example_nested_branch_dag.py
[2021-03-12 00:04:14,413] {scheduler_job.py:639} INFO - DAG(s) dict_keys(['example_nested_branch_dag']) retrieved from /home/airflow/.local/lib/python3.6/site-packages/airflow/example_dags/example_nested_branch_dag.py
[2021-03-12 00:04:14,452] {logging_mixin.py:104} INFO - [2021-03-12 00:04:14,452] {dag.py:1818} INFO - Sync 1 DAGs
[2021-03-12 00:04:14,484] {logging_mixin.py:104} INFO - [2021-03-12 00:04:14,484] {dag.py:2273} INFO - Setting next_dagrun for example_nested_branch_dag to 2021-03-10 00:00:00+00:00
[2021-03-12 00:04:14,497] {scheduler_job.py:190} INFO - Processing /home/airflow/.local/lib/python3.6/site-packages/airflow/example_dags/example_nested_branch_dag.py took 0.115 seconds
[2021-03-12 00:04:45,234] {scheduler_job.py:182} INFO - Started process (PID=2144) to work on /home/airflow/.local/lib/python3.6/site-packages/airflow/example_dags/example_nested_branch_dag.py
[2021-03-12 00:04:45,238] {scheduler_job.py:629} INFO - Processing file /home/airflow/.local/lib/python3.6/site-packages/airflow/example_dags/example_nested_branch_dag.py for tasks to queue
[2021-03-12 00:04:45,240] {logging_mixin.py:104} INFO - [2021-03-12 00:04:45,240] {dagbag.py:448} INFO - Filling up the DagBag from /home/airflow/.local/lib/python3.6/site-packages/airflow/example_dags/example_nested_branch_dag.py
[2021-03-12 00:04:45,266] {scheduler_job.py:639} INFO - DAG(s) dict_keys(['example_nested_branch_dag']) retrieved from /home/airflow/.local/lib/python3.6/site-packages/airflow/example_dags/example_nested_branch_dag.py
[2021-03-12 00:04:45,330] {logging_mixin.py:104} INFO - [2021-03-12 00:04:45,330] {dag.py:1818} INFO - Sync 1 DAGs
[2021-03-12 00:04:45,378] {logging_mixin.py:104} INFO - [2021-03-12 00:04:45,378] {dag.py:2273} INFO - Setting next_dagrun for example_nested_branch_dag to 2021-03-10 00:00:00+00:00
[2021-03-12 00:04:45,393] {scheduler_job.py:190} INFO - Processing /home/airflow/.local/lib/python3.6/site-packages/airflow/example_dags/example_nested_branch_dag.py took 0.170 seconds
[2021-03-12 00:05:15,957] {scheduler_job.py:182} INFO - Started process (PID=2171) to work on /home/airflow/.local/lib/python3.6/site-packages/airflow/example_dags/example_nested_branch_dag.py
[2021-03-12 00:05:15,960] {scheduler_job.py:629} INFO - Processing file /home/airflow/.local/lib/python3.6/site-packages/airflow/example_dags/example_nested_branch_dag.py for tasks to queue
[2021-03-12 00:05:15,964] {logging_mixin.py:104} INFO - [2021-03-12 00:05:15,964] {dagbag.py:448} INFO - Filling up the DagBag from /home/airflow/.local/lib/python3.6/site-packages/airflow/example_dags/example_nested_branch_dag.py
[2021-03-12 00:05:15,985] {scheduler_job.py:639} INFO - DAG(s) dict_keys(['example_nested_branch_dag']) retrieved from /home/airflow/.local/lib/python3.6/site-packages/airflow/example_dags/example_nested_branch_dag.py
[2021-03-12 00:05:16,009] {logging_mixin.py:104} INFO - [2021-03-12 00:05:16,009] {dag.py:1818} INFO - Sync 1 DAGs
[2021-03-12 00:05:16,031] {logging_mixin.py:104} INFO - [2021-03-12 00:05:16,031] {dag.py:2273} INFO - Setting next_dagrun for example_nested_branch_dag to 2021-03-10 00:00:00+00:00
[2021-03-12 00:05:16,039] {scheduler_job.py:190} INFO - Processing /home/airflow/.local/lib/python3.6/site-packages/airflow/example_dags/example_nested_branch_dag.py took 0.090 seconds
[2021-03-12 00:05:46,786] {scheduler_job.py:182} INFO - Started process (PID=2198) to work on /home/airflow/.local/lib/python3.6/site-packages/airflow/example_dags/example_nested_branch_dag.py
[2021-03-12 00:05:46,788] {scheduler_job.py:629} INFO - Processing file /home/airflow/.local/lib/python3.6/site-packages/airflow/example_dags/example_nested_branch_dag.py for tasks to queue
[2021-03-12 00:05:46,789] {logging_mixin.py:104} INFO - [2021-03-12 00:05:46,789] {dagbag.py:448} INFO - Filling up the DagBag from /home/airflow/.local/lib/python3.6/site-packages/airflow/example_dags/example_nested_branch_dag.py
[2021-03-12 00:05:46,807] {scheduler_job.py:639} INFO - DAG(s) dict_keys(['example_nested_branch_dag']) retrieved from /home/airflow/.local/lib/python3.6/site-packages/airflow/example_dags/example_nested_branch_dag.py
[2021-03-12 00:05:46,842] {logging_mixin.py:104} INFO - [2021-03-12 00:05:46,842] {dag.py:1818} INFO - Sync 1 DAGs
[2021-03-12 00:05:46,864] {logging_mixin.py:104} INFO - [2021-03-12 00:05:46,864] {dag.py:2273} INFO - Setting next_dagrun for example_nested_branch_dag to 2021-03-10 00:00:00+00:00
[2021-03-12 00:05:46,872] {scheduler_job.py:190} INFO - Processing /home/airflow/.local/lib/python3.6/site-packages/airflow/example_dags/example_nested_branch_dag.py took 0.090 seconds
[2021-03-12 00:06:17,748] {scheduler_job.py:182} INFO - Started process (PID=2225) to work on /home/airflow/.local/lib/python3.6/site-packages/airflow/example_dags/example_nested_branch_dag.py
[2021-03-12 00:06:17,751] {scheduler_job.py:629} INFO - Processing file /home/airflow/.local/lib/python3.6/site-packages/airflow/example_dags/example_nested_branch_dag.py for tasks to queue
[2021-03-12 00:06:17,753] {logging_mixin.py:104} INFO - [2021-03-12 00:06:17,753] {dagbag.py:448} INFO - Filling up the DagBag from /home/airflow/.local/lib/python3.6/site-packages/airflow/example_dags/example_nested_branch_dag.py
[2021-03-12 00:06:17,791] {scheduler_job.py:639} INFO - DAG(s) dict_keys(['example_nested_branch_dag']) retrieved from /home/airflow/.local/lib/python3.6/site-packages/airflow/example_dags/example_nested_branch_dag.py
[2021-03-12 00:06:17,814] {logging_mixin.py:104} INFO - [2021-03-12 00:06:17,814] {dag.py:1818} INFO - Sync 1 DAGs
[2021-03-12 00:06:17,840] {logging_mixin.py:104} INFO - [2021-03-12 00:06:17,839] {dag.py:2273} INFO - Setting next_dagrun for example_nested_branch_dag to 2021-03-10 00:00:00+00:00
[2021-03-12 00:06:17,849] {scheduler_job.py:190} INFO - Processing /home/airflow/.local/lib/python3.6/site-packages/airflow/example_dags/example_nested_branch_dag.py took 0.106 seconds
[2021-03-12 00:06:48,282] {scheduler_job.py:182} INFO - Started process (PID=2252) to work on /home/airflow/.local/lib/python3.6/site-packages/airflow/example_dags/example_nested_branch_dag.py
[2021-03-12 00:06:48,285] {scheduler_job.py:629} INFO - Processing file /home/airflow/.local/lib/python3.6/site-packages/airflow/example_dags/example_nested_branch_dag.py for tasks to queue
[2021-03-12 00:06:48,287] {logging_mixin.py:104} INFO - [2021-03-12 00:06:48,287] {dagbag.py:448} INFO - Filling up the DagBag from /home/airflow/.local/lib/python3.6/site-packages/airflow/example_dags/example_nested_branch_dag.py
[2021-03-12 00:06:48,318] {scheduler_job.py:639} INFO - DAG(s) dict_keys(['example_nested_branch_dag']) retrieved from /home/airflow/.local/lib/python3.6/site-packages/airflow/example_dags/example_nested_branch_dag.py
[2021-03-12 00:06:48,418] {logging_mixin.py:104} INFO - [2021-03-12 00:06:48,418] {dag.py:1818} INFO - Sync 1 DAGs
[2021-03-12 00:06:48,464] {logging_mixin.py:104} INFO - [2021-03-12 00:06:48,464] {dag.py:2273} INFO - Setting next_dagrun for example_nested_branch_dag to 2021-03-10 00:00:00+00:00
[2021-03-12 00:06:48,493] {scheduler_job.py:190} INFO - Processing /home/airflow/.local/lib/python3.6/site-packages/airflow/example_dags/example_nested_branch_dag.py took 0.218 seconds
[2021-03-12 00:07:19,146] {scheduler_job.py:182} INFO - Started process (PID=2279) to work on /home/airflow/.local/lib/python3.6/site-packages/airflow/example_dags/example_nested_branch_dag.py
[2021-03-12 00:07:19,150] {scheduler_job.py:629} INFO - Processing file /home/airflow/.local/lib/python3.6/site-packages/airflow/example_dags/example_nested_branch_dag.py for tasks to queue
[2021-03-12 00:07:19,152] {logging_mixin.py:104} INFO - [2021-03-12 00:07:19,152] {dagbag.py:448} INFO - Filling up the DagBag from /home/airflow/.local/lib/python3.6/site-packages/airflow/example_dags/example_nested_branch_dag.py
[2021-03-12 00:07:19,192] {scheduler_job.py:639} INFO - DAG(s) dict_keys(['example_nested_branch_dag']) retrieved from /home/airflow/.local/lib/python3.6/site-packages/airflow/example_dags/example_nested_branch_dag.py
[2021-03-12 00:07:19,237] {logging_mixin.py:104} INFO - [2021-03-12 00:07:19,237] {dag.py:1818} INFO - Sync 1 DAGs
[2021-03-12 00:07:19,276] {logging_mixin.py:104} INFO - [2021-03-12 00:07:19,276] {dag.py:2273} INFO - Setting next_dagrun for example_nested_branch_dag to 2021-03-10 00:00:00+00:00
[2021-03-12 00:07:19,296] {scheduler_job.py:190} INFO - Processing /home/airflow/.local/lib/python3.6/site-packages/airflow/example_dags/example_nested_branch_dag.py took 0.156 seconds
[2021-03-12 00:07:50,017] {scheduler_job.py:182} INFO - Started process (PID=2306) to work on /home/airflow/.local/lib/python3.6/site-packages/airflow/example_dags/example_nested_branch_dag.py
[2021-03-12 00:07:50,024] {scheduler_job.py:629} INFO - Processing file /home/airflow/.local/lib/python3.6/site-packages/airflow/example_dags/example_nested_branch_dag.py for tasks to queue
[2021-03-12 00:07:50,027] {logging_mixin.py:104} INFO - [2021-03-12 00:07:50,026] {dagbag.py:448} INFO - Filling up the DagBag from /home/airflow/.local/lib/python3.6/site-packages/airflow/example_dags/example_nested_branch_dag.py
[2021-03-12 00:07:50,077] {scheduler_job.py:639} INFO - DAG(s) dict_keys(['example_nested_branch_dag']) retrieved from /home/airflow/.local/lib/python3.6/site-packages/airflow/example_dags/example_nested_branch_dag.py
[2021-03-12 00:07:50,116] {logging_mixin.py:104} INFO - [2021-03-12 00:07:50,116] {dag.py:1818} INFO - Sync 1 DAGs
[2021-03-12 00:07:50,161] {logging_mixin.py:104} INFO - [2021-03-12 00:07:50,161] {dag.py:2273} INFO - Setting next_dagrun for example_nested_branch_dag to 2021-03-10 00:00:00+00:00
[2021-03-12 00:07:50,178] {scheduler_job.py:190} INFO - Processing /home/airflow/.local/lib/python3.6/site-packages/airflow/example_dags/example_nested_branch_dag.py took 0.166 seconds
[2021-03-12 00:08:20,611] {scheduler_job.py:182} INFO - Started process (PID=2333) to work on /home/airflow/.local/lib/python3.6/site-packages/airflow/example_dags/example_nested_branch_dag.py
[2021-03-12 00:08:20,613] {scheduler_job.py:629} INFO - Processing file /home/airflow/.local/lib/python3.6/site-packages/airflow/example_dags/example_nested_branch_dag.py for tasks to queue
[2021-03-12 00:08:20,615] {logging_mixin.py:104} INFO - [2021-03-12 00:08:20,614] {dagbag.py:448} INFO - Filling up the DagBag from /home/airflow/.local/lib/python3.6/site-packages/airflow/example_dags/example_nested_branch_dag.py
[2021-03-12 00:08:20,653] {scheduler_job.py:639} INFO - DAG(s) dict_keys(['example_nested_branch_dag']) retrieved from /home/airflow/.local/lib/python3.6/site-packages/airflow/example_dags/example_nested_branch_dag.py
[2021-03-12 00:08:20,709] {logging_mixin.py:104} INFO - [2021-03-12 00:08:20,709] {dag.py:1818} INFO - Sync 1 DAGs
[2021-03-12 00:08:20,747] {logging_mixin.py:104} INFO - [2021-03-12 00:08:20,747] {dag.py:2273} INFO - Setting next_dagrun for example_nested_branch_dag to 2021-03-10 00:00:00+00:00
[2021-03-12 00:08:20,772] {scheduler_job.py:190} INFO - Processing /home/airflow/.local/lib/python3.6/site-packages/airflow/example_dags/example_nested_branch_dag.py took 0.166 seconds
[2021-03-12 00:08:51,338] {scheduler_job.py:182} INFO - Started process (PID=2360) to work on /home/airflow/.local/lib/python3.6/site-packages/airflow/example_dags/example_nested_branch_dag.py
[2021-03-12 00:08:51,342] {scheduler_job.py:629} INFO - Processing file /home/airflow/.local/lib/python3.6/site-packages/airflow/example_dags/example_nested_branch_dag.py for tasks to queue
[2021-03-12 00:08:51,346] {logging_mixin.py:104} INFO - [2021-03-12 00:08:51,345] {dagbag.py:448} INFO - Filling up the DagBag from /home/airflow/.local/lib/python3.6/site-packages/airflow/example_dags/example_nested_branch_dag.py
[2021-03-12 00:08:51,381] {scheduler_job.py:639} INFO - DAG(s) dict_keys(['example_nested_branch_dag']) retrieved from /home/airflow/.local/lib/python3.6/site-packages/airflow/example_dags/example_nested_branch_dag.py
[2021-03-12 00:08:51,412] {logging_mixin.py:104} INFO - [2021-03-12 00:08:51,411] {dag.py:1818} INFO - Sync 1 DAGs
[2021-03-12 00:08:51,445] {logging_mixin.py:104} INFO - [2021-03-12 00:08:51,445] {dag.py:2273} INFO - Setting next_dagrun for example_nested_branch_dag to 2021-03-10 00:00:00+00:00
[2021-03-12 00:08:51,455] {scheduler_job.py:190} INFO - Processing /home/airflow/.local/lib/python3.6/site-packages/airflow/example_dags/example_nested_branch_dag.py took 0.127 seconds
[2021-03-12 00:09:21,846] {scheduler_job.py:182} INFO - Started process (PID=2387) to work on /home/airflow/.local/lib/python3.6/site-packages/airflow/example_dags/example_nested_branch_dag.py
[2021-03-12 00:09:21,849] {scheduler_job.py:629} INFO - Processing file /home/airflow/.local/lib/python3.6/site-packages/airflow/example_dags/example_nested_branch_dag.py for tasks to queue
[2021-03-12 00:09:21,851] {logging_mixin.py:104} INFO - [2021-03-12 00:09:21,850] {dagbag.py:448} INFO - Filling up the DagBag from /home/airflow/.local/lib/python3.6/site-packages/airflow/example_dags/example_nested_branch_dag.py
[2021-03-12 00:09:21,881] {scheduler_job.py:639} INFO - DAG(s) dict_keys(['example_nested_branch_dag']) retrieved from /home/airflow/.local/lib/python3.6/site-packages/airflow/example_dags/example_nested_branch_dag.py
[2021-03-12 00:09:21,921] {logging_mixin.py:104} INFO - [2021-03-12 00:09:21,920] {dag.py:1818} INFO - Sync 1 DAGs
[2021-03-12 00:09:21,966] {logging_mixin.py:104} INFO - [2021-03-12 00:09:21,966] {dag.py:2273} INFO - Setting next_dagrun for example_nested_branch_dag to 2021-03-10 00:00:00+00:00
[2021-03-12 00:09:21,982] {scheduler_job.py:190} INFO - Processing /home/airflow/.local/lib/python3.6/site-packages/airflow/example_dags/example_nested_branch_dag.py took 0.142 seconds
[2021-03-12 00:09:52,797] {scheduler_job.py:182} INFO - Started process (PID=2414) to work on /home/airflow/.local/lib/python3.6/site-packages/airflow/example_dags/example_nested_branch_dag.py
[2021-03-12 00:09:52,799] {scheduler_job.py:629} INFO - Processing file /home/airflow/.local/lib/python3.6/site-packages/airflow/example_dags/example_nested_branch_dag.py for tasks to queue
[2021-03-12 00:09:52,802] {logging_mixin.py:104} INFO - [2021-03-12 00:09:52,802] {dagbag.py:448} INFO - Filling up the DagBag from /home/airflow/.local/lib/python3.6/site-packages/airflow/example_dags/example_nested_branch_dag.py
[2021-03-12 00:09:52,832] {scheduler_job.py:639} INFO - DAG(s) dict_keys(['example_nested_branch_dag']) retrieved from /home/airflow/.local/lib/python3.6/site-packages/airflow/example_dags/example_nested_branch_dag.py
[2021-03-12 00:09:52,865] {logging_mixin.py:104} INFO - [2021-03-12 00:09:52,865] {dag.py:1818} INFO - Sync 1 DAGs
[2021-03-12 00:09:52,902] {logging_mixin.py:104} INFO - [2021-03-12 00:09:52,902] {dag.py:2273} INFO - Setting next_dagrun for example_nested_branch_dag to 2021-03-10 00:00:00+00:00
[2021-03-12 00:09:52,932] {scheduler_job.py:190} INFO - Processing /home/airflow/.local/lib/python3.6/site-packages/airflow/example_dags/example_nested_branch_dag.py took 0.142 seconds
[2021-03-12 00:10:23,723] {scheduler_job.py:182} INFO - Started process (PID=2440) to work on /home/airflow/.local/lib/python3.6/site-packages/airflow/example_dags/example_nested_branch_dag.py
[2021-03-12 00:10:23,726] {scheduler_job.py:629} INFO - Processing file /home/airflow/.local/lib/python3.6/site-packages/airflow/example_dags/example_nested_branch_dag.py for tasks to queue
[2021-03-12 00:10:23,727] {logging_mixin.py:104} INFO - [2021-03-12 00:10:23,727] {dagbag.py:448} INFO - Filling up the DagBag from /home/airflow/.local/lib/python3.6/site-packages/airflow/example_dags/example_nested_branch_dag.py
[2021-03-12 00:10:23,747] {scheduler_job.py:639} INFO - DAG(s) dict_keys(['example_nested_branch_dag']) retrieved from /home/airflow/.local/lib/python3.6/site-packages/airflow/example_dags/example_nested_branch_dag.py
[2021-03-12 00:10:23,775] {logging_mixin.py:104} INFO - [2021-03-12 00:10:23,774] {dag.py:1818} INFO - Sync 1 DAGs
[2021-03-12 00:10:23,800] {logging_mixin.py:104} INFO - [2021-03-12 00:10:23,800] {dag.py:2273} INFO - Setting next_dagrun for example_nested_branch_dag to 2021-03-10 00:00:00+00:00
[2021-03-12 00:10:23,808] {scheduler_job.py:190} INFO - Processing /home/airflow/.local/lib/python3.6/site-packages/airflow/example_dags/example_nested_branch_dag.py took 0.089 seconds
[2021-03-12 00:10:54,182] {scheduler_job.py:182} INFO - Started process (PID=2467) to work on /home/airflow/.local/lib/python3.6/site-packages/airflow/example_dags/example_nested_branch_dag.py
[2021-03-12 00:10:54,185] {scheduler_job.py:629} INFO - Processing file /home/airflow/.local/lib/python3.6/site-packages/airflow/example_dags/example_nested_branch_dag.py for tasks to queue
[2021-03-12 00:10:54,186] {logging_mixin.py:104} INFO - [2021-03-12 00:10:54,186] {dagbag.py:448} INFO - Filling up the DagBag from /home/airflow/.local/lib/python3.6/site-packages/airflow/example_dags/example_nested_branch_dag.py
[2021-03-12 00:10:54,208] {scheduler_job.py:639} INFO - DAG(s) dict_keys(['example_nested_branch_dag']) retrieved from /home/airflow/.local/lib/python3.6/site-packages/airflow/example_dags/example_nested_branch_dag.py
[2021-03-12 00:10:54,232] {logging_mixin.py:104} INFO - [2021-03-12 00:10:54,232] {dag.py:1818} INFO - Sync 1 DAGs
[2021-03-12 00:10:54,274] {logging_mixin.py:104} INFO - [2021-03-12 00:10:54,274] {dag.py:2273} INFO - Setting next_dagrun for example_nested_branch_dag to 2021-03-10 00:00:00+00:00
[2021-03-12 00:10:54,284] {scheduler_job.py:190} INFO - Processing /home/airflow/.local/lib/python3.6/site-packages/airflow/example_dags/example_nested_branch_dag.py took 0.105 seconds
[2021-03-12 00:11:24,857] {scheduler_job.py:182} INFO - Started process (PID=2494) to work on /home/airflow/.local/lib/python3.6/site-packages/airflow/example_dags/example_nested_branch_dag.py
[2021-03-12 00:11:24,859] {scheduler_job.py:629} INFO - Processing file /home/airflow/.local/lib/python3.6/site-packages/airflow/example_dags/example_nested_branch_dag.py for tasks to queue
[2021-03-12 00:11:24,860] {logging_mixin.py:104} INFO - [2021-03-12 00:11:24,860] {dagbag.py:448} INFO - Filling up the DagBag from /home/airflow/.local/lib/python3.6/site-packages/airflow/example_dags/example_nested_branch_dag.py
[2021-03-12 00:11:24,880] {scheduler_job.py:639} INFO - DAG(s) dict_keys(['example_nested_branch_dag']) retrieved from /home/airflow/.local/lib/python3.6/site-packages/airflow/example_dags/example_nested_branch_dag.py
[2021-03-12 00:11:24,919] {logging_mixin.py:104} INFO - [2021-03-12 00:11:24,919] {dag.py:1818} INFO - Sync 1 DAGs
[2021-03-12 00:11:24,942] {logging_mixin.py:104} INFO - [2021-03-12 00:11:24,942] {dag.py:2273} INFO - Setting next_dagrun for example_nested_branch_dag to 2021-03-10 00:00:00+00:00
[2021-03-12 00:11:24,951] {scheduler_job.py:190} INFO - Processing /home/airflow/.local/lib/python3.6/site-packages/airflow/example_dags/example_nested_branch_dag.py took 0.099 seconds
[2021-03-12 00:41:07,040] {scheduler_job.py:182} INFO - Started process (PID=41) to work on /home/airflow/.local/lib/python3.6/site-packages/airflow/example_dags/example_nested_branch_dag.py
[2021-03-12 00:41:07,046] {scheduler_job.py:629} INFO - Processing file /home/airflow/.local/lib/python3.6/site-packages/airflow/example_dags/example_nested_branch_dag.py for tasks to queue
[2021-03-12 00:41:07,051] {logging_mixin.py:104} INFO - [2021-03-12 00:41:07,051] {dagbag.py:448} INFO - Filling up the DagBag from /home/airflow/.local/lib/python3.6/site-packages/airflow/example_dags/example_nested_branch_dag.py
[2021-03-12 00:41:07,108] {scheduler_job.py:639} INFO - DAG(s) dict_keys(['example_nested_branch_dag']) retrieved from /home/airflow/.local/lib/python3.6/site-packages/airflow/example_dags/example_nested_branch_dag.py
[2021-03-12 00:41:07,169] {logging_mixin.py:104} INFO - [2021-03-12 00:41:07,169] {dag.py:1818} INFO - Sync 1 DAGs
[2021-03-12 00:41:07,219] {logging_mixin.py:104} INFO - [2021-03-12 00:41:07,218] {dag.py:2273} INFO - Setting next_dagrun for example_nested_branch_dag to 2021-03-10 00:00:00+00:00
[2021-03-12 00:41:07,274] {scheduler_job.py:190} INFO - Processing /home/airflow/.local/lib/python3.6/site-packages/airflow/example_dags/example_nested_branch_dag.py took 0.243 seconds
[2021-03-12 00:41:37,746] {scheduler_job.py:182} INFO - Started process (PID=67) to work on /home/airflow/.local/lib/python3.6/site-packages/airflow/example_dags/example_nested_branch_dag.py
[2021-03-12 00:41:37,751] {scheduler_job.py:629} INFO - Processing file /home/airflow/.local/lib/python3.6/site-packages/airflow/example_dags/example_nested_branch_dag.py for tasks to queue
[2021-03-12 00:41:37,753] {logging_mixin.py:104} INFO - [2021-03-12 00:41:37,753] {dagbag.py:448} INFO - Filling up the DagBag from /home/airflow/.local/lib/python3.6/site-packages/airflow/example_dags/example_nested_branch_dag.py
[2021-03-12 00:41:37,771] {scheduler_job.py:639} INFO - DAG(s) dict_keys(['example_nested_branch_dag']) retrieved from /home/airflow/.local/lib/python3.6/site-packages/airflow/example_dags/example_nested_branch_dag.py
[2021-03-12 00:41:37,802] {logging_mixin.py:104} INFO - [2021-03-12 00:41:37,801] {dag.py:1818} INFO - Sync 1 DAGs
[2021-03-12 00:41:37,834] {logging_mixin.py:104} INFO - [2021-03-12 00:41:37,834] {dag.py:2273} INFO - Setting next_dagrun for example_nested_branch_dag to 2021-03-10 00:00:00+00:00
[2021-03-12 00:41:37,853] {scheduler_job.py:190} INFO - Processing /home/airflow/.local/lib/python3.6/site-packages/airflow/example_dags/example_nested_branch_dag.py took 0.111 seconds
[2021-03-12 00:42:08,424] {scheduler_job.py:182} INFO - Started process (PID=96) to work on /home/airflow/.local/lib/python3.6/site-packages/airflow/example_dags/example_nested_branch_dag.py
[2021-03-12 00:42:08,426] {scheduler_job.py:629} INFO - Processing file /home/airflow/.local/lib/python3.6/site-packages/airflow/example_dags/example_nested_branch_dag.py for tasks to queue
[2021-03-12 00:42:08,428] {logging_mixin.py:104} INFO - [2021-03-12 00:42:08,428] {dagbag.py:448} INFO - Filling up the DagBag from /home/airflow/.local/lib/python3.6/site-packages/airflow/example_dags/example_nested_branch_dag.py
[2021-03-12 00:42:08,445] {scheduler_job.py:639} INFO - DAG(s) dict_keys(['example_nested_branch_dag']) retrieved from /home/airflow/.local/lib/python3.6/site-packages/airflow/example_dags/example_nested_branch_dag.py
[2021-03-12 00:42:08,490] {logging_mixin.py:104} INFO - [2021-03-12 00:42:08,490] {dag.py:1818} INFO - Sync 1 DAGs
[2021-03-12 00:42:08,522] {logging_mixin.py:104} INFO - [2021-03-12 00:42:08,522] {dag.py:2273} INFO - Setting next_dagrun for example_nested_branch_dag to 2021-03-10 00:00:00+00:00
[2021-03-12 00:42:08,534] {scheduler_job.py:190} INFO - Processing /home/airflow/.local/lib/python3.6/site-packages/airflow/example_dags/example_nested_branch_dag.py took 0.113 seconds
[2021-03-12 00:42:39,065] {scheduler_job.py:182} INFO - Started process (PID=121) to work on /home/airflow/.local/lib/python3.6/site-packages/airflow/example_dags/example_nested_branch_dag.py
[2021-03-12 00:42:39,067] {scheduler_job.py:629} INFO - Processing file /home/airflow/.local/lib/python3.6/site-packages/airflow/example_dags/example_nested_branch_dag.py for tasks to queue
[2021-03-12 00:42:39,068] {logging_mixin.py:104} INFO - [2021-03-12 00:42:39,068] {dagbag.py:448} INFO - Filling up the DagBag from /home/airflow/.local/lib/python3.6/site-packages/airflow/example_dags/example_nested_branch_dag.py
[2021-03-12 00:42:39,087] {scheduler_job.py:639} INFO - DAG(s) dict_keys(['example_nested_branch_dag']) retrieved from /home/airflow/.local/lib/python3.6/site-packages/airflow/example_dags/example_nested_branch_dag.py
[2021-03-12 00:42:39,111] {logging_mixin.py:104} INFO - [2021-03-12 00:42:39,111] {dag.py:1818} INFO - Sync 1 DAGs
[2021-03-12 00:42:39,133] {logging_mixin.py:104} INFO - [2021-03-12 00:42:39,132] {dag.py:2273} INFO - Setting next_dagrun for example_nested_branch_dag to 2021-03-10 00:00:00+00:00
[2021-03-12 00:42:39,142] {scheduler_job.py:190} INFO - Processing /home/airflow/.local/lib/python3.6/site-packages/airflow/example_dags/example_nested_branch_dag.py took 0.081 seconds
[2021-03-12 00:43:10,082] {scheduler_job.py:182} INFO - Started process (PID=148) to work on /home/airflow/.local/lib/python3.6/site-packages/airflow/example_dags/example_nested_branch_dag.py
[2021-03-12 00:43:10,084] {scheduler_job.py:629} INFO - Processing file /home/airflow/.local/lib/python3.6/site-packages/airflow/example_dags/example_nested_branch_dag.py for tasks to queue
[2021-03-12 00:43:10,094] {logging_mixin.py:104} INFO - [2021-03-12 00:43:10,094] {dagbag.py:448} INFO - Filling up the DagBag from /home/airflow/.local/lib/python3.6/site-packages/airflow/example_dags/example_nested_branch_dag.py
[2021-03-12 00:43:10,164] {scheduler_job.py:639} INFO - DAG(s) dict_keys(['example_nested_branch_dag']) retrieved from /home/airflow/.local/lib/python3.6/site-packages/airflow/example_dags/example_nested_branch_dag.py
[2021-03-12 00:43:10,226] {logging_mixin.py:104} INFO - [2021-03-12 00:43:10,226] {dag.py:1818} INFO - Sync 1 DAGs
[2021-03-12 00:43:10,284] {logging_mixin.py:104} INFO - [2021-03-12 00:43:10,284] {dag.py:2273} INFO - Setting next_dagrun for example_nested_branch_dag to 2021-03-10 00:00:00+00:00
[2021-03-12 00:43:10,323] {scheduler_job.py:190} INFO - Processing /home/airflow/.local/lib/python3.6/site-packages/airflow/example_dags/example_nested_branch_dag.py took 0.248 seconds
