[2021-03-12 00:00:03,358] {scheduler_job.py:182} INFO - Started process (PID=1893) to work on /home/airflow/.local/lib/python3.6/site-packages/airflow/example_dags/example_python_operator.py
[2021-03-12 00:00:03,360] {scheduler_job.py:629} INFO - Processing file /home/airflow/.local/lib/python3.6/site-packages/airflow/example_dags/example_python_operator.py for tasks to queue
[2021-03-12 00:00:03,361] {logging_mixin.py:104} INFO - [2021-03-12 00:00:03,361] {dagbag.py:448} INFO - Filling up the DagBag from /home/airflow/.local/lib/python3.6/site-packages/airflow/example_dags/example_python_operator.py
[2021-03-12 00:00:03,377] {scheduler_job.py:639} INFO - DAG(s) dict_keys(['example_python_operator']) retrieved from /home/airflow/.local/lib/python3.6/site-packages/airflow/example_dags/example_python_operator.py
[2021-03-12 00:00:03,453] {logging_mixin.py:104} INFO - [2021-03-12 00:00:03,453] {dag.py:1818} INFO - Sync 1 DAGs
[2021-03-12 00:00:03,490] {logging_mixin.py:104} INFO - [2021-03-12 00:00:03,490] {dag.py:2273} INFO - Setting next_dagrun for example_python_operator to None
[2021-03-12 00:00:03,515] {scheduler_job.py:190} INFO - Processing /home/airflow/.local/lib/python3.6/site-packages/airflow/example_dags/example_python_operator.py took 0.161 seconds
[2021-03-12 00:00:34,317] {scheduler_job.py:182} INFO - Started process (PID=1920) to work on /home/airflow/.local/lib/python3.6/site-packages/airflow/example_dags/example_python_operator.py
[2021-03-12 00:00:34,319] {scheduler_job.py:629} INFO - Processing file /home/airflow/.local/lib/python3.6/site-packages/airflow/example_dags/example_python_operator.py for tasks to queue
[2021-03-12 00:00:34,321] {logging_mixin.py:104} INFO - [2021-03-12 00:00:34,321] {dagbag.py:448} INFO - Filling up the DagBag from /home/airflow/.local/lib/python3.6/site-packages/airflow/example_dags/example_python_operator.py
[2021-03-12 00:00:34,341] {scheduler_job.py:639} INFO - DAG(s) dict_keys(['example_python_operator']) retrieved from /home/airflow/.local/lib/python3.6/site-packages/airflow/example_dags/example_python_operator.py
[2021-03-12 00:00:34,364] {logging_mixin.py:104} INFO - [2021-03-12 00:00:34,364] {dag.py:1818} INFO - Sync 1 DAGs
[2021-03-12 00:00:34,380] {logging_mixin.py:104} INFO - [2021-03-12 00:00:34,380] {dag.py:2273} INFO - Setting next_dagrun for example_python_operator to None
[2021-03-12 00:00:34,391] {scheduler_job.py:190} INFO - Processing /home/airflow/.local/lib/python3.6/site-packages/airflow/example_dags/example_python_operator.py took 0.078 seconds
[2021-03-12 00:01:04,964] {scheduler_job.py:182} INFO - Started process (PID=1947) to work on /home/airflow/.local/lib/python3.6/site-packages/airflow/example_dags/example_python_operator.py
[2021-03-12 00:01:04,966] {scheduler_job.py:629} INFO - Processing file /home/airflow/.local/lib/python3.6/site-packages/airflow/example_dags/example_python_operator.py for tasks to queue
[2021-03-12 00:01:04,967] {logging_mixin.py:104} INFO - [2021-03-12 00:01:04,967] {dagbag.py:448} INFO - Filling up the DagBag from /home/airflow/.local/lib/python3.6/site-packages/airflow/example_dags/example_python_operator.py
[2021-03-12 00:01:04,982] {scheduler_job.py:639} INFO - DAG(s) dict_keys(['example_python_operator']) retrieved from /home/airflow/.local/lib/python3.6/site-packages/airflow/example_dags/example_python_operator.py
[2021-03-12 00:01:05,015] {logging_mixin.py:104} INFO - [2021-03-12 00:01:05,015] {dag.py:1818} INFO - Sync 1 DAGs
[2021-03-12 00:01:05,035] {logging_mixin.py:104} INFO - [2021-03-12 00:01:05,035] {dag.py:2273} INFO - Setting next_dagrun for example_python_operator to None
[2021-03-12 00:01:05,045] {scheduler_job.py:190} INFO - Processing /home/airflow/.local/lib/python3.6/site-packages/airflow/example_dags/example_python_operator.py took 0.088 seconds
[2021-03-12 00:01:35,583] {scheduler_job.py:182} INFO - Started process (PID=1974) to work on /home/airflow/.local/lib/python3.6/site-packages/airflow/example_dags/example_python_operator.py
[2021-03-12 00:01:35,586] {scheduler_job.py:629} INFO - Processing file /home/airflow/.local/lib/python3.6/site-packages/airflow/example_dags/example_python_operator.py for tasks to queue
[2021-03-12 00:01:35,588] {logging_mixin.py:104} INFO - [2021-03-12 00:01:35,588] {dagbag.py:448} INFO - Filling up the DagBag from /home/airflow/.local/lib/python3.6/site-packages/airflow/example_dags/example_python_operator.py
[2021-03-12 00:01:35,607] {scheduler_job.py:639} INFO - DAG(s) dict_keys(['example_python_operator']) retrieved from /home/airflow/.local/lib/python3.6/site-packages/airflow/example_dags/example_python_operator.py
[2021-03-12 00:01:35,640] {logging_mixin.py:104} INFO - [2021-03-12 00:01:35,640] {dag.py:1818} INFO - Sync 1 DAGs
[2021-03-12 00:01:35,656] {logging_mixin.py:104} INFO - [2021-03-12 00:01:35,656] {dag.py:2273} INFO - Setting next_dagrun for example_python_operator to None
[2021-03-12 00:01:35,666] {scheduler_job.py:190} INFO - Processing /home/airflow/.local/lib/python3.6/site-packages/airflow/example_dags/example_python_operator.py took 0.089 seconds
[2021-03-12 00:02:06,259] {scheduler_job.py:182} INFO - Started process (PID=2001) to work on /home/airflow/.local/lib/python3.6/site-packages/airflow/example_dags/example_python_operator.py
[2021-03-12 00:02:06,261] {scheduler_job.py:629} INFO - Processing file /home/airflow/.local/lib/python3.6/site-packages/airflow/example_dags/example_python_operator.py for tasks to queue
[2021-03-12 00:02:06,263] {logging_mixin.py:104} INFO - [2021-03-12 00:02:06,262] {dagbag.py:448} INFO - Filling up the DagBag from /home/airflow/.local/lib/python3.6/site-packages/airflow/example_dags/example_python_operator.py
[2021-03-12 00:02:06,276] {scheduler_job.py:639} INFO - DAG(s) dict_keys(['example_python_operator']) retrieved from /home/airflow/.local/lib/python3.6/site-packages/airflow/example_dags/example_python_operator.py
[2021-03-12 00:02:06,301] {logging_mixin.py:104} INFO - [2021-03-12 00:02:06,301] {dag.py:1818} INFO - Sync 1 DAGs
[2021-03-12 00:02:06,318] {logging_mixin.py:104} INFO - [2021-03-12 00:02:06,318] {dag.py:2273} INFO - Setting next_dagrun for example_python_operator to None
[2021-03-12 00:02:06,333] {scheduler_job.py:190} INFO - Processing /home/airflow/.local/lib/python3.6/site-packages/airflow/example_dags/example_python_operator.py took 0.078 seconds
[2021-03-12 00:02:36,843] {scheduler_job.py:182} INFO - Started process (PID=2028) to work on /home/airflow/.local/lib/python3.6/site-packages/airflow/example_dags/example_python_operator.py
[2021-03-12 00:02:36,845] {scheduler_job.py:629} INFO - Processing file /home/airflow/.local/lib/python3.6/site-packages/airflow/example_dags/example_python_operator.py for tasks to queue
[2021-03-12 00:02:36,846] {logging_mixin.py:104} INFO - [2021-03-12 00:02:36,846] {dagbag.py:448} INFO - Filling up the DagBag from /home/airflow/.local/lib/python3.6/site-packages/airflow/example_dags/example_python_operator.py
[2021-03-12 00:02:36,860] {scheduler_job.py:639} INFO - DAG(s) dict_keys(['example_python_operator']) retrieved from /home/airflow/.local/lib/python3.6/site-packages/airflow/example_dags/example_python_operator.py
[2021-03-12 00:02:36,880] {logging_mixin.py:104} INFO - [2021-03-12 00:02:36,880] {dag.py:1818} INFO - Sync 1 DAGs
[2021-03-12 00:02:36,896] {logging_mixin.py:104} INFO - [2021-03-12 00:02:36,896] {dag.py:2273} INFO - Setting next_dagrun for example_python_operator to None
[2021-03-12 00:02:36,905] {scheduler_job.py:190} INFO - Processing /home/airflow/.local/lib/python3.6/site-packages/airflow/example_dags/example_python_operator.py took 0.065 seconds
[2021-03-12 00:03:07,578] {scheduler_job.py:182} INFO - Started process (PID=2055) to work on /home/airflow/.local/lib/python3.6/site-packages/airflow/example_dags/example_python_operator.py
[2021-03-12 00:03:07,580] {scheduler_job.py:629} INFO - Processing file /home/airflow/.local/lib/python3.6/site-packages/airflow/example_dags/example_python_operator.py for tasks to queue
[2021-03-12 00:03:07,581] {logging_mixin.py:104} INFO - [2021-03-12 00:03:07,581] {dagbag.py:448} INFO - Filling up the DagBag from /home/airflow/.local/lib/python3.6/site-packages/airflow/example_dags/example_python_operator.py
[2021-03-12 00:03:07,596] {scheduler_job.py:639} INFO - DAG(s) dict_keys(['example_python_operator']) retrieved from /home/airflow/.local/lib/python3.6/site-packages/airflow/example_dags/example_python_operator.py
[2021-03-12 00:03:07,624] {logging_mixin.py:104} INFO - [2021-03-12 00:03:07,624] {dag.py:1818} INFO - Sync 1 DAGs
[2021-03-12 00:03:07,639] {logging_mixin.py:104} INFO - [2021-03-12 00:03:07,639] {dag.py:2273} INFO - Setting next_dagrun for example_python_operator to None
[2021-03-12 00:03:07,649] {scheduler_job.py:190} INFO - Processing /home/airflow/.local/lib/python3.6/site-packages/airflow/example_dags/example_python_operator.py took 0.076 seconds
[2021-03-12 00:03:38,321] {scheduler_job.py:182} INFO - Started process (PID=2082) to work on /home/airflow/.local/lib/python3.6/site-packages/airflow/example_dags/example_python_operator.py
[2021-03-12 00:03:38,325] {scheduler_job.py:629} INFO - Processing file /home/airflow/.local/lib/python3.6/site-packages/airflow/example_dags/example_python_operator.py for tasks to queue
[2021-03-12 00:03:38,327] {logging_mixin.py:104} INFO - [2021-03-12 00:03:38,327] {dagbag.py:448} INFO - Filling up the DagBag from /home/airflow/.local/lib/python3.6/site-packages/airflow/example_dags/example_python_operator.py
[2021-03-12 00:03:38,340] {scheduler_job.py:639} INFO - DAG(s) dict_keys(['example_python_operator']) retrieved from /home/airflow/.local/lib/python3.6/site-packages/airflow/example_dags/example_python_operator.py
[2021-03-12 00:03:38,368] {logging_mixin.py:104} INFO - [2021-03-12 00:03:38,368] {dag.py:1818} INFO - Sync 1 DAGs
[2021-03-12 00:03:38,383] {logging_mixin.py:104} INFO - [2021-03-12 00:03:38,383] {dag.py:2273} INFO - Setting next_dagrun for example_python_operator to None
[2021-03-12 00:03:38,392] {scheduler_job.py:190} INFO - Processing /home/airflow/.local/lib/python3.6/site-packages/airflow/example_dags/example_python_operator.py took 0.075 seconds
[2021-03-12 00:04:09,032] {scheduler_job.py:182} INFO - Started process (PID=2109) to work on /home/airflow/.local/lib/python3.6/site-packages/airflow/example_dags/example_python_operator.py
[2021-03-12 00:04:09,035] {scheduler_job.py:629} INFO - Processing file /home/airflow/.local/lib/python3.6/site-packages/airflow/example_dags/example_python_operator.py for tasks to queue
[2021-03-12 00:04:09,038] {logging_mixin.py:104} INFO - [2021-03-12 00:04:09,038] {dagbag.py:448} INFO - Filling up the DagBag from /home/airflow/.local/lib/python3.6/site-packages/airflow/example_dags/example_python_operator.py
[2021-03-12 00:04:09,055] {scheduler_job.py:639} INFO - DAG(s) dict_keys(['example_python_operator']) retrieved from /home/airflow/.local/lib/python3.6/site-packages/airflow/example_dags/example_python_operator.py
[2021-03-12 00:04:09,093] {logging_mixin.py:104} INFO - [2021-03-12 00:04:09,093] {dag.py:1818} INFO - Sync 1 DAGs
[2021-03-12 00:04:09,110] {logging_mixin.py:104} INFO - [2021-03-12 00:04:09,110] {dag.py:2273} INFO - Setting next_dagrun for example_python_operator to None
[2021-03-12 00:04:09,120] {scheduler_job.py:190} INFO - Processing /home/airflow/.local/lib/python3.6/site-packages/airflow/example_dags/example_python_operator.py took 0.092 seconds
[2021-03-12 00:04:39,626] {scheduler_job.py:182} INFO - Started process (PID=2136) to work on /home/airflow/.local/lib/python3.6/site-packages/airflow/example_dags/example_python_operator.py
[2021-03-12 00:04:39,628] {scheduler_job.py:629} INFO - Processing file /home/airflow/.local/lib/python3.6/site-packages/airflow/example_dags/example_python_operator.py for tasks to queue
[2021-03-12 00:04:39,629] {logging_mixin.py:104} INFO - [2021-03-12 00:04:39,629] {dagbag.py:448} INFO - Filling up the DagBag from /home/airflow/.local/lib/python3.6/site-packages/airflow/example_dags/example_python_operator.py
[2021-03-12 00:04:39,648] {scheduler_job.py:639} INFO - DAG(s) dict_keys(['example_python_operator']) retrieved from /home/airflow/.local/lib/python3.6/site-packages/airflow/example_dags/example_python_operator.py
[2021-03-12 00:04:39,681] {logging_mixin.py:104} INFO - [2021-03-12 00:04:39,681] {dag.py:1818} INFO - Sync 1 DAGs
[2021-03-12 00:04:39,702] {logging_mixin.py:104} INFO - [2021-03-12 00:04:39,702] {dag.py:2273} INFO - Setting next_dagrun for example_python_operator to None
[2021-03-12 00:04:39,712] {scheduler_job.py:190} INFO - Processing /home/airflow/.local/lib/python3.6/site-packages/airflow/example_dags/example_python_operator.py took 0.091 seconds
[2021-03-12 00:05:10,408] {scheduler_job.py:182} INFO - Started process (PID=2163) to work on /home/airflow/.local/lib/python3.6/site-packages/airflow/example_dags/example_python_operator.py
[2021-03-12 00:05:10,411] {scheduler_job.py:629} INFO - Processing file /home/airflow/.local/lib/python3.6/site-packages/airflow/example_dags/example_python_operator.py for tasks to queue
[2021-03-12 00:05:10,413] {logging_mixin.py:104} INFO - [2021-03-12 00:05:10,413] {dagbag.py:448} INFO - Filling up the DagBag from /home/airflow/.local/lib/python3.6/site-packages/airflow/example_dags/example_python_operator.py
[2021-03-12 00:05:10,430] {scheduler_job.py:639} INFO - DAG(s) dict_keys(['example_python_operator']) retrieved from /home/airflow/.local/lib/python3.6/site-packages/airflow/example_dags/example_python_operator.py
[2021-03-12 00:05:10,463] {logging_mixin.py:104} INFO - [2021-03-12 00:05:10,463] {dag.py:1818} INFO - Sync 1 DAGs
[2021-03-12 00:05:10,485] {logging_mixin.py:104} INFO - [2021-03-12 00:05:10,485] {dag.py:2273} INFO - Setting next_dagrun for example_python_operator to None
[2021-03-12 00:05:10,507] {scheduler_job.py:190} INFO - Processing /home/airflow/.local/lib/python3.6/site-packages/airflow/example_dags/example_python_operator.py took 0.107 seconds
[2021-03-12 00:05:41,214] {scheduler_job.py:182} INFO - Started process (PID=2190) to work on /home/airflow/.local/lib/python3.6/site-packages/airflow/example_dags/example_python_operator.py
[2021-03-12 00:05:41,218] {scheduler_job.py:629} INFO - Processing file /home/airflow/.local/lib/python3.6/site-packages/airflow/example_dags/example_python_operator.py for tasks to queue
[2021-03-12 00:05:41,222] {logging_mixin.py:104} INFO - [2021-03-12 00:05:41,222] {dagbag.py:448} INFO - Filling up the DagBag from /home/airflow/.local/lib/python3.6/site-packages/airflow/example_dags/example_python_operator.py
[2021-03-12 00:05:41,253] {scheduler_job.py:639} INFO - DAG(s) dict_keys(['example_python_operator']) retrieved from /home/airflow/.local/lib/python3.6/site-packages/airflow/example_dags/example_python_operator.py
[2021-03-12 00:05:41,282] {logging_mixin.py:104} INFO - [2021-03-12 00:05:41,281] {dag.py:1818} INFO - Sync 1 DAGs
[2021-03-12 00:05:41,301] {logging_mixin.py:104} INFO - [2021-03-12 00:05:41,301] {dag.py:2273} INFO - Setting next_dagrun for example_python_operator to None
[2021-03-12 00:05:41,312] {scheduler_job.py:190} INFO - Processing /home/airflow/.local/lib/python3.6/site-packages/airflow/example_dags/example_python_operator.py took 0.106 seconds
[2021-03-12 00:06:12,175] {scheduler_job.py:182} INFO - Started process (PID=2217) to work on /home/airflow/.local/lib/python3.6/site-packages/airflow/example_dags/example_python_operator.py
[2021-03-12 00:06:12,179] {scheduler_job.py:629} INFO - Processing file /home/airflow/.local/lib/python3.6/site-packages/airflow/example_dags/example_python_operator.py for tasks to queue
[2021-03-12 00:06:12,182] {logging_mixin.py:104} INFO - [2021-03-12 00:06:12,182] {dagbag.py:448} INFO - Filling up the DagBag from /home/airflow/.local/lib/python3.6/site-packages/airflow/example_dags/example_python_operator.py
[2021-03-12 00:06:12,200] {scheduler_job.py:639} INFO - DAG(s) dict_keys(['example_python_operator']) retrieved from /home/airflow/.local/lib/python3.6/site-packages/airflow/example_dags/example_python_operator.py
[2021-03-12 00:06:12,220] {logging_mixin.py:104} INFO - [2021-03-12 00:06:12,220] {dag.py:1818} INFO - Sync 1 DAGs
[2021-03-12 00:06:12,236] {logging_mixin.py:104} INFO - [2021-03-12 00:06:12,236] {dag.py:2273} INFO - Setting next_dagrun for example_python_operator to None
[2021-03-12 00:06:12,247] {scheduler_job.py:190} INFO - Processing /home/airflow/.local/lib/python3.6/site-packages/airflow/example_dags/example_python_operator.py took 0.077 seconds
[2021-03-12 00:06:42,770] {scheduler_job.py:182} INFO - Started process (PID=2244) to work on /home/airflow/.local/lib/python3.6/site-packages/airflow/example_dags/example_python_operator.py
[2021-03-12 00:06:42,773] {scheduler_job.py:629} INFO - Processing file /home/airflow/.local/lib/python3.6/site-packages/airflow/example_dags/example_python_operator.py for tasks to queue
[2021-03-12 00:06:42,776] {logging_mixin.py:104} INFO - [2021-03-12 00:06:42,776] {dagbag.py:448} INFO - Filling up the DagBag from /home/airflow/.local/lib/python3.6/site-packages/airflow/example_dags/example_python_operator.py
[2021-03-12 00:06:42,812] {scheduler_job.py:639} INFO - DAG(s) dict_keys(['example_python_operator']) retrieved from /home/airflow/.local/lib/python3.6/site-packages/airflow/example_dags/example_python_operator.py
[2021-03-12 00:06:42,863] {logging_mixin.py:104} INFO - [2021-03-12 00:06:42,862] {dag.py:1818} INFO - Sync 1 DAGs
[2021-03-12 00:06:42,919] {logging_mixin.py:104} INFO - [2021-03-12 00:06:42,919] {dag.py:2273} INFO - Setting next_dagrun for example_python_operator to None
[2021-03-12 00:06:42,953] {scheduler_job.py:190} INFO - Processing /home/airflow/.local/lib/python3.6/site-packages/airflow/example_dags/example_python_operator.py took 0.189 seconds
[2021-03-12 00:07:13,579] {scheduler_job.py:182} INFO - Started process (PID=2271) to work on /home/airflow/.local/lib/python3.6/site-packages/airflow/example_dags/example_python_operator.py
[2021-03-12 00:07:13,582] {scheduler_job.py:629} INFO - Processing file /home/airflow/.local/lib/python3.6/site-packages/airflow/example_dags/example_python_operator.py for tasks to queue
[2021-03-12 00:07:13,584] {logging_mixin.py:104} INFO - [2021-03-12 00:07:13,584] {dagbag.py:448} INFO - Filling up the DagBag from /home/airflow/.local/lib/python3.6/site-packages/airflow/example_dags/example_python_operator.py
[2021-03-12 00:07:13,600] {scheduler_job.py:639} INFO - DAG(s) dict_keys(['example_python_operator']) retrieved from /home/airflow/.local/lib/python3.6/site-packages/airflow/example_dags/example_python_operator.py
[2021-03-12 00:07:13,631] {logging_mixin.py:104} INFO - [2021-03-12 00:07:13,631] {dag.py:1818} INFO - Sync 1 DAGs
[2021-03-12 00:07:13,657] {logging_mixin.py:104} INFO - [2021-03-12 00:07:13,657] {dag.py:2273} INFO - Setting next_dagrun for example_python_operator to None
[2021-03-12 00:07:13,672] {scheduler_job.py:190} INFO - Processing /home/airflow/.local/lib/python3.6/site-packages/airflow/example_dags/example_python_operator.py took 0.097 seconds
[2021-03-12 00:07:44,463] {scheduler_job.py:182} INFO - Started process (PID=2298) to work on /home/airflow/.local/lib/python3.6/site-packages/airflow/example_dags/example_python_operator.py
[2021-03-12 00:07:44,465] {scheduler_job.py:629} INFO - Processing file /home/airflow/.local/lib/python3.6/site-packages/airflow/example_dags/example_python_operator.py for tasks to queue
[2021-03-12 00:07:44,467] {logging_mixin.py:104} INFO - [2021-03-12 00:07:44,466] {dagbag.py:448} INFO - Filling up the DagBag from /home/airflow/.local/lib/python3.6/site-packages/airflow/example_dags/example_python_operator.py
[2021-03-12 00:07:44,481] {scheduler_job.py:639} INFO - DAG(s) dict_keys(['example_python_operator']) retrieved from /home/airflow/.local/lib/python3.6/site-packages/airflow/example_dags/example_python_operator.py
[2021-03-12 00:07:44,503] {logging_mixin.py:104} INFO - [2021-03-12 00:07:44,503] {dag.py:1818} INFO - Sync 1 DAGs
[2021-03-12 00:07:44,519] {logging_mixin.py:104} INFO - [2021-03-12 00:07:44,519] {dag.py:2273} INFO - Setting next_dagrun for example_python_operator to None
[2021-03-12 00:07:44,530] {scheduler_job.py:190} INFO - Processing /home/airflow/.local/lib/python3.6/site-packages/airflow/example_dags/example_python_operator.py took 0.071 seconds
[2021-03-12 00:08:15,121] {scheduler_job.py:182} INFO - Started process (PID=2325) to work on /home/airflow/.local/lib/python3.6/site-packages/airflow/example_dags/example_python_operator.py
[2021-03-12 00:08:15,124] {scheduler_job.py:629} INFO - Processing file /home/airflow/.local/lib/python3.6/site-packages/airflow/example_dags/example_python_operator.py for tasks to queue
[2021-03-12 00:08:15,126] {logging_mixin.py:104} INFO - [2021-03-12 00:08:15,126] {dagbag.py:448} INFO - Filling up the DagBag from /home/airflow/.local/lib/python3.6/site-packages/airflow/example_dags/example_python_operator.py
[2021-03-12 00:08:15,147] {scheduler_job.py:639} INFO - DAG(s) dict_keys(['example_python_operator']) retrieved from /home/airflow/.local/lib/python3.6/site-packages/airflow/example_dags/example_python_operator.py
[2021-03-12 00:08:15,181] {logging_mixin.py:104} INFO - [2021-03-12 00:08:15,181] {dag.py:1818} INFO - Sync 1 DAGs
[2021-03-12 00:08:15,203] {logging_mixin.py:104} INFO - [2021-03-12 00:08:15,203] {dag.py:2273} INFO - Setting next_dagrun for example_python_operator to None
[2021-03-12 00:08:15,215] {scheduler_job.py:190} INFO - Processing /home/airflow/.local/lib/python3.6/site-packages/airflow/example_dags/example_python_operator.py took 0.099 seconds
[2021-03-12 00:08:45,829] {scheduler_job.py:182} INFO - Started process (PID=2352) to work on /home/airflow/.local/lib/python3.6/site-packages/airflow/example_dags/example_python_operator.py
[2021-03-12 00:08:45,831] {scheduler_job.py:629} INFO - Processing file /home/airflow/.local/lib/python3.6/site-packages/airflow/example_dags/example_python_operator.py for tasks to queue
[2021-03-12 00:08:45,832] {logging_mixin.py:104} INFO - [2021-03-12 00:08:45,832] {dagbag.py:448} INFO - Filling up the DagBag from /home/airflow/.local/lib/python3.6/site-packages/airflow/example_dags/example_python_operator.py
[2021-03-12 00:08:45,845] {scheduler_job.py:639} INFO - DAG(s) dict_keys(['example_python_operator']) retrieved from /home/airflow/.local/lib/python3.6/site-packages/airflow/example_dags/example_python_operator.py
[2021-03-12 00:08:45,873] {logging_mixin.py:104} INFO - [2021-03-12 00:08:45,873] {dag.py:1818} INFO - Sync 1 DAGs
[2021-03-12 00:08:45,889] {logging_mixin.py:104} INFO - [2021-03-12 00:08:45,889] {dag.py:2273} INFO - Setting next_dagrun for example_python_operator to None
[2021-03-12 00:08:45,903] {scheduler_job.py:190} INFO - Processing /home/airflow/.local/lib/python3.6/site-packages/airflow/example_dags/example_python_operator.py took 0.078 seconds
[2021-03-12 00:09:16,420] {scheduler_job.py:182} INFO - Started process (PID=2379) to work on /home/airflow/.local/lib/python3.6/site-packages/airflow/example_dags/example_python_operator.py
[2021-03-12 00:09:16,425] {scheduler_job.py:629} INFO - Processing file /home/airflow/.local/lib/python3.6/site-packages/airflow/example_dags/example_python_operator.py for tasks to queue
[2021-03-12 00:09:16,427] {logging_mixin.py:104} INFO - [2021-03-12 00:09:16,427] {dagbag.py:448} INFO - Filling up the DagBag from /home/airflow/.local/lib/python3.6/site-packages/airflow/example_dags/example_python_operator.py
[2021-03-12 00:09:16,449] {scheduler_job.py:639} INFO - DAG(s) dict_keys(['example_python_operator']) retrieved from /home/airflow/.local/lib/python3.6/site-packages/airflow/example_dags/example_python_operator.py
[2021-03-12 00:09:16,485] {logging_mixin.py:104} INFO - [2021-03-12 00:09:16,485] {dag.py:1818} INFO - Sync 1 DAGs
[2021-03-12 00:09:16,514] {logging_mixin.py:104} INFO - [2021-03-12 00:09:16,514] {dag.py:2273} INFO - Setting next_dagrun for example_python_operator to None
[2021-03-12 00:09:16,531] {scheduler_job.py:190} INFO - Processing /home/airflow/.local/lib/python3.6/site-packages/airflow/example_dags/example_python_operator.py took 0.117 seconds
[2021-03-12 00:09:47,132] {scheduler_job.py:182} INFO - Started process (PID=2406) to work on /home/airflow/.local/lib/python3.6/site-packages/airflow/example_dags/example_python_operator.py
[2021-03-12 00:09:47,134] {scheduler_job.py:629} INFO - Processing file /home/airflow/.local/lib/python3.6/site-packages/airflow/example_dags/example_python_operator.py for tasks to queue
[2021-03-12 00:09:47,136] {logging_mixin.py:104} INFO - [2021-03-12 00:09:47,136] {dagbag.py:448} INFO - Filling up the DagBag from /home/airflow/.local/lib/python3.6/site-packages/airflow/example_dags/example_python_operator.py
[2021-03-12 00:09:47,154] {scheduler_job.py:639} INFO - DAG(s) dict_keys(['example_python_operator']) retrieved from /home/airflow/.local/lib/python3.6/site-packages/airflow/example_dags/example_python_operator.py
[2021-03-12 00:09:47,194] {logging_mixin.py:104} INFO - [2021-03-12 00:09:47,194] {dag.py:1818} INFO - Sync 1 DAGs
[2021-03-12 00:09:47,211] {logging_mixin.py:104} INFO - [2021-03-12 00:09:47,211] {dag.py:2273} INFO - Setting next_dagrun for example_python_operator to None
[2021-03-12 00:09:47,226] {scheduler_job.py:190} INFO - Processing /home/airflow/.local/lib/python3.6/site-packages/airflow/example_dags/example_python_operator.py took 0.100 seconds
[2021-03-12 00:10:17,277] {scheduler_job.py:182} INFO - Started process (PID=2433) to work on /home/airflow/.local/lib/python3.6/site-packages/airflow/example_dags/example_python_operator.py
[2021-03-12 00:10:17,279] {scheduler_job.py:629} INFO - Processing file /home/airflow/.local/lib/python3.6/site-packages/airflow/example_dags/example_python_operator.py for tasks to queue
[2021-03-12 00:10:17,280] {logging_mixin.py:104} INFO - [2021-03-12 00:10:17,280] {dagbag.py:448} INFO - Filling up the DagBag from /home/airflow/.local/lib/python3.6/site-packages/airflow/example_dags/example_python_operator.py
[2021-03-12 00:10:17,294] {scheduler_job.py:639} INFO - DAG(s) dict_keys(['example_python_operator']) retrieved from /home/airflow/.local/lib/python3.6/site-packages/airflow/example_dags/example_python_operator.py
[2021-03-12 00:10:17,326] {logging_mixin.py:104} INFO - [2021-03-12 00:10:17,326] {dag.py:1818} INFO - Sync 1 DAGs
[2021-03-12 00:10:17,349] {logging_mixin.py:104} INFO - [2021-03-12 00:10:17,349] {dag.py:2273} INFO - Setting next_dagrun for example_python_operator to None
[2021-03-12 00:10:17,359] {scheduler_job.py:190} INFO - Processing /home/airflow/.local/lib/python3.6/site-packages/airflow/example_dags/example_python_operator.py took 0.085 seconds
[2021-03-12 00:10:47,762] {scheduler_job.py:182} INFO - Started process (PID=2460) to work on /home/airflow/.local/lib/python3.6/site-packages/airflow/example_dags/example_python_operator.py
[2021-03-12 00:10:47,764] {scheduler_job.py:629} INFO - Processing file /home/airflow/.local/lib/python3.6/site-packages/airflow/example_dags/example_python_operator.py for tasks to queue
[2021-03-12 00:10:47,766] {logging_mixin.py:104} INFO - [2021-03-12 00:10:47,766] {dagbag.py:448} INFO - Filling up the DagBag from /home/airflow/.local/lib/python3.6/site-packages/airflow/example_dags/example_python_operator.py
[2021-03-12 00:10:47,779] {scheduler_job.py:639} INFO - DAG(s) dict_keys(['example_python_operator']) retrieved from /home/airflow/.local/lib/python3.6/site-packages/airflow/example_dags/example_python_operator.py
[2021-03-12 00:10:47,800] {logging_mixin.py:104} INFO - [2021-03-12 00:10:47,800] {dag.py:1818} INFO - Sync 1 DAGs
[2021-03-12 00:10:47,816] {logging_mixin.py:104} INFO - [2021-03-12 00:10:47,815] {dag.py:2273} INFO - Setting next_dagrun for example_python_operator to None
[2021-03-12 00:10:47,825] {scheduler_job.py:190} INFO - Processing /home/airflow/.local/lib/python3.6/site-packages/airflow/example_dags/example_python_operator.py took 0.068 seconds
[2021-03-12 00:11:18,349] {scheduler_job.py:182} INFO - Started process (PID=2487) to work on /home/airflow/.local/lib/python3.6/site-packages/airflow/example_dags/example_python_operator.py
[2021-03-12 00:11:18,351] {scheduler_job.py:629} INFO - Processing file /home/airflow/.local/lib/python3.6/site-packages/airflow/example_dags/example_python_operator.py for tasks to queue
[2021-03-12 00:11:18,352] {logging_mixin.py:104} INFO - [2021-03-12 00:11:18,352] {dagbag.py:448} INFO - Filling up the DagBag from /home/airflow/.local/lib/python3.6/site-packages/airflow/example_dags/example_python_operator.py
[2021-03-12 00:11:18,373] {scheduler_job.py:639} INFO - DAG(s) dict_keys(['example_python_operator']) retrieved from /home/airflow/.local/lib/python3.6/site-packages/airflow/example_dags/example_python_operator.py
[2021-03-12 00:11:18,398] {logging_mixin.py:104} INFO - [2021-03-12 00:11:18,398] {dag.py:1818} INFO - Sync 1 DAGs
[2021-03-12 00:11:18,419] {logging_mixin.py:104} INFO - [2021-03-12 00:11:18,419] {dag.py:2273} INFO - Setting next_dagrun for example_python_operator to None
[2021-03-12 00:11:18,429] {scheduler_job.py:190} INFO - Processing /home/airflow/.local/lib/python3.6/site-packages/airflow/example_dags/example_python_operator.py took 0.084 seconds
[2021-03-12 00:41:02,585] {scheduler_job.py:182} INFO - Started process (PID=23) to work on /home/airflow/.local/lib/python3.6/site-packages/airflow/example_dags/example_python_operator.py
[2021-03-12 00:41:02,598] {scheduler_job.py:629} INFO - Processing file /home/airflow/.local/lib/python3.6/site-packages/airflow/example_dags/example_python_operator.py for tasks to queue
[2021-03-12 00:41:02,614] {logging_mixin.py:104} INFO - [2021-03-12 00:41:02,612] {dagbag.py:448} INFO - Filling up the DagBag from /home/airflow/.local/lib/python3.6/site-packages/airflow/example_dags/example_python_operator.py
[2021-03-12 00:41:02,734] {scheduler_job.py:639} INFO - DAG(s) dict_keys(['example_python_operator']) retrieved from /home/airflow/.local/lib/python3.6/site-packages/airflow/example_dags/example_python_operator.py
[2021-03-12 00:41:02,848] {logging_mixin.py:104} INFO - [2021-03-12 00:41:02,848] {dag.py:1818} INFO - Sync 1 DAGs
[2021-03-12 00:41:02,882] {logging_mixin.py:104} INFO - [2021-03-12 00:41:02,882] {dag.py:2273} INFO - Setting next_dagrun for example_python_operator to None
[2021-03-12 00:41:02,959] {scheduler_job.py:190} INFO - Processing /home/airflow/.local/lib/python3.6/site-packages/airflow/example_dags/example_python_operator.py took 0.405 seconds
[2021-03-12 00:41:33,719] {scheduler_job.py:182} INFO - Started process (PID=50) to work on /home/airflow/.local/lib/python3.6/site-packages/airflow/example_dags/example_python_operator.py
[2021-03-12 00:41:33,726] {scheduler_job.py:629} INFO - Processing file /home/airflow/.local/lib/python3.6/site-packages/airflow/example_dags/example_python_operator.py for tasks to queue
[2021-03-12 00:41:33,728] {logging_mixin.py:104} INFO - [2021-03-12 00:41:33,727] {dagbag.py:448} INFO - Filling up the DagBag from /home/airflow/.local/lib/python3.6/site-packages/airflow/example_dags/example_python_operator.py
[2021-03-12 00:41:33,748] {scheduler_job.py:639} INFO - DAG(s) dict_keys(['example_python_operator']) retrieved from /home/airflow/.local/lib/python3.6/site-packages/airflow/example_dags/example_python_operator.py
[2021-03-12 00:41:33,783] {logging_mixin.py:104} INFO - [2021-03-12 00:41:33,783] {dag.py:1818} INFO - Sync 1 DAGs
[2021-03-12 00:41:33,809] {logging_mixin.py:104} INFO - [2021-03-12 00:41:33,809] {dag.py:2273} INFO - Setting next_dagrun for example_python_operator to None
[2021-03-12 00:41:33,826] {scheduler_job.py:190} INFO - Processing /home/airflow/.local/lib/python3.6/site-packages/airflow/example_dags/example_python_operator.py took 0.114 seconds
[2021-03-12 00:42:04,403] {scheduler_job.py:182} INFO - Started process (PID=77) to work on /home/airflow/.local/lib/python3.6/site-packages/airflow/example_dags/example_python_operator.py
[2021-03-12 00:42:04,407] {scheduler_job.py:629} INFO - Processing file /home/airflow/.local/lib/python3.6/site-packages/airflow/example_dags/example_python_operator.py for tasks to queue
[2021-03-12 00:42:04,408] {logging_mixin.py:104} INFO - [2021-03-12 00:42:04,408] {dagbag.py:448} INFO - Filling up the DagBag from /home/airflow/.local/lib/python3.6/site-packages/airflow/example_dags/example_python_operator.py
[2021-03-12 00:42:04,422] {scheduler_job.py:639} INFO - DAG(s) dict_keys(['example_python_operator']) retrieved from /home/airflow/.local/lib/python3.6/site-packages/airflow/example_dags/example_python_operator.py
[2021-03-12 00:42:04,452] {logging_mixin.py:104} INFO - [2021-03-12 00:42:04,452] {dag.py:1818} INFO - Sync 1 DAGs
[2021-03-12 00:42:04,471] {logging_mixin.py:104} INFO - [2021-03-12 00:42:04,471] {dag.py:2273} INFO - Setting next_dagrun for example_python_operator to None
[2021-03-12 00:42:04,486] {scheduler_job.py:190} INFO - Processing /home/airflow/.local/lib/python3.6/site-packages/airflow/example_dags/example_python_operator.py took 0.086 seconds
[2021-03-12 00:42:35,160] {scheduler_job.py:182} INFO - Started process (PID=104) to work on /home/airflow/.local/lib/python3.6/site-packages/airflow/example_dags/example_python_operator.py
[2021-03-12 00:42:35,162] {scheduler_job.py:629} INFO - Processing file /home/airflow/.local/lib/python3.6/site-packages/airflow/example_dags/example_python_operator.py for tasks to queue
[2021-03-12 00:42:35,164] {logging_mixin.py:104} INFO - [2021-03-12 00:42:35,164] {dagbag.py:448} INFO - Filling up the DagBag from /home/airflow/.local/lib/python3.6/site-packages/airflow/example_dags/example_python_operator.py
[2021-03-12 00:42:35,180] {scheduler_job.py:639} INFO - DAG(s) dict_keys(['example_python_operator']) retrieved from /home/airflow/.local/lib/python3.6/site-packages/airflow/example_dags/example_python_operator.py
[2021-03-12 00:42:35,208] {logging_mixin.py:104} INFO - [2021-03-12 00:42:35,207] {dag.py:1818} INFO - Sync 1 DAGs
[2021-03-12 00:42:35,230] {logging_mixin.py:104} INFO - [2021-03-12 00:42:35,229] {dag.py:2273} INFO - Setting next_dagrun for example_python_operator to None
[2021-03-12 00:42:35,241] {scheduler_job.py:190} INFO - Processing /home/airflow/.local/lib/python3.6/site-packages/airflow/example_dags/example_python_operator.py took 0.086 seconds
[2021-03-12 00:43:06,017] {scheduler_job.py:182} INFO - Started process (PID=131) to work on /home/airflow/.local/lib/python3.6/site-packages/airflow/example_dags/example_python_operator.py
[2021-03-12 00:43:06,019] {scheduler_job.py:629} INFO - Processing file /home/airflow/.local/lib/python3.6/site-packages/airflow/example_dags/example_python_operator.py for tasks to queue
[2021-03-12 00:43:06,020] {logging_mixin.py:104} INFO - [2021-03-12 00:43:06,020] {dagbag.py:448} INFO - Filling up the DagBag from /home/airflow/.local/lib/python3.6/site-packages/airflow/example_dags/example_python_operator.py
[2021-03-12 00:43:06,035] {scheduler_job.py:639} INFO - DAG(s) dict_keys(['example_python_operator']) retrieved from /home/airflow/.local/lib/python3.6/site-packages/airflow/example_dags/example_python_operator.py
[2021-03-12 00:43:06,073] {logging_mixin.py:104} INFO - [2021-03-12 00:43:06,073] {dag.py:1818} INFO - Sync 1 DAGs
[2021-03-12 00:43:06,091] {logging_mixin.py:104} INFO - [2021-03-12 00:43:06,091] {dag.py:2273} INFO - Setting next_dagrun for example_python_operator to None
[2021-03-12 00:43:06,100] {scheduler_job.py:190} INFO - Processing /home/airflow/.local/lib/python3.6/site-packages/airflow/example_dags/example_python_operator.py took 0.087 seconds
