[2021-03-12 00:00:08,829] {scheduler_job.py:182} INFO - Started process (PID=1898) to work on /home/airflow/.local/lib/python3.6/site-packages/airflow/example_dags/example_kubernetes_executor_config.py
[2021-03-12 00:00:08,832] {scheduler_job.py:629} INFO - Processing file /home/airflow/.local/lib/python3.6/site-packages/airflow/example_dags/example_kubernetes_executor_config.py for tasks to queue
[2021-03-12 00:00:08,834] {logging_mixin.py:104} INFO - [2021-03-12 00:00:08,834] {dagbag.py:448} INFO - Filling up the DagBag from /home/airflow/.local/lib/python3.6/site-packages/airflow/example_dags/example_kubernetes_executor_config.py
[2021-03-12 00:00:08,856] {scheduler_job.py:639} INFO - DAG(s) dict_keys(['example_kubernetes_executor_config']) retrieved from /home/airflow/.local/lib/python3.6/site-packages/airflow/example_dags/example_kubernetes_executor_config.py
[2021-03-12 00:00:08,891] {logging_mixin.py:104} INFO - [2021-03-12 00:00:08,891] {dag.py:1818} INFO - Sync 1 DAGs
[2021-03-12 00:00:08,911] {logging_mixin.py:104} INFO - [2021-03-12 00:00:08,911] {dag.py:2273} INFO - Setting next_dagrun for example_kubernetes_executor_config to None
[2021-03-12 00:00:08,925] {scheduler_job.py:190} INFO - Processing /home/airflow/.local/lib/python3.6/site-packages/airflow/example_dags/example_kubernetes_executor_config.py took 0.101 seconds
[2021-03-12 00:00:39,667] {scheduler_job.py:182} INFO - Started process (PID=1925) to work on /home/airflow/.local/lib/python3.6/site-packages/airflow/example_dags/example_kubernetes_executor_config.py
[2021-03-12 00:00:39,670] {scheduler_job.py:629} INFO - Processing file /home/airflow/.local/lib/python3.6/site-packages/airflow/example_dags/example_kubernetes_executor_config.py for tasks to queue
[2021-03-12 00:00:39,672] {logging_mixin.py:104} INFO - [2021-03-12 00:00:39,671] {dagbag.py:448} INFO - Filling up the DagBag from /home/airflow/.local/lib/python3.6/site-packages/airflow/example_dags/example_kubernetes_executor_config.py
[2021-03-12 00:00:39,692] {scheduler_job.py:639} INFO - DAG(s) dict_keys(['example_kubernetes_executor_config']) retrieved from /home/airflow/.local/lib/python3.6/site-packages/airflow/example_dags/example_kubernetes_executor_config.py
[2021-03-12 00:00:39,718] {logging_mixin.py:104} INFO - [2021-03-12 00:00:39,718] {dag.py:1818} INFO - Sync 1 DAGs
[2021-03-12 00:00:39,736] {logging_mixin.py:104} INFO - [2021-03-12 00:00:39,736] {dag.py:2273} INFO - Setting next_dagrun for example_kubernetes_executor_config to None
[2021-03-12 00:00:39,748] {scheduler_job.py:190} INFO - Processing /home/airflow/.local/lib/python3.6/site-packages/airflow/example_dags/example_kubernetes_executor_config.py took 0.090 seconds
[2021-03-12 00:01:10,363] {scheduler_job.py:182} INFO - Started process (PID=1952) to work on /home/airflow/.local/lib/python3.6/site-packages/airflow/example_dags/example_kubernetes_executor_config.py
[2021-03-12 00:01:10,365] {scheduler_job.py:629} INFO - Processing file /home/airflow/.local/lib/python3.6/site-packages/airflow/example_dags/example_kubernetes_executor_config.py for tasks to queue
[2021-03-12 00:01:10,366] {logging_mixin.py:104} INFO - [2021-03-12 00:01:10,366] {dagbag.py:448} INFO - Filling up the DagBag from /home/airflow/.local/lib/python3.6/site-packages/airflow/example_dags/example_kubernetes_executor_config.py
[2021-03-12 00:01:10,389] {scheduler_job.py:639} INFO - DAG(s) dict_keys(['example_kubernetes_executor_config']) retrieved from /home/airflow/.local/lib/python3.6/site-packages/airflow/example_dags/example_kubernetes_executor_config.py
[2021-03-12 00:01:10,421] {logging_mixin.py:104} INFO - [2021-03-12 00:01:10,420] {dag.py:1818} INFO - Sync 1 DAGs
[2021-03-12 00:01:10,443] {logging_mixin.py:104} INFO - [2021-03-12 00:01:10,443] {dag.py:2273} INFO - Setting next_dagrun for example_kubernetes_executor_config to None
[2021-03-12 00:01:10,453] {scheduler_job.py:190} INFO - Processing /home/airflow/.local/lib/python3.6/site-packages/airflow/example_dags/example_kubernetes_executor_config.py took 0.096 seconds
[2021-03-12 00:01:40,844] {scheduler_job.py:182} INFO - Started process (PID=1979) to work on /home/airflow/.local/lib/python3.6/site-packages/airflow/example_dags/example_kubernetes_executor_config.py
[2021-03-12 00:01:40,846] {scheduler_job.py:629} INFO - Processing file /home/airflow/.local/lib/python3.6/site-packages/airflow/example_dags/example_kubernetes_executor_config.py for tasks to queue
[2021-03-12 00:01:40,847] {logging_mixin.py:104} INFO - [2021-03-12 00:01:40,847] {dagbag.py:448} INFO - Filling up the DagBag from /home/airflow/.local/lib/python3.6/site-packages/airflow/example_dags/example_kubernetes_executor_config.py
[2021-03-12 00:01:40,864] {scheduler_job.py:639} INFO - DAG(s) dict_keys(['example_kubernetes_executor_config']) retrieved from /home/airflow/.local/lib/python3.6/site-packages/airflow/example_dags/example_kubernetes_executor_config.py
[2021-03-12 00:01:40,890] {logging_mixin.py:104} INFO - [2021-03-12 00:01:40,890] {dag.py:1818} INFO - Sync 1 DAGs
[2021-03-12 00:01:40,908] {logging_mixin.py:104} INFO - [2021-03-12 00:01:40,908] {dag.py:2273} INFO - Setting next_dagrun for example_kubernetes_executor_config to None
[2021-03-12 00:01:40,918] {scheduler_job.py:190} INFO - Processing /home/airflow/.local/lib/python3.6/site-packages/airflow/example_dags/example_kubernetes_executor_config.py took 0.079 seconds
[2021-03-12 00:02:11,501] {scheduler_job.py:182} INFO - Started process (PID=2006) to work on /home/airflow/.local/lib/python3.6/site-packages/airflow/example_dags/example_kubernetes_executor_config.py
[2021-03-12 00:02:11,505] {scheduler_job.py:629} INFO - Processing file /home/airflow/.local/lib/python3.6/site-packages/airflow/example_dags/example_kubernetes_executor_config.py for tasks to queue
[2021-03-12 00:02:11,508] {logging_mixin.py:104} INFO - [2021-03-12 00:02:11,508] {dagbag.py:448} INFO - Filling up the DagBag from /home/airflow/.local/lib/python3.6/site-packages/airflow/example_dags/example_kubernetes_executor_config.py
[2021-03-12 00:02:11,527] {scheduler_job.py:639} INFO - DAG(s) dict_keys(['example_kubernetes_executor_config']) retrieved from /home/airflow/.local/lib/python3.6/site-packages/airflow/example_dags/example_kubernetes_executor_config.py
[2021-03-12 00:02:11,554] {logging_mixin.py:104} INFO - [2021-03-12 00:02:11,554] {dag.py:1818} INFO - Sync 1 DAGs
[2021-03-12 00:02:11,574] {logging_mixin.py:104} INFO - [2021-03-12 00:02:11,573] {dag.py:2273} INFO - Setting next_dagrun for example_kubernetes_executor_config to None
[2021-03-12 00:02:11,586] {scheduler_job.py:190} INFO - Processing /home/airflow/.local/lib/python3.6/site-packages/airflow/example_dags/example_kubernetes_executor_config.py took 0.091 seconds
[2021-03-12 00:02:42,199] {scheduler_job.py:182} INFO - Started process (PID=2033) to work on /home/airflow/.local/lib/python3.6/site-packages/airflow/example_dags/example_kubernetes_executor_config.py
[2021-03-12 00:02:42,201] {scheduler_job.py:629} INFO - Processing file /home/airflow/.local/lib/python3.6/site-packages/airflow/example_dags/example_kubernetes_executor_config.py for tasks to queue
[2021-03-12 00:02:42,203] {logging_mixin.py:104} INFO - [2021-03-12 00:02:42,203] {dagbag.py:448} INFO - Filling up the DagBag from /home/airflow/.local/lib/python3.6/site-packages/airflow/example_dags/example_kubernetes_executor_config.py
[2021-03-12 00:02:42,219] {scheduler_job.py:639} INFO - DAG(s) dict_keys(['example_kubernetes_executor_config']) retrieved from /home/airflow/.local/lib/python3.6/site-packages/airflow/example_dags/example_kubernetes_executor_config.py
[2021-03-12 00:02:42,246] {logging_mixin.py:104} INFO - [2021-03-12 00:02:42,246] {dag.py:1818} INFO - Sync 1 DAGs
[2021-03-12 00:02:42,264] {logging_mixin.py:104} INFO - [2021-03-12 00:02:42,264] {dag.py:2273} INFO - Setting next_dagrun for example_kubernetes_executor_config to None
[2021-03-12 00:02:42,278] {scheduler_job.py:190} INFO - Processing /home/airflow/.local/lib/python3.6/site-packages/airflow/example_dags/example_kubernetes_executor_config.py took 0.086 seconds
[2021-03-12 00:03:12,918] {scheduler_job.py:182} INFO - Started process (PID=2060) to work on /home/airflow/.local/lib/python3.6/site-packages/airflow/example_dags/example_kubernetes_executor_config.py
[2021-03-12 00:03:12,921] {scheduler_job.py:629} INFO - Processing file /home/airflow/.local/lib/python3.6/site-packages/airflow/example_dags/example_kubernetes_executor_config.py for tasks to queue
[2021-03-12 00:03:12,922] {logging_mixin.py:104} INFO - [2021-03-12 00:03:12,922] {dagbag.py:448} INFO - Filling up the DagBag from /home/airflow/.local/lib/python3.6/site-packages/airflow/example_dags/example_kubernetes_executor_config.py
[2021-03-12 00:03:12,939] {scheduler_job.py:639} INFO - DAG(s) dict_keys(['example_kubernetes_executor_config']) retrieved from /home/airflow/.local/lib/python3.6/site-packages/airflow/example_dags/example_kubernetes_executor_config.py
[2021-03-12 00:03:12,963] {logging_mixin.py:104} INFO - [2021-03-12 00:03:12,963] {dag.py:1818} INFO - Sync 1 DAGs
[2021-03-12 00:03:12,982] {logging_mixin.py:104} INFO - [2021-03-12 00:03:12,982] {dag.py:2273} INFO - Setting next_dagrun for example_kubernetes_executor_config to None
[2021-03-12 00:03:12,996] {scheduler_job.py:190} INFO - Processing /home/airflow/.local/lib/python3.6/site-packages/airflow/example_dags/example_kubernetes_executor_config.py took 0.083 seconds
[2021-03-12 00:03:43,677] {scheduler_job.py:182} INFO - Started process (PID=2087) to work on /home/airflow/.local/lib/python3.6/site-packages/airflow/example_dags/example_kubernetes_executor_config.py
[2021-03-12 00:03:43,679] {scheduler_job.py:629} INFO - Processing file /home/airflow/.local/lib/python3.6/site-packages/airflow/example_dags/example_kubernetes_executor_config.py for tasks to queue
[2021-03-12 00:03:43,681] {logging_mixin.py:104} INFO - [2021-03-12 00:03:43,681] {dagbag.py:448} INFO - Filling up the DagBag from /home/airflow/.local/lib/python3.6/site-packages/airflow/example_dags/example_kubernetes_executor_config.py
[2021-03-12 00:03:43,698] {scheduler_job.py:639} INFO - DAG(s) dict_keys(['example_kubernetes_executor_config']) retrieved from /home/airflow/.local/lib/python3.6/site-packages/airflow/example_dags/example_kubernetes_executor_config.py
[2021-03-12 00:03:43,728] {logging_mixin.py:104} INFO - [2021-03-12 00:03:43,727] {dag.py:1818} INFO - Sync 1 DAGs
[2021-03-12 00:03:43,746] {logging_mixin.py:104} INFO - [2021-03-12 00:03:43,746] {dag.py:2273} INFO - Setting next_dagrun for example_kubernetes_executor_config to None
[2021-03-12 00:03:43,757] {scheduler_job.py:190} INFO - Processing /home/airflow/.local/lib/python3.6/site-packages/airflow/example_dags/example_kubernetes_executor_config.py took 0.083 seconds
[2021-03-12 00:04:14,269] {scheduler_job.py:182} INFO - Started process (PID=2114) to work on /home/airflow/.local/lib/python3.6/site-packages/airflow/example_dags/example_kubernetes_executor_config.py
[2021-03-12 00:04:14,270] {scheduler_job.py:629} INFO - Processing file /home/airflow/.local/lib/python3.6/site-packages/airflow/example_dags/example_kubernetes_executor_config.py for tasks to queue
[2021-03-12 00:04:14,274] {logging_mixin.py:104} INFO - [2021-03-12 00:04:14,274] {dagbag.py:448} INFO - Filling up the DagBag from /home/airflow/.local/lib/python3.6/site-packages/airflow/example_dags/example_kubernetes_executor_config.py
[2021-03-12 00:04:14,294] {scheduler_job.py:639} INFO - DAG(s) dict_keys(['example_kubernetes_executor_config']) retrieved from /home/airflow/.local/lib/python3.6/site-packages/airflow/example_dags/example_kubernetes_executor_config.py
[2021-03-12 00:04:14,321] {logging_mixin.py:104} INFO - [2021-03-12 00:04:14,321] {dag.py:1818} INFO - Sync 1 DAGs
[2021-03-12 00:04:14,338] {logging_mixin.py:104} INFO - [2021-03-12 00:04:14,338] {dag.py:2273} INFO - Setting next_dagrun for example_kubernetes_executor_config to None
[2021-03-12 00:04:14,355] {scheduler_job.py:190} INFO - Processing /home/airflow/.local/lib/python3.6/site-packages/airflow/example_dags/example_kubernetes_executor_config.py took 0.089 seconds
[2021-03-12 00:04:44,972] {scheduler_job.py:182} INFO - Started process (PID=2141) to work on /home/airflow/.local/lib/python3.6/site-packages/airflow/example_dags/example_kubernetes_executor_config.py
[2021-03-12 00:04:44,974] {scheduler_job.py:629} INFO - Processing file /home/airflow/.local/lib/python3.6/site-packages/airflow/example_dags/example_kubernetes_executor_config.py for tasks to queue
[2021-03-12 00:04:44,975] {logging_mixin.py:104} INFO - [2021-03-12 00:04:44,975] {dagbag.py:448} INFO - Filling up the DagBag from /home/airflow/.local/lib/python3.6/site-packages/airflow/example_dags/example_kubernetes_executor_config.py
[2021-03-12 00:04:44,998] {scheduler_job.py:639} INFO - DAG(s) dict_keys(['example_kubernetes_executor_config']) retrieved from /home/airflow/.local/lib/python3.6/site-packages/airflow/example_dags/example_kubernetes_executor_config.py
[2021-03-12 00:04:45,020] {logging_mixin.py:104} INFO - [2021-03-12 00:04:45,019] {dag.py:1818} INFO - Sync 1 DAGs
[2021-03-12 00:04:45,035] {logging_mixin.py:104} INFO - [2021-03-12 00:04:45,035] {dag.py:2273} INFO - Setting next_dagrun for example_kubernetes_executor_config to None
[2021-03-12 00:04:45,051] {scheduler_job.py:190} INFO - Processing /home/airflow/.local/lib/python3.6/site-packages/airflow/example_dags/example_kubernetes_executor_config.py took 0.084 seconds
[2021-03-12 00:05:15,786] {scheduler_job.py:182} INFO - Started process (PID=2168) to work on /home/airflow/.local/lib/python3.6/site-packages/airflow/example_dags/example_kubernetes_executor_config.py
[2021-03-12 00:05:15,788] {scheduler_job.py:629} INFO - Processing file /home/airflow/.local/lib/python3.6/site-packages/airflow/example_dags/example_kubernetes_executor_config.py for tasks to queue
[2021-03-12 00:05:15,790] {logging_mixin.py:104} INFO - [2021-03-12 00:05:15,790] {dagbag.py:448} INFO - Filling up the DagBag from /home/airflow/.local/lib/python3.6/site-packages/airflow/example_dags/example_kubernetes_executor_config.py
[2021-03-12 00:05:15,808] {scheduler_job.py:639} INFO - DAG(s) dict_keys(['example_kubernetes_executor_config']) retrieved from /home/airflow/.local/lib/python3.6/site-packages/airflow/example_dags/example_kubernetes_executor_config.py
[2021-03-12 00:05:15,847] {logging_mixin.py:104} INFO - [2021-03-12 00:05:15,847] {dag.py:1818} INFO - Sync 1 DAGs
[2021-03-12 00:05:15,883] {logging_mixin.py:104} INFO - [2021-03-12 00:05:15,883] {dag.py:2273} INFO - Setting next_dagrun for example_kubernetes_executor_config to None
[2021-03-12 00:05:15,902] {scheduler_job.py:190} INFO - Processing /home/airflow/.local/lib/python3.6/site-packages/airflow/example_dags/example_kubernetes_executor_config.py took 0.120 seconds
[2021-03-12 00:05:46,588] {scheduler_job.py:182} INFO - Started process (PID=2195) to work on /home/airflow/.local/lib/python3.6/site-packages/airflow/example_dags/example_kubernetes_executor_config.py
[2021-03-12 00:05:46,590] {scheduler_job.py:629} INFO - Processing file /home/airflow/.local/lib/python3.6/site-packages/airflow/example_dags/example_kubernetes_executor_config.py for tasks to queue
[2021-03-12 00:05:46,592] {logging_mixin.py:104} INFO - [2021-03-12 00:05:46,591] {dagbag.py:448} INFO - Filling up the DagBag from /home/airflow/.local/lib/python3.6/site-packages/airflow/example_dags/example_kubernetes_executor_config.py
[2021-03-12 00:05:46,611] {scheduler_job.py:639} INFO - DAG(s) dict_keys(['example_kubernetes_executor_config']) retrieved from /home/airflow/.local/lib/python3.6/site-packages/airflow/example_dags/example_kubernetes_executor_config.py
[2021-03-12 00:05:46,637] {logging_mixin.py:104} INFO - [2021-03-12 00:05:46,637] {dag.py:1818} INFO - Sync 1 DAGs
[2021-03-12 00:05:46,652] {logging_mixin.py:104} INFO - [2021-03-12 00:05:46,652] {dag.py:2273} INFO - Setting next_dagrun for example_kubernetes_executor_config to None
[2021-03-12 00:05:46,662] {scheduler_job.py:190} INFO - Processing /home/airflow/.local/lib/python3.6/site-packages/airflow/example_dags/example_kubernetes_executor_config.py took 0.078 seconds
[2021-03-12 00:06:17,524] {scheduler_job.py:182} INFO - Started process (PID=2222) to work on /home/airflow/.local/lib/python3.6/site-packages/airflow/example_dags/example_kubernetes_executor_config.py
[2021-03-12 00:06:17,526] {scheduler_job.py:629} INFO - Processing file /home/airflow/.local/lib/python3.6/site-packages/airflow/example_dags/example_kubernetes_executor_config.py for tasks to queue
[2021-03-12 00:06:17,529] {logging_mixin.py:104} INFO - [2021-03-12 00:06:17,528] {dagbag.py:448} INFO - Filling up the DagBag from /home/airflow/.local/lib/python3.6/site-packages/airflow/example_dags/example_kubernetes_executor_config.py
[2021-03-12 00:06:17,552] {scheduler_job.py:639} INFO - DAG(s) dict_keys(['example_kubernetes_executor_config']) retrieved from /home/airflow/.local/lib/python3.6/site-packages/airflow/example_dags/example_kubernetes_executor_config.py
[2021-03-12 00:06:17,584] {logging_mixin.py:104} INFO - [2021-03-12 00:06:17,584] {dag.py:1818} INFO - Sync 1 DAGs
[2021-03-12 00:06:17,604] {logging_mixin.py:104} INFO - [2021-03-12 00:06:17,604] {dag.py:2273} INFO - Setting next_dagrun for example_kubernetes_executor_config to None
[2021-03-12 00:06:17,619] {scheduler_job.py:190} INFO - Processing /home/airflow/.local/lib/python3.6/site-packages/airflow/example_dags/example_kubernetes_executor_config.py took 0.099 seconds
[2021-03-12 00:06:48,109] {scheduler_job.py:182} INFO - Started process (PID=2249) to work on /home/airflow/.local/lib/python3.6/site-packages/airflow/example_dags/example_kubernetes_executor_config.py
[2021-03-12 00:06:48,113] {scheduler_job.py:629} INFO - Processing file /home/airflow/.local/lib/python3.6/site-packages/airflow/example_dags/example_kubernetes_executor_config.py for tasks to queue
[2021-03-12 00:06:48,115] {logging_mixin.py:104} INFO - [2021-03-12 00:06:48,115] {dagbag.py:448} INFO - Filling up the DagBag from /home/airflow/.local/lib/python3.6/site-packages/airflow/example_dags/example_kubernetes_executor_config.py
[2021-03-12 00:06:48,140] {scheduler_job.py:639} INFO - DAG(s) dict_keys(['example_kubernetes_executor_config']) retrieved from /home/airflow/.local/lib/python3.6/site-packages/airflow/example_dags/example_kubernetes_executor_config.py
[2021-03-12 00:06:48,174] {logging_mixin.py:104} INFO - [2021-03-12 00:06:48,174] {dag.py:1818} INFO - Sync 1 DAGs
[2021-03-12 00:06:48,205] {logging_mixin.py:104} INFO - [2021-03-12 00:06:48,205] {dag.py:2273} INFO - Setting next_dagrun for example_kubernetes_executor_config to None
[2021-03-12 00:06:48,238] {scheduler_job.py:190} INFO - Processing /home/airflow/.local/lib/python3.6/site-packages/airflow/example_dags/example_kubernetes_executor_config.py took 0.133 seconds
[2021-03-12 00:07:18,968] {scheduler_job.py:182} INFO - Started process (PID=2276) to work on /home/airflow/.local/lib/python3.6/site-packages/airflow/example_dags/example_kubernetes_executor_config.py
[2021-03-12 00:07:18,972] {scheduler_job.py:629} INFO - Processing file /home/airflow/.local/lib/python3.6/site-packages/airflow/example_dags/example_kubernetes_executor_config.py for tasks to queue
[2021-03-12 00:07:18,976] {logging_mixin.py:104} INFO - [2021-03-12 00:07:18,976] {dagbag.py:448} INFO - Filling up the DagBag from /home/airflow/.local/lib/python3.6/site-packages/airflow/example_dags/example_kubernetes_executor_config.py
[2021-03-12 00:07:19,011] {scheduler_job.py:639} INFO - DAG(s) dict_keys(['example_kubernetes_executor_config']) retrieved from /home/airflow/.local/lib/python3.6/site-packages/airflow/example_dags/example_kubernetes_executor_config.py
[2021-03-12 00:07:19,066] {logging_mixin.py:104} INFO - [2021-03-12 00:07:19,066] {dag.py:1818} INFO - Sync 1 DAGs
[2021-03-12 00:07:19,098] {logging_mixin.py:104} INFO - [2021-03-12 00:07:19,098] {dag.py:2273} INFO - Setting next_dagrun for example_kubernetes_executor_config to None
[2021-03-12 00:07:19,109] {scheduler_job.py:190} INFO - Processing /home/airflow/.local/lib/python3.6/site-packages/airflow/example_dags/example_kubernetes_executor_config.py took 0.145 seconds
[2021-03-12 00:07:49,813] {scheduler_job.py:182} INFO - Started process (PID=2303) to work on /home/airflow/.local/lib/python3.6/site-packages/airflow/example_dags/example_kubernetes_executor_config.py
[2021-03-12 00:07:49,815] {scheduler_job.py:629} INFO - Processing file /home/airflow/.local/lib/python3.6/site-packages/airflow/example_dags/example_kubernetes_executor_config.py for tasks to queue
[2021-03-12 00:07:49,816] {logging_mixin.py:104} INFO - [2021-03-12 00:07:49,816] {dagbag.py:448} INFO - Filling up the DagBag from /home/airflow/.local/lib/python3.6/site-packages/airflow/example_dags/example_kubernetes_executor_config.py
[2021-03-12 00:07:49,837] {scheduler_job.py:639} INFO - DAG(s) dict_keys(['example_kubernetes_executor_config']) retrieved from /home/airflow/.local/lib/python3.6/site-packages/airflow/example_dags/example_kubernetes_executor_config.py
[2021-03-12 00:07:49,872] {logging_mixin.py:104} INFO - [2021-03-12 00:07:49,872] {dag.py:1818} INFO - Sync 1 DAGs
[2021-03-12 00:07:49,906] {logging_mixin.py:104} INFO - [2021-03-12 00:07:49,906] {dag.py:2273} INFO - Setting next_dagrun for example_kubernetes_executor_config to None
[2021-03-12 00:07:49,918] {scheduler_job.py:190} INFO - Processing /home/airflow/.local/lib/python3.6/site-packages/airflow/example_dags/example_kubernetes_executor_config.py took 0.110 seconds
[2021-03-12 00:08:20,489] {scheduler_job.py:182} INFO - Started process (PID=2330) to work on /home/airflow/.local/lib/python3.6/site-packages/airflow/example_dags/example_kubernetes_executor_config.py
[2021-03-12 00:08:20,492] {scheduler_job.py:629} INFO - Processing file /home/airflow/.local/lib/python3.6/site-packages/airflow/example_dags/example_kubernetes_executor_config.py for tasks to queue
[2021-03-12 00:08:20,493] {logging_mixin.py:104} INFO - [2021-03-12 00:08:20,493] {dagbag.py:448} INFO - Filling up the DagBag from /home/airflow/.local/lib/python3.6/site-packages/airflow/example_dags/example_kubernetes_executor_config.py
[2021-03-12 00:08:20,510] {scheduler_job.py:639} INFO - DAG(s) dict_keys(['example_kubernetes_executor_config']) retrieved from /home/airflow/.local/lib/python3.6/site-packages/airflow/example_dags/example_kubernetes_executor_config.py
[2021-03-12 00:08:20,535] {logging_mixin.py:104} INFO - [2021-03-12 00:08:20,534] {dag.py:1818} INFO - Sync 1 DAGs
[2021-03-12 00:08:20,567] {logging_mixin.py:104} INFO - [2021-03-12 00:08:20,567] {dag.py:2273} INFO - Setting next_dagrun for example_kubernetes_executor_config to None
[2021-03-12 00:08:20,580] {scheduler_job.py:190} INFO - Processing /home/airflow/.local/lib/python3.6/site-packages/airflow/example_dags/example_kubernetes_executor_config.py took 0.097 seconds
[2021-03-12 00:08:51,189] {scheduler_job.py:182} INFO - Started process (PID=2357) to work on /home/airflow/.local/lib/python3.6/site-packages/airflow/example_dags/example_kubernetes_executor_config.py
[2021-03-12 00:08:51,192] {scheduler_job.py:629} INFO - Processing file /home/airflow/.local/lib/python3.6/site-packages/airflow/example_dags/example_kubernetes_executor_config.py for tasks to queue
[2021-03-12 00:08:51,195] {logging_mixin.py:104} INFO - [2021-03-12 00:08:51,194] {dagbag.py:448} INFO - Filling up the DagBag from /home/airflow/.local/lib/python3.6/site-packages/airflow/example_dags/example_kubernetes_executor_config.py
[2021-03-12 00:08:51,227] {scheduler_job.py:639} INFO - DAG(s) dict_keys(['example_kubernetes_executor_config']) retrieved from /home/airflow/.local/lib/python3.6/site-packages/airflow/example_dags/example_kubernetes_executor_config.py
[2021-03-12 00:08:51,254] {logging_mixin.py:104} INFO - [2021-03-12 00:08:51,254] {dag.py:1818} INFO - Sync 1 DAGs
[2021-03-12 00:08:51,271] {logging_mixin.py:104} INFO - [2021-03-12 00:08:51,271] {dag.py:2273} INFO - Setting next_dagrun for example_kubernetes_executor_config to None
[2021-03-12 00:08:51,293] {scheduler_job.py:190} INFO - Processing /home/airflow/.local/lib/python3.6/site-packages/airflow/example_dags/example_kubernetes_executor_config.py took 0.114 seconds
[2021-03-12 00:09:21,707] {scheduler_job.py:182} INFO - Started process (PID=2384) to work on /home/airflow/.local/lib/python3.6/site-packages/airflow/example_dags/example_kubernetes_executor_config.py
[2021-03-12 00:09:21,712] {scheduler_job.py:629} INFO - Processing file /home/airflow/.local/lib/python3.6/site-packages/airflow/example_dags/example_kubernetes_executor_config.py for tasks to queue
[2021-03-12 00:09:21,715] {logging_mixin.py:104} INFO - [2021-03-12 00:09:21,715] {dagbag.py:448} INFO - Filling up the DagBag from /home/airflow/.local/lib/python3.6/site-packages/airflow/example_dags/example_kubernetes_executor_config.py
[2021-03-12 00:09:21,735] {scheduler_job.py:639} INFO - DAG(s) dict_keys(['example_kubernetes_executor_config']) retrieved from /home/airflow/.local/lib/python3.6/site-packages/airflow/example_dags/example_kubernetes_executor_config.py
[2021-03-12 00:09:21,764] {logging_mixin.py:104} INFO - [2021-03-12 00:09:21,764] {dag.py:1818} INFO - Sync 1 DAGs
[2021-03-12 00:09:21,793] {logging_mixin.py:104} INFO - [2021-03-12 00:09:21,793] {dag.py:2273} INFO - Setting next_dagrun for example_kubernetes_executor_config to None
[2021-03-12 00:09:21,808] {scheduler_job.py:190} INFO - Processing /home/airflow/.local/lib/python3.6/site-packages/airflow/example_dags/example_kubernetes_executor_config.py took 0.109 seconds
[2021-03-12 00:09:52,431] {scheduler_job.py:182} INFO - Started process (PID=2411) to work on /home/airflow/.local/lib/python3.6/site-packages/airflow/example_dags/example_kubernetes_executor_config.py
[2021-03-12 00:09:52,433] {scheduler_job.py:629} INFO - Processing file /home/airflow/.local/lib/python3.6/site-packages/airflow/example_dags/example_kubernetes_executor_config.py for tasks to queue
[2021-03-12 00:09:52,437] {logging_mixin.py:104} INFO - [2021-03-12 00:09:52,437] {dagbag.py:448} INFO - Filling up the DagBag from /home/airflow/.local/lib/python3.6/site-packages/airflow/example_dags/example_kubernetes_executor_config.py
[2021-03-12 00:09:52,462] {scheduler_job.py:639} INFO - DAG(s) dict_keys(['example_kubernetes_executor_config']) retrieved from /home/airflow/.local/lib/python3.6/site-packages/airflow/example_dags/example_kubernetes_executor_config.py
[2021-03-12 00:09:52,518] {logging_mixin.py:104} INFO - [2021-03-12 00:09:52,518] {dag.py:1818} INFO - Sync 1 DAGs
[2021-03-12 00:09:52,556] {logging_mixin.py:104} INFO - [2021-03-12 00:09:52,556] {dag.py:2273} INFO - Setting next_dagrun for example_kubernetes_executor_config to None
[2021-03-12 00:09:52,572] {scheduler_job.py:190} INFO - Processing /home/airflow/.local/lib/python3.6/site-packages/airflow/example_dags/example_kubernetes_executor_config.py took 0.145 seconds
[2021-03-12 00:10:22,634] {scheduler_job.py:182} INFO - Started process (PID=2438) to work on /home/airflow/.local/lib/python3.6/site-packages/airflow/example_dags/example_kubernetes_executor_config.py
[2021-03-12 00:10:22,636] {scheduler_job.py:629} INFO - Processing file /home/airflow/.local/lib/python3.6/site-packages/airflow/example_dags/example_kubernetes_executor_config.py for tasks to queue
[2021-03-12 00:10:22,638] {logging_mixin.py:104} INFO - [2021-03-12 00:10:22,638] {dagbag.py:448} INFO - Filling up the DagBag from /home/airflow/.local/lib/python3.6/site-packages/airflow/example_dags/example_kubernetes_executor_config.py
[2021-03-12 00:10:22,654] {scheduler_job.py:639} INFO - DAG(s) dict_keys(['example_kubernetes_executor_config']) retrieved from /home/airflow/.local/lib/python3.6/site-packages/airflow/example_dags/example_kubernetes_executor_config.py
[2021-03-12 00:10:22,677] {logging_mixin.py:104} INFO - [2021-03-12 00:10:22,677] {dag.py:1818} INFO - Sync 1 DAGs
[2021-03-12 00:10:22,692] {logging_mixin.py:104} INFO - [2021-03-12 00:10:22,692] {dag.py:2273} INFO - Setting next_dagrun for example_kubernetes_executor_config to None
[2021-03-12 00:10:22,702] {scheduler_job.py:190} INFO - Processing /home/airflow/.local/lib/python3.6/site-packages/airflow/example_dags/example_kubernetes_executor_config.py took 0.076 seconds
[2021-03-12 00:10:53,095] {scheduler_job.py:182} INFO - Started process (PID=2465) to work on /home/airflow/.local/lib/python3.6/site-packages/airflow/example_dags/example_kubernetes_executor_config.py
[2021-03-12 00:10:53,098] {scheduler_job.py:629} INFO - Processing file /home/airflow/.local/lib/python3.6/site-packages/airflow/example_dags/example_kubernetes_executor_config.py for tasks to queue
[2021-03-12 00:10:53,101] {logging_mixin.py:104} INFO - [2021-03-12 00:10:53,101] {dagbag.py:448} INFO - Filling up the DagBag from /home/airflow/.local/lib/python3.6/site-packages/airflow/example_dags/example_kubernetes_executor_config.py
[2021-03-12 00:10:53,118] {scheduler_job.py:639} INFO - DAG(s) dict_keys(['example_kubernetes_executor_config']) retrieved from /home/airflow/.local/lib/python3.6/site-packages/airflow/example_dags/example_kubernetes_executor_config.py
[2021-03-12 00:10:53,141] {logging_mixin.py:104} INFO - [2021-03-12 00:10:53,141] {dag.py:1818} INFO - Sync 1 DAGs
[2021-03-12 00:10:53,157] {logging_mixin.py:104} INFO - [2021-03-12 00:10:53,157] {dag.py:2273} INFO - Setting next_dagrun for example_kubernetes_executor_config to None
[2021-03-12 00:10:53,169] {scheduler_job.py:190} INFO - Processing /home/airflow/.local/lib/python3.6/site-packages/airflow/example_dags/example_kubernetes_executor_config.py took 0.083 seconds
[2021-03-12 00:11:23,727] {scheduler_job.py:182} INFO - Started process (PID=2492) to work on /home/airflow/.local/lib/python3.6/site-packages/airflow/example_dags/example_kubernetes_executor_config.py
[2021-03-12 00:11:23,730] {scheduler_job.py:629} INFO - Processing file /home/airflow/.local/lib/python3.6/site-packages/airflow/example_dags/example_kubernetes_executor_config.py for tasks to queue
[2021-03-12 00:11:23,732] {logging_mixin.py:104} INFO - [2021-03-12 00:11:23,732] {dagbag.py:448} INFO - Filling up the DagBag from /home/airflow/.local/lib/python3.6/site-packages/airflow/example_dags/example_kubernetes_executor_config.py
[2021-03-12 00:11:23,758] {scheduler_job.py:639} INFO - DAG(s) dict_keys(['example_kubernetes_executor_config']) retrieved from /home/airflow/.local/lib/python3.6/site-packages/airflow/example_dags/example_kubernetes_executor_config.py
[2021-03-12 00:11:23,799] {logging_mixin.py:104} INFO - [2021-03-12 00:11:23,799] {dag.py:1818} INFO - Sync 1 DAGs
[2021-03-12 00:11:23,818] {logging_mixin.py:104} INFO - [2021-03-12 00:11:23,818] {dag.py:2273} INFO - Setting next_dagrun for example_kubernetes_executor_config to None
[2021-03-12 00:11:23,829] {scheduler_job.py:190} INFO - Processing /home/airflow/.local/lib/python3.6/site-packages/airflow/example_dags/example_kubernetes_executor_config.py took 0.105 seconds
[2021-03-12 00:41:05,348] {scheduler_job.py:182} INFO - Started process (PID=34) to work on /home/airflow/.local/lib/python3.6/site-packages/airflow/example_dags/example_kubernetes_executor_config.py
[2021-03-12 00:41:05,353] {scheduler_job.py:629} INFO - Processing file /home/airflow/.local/lib/python3.6/site-packages/airflow/example_dags/example_kubernetes_executor_config.py for tasks to queue
[2021-03-12 00:41:05,355] {logging_mixin.py:104} INFO - [2021-03-12 00:41:05,355] {dagbag.py:448} INFO - Filling up the DagBag from /home/airflow/.local/lib/python3.6/site-packages/airflow/example_dags/example_kubernetes_executor_config.py
[2021-03-12 00:41:05,435] {scheduler_job.py:639} INFO - DAG(s) dict_keys(['example_kubernetes_executor_config']) retrieved from /home/airflow/.local/lib/python3.6/site-packages/airflow/example_dags/example_kubernetes_executor_config.py
[2021-03-12 00:41:05,536] {logging_mixin.py:104} INFO - [2021-03-12 00:41:05,535] {dag.py:1818} INFO - Sync 1 DAGs
[2021-03-12 00:41:05,662] {logging_mixin.py:104} INFO - [2021-03-12 00:41:05,662] {dag.py:2273} INFO - Setting next_dagrun for example_kubernetes_executor_config to None
[2021-03-12 00:41:05,715] {scheduler_job.py:190} INFO - Processing /home/airflow/.local/lib/python3.6/site-packages/airflow/example_dags/example_kubernetes_executor_config.py took 0.374 seconds
[2021-03-12 00:41:36,396] {scheduler_job.py:182} INFO - Started process (PID=62) to work on /home/airflow/.local/lib/python3.6/site-packages/airflow/example_dags/example_kubernetes_executor_config.py
[2021-03-12 00:41:36,397] {scheduler_job.py:629} INFO - Processing file /home/airflow/.local/lib/python3.6/site-packages/airflow/example_dags/example_kubernetes_executor_config.py for tasks to queue
[2021-03-12 00:41:36,399] {logging_mixin.py:104} INFO - [2021-03-12 00:41:36,399] {dagbag.py:448} INFO - Filling up the DagBag from /home/airflow/.local/lib/python3.6/site-packages/airflow/example_dags/example_kubernetes_executor_config.py
[2021-03-12 00:41:36,413] {scheduler_job.py:639} INFO - DAG(s) dict_keys(['example_kubernetes_executor_config']) retrieved from /home/airflow/.local/lib/python3.6/site-packages/airflow/example_dags/example_kubernetes_executor_config.py
[2021-03-12 00:41:36,443] {logging_mixin.py:104} INFO - [2021-03-12 00:41:36,443] {dag.py:1818} INFO - Sync 1 DAGs
[2021-03-12 00:41:36,461] {logging_mixin.py:104} INFO - [2021-03-12 00:41:36,461] {dag.py:2273} INFO - Setting next_dagrun for example_kubernetes_executor_config to None
[2021-03-12 00:41:36,474] {scheduler_job.py:190} INFO - Processing /home/airflow/.local/lib/python3.6/site-packages/airflow/example_dags/example_kubernetes_executor_config.py took 0.083 seconds
[2021-03-12 00:42:07,065] {scheduler_job.py:182} INFO - Started process (PID=90) to work on /home/airflow/.local/lib/python3.6/site-packages/airflow/example_dags/example_kubernetes_executor_config.py
[2021-03-12 00:42:07,067] {scheduler_job.py:629} INFO - Processing file /home/airflow/.local/lib/python3.6/site-packages/airflow/example_dags/example_kubernetes_executor_config.py for tasks to queue
[2021-03-12 00:42:07,068] {logging_mixin.py:104} INFO - [2021-03-12 00:42:07,068] {dagbag.py:448} INFO - Filling up the DagBag from /home/airflow/.local/lib/python3.6/site-packages/airflow/example_dags/example_kubernetes_executor_config.py
[2021-03-12 00:42:07,083] {scheduler_job.py:639} INFO - DAG(s) dict_keys(['example_kubernetes_executor_config']) retrieved from /home/airflow/.local/lib/python3.6/site-packages/airflow/example_dags/example_kubernetes_executor_config.py
[2021-03-12 00:42:07,106] {logging_mixin.py:104} INFO - [2021-03-12 00:42:07,106] {dag.py:1818} INFO - Sync 1 DAGs
[2021-03-12 00:42:07,129] {logging_mixin.py:104} INFO - [2021-03-12 00:42:07,128] {dag.py:2273} INFO - Setting next_dagrun for example_kubernetes_executor_config to None
[2021-03-12 00:42:07,137] {scheduler_job.py:190} INFO - Processing /home/airflow/.local/lib/python3.6/site-packages/airflow/example_dags/example_kubernetes_executor_config.py took 0.077 seconds
[2021-03-12 00:42:37,855] {scheduler_job.py:182} INFO - Started process (PID=117) to work on /home/airflow/.local/lib/python3.6/site-packages/airflow/example_dags/example_kubernetes_executor_config.py
[2021-03-12 00:42:37,857] {scheduler_job.py:629} INFO - Processing file /home/airflow/.local/lib/python3.6/site-packages/airflow/example_dags/example_kubernetes_executor_config.py for tasks to queue
[2021-03-12 00:42:37,858] {logging_mixin.py:104} INFO - [2021-03-12 00:42:37,858] {dagbag.py:448} INFO - Filling up the DagBag from /home/airflow/.local/lib/python3.6/site-packages/airflow/example_dags/example_kubernetes_executor_config.py
[2021-03-12 00:42:37,874] {scheduler_job.py:639} INFO - DAG(s) dict_keys(['example_kubernetes_executor_config']) retrieved from /home/airflow/.local/lib/python3.6/site-packages/airflow/example_dags/example_kubernetes_executor_config.py
[2021-03-12 00:42:37,904] {logging_mixin.py:104} INFO - [2021-03-12 00:42:37,904] {dag.py:1818} INFO - Sync 1 DAGs
[2021-03-12 00:42:37,923] {logging_mixin.py:104} INFO - [2021-03-12 00:42:37,923] {dag.py:2273} INFO - Setting next_dagrun for example_kubernetes_executor_config to None
[2021-03-12 00:42:37,933] {scheduler_job.py:190} INFO - Processing /home/airflow/.local/lib/python3.6/site-packages/airflow/example_dags/example_kubernetes_executor_config.py took 0.082 seconds
[2021-03-12 00:43:08,817] {scheduler_job.py:182} INFO - Started process (PID=144) to work on /home/airflow/.local/lib/python3.6/site-packages/airflow/example_dags/example_kubernetes_executor_config.py
[2021-03-12 00:43:08,819] {scheduler_job.py:629} INFO - Processing file /home/airflow/.local/lib/python3.6/site-packages/airflow/example_dags/example_kubernetes_executor_config.py for tasks to queue
[2021-03-12 00:43:08,821] {logging_mixin.py:104} INFO - [2021-03-12 00:43:08,821] {dagbag.py:448} INFO - Filling up the DagBag from /home/airflow/.local/lib/python3.6/site-packages/airflow/example_dags/example_kubernetes_executor_config.py
[2021-03-12 00:43:08,837] {scheduler_job.py:639} INFO - DAG(s) dict_keys(['example_kubernetes_executor_config']) retrieved from /home/airflow/.local/lib/python3.6/site-packages/airflow/example_dags/example_kubernetes_executor_config.py
[2021-03-12 00:43:08,871] {logging_mixin.py:104} INFO - [2021-03-12 00:43:08,870] {dag.py:1818} INFO - Sync 1 DAGs
[2021-03-12 00:43:08,894] {logging_mixin.py:104} INFO - [2021-03-12 00:43:08,893] {dag.py:2273} INFO - Setting next_dagrun for example_kubernetes_executor_config to None
[2021-03-12 00:43:08,904] {scheduler_job.py:190} INFO - Processing /home/airflow/.local/lib/python3.6/site-packages/airflow/example_dags/example_kubernetes_executor_config.py took 0.091 seconds
