[2021-03-12 00:00:08,827] {scheduler_job.py:182} INFO - Started process (PID=1899) to work on /home/airflow/.local/lib/python3.6/site-packages/airflow/example_dags/example_xcom.py
[2021-03-12 00:00:08,832] {scheduler_job.py:629} INFO - Processing file /home/airflow/.local/lib/python3.6/site-packages/airflow/example_dags/example_xcom.py for tasks to queue
[2021-03-12 00:00:08,834] {logging_mixin.py:104} INFO - [2021-03-12 00:00:08,834] {dagbag.py:448} INFO - Filling up the DagBag from /home/airflow/.local/lib/python3.6/site-packages/airflow/example_dags/example_xcom.py
[2021-03-12 00:00:08,851] {scheduler_job.py:639} INFO - DAG(s) dict_keys(['example_xcom']) retrieved from /home/airflow/.local/lib/python3.6/site-packages/airflow/example_dags/example_xcom.py
[2021-03-12 00:00:08,891] {logging_mixin.py:104} INFO - [2021-03-12 00:00:08,891] {dag.py:1818} INFO - Sync 1 DAGs
[2021-03-12 00:00:08,912] {logging_mixin.py:104} INFO - [2021-03-12 00:00:08,912] {dag.py:2273} INFO - Setting next_dagrun for example_xcom to None
[2021-03-12 00:00:08,923] {scheduler_job.py:190} INFO - Processing /home/airflow/.local/lib/python3.6/site-packages/airflow/example_dags/example_xcom.py took 0.101 seconds
[2021-03-12 00:00:39,667] {scheduler_job.py:182} INFO - Started process (PID=1926) to work on /home/airflow/.local/lib/python3.6/site-packages/airflow/example_dags/example_xcom.py
[2021-03-12 00:00:39,669] {scheduler_job.py:629} INFO - Processing file /home/airflow/.local/lib/python3.6/site-packages/airflow/example_dags/example_xcom.py for tasks to queue
[2021-03-12 00:00:39,671] {logging_mixin.py:104} INFO - [2021-03-12 00:00:39,671] {dagbag.py:448} INFO - Filling up the DagBag from /home/airflow/.local/lib/python3.6/site-packages/airflow/example_dags/example_xcom.py
[2021-03-12 00:00:39,685] {scheduler_job.py:639} INFO - DAG(s) dict_keys(['example_xcom']) retrieved from /home/airflow/.local/lib/python3.6/site-packages/airflow/example_dags/example_xcom.py
[2021-03-12 00:00:39,707] {logging_mixin.py:104} INFO - [2021-03-12 00:00:39,706] {dag.py:1818} INFO - Sync 1 DAGs
[2021-03-12 00:00:39,723] {logging_mixin.py:104} INFO - [2021-03-12 00:00:39,723] {dag.py:2273} INFO - Setting next_dagrun for example_xcom to None
[2021-03-12 00:00:39,737] {scheduler_job.py:190} INFO - Processing /home/airflow/.local/lib/python3.6/site-packages/airflow/example_dags/example_xcom.py took 0.074 seconds
[2021-03-12 00:01:10,370] {scheduler_job.py:182} INFO - Started process (PID=1953) to work on /home/airflow/.local/lib/python3.6/site-packages/airflow/example_dags/example_xcom.py
[2021-03-12 00:01:10,375] {scheduler_job.py:629} INFO - Processing file /home/airflow/.local/lib/python3.6/site-packages/airflow/example_dags/example_xcom.py for tasks to queue
[2021-03-12 00:01:10,378] {logging_mixin.py:104} INFO - [2021-03-12 00:01:10,378] {dagbag.py:448} INFO - Filling up the DagBag from /home/airflow/.local/lib/python3.6/site-packages/airflow/example_dags/example_xcom.py
[2021-03-12 00:01:10,395] {scheduler_job.py:639} INFO - DAG(s) dict_keys(['example_xcom']) retrieved from /home/airflow/.local/lib/python3.6/site-packages/airflow/example_dags/example_xcom.py
[2021-03-12 00:01:10,420] {logging_mixin.py:104} INFO - [2021-03-12 00:01:10,420] {dag.py:1818} INFO - Sync 1 DAGs
[2021-03-12 00:01:10,443] {logging_mixin.py:104} INFO - [2021-03-12 00:01:10,443] {dag.py:2273} INFO - Setting next_dagrun for example_xcom to None
[2021-03-12 00:01:10,454] {scheduler_job.py:190} INFO - Processing /home/airflow/.local/lib/python3.6/site-packages/airflow/example_dags/example_xcom.py took 0.092 seconds
[2021-03-12 00:01:40,850] {scheduler_job.py:182} INFO - Started process (PID=1980) to work on /home/airflow/.local/lib/python3.6/site-packages/airflow/example_dags/example_xcom.py
[2021-03-12 00:01:40,852] {scheduler_job.py:629} INFO - Processing file /home/airflow/.local/lib/python3.6/site-packages/airflow/example_dags/example_xcom.py for tasks to queue
[2021-03-12 00:01:40,853] {logging_mixin.py:104} INFO - [2021-03-12 00:01:40,853] {dagbag.py:448} INFO - Filling up the DagBag from /home/airflow/.local/lib/python3.6/site-packages/airflow/example_dags/example_xcom.py
[2021-03-12 00:01:40,868] {scheduler_job.py:639} INFO - DAG(s) dict_keys(['example_xcom']) retrieved from /home/airflow/.local/lib/python3.6/site-packages/airflow/example_dags/example_xcom.py
[2021-03-12 00:01:40,891] {logging_mixin.py:104} INFO - [2021-03-12 00:01:40,891] {dag.py:1818} INFO - Sync 1 DAGs
[2021-03-12 00:01:40,912] {logging_mixin.py:104} INFO - [2021-03-12 00:01:40,912] {dag.py:2273} INFO - Setting next_dagrun for example_xcom to None
[2021-03-12 00:01:40,922] {scheduler_job.py:190} INFO - Processing /home/airflow/.local/lib/python3.6/site-packages/airflow/example_dags/example_xcom.py took 0.076 seconds
[2021-03-12 00:02:11,513] {scheduler_job.py:182} INFO - Started process (PID=2007) to work on /home/airflow/.local/lib/python3.6/site-packages/airflow/example_dags/example_xcom.py
[2021-03-12 00:02:11,517] {scheduler_job.py:629} INFO - Processing file /home/airflow/.local/lib/python3.6/site-packages/airflow/example_dags/example_xcom.py for tasks to queue
[2021-03-12 00:02:11,519] {logging_mixin.py:104} INFO - [2021-03-12 00:02:11,519] {dagbag.py:448} INFO - Filling up the DagBag from /home/airflow/.local/lib/python3.6/site-packages/airflow/example_dags/example_xcom.py
[2021-03-12 00:02:11,533] {scheduler_job.py:639} INFO - DAG(s) dict_keys(['example_xcom']) retrieved from /home/airflow/.local/lib/python3.6/site-packages/airflow/example_dags/example_xcom.py
[2021-03-12 00:02:11,559] {logging_mixin.py:104} INFO - [2021-03-12 00:02:11,559] {dag.py:1818} INFO - Sync 1 DAGs
[2021-03-12 00:02:11,578] {logging_mixin.py:104} INFO - [2021-03-12 00:02:11,578] {dag.py:2273} INFO - Setting next_dagrun for example_xcom to None
[2021-03-12 00:02:11,590] {scheduler_job.py:190} INFO - Processing /home/airflow/.local/lib/python3.6/site-packages/airflow/example_dags/example_xcom.py took 0.082 seconds
[2021-03-12 00:02:42,205] {scheduler_job.py:182} INFO - Started process (PID=2034) to work on /home/airflow/.local/lib/python3.6/site-packages/airflow/example_dags/example_xcom.py
[2021-03-12 00:02:42,207] {scheduler_job.py:629} INFO - Processing file /home/airflow/.local/lib/python3.6/site-packages/airflow/example_dags/example_xcom.py for tasks to queue
[2021-03-12 00:02:42,208] {logging_mixin.py:104} INFO - [2021-03-12 00:02:42,208] {dagbag.py:448} INFO - Filling up the DagBag from /home/airflow/.local/lib/python3.6/site-packages/airflow/example_dags/example_xcom.py
[2021-03-12 00:02:42,221] {scheduler_job.py:639} INFO - DAG(s) dict_keys(['example_xcom']) retrieved from /home/airflow/.local/lib/python3.6/site-packages/airflow/example_dags/example_xcom.py
[2021-03-12 00:02:42,244] {logging_mixin.py:104} INFO - [2021-03-12 00:02:42,244] {dag.py:1818} INFO - Sync 1 DAGs
[2021-03-12 00:02:42,263] {logging_mixin.py:104} INFO - [2021-03-12 00:02:42,262] {dag.py:2273} INFO - Setting next_dagrun for example_xcom to None
[2021-03-12 00:02:42,277] {scheduler_job.py:190} INFO - Processing /home/airflow/.local/lib/python3.6/site-packages/airflow/example_dags/example_xcom.py took 0.078 seconds
[2021-03-12 00:03:12,922] {scheduler_job.py:182} INFO - Started process (PID=2061) to work on /home/airflow/.local/lib/python3.6/site-packages/airflow/example_dags/example_xcom.py
[2021-03-12 00:03:12,925] {scheduler_job.py:629} INFO - Processing file /home/airflow/.local/lib/python3.6/site-packages/airflow/example_dags/example_xcom.py for tasks to queue
[2021-03-12 00:03:12,927] {logging_mixin.py:104} INFO - [2021-03-12 00:03:12,926] {dagbag.py:448} INFO - Filling up the DagBag from /home/airflow/.local/lib/python3.6/site-packages/airflow/example_dags/example_xcom.py
[2021-03-12 00:03:12,940] {scheduler_job.py:639} INFO - DAG(s) dict_keys(['example_xcom']) retrieved from /home/airflow/.local/lib/python3.6/site-packages/airflow/example_dags/example_xcom.py
[2021-03-12 00:03:12,964] {logging_mixin.py:104} INFO - [2021-03-12 00:03:12,964] {dag.py:1818} INFO - Sync 1 DAGs
[2021-03-12 00:03:12,984] {logging_mixin.py:104} INFO - [2021-03-12 00:03:12,984] {dag.py:2273} INFO - Setting next_dagrun for example_xcom to None
[2021-03-12 00:03:12,999] {scheduler_job.py:190} INFO - Processing /home/airflow/.local/lib/python3.6/site-packages/airflow/example_dags/example_xcom.py took 0.082 seconds
[2021-03-12 00:03:43,687] {scheduler_job.py:182} INFO - Started process (PID=2088) to work on /home/airflow/.local/lib/python3.6/site-packages/airflow/example_dags/example_xcom.py
[2021-03-12 00:03:43,690] {scheduler_job.py:629} INFO - Processing file /home/airflow/.local/lib/python3.6/site-packages/airflow/example_dags/example_xcom.py for tasks to queue
[2021-03-12 00:03:43,691] {logging_mixin.py:104} INFO - [2021-03-12 00:03:43,691] {dagbag.py:448} INFO - Filling up the DagBag from /home/airflow/.local/lib/python3.6/site-packages/airflow/example_dags/example_xcom.py
[2021-03-12 00:03:43,705] {scheduler_job.py:639} INFO - DAG(s) dict_keys(['example_xcom']) retrieved from /home/airflow/.local/lib/python3.6/site-packages/airflow/example_dags/example_xcom.py
[2021-03-12 00:03:43,731] {logging_mixin.py:104} INFO - [2021-03-12 00:03:43,731] {dag.py:1818} INFO - Sync 1 DAGs
[2021-03-12 00:03:43,751] {logging_mixin.py:104} INFO - [2021-03-12 00:03:43,751] {dag.py:2273} INFO - Setting next_dagrun for example_xcom to None
[2021-03-12 00:03:43,763] {scheduler_job.py:190} INFO - Processing /home/airflow/.local/lib/python3.6/site-packages/airflow/example_dags/example_xcom.py took 0.080 seconds
[2021-03-12 00:04:14,276] {scheduler_job.py:182} INFO - Started process (PID=2115) to work on /home/airflow/.local/lib/python3.6/site-packages/airflow/example_dags/example_xcom.py
[2021-03-12 00:04:14,282] {scheduler_job.py:629} INFO - Processing file /home/airflow/.local/lib/python3.6/site-packages/airflow/example_dags/example_xcom.py for tasks to queue
[2021-03-12 00:04:14,284] {logging_mixin.py:104} INFO - [2021-03-12 00:04:14,284] {dagbag.py:448} INFO - Filling up the DagBag from /home/airflow/.local/lib/python3.6/site-packages/airflow/example_dags/example_xcom.py
[2021-03-12 00:04:14,301] {scheduler_job.py:639} INFO - DAG(s) dict_keys(['example_xcom']) retrieved from /home/airflow/.local/lib/python3.6/site-packages/airflow/example_dags/example_xcom.py
[2021-03-12 00:04:14,321] {logging_mixin.py:104} INFO - [2021-03-12 00:04:14,321] {dag.py:1818} INFO - Sync 1 DAGs
[2021-03-12 00:04:14,338] {logging_mixin.py:104} INFO - [2021-03-12 00:04:14,338] {dag.py:2273} INFO - Setting next_dagrun for example_xcom to None
[2021-03-12 00:04:14,355] {scheduler_job.py:190} INFO - Processing /home/airflow/.local/lib/python3.6/site-packages/airflow/example_dags/example_xcom.py took 0.083 seconds
[2021-03-12 00:04:44,979] {scheduler_job.py:182} INFO - Started process (PID=2142) to work on /home/airflow/.local/lib/python3.6/site-packages/airflow/example_dags/example_xcom.py
[2021-03-12 00:04:44,983] {scheduler_job.py:629} INFO - Processing file /home/airflow/.local/lib/python3.6/site-packages/airflow/example_dags/example_xcom.py for tasks to queue
[2021-03-12 00:04:44,985] {logging_mixin.py:104} INFO - [2021-03-12 00:04:44,984] {dagbag.py:448} INFO - Filling up the DagBag from /home/airflow/.local/lib/python3.6/site-packages/airflow/example_dags/example_xcom.py
[2021-03-12 00:04:44,997] {scheduler_job.py:639} INFO - DAG(s) dict_keys(['example_xcom']) retrieved from /home/airflow/.local/lib/python3.6/site-packages/airflow/example_dags/example_xcom.py
[2021-03-12 00:04:45,019] {logging_mixin.py:104} INFO - [2021-03-12 00:04:45,019] {dag.py:1818} INFO - Sync 1 DAGs
[2021-03-12 00:04:45,036] {logging_mixin.py:104} INFO - [2021-03-12 00:04:45,036] {dag.py:2273} INFO - Setting next_dagrun for example_xcom to None
[2021-03-12 00:04:45,052] {scheduler_job.py:190} INFO - Processing /home/airflow/.local/lib/python3.6/site-packages/airflow/example_dags/example_xcom.py took 0.081 seconds
[2021-03-12 00:05:15,795] {scheduler_job.py:182} INFO - Started process (PID=2169) to work on /home/airflow/.local/lib/python3.6/site-packages/airflow/example_dags/example_xcom.py
[2021-03-12 00:05:15,797] {scheduler_job.py:629} INFO - Processing file /home/airflow/.local/lib/python3.6/site-packages/airflow/example_dags/example_xcom.py for tasks to queue
[2021-03-12 00:05:15,799] {logging_mixin.py:104} INFO - [2021-03-12 00:05:15,799] {dagbag.py:448} INFO - Filling up the DagBag from /home/airflow/.local/lib/python3.6/site-packages/airflow/example_dags/example_xcom.py
[2021-03-12 00:05:15,818] {scheduler_job.py:639} INFO - DAG(s) dict_keys(['example_xcom']) retrieved from /home/airflow/.local/lib/python3.6/site-packages/airflow/example_dags/example_xcom.py
[2021-03-12 00:05:15,869] {logging_mixin.py:104} INFO - [2021-03-12 00:05:15,869] {dag.py:1818} INFO - Sync 1 DAGs
[2021-03-12 00:05:15,897] {logging_mixin.py:104} INFO - [2021-03-12 00:05:15,897] {dag.py:2273} INFO - Setting next_dagrun for example_xcom to None
[2021-03-12 00:05:15,917] {scheduler_job.py:190} INFO - Processing /home/airflow/.local/lib/python3.6/site-packages/airflow/example_dags/example_xcom.py took 0.128 seconds
[2021-03-12 00:05:46,591] {scheduler_job.py:182} INFO - Started process (PID=2196) to work on /home/airflow/.local/lib/python3.6/site-packages/airflow/example_dags/example_xcom.py
[2021-03-12 00:05:46,594] {scheduler_job.py:629} INFO - Processing file /home/airflow/.local/lib/python3.6/site-packages/airflow/example_dags/example_xcom.py for tasks to queue
[2021-03-12 00:05:46,595] {logging_mixin.py:104} INFO - [2021-03-12 00:05:46,595] {dagbag.py:448} INFO - Filling up the DagBag from /home/airflow/.local/lib/python3.6/site-packages/airflow/example_dags/example_xcom.py
[2021-03-12 00:05:46,608] {scheduler_job.py:639} INFO - DAG(s) dict_keys(['example_xcom']) retrieved from /home/airflow/.local/lib/python3.6/site-packages/airflow/example_dags/example_xcom.py
[2021-03-12 00:05:46,636] {logging_mixin.py:104} INFO - [2021-03-12 00:05:46,636] {dag.py:1818} INFO - Sync 1 DAGs
[2021-03-12 00:05:46,652] {logging_mixin.py:104} INFO - [2021-03-12 00:05:46,652] {dag.py:2273} INFO - Setting next_dagrun for example_xcom to None
[2021-03-12 00:05:46,663] {scheduler_job.py:190} INFO - Processing /home/airflow/.local/lib/python3.6/site-packages/airflow/example_dags/example_xcom.py took 0.078 seconds
[2021-03-12 00:06:17,544] {scheduler_job.py:182} INFO - Started process (PID=2223) to work on /home/airflow/.local/lib/python3.6/site-packages/airflow/example_dags/example_xcom.py
[2021-03-12 00:06:17,547] {scheduler_job.py:629} INFO - Processing file /home/airflow/.local/lib/python3.6/site-packages/airflow/example_dags/example_xcom.py for tasks to queue
[2021-03-12 00:06:17,550] {logging_mixin.py:104} INFO - [2021-03-12 00:06:17,550] {dagbag.py:448} INFO - Filling up the DagBag from /home/airflow/.local/lib/python3.6/site-packages/airflow/example_dags/example_xcom.py
[2021-03-12 00:06:17,565] {scheduler_job.py:639} INFO - DAG(s) dict_keys(['example_xcom']) retrieved from /home/airflow/.local/lib/python3.6/site-packages/airflow/example_dags/example_xcom.py
[2021-03-12 00:06:17,587] {logging_mixin.py:104} INFO - [2021-03-12 00:06:17,586] {dag.py:1818} INFO - Sync 1 DAGs
[2021-03-12 00:06:17,605] {logging_mixin.py:104} INFO - [2021-03-12 00:06:17,605] {dag.py:2273} INFO - Setting next_dagrun for example_xcom to None
[2021-03-12 00:06:17,613] {scheduler_job.py:190} INFO - Processing /home/airflow/.local/lib/python3.6/site-packages/airflow/example_dags/example_xcom.py took 0.074 seconds
[2021-03-12 00:06:48,111] {scheduler_job.py:182} INFO - Started process (PID=2250) to work on /home/airflow/.local/lib/python3.6/site-packages/airflow/example_dags/example_xcom.py
[2021-03-12 00:06:48,113] {scheduler_job.py:629} INFO - Processing file /home/airflow/.local/lib/python3.6/site-packages/airflow/example_dags/example_xcom.py for tasks to queue
[2021-03-12 00:06:48,114] {logging_mixin.py:104} INFO - [2021-03-12 00:06:48,114] {dagbag.py:448} INFO - Filling up the DagBag from /home/airflow/.local/lib/python3.6/site-packages/airflow/example_dags/example_xcom.py
[2021-03-12 00:06:48,132] {scheduler_job.py:639} INFO - DAG(s) dict_keys(['example_xcom']) retrieved from /home/airflow/.local/lib/python3.6/site-packages/airflow/example_dags/example_xcom.py
[2021-03-12 00:06:48,166] {logging_mixin.py:104} INFO - [2021-03-12 00:06:48,165] {dag.py:1818} INFO - Sync 1 DAGs
[2021-03-12 00:06:48,188] {logging_mixin.py:104} INFO - [2021-03-12 00:06:48,188] {dag.py:2273} INFO - Setting next_dagrun for example_xcom to None
[2021-03-12 00:06:48,217] {scheduler_job.py:190} INFO - Processing /home/airflow/.local/lib/python3.6/site-packages/airflow/example_dags/example_xcom.py took 0.111 seconds
[2021-03-12 00:07:18,968] {scheduler_job.py:182} INFO - Started process (PID=2277) to work on /home/airflow/.local/lib/python3.6/site-packages/airflow/example_dags/example_xcom.py
[2021-03-12 00:07:18,972] {scheduler_job.py:629} INFO - Processing file /home/airflow/.local/lib/python3.6/site-packages/airflow/example_dags/example_xcom.py for tasks to queue
[2021-03-12 00:07:18,975] {logging_mixin.py:104} INFO - [2021-03-12 00:07:18,975] {dagbag.py:448} INFO - Filling up the DagBag from /home/airflow/.local/lib/python3.6/site-packages/airflow/example_dags/example_xcom.py
[2021-03-12 00:07:18,995] {scheduler_job.py:639} INFO - DAG(s) dict_keys(['example_xcom']) retrieved from /home/airflow/.local/lib/python3.6/site-packages/airflow/example_dags/example_xcom.py
[2021-03-12 00:07:19,038] {logging_mixin.py:104} INFO - [2021-03-12 00:07:19,038] {dag.py:1818} INFO - Sync 1 DAGs
[2021-03-12 00:07:19,089] {logging_mixin.py:104} INFO - [2021-03-12 00:07:19,089] {dag.py:2273} INFO - Setting next_dagrun for example_xcom to None
[2021-03-12 00:07:19,103] {scheduler_job.py:190} INFO - Processing /home/airflow/.local/lib/python3.6/site-packages/airflow/example_dags/example_xcom.py took 0.139 seconds
[2021-03-12 00:07:49,818] {scheduler_job.py:182} INFO - Started process (PID=2304) to work on /home/airflow/.local/lib/python3.6/site-packages/airflow/example_dags/example_xcom.py
[2021-03-12 00:07:49,820] {scheduler_job.py:629} INFO - Processing file /home/airflow/.local/lib/python3.6/site-packages/airflow/example_dags/example_xcom.py for tasks to queue
[2021-03-12 00:07:49,822] {logging_mixin.py:104} INFO - [2021-03-12 00:07:49,822] {dagbag.py:448} INFO - Filling up the DagBag from /home/airflow/.local/lib/python3.6/site-packages/airflow/example_dags/example_xcom.py
[2021-03-12 00:07:49,848] {scheduler_job.py:639} INFO - DAG(s) dict_keys(['example_xcom']) retrieved from /home/airflow/.local/lib/python3.6/site-packages/airflow/example_dags/example_xcom.py
[2021-03-12 00:07:49,904] {logging_mixin.py:104} INFO - [2021-03-12 00:07:49,903] {dag.py:1818} INFO - Sync 1 DAGs
[2021-03-12 00:07:49,927] {logging_mixin.py:104} INFO - [2021-03-12 00:07:49,927] {dag.py:2273} INFO - Setting next_dagrun for example_xcom to None
[2021-03-12 00:07:49,942] {scheduler_job.py:190} INFO - Processing /home/airflow/.local/lib/python3.6/site-packages/airflow/example_dags/example_xcom.py took 0.130 seconds
[2021-03-12 00:08:20,492] {scheduler_job.py:182} INFO - Started process (PID=2331) to work on /home/airflow/.local/lib/python3.6/site-packages/airflow/example_dags/example_xcom.py
[2021-03-12 00:08:20,494] {scheduler_job.py:629} INFO - Processing file /home/airflow/.local/lib/python3.6/site-packages/airflow/example_dags/example_xcom.py for tasks to queue
[2021-03-12 00:08:20,495] {logging_mixin.py:104} INFO - [2021-03-12 00:08:20,495] {dagbag.py:448} INFO - Filling up the DagBag from /home/airflow/.local/lib/python3.6/site-packages/airflow/example_dags/example_xcom.py
[2021-03-12 00:08:20,509] {scheduler_job.py:639} INFO - DAG(s) dict_keys(['example_xcom']) retrieved from /home/airflow/.local/lib/python3.6/site-packages/airflow/example_dags/example_xcom.py
[2021-03-12 00:08:20,535] {logging_mixin.py:104} INFO - [2021-03-12 00:08:20,534] {dag.py:1818} INFO - Sync 1 DAGs
[2021-03-12 00:08:20,560] {logging_mixin.py:104} INFO - [2021-03-12 00:08:20,559] {dag.py:2273} INFO - Setting next_dagrun for example_xcom to None
[2021-03-12 00:08:20,571] {scheduler_job.py:190} INFO - Processing /home/airflow/.local/lib/python3.6/site-packages/airflow/example_dags/example_xcom.py took 0.083 seconds
[2021-03-12 00:08:51,194] {scheduler_job.py:182} INFO - Started process (PID=2358) to work on /home/airflow/.local/lib/python3.6/site-packages/airflow/example_dags/example_xcom.py
[2021-03-12 00:08:51,197] {scheduler_job.py:629} INFO - Processing file /home/airflow/.local/lib/python3.6/site-packages/airflow/example_dags/example_xcom.py for tasks to queue
[2021-03-12 00:08:51,198] {logging_mixin.py:104} INFO - [2021-03-12 00:08:51,198] {dagbag.py:448} INFO - Filling up the DagBag from /home/airflow/.local/lib/python3.6/site-packages/airflow/example_dags/example_xcom.py
[2021-03-12 00:08:51,222] {scheduler_job.py:639} INFO - DAG(s) dict_keys(['example_xcom']) retrieved from /home/airflow/.local/lib/python3.6/site-packages/airflow/example_dags/example_xcom.py
[2021-03-12 00:08:51,250] {logging_mixin.py:104} INFO - [2021-03-12 00:08:51,250] {dag.py:1818} INFO - Sync 1 DAGs
[2021-03-12 00:08:51,269] {logging_mixin.py:104} INFO - [2021-03-12 00:08:51,269] {dag.py:2273} INFO - Setting next_dagrun for example_xcom to None
[2021-03-12 00:08:51,282] {scheduler_job.py:190} INFO - Processing /home/airflow/.local/lib/python3.6/site-packages/airflow/example_dags/example_xcom.py took 0.093 seconds
[2021-03-12 00:09:21,719] {scheduler_job.py:182} INFO - Started process (PID=2385) to work on /home/airflow/.local/lib/python3.6/site-packages/airflow/example_dags/example_xcom.py
[2021-03-12 00:09:21,722] {scheduler_job.py:629} INFO - Processing file /home/airflow/.local/lib/python3.6/site-packages/airflow/example_dags/example_xcom.py for tasks to queue
[2021-03-12 00:09:21,723] {logging_mixin.py:104} INFO - [2021-03-12 00:09:21,723] {dagbag.py:448} INFO - Filling up the DagBag from /home/airflow/.local/lib/python3.6/site-packages/airflow/example_dags/example_xcom.py
[2021-03-12 00:09:21,736] {scheduler_job.py:639} INFO - DAG(s) dict_keys(['example_xcom']) retrieved from /home/airflow/.local/lib/python3.6/site-packages/airflow/example_dags/example_xcom.py
[2021-03-12 00:09:21,765] {logging_mixin.py:104} INFO - [2021-03-12 00:09:21,764] {dag.py:1818} INFO - Sync 1 DAGs
[2021-03-12 00:09:21,798] {logging_mixin.py:104} INFO - [2021-03-12 00:09:21,798] {dag.py:2273} INFO - Setting next_dagrun for example_xcom to None
[2021-03-12 00:09:21,811] {scheduler_job.py:190} INFO - Processing /home/airflow/.local/lib/python3.6/site-packages/airflow/example_dags/example_xcom.py took 0.098 seconds
[2021-03-12 00:09:52,447] {scheduler_job.py:182} INFO - Started process (PID=2412) to work on /home/airflow/.local/lib/python3.6/site-packages/airflow/example_dags/example_xcom.py
[2021-03-12 00:09:52,450] {scheduler_job.py:629} INFO - Processing file /home/airflow/.local/lib/python3.6/site-packages/airflow/example_dags/example_xcom.py for tasks to queue
[2021-03-12 00:09:52,453] {logging_mixin.py:104} INFO - [2021-03-12 00:09:52,453] {dagbag.py:448} INFO - Filling up the DagBag from /home/airflow/.local/lib/python3.6/site-packages/airflow/example_dags/example_xcom.py
[2021-03-12 00:09:52,481] {scheduler_job.py:639} INFO - DAG(s) dict_keys(['example_xcom']) retrieved from /home/airflow/.local/lib/python3.6/site-packages/airflow/example_dags/example_xcom.py
[2021-03-12 00:09:52,526] {logging_mixin.py:104} INFO - [2021-03-12 00:09:52,526] {dag.py:1818} INFO - Sync 1 DAGs
[2021-03-12 00:09:52,552] {logging_mixin.py:104} INFO - [2021-03-12 00:09:52,552] {dag.py:2273} INFO - Setting next_dagrun for example_xcom to None
[2021-03-12 00:09:52,570] {scheduler_job.py:190} INFO - Processing /home/airflow/.local/lib/python3.6/site-packages/airflow/example_dags/example_xcom.py took 0.129 seconds
[2021-03-12 00:10:22,636] {scheduler_job.py:182} INFO - Started process (PID=2439) to work on /home/airflow/.local/lib/python3.6/site-packages/airflow/example_dags/example_xcom.py
[2021-03-12 00:10:22,638] {scheduler_job.py:629} INFO - Processing file /home/airflow/.local/lib/python3.6/site-packages/airflow/example_dags/example_xcom.py for tasks to queue
[2021-03-12 00:10:22,639] {logging_mixin.py:104} INFO - [2021-03-12 00:10:22,639] {dagbag.py:448} INFO - Filling up the DagBag from /home/airflow/.local/lib/python3.6/site-packages/airflow/example_dags/example_xcom.py
[2021-03-12 00:10:22,652] {scheduler_job.py:639} INFO - DAG(s) dict_keys(['example_xcom']) retrieved from /home/airflow/.local/lib/python3.6/site-packages/airflow/example_dags/example_xcom.py
[2021-03-12 00:10:22,673] {logging_mixin.py:104} INFO - [2021-03-12 00:10:22,673] {dag.py:1818} INFO - Sync 1 DAGs
[2021-03-12 00:10:22,688] {logging_mixin.py:104} INFO - [2021-03-12 00:10:22,688] {dag.py:2273} INFO - Setting next_dagrun for example_xcom to None
[2021-03-12 00:10:22,697] {scheduler_job.py:190} INFO - Processing /home/airflow/.local/lib/python3.6/site-packages/airflow/example_dags/example_xcom.py took 0.065 seconds
[2021-03-12 00:10:53,095] {scheduler_job.py:182} INFO - Started process (PID=2466) to work on /home/airflow/.local/lib/python3.6/site-packages/airflow/example_dags/example_xcom.py
[2021-03-12 00:10:53,098] {scheduler_job.py:629} INFO - Processing file /home/airflow/.local/lib/python3.6/site-packages/airflow/example_dags/example_xcom.py for tasks to queue
[2021-03-12 00:10:53,099] {logging_mixin.py:104} INFO - [2021-03-12 00:10:53,099] {dagbag.py:448} INFO - Filling up the DagBag from /home/airflow/.local/lib/python3.6/site-packages/airflow/example_dags/example_xcom.py
[2021-03-12 00:10:53,113] {scheduler_job.py:639} INFO - DAG(s) dict_keys(['example_xcom']) retrieved from /home/airflow/.local/lib/python3.6/site-packages/airflow/example_dags/example_xcom.py
[2021-03-12 00:10:53,134] {logging_mixin.py:104} INFO - [2021-03-12 00:10:53,134] {dag.py:1818} INFO - Sync 1 DAGs
[2021-03-12 00:10:53,149] {logging_mixin.py:104} INFO - [2021-03-12 00:10:53,149] {dag.py:2273} INFO - Setting next_dagrun for example_xcom to None
[2021-03-12 00:10:53,159] {scheduler_job.py:190} INFO - Processing /home/airflow/.local/lib/python3.6/site-packages/airflow/example_dags/example_xcom.py took 0.068 seconds
[2021-03-12 00:11:23,739] {scheduler_job.py:182} INFO - Started process (PID=2493) to work on /home/airflow/.local/lib/python3.6/site-packages/airflow/example_dags/example_xcom.py
[2021-03-12 00:11:23,742] {scheduler_job.py:629} INFO - Processing file /home/airflow/.local/lib/python3.6/site-packages/airflow/example_dags/example_xcom.py for tasks to queue
[2021-03-12 00:11:23,744] {logging_mixin.py:104} INFO - [2021-03-12 00:11:23,743] {dagbag.py:448} INFO - Filling up the DagBag from /home/airflow/.local/lib/python3.6/site-packages/airflow/example_dags/example_xcom.py
[2021-03-12 00:11:23,761] {scheduler_job.py:639} INFO - DAG(s) dict_keys(['example_xcom']) retrieved from /home/airflow/.local/lib/python3.6/site-packages/airflow/example_dags/example_xcom.py
[2021-03-12 00:11:23,796] {logging_mixin.py:104} INFO - [2021-03-12 00:11:23,796] {dag.py:1818} INFO - Sync 1 DAGs
[2021-03-12 00:11:23,818] {logging_mixin.py:104} INFO - [2021-03-12 00:11:23,818] {dag.py:2273} INFO - Setting next_dagrun for example_xcom to None
[2021-03-12 00:11:23,828] {scheduler_job.py:190} INFO - Processing /home/airflow/.local/lib/python3.6/site-packages/airflow/example_dags/example_xcom.py took 0.099 seconds
[2021-03-12 00:41:05,072] {scheduler_job.py:182} INFO - Started process (PID=32) to work on /home/airflow/.local/lib/python3.6/site-packages/airflow/example_dags/example_xcom.py
[2021-03-12 00:41:05,085] {scheduler_job.py:629} INFO - Processing file /home/airflow/.local/lib/python3.6/site-packages/airflow/example_dags/example_xcom.py for tasks to queue
[2021-03-12 00:41:05,089] {logging_mixin.py:104} INFO - [2021-03-12 00:41:05,088] {dagbag.py:448} INFO - Filling up the DagBag from /home/airflow/.local/lib/python3.6/site-packages/airflow/example_dags/example_xcom.py
[2021-03-12 00:41:05,140] {scheduler_job.py:639} INFO - DAG(s) dict_keys(['example_xcom']) retrieved from /home/airflow/.local/lib/python3.6/site-packages/airflow/example_dags/example_xcom.py
[2021-03-12 00:41:05,236] {logging_mixin.py:104} INFO - [2021-03-12 00:41:05,236] {dag.py:1818} INFO - Sync 1 DAGs
[2021-03-12 00:41:05,266] {logging_mixin.py:104} INFO - [2021-03-12 00:41:05,266] {dag.py:2273} INFO - Setting next_dagrun for example_xcom to 2021-03-10 00:00:00+00:00
[2021-03-12 00:41:05,302] {scheduler_job.py:190} INFO - Processing /home/airflow/.local/lib/python3.6/site-packages/airflow/example_dags/example_xcom.py took 0.247 seconds
[2021-03-12 00:41:36,273] {scheduler_job.py:182} INFO - Started process (PID=59) to work on /home/airflow/.local/lib/python3.6/site-packages/airflow/example_dags/example_xcom.py
[2021-03-12 00:41:36,275] {scheduler_job.py:629} INFO - Processing file /home/airflow/.local/lib/python3.6/site-packages/airflow/example_dags/example_xcom.py for tasks to queue
[2021-03-12 00:41:36,277] {logging_mixin.py:104} INFO - [2021-03-12 00:41:36,276] {dagbag.py:448} INFO - Filling up the DagBag from /home/airflow/.local/lib/python3.6/site-packages/airflow/example_dags/example_xcom.py
[2021-03-12 00:41:36,295] {scheduler_job.py:639} INFO - DAG(s) dict_keys(['example_xcom']) retrieved from /home/airflow/.local/lib/python3.6/site-packages/airflow/example_dags/example_xcom.py
[2021-03-12 00:41:36,332] {logging_mixin.py:104} INFO - [2021-03-12 00:41:36,332] {dag.py:1818} INFO - Sync 1 DAGs
[2021-03-12 00:41:36,361] {logging_mixin.py:104} INFO - [2021-03-12 00:41:36,361] {dag.py:2273} INFO - Setting next_dagrun for example_xcom to 2021-03-10 00:00:00+00:00
[2021-03-12 00:41:36,372] {scheduler_job.py:190} INFO - Processing /home/airflow/.local/lib/python3.6/site-packages/airflow/example_dags/example_xcom.py took 0.103 seconds
[2021-03-12 00:42:06,995] {scheduler_job.py:182} INFO - Started process (PID=88) to work on /home/airflow/.local/lib/python3.6/site-packages/airflow/example_dags/example_xcom.py
[2021-03-12 00:42:06,997] {scheduler_job.py:629} INFO - Processing file /home/airflow/.local/lib/python3.6/site-packages/airflow/example_dags/example_xcom.py for tasks to queue
[2021-03-12 00:42:07,004] {logging_mixin.py:104} INFO - [2021-03-12 00:42:06,998] {dagbag.py:448} INFO - Filling up the DagBag from /home/airflow/.local/lib/python3.6/site-packages/airflow/example_dags/example_xcom.py
[2021-03-12 00:42:07,026] {scheduler_job.py:639} INFO - DAG(s) dict_keys(['example_xcom']) retrieved from /home/airflow/.local/lib/python3.6/site-packages/airflow/example_dags/example_xcom.py
[2021-03-12 00:42:07,055] {logging_mixin.py:104} INFO - [2021-03-12 00:42:07,050] {dag.py:1818} INFO - Sync 1 DAGs
[2021-03-12 00:42:07,073] {logging_mixin.py:104} INFO - [2021-03-12 00:42:07,073] {dag.py:2273} INFO - Setting next_dagrun for example_xcom to 2021-03-10 00:00:00+00:00
[2021-03-12 00:42:07,083] {scheduler_job.py:190} INFO - Processing /home/airflow/.local/lib/python3.6/site-packages/airflow/example_dags/example_xcom.py took 0.092 seconds
[2021-03-12 00:42:37,765] {scheduler_job.py:182} INFO - Started process (PID=115) to work on /home/airflow/.local/lib/python3.6/site-packages/airflow/example_dags/example_xcom.py
[2021-03-12 00:42:37,767] {scheduler_job.py:629} INFO - Processing file /home/airflow/.local/lib/python3.6/site-packages/airflow/example_dags/example_xcom.py for tasks to queue
[2021-03-12 00:42:37,768] {logging_mixin.py:104} INFO - [2021-03-12 00:42:37,768] {dagbag.py:448} INFO - Filling up the DagBag from /home/airflow/.local/lib/python3.6/site-packages/airflow/example_dags/example_xcom.py
[2021-03-12 00:42:37,780] {scheduler_job.py:639} INFO - DAG(s) dict_keys(['example_xcom']) retrieved from /home/airflow/.local/lib/python3.6/site-packages/airflow/example_dags/example_xcom.py
[2021-03-12 00:42:37,801] {logging_mixin.py:104} INFO - [2021-03-12 00:42:37,801] {dag.py:1818} INFO - Sync 1 DAGs
[2021-03-12 00:42:37,816] {logging_mixin.py:104} INFO - [2021-03-12 00:42:37,816] {dag.py:2273} INFO - Setting next_dagrun for example_xcom to 2021-03-10 00:00:00+00:00
[2021-03-12 00:42:37,825] {scheduler_job.py:190} INFO - Processing /home/airflow/.local/lib/python3.6/site-packages/airflow/example_dags/example_xcom.py took 0.063 seconds
[2021-03-12 00:43:08,747] {scheduler_job.py:182} INFO - Started process (PID=142) to work on /home/airflow/.local/lib/python3.6/site-packages/airflow/example_dags/example_xcom.py
[2021-03-12 00:43:08,749] {scheduler_job.py:629} INFO - Processing file /home/airflow/.local/lib/python3.6/site-packages/airflow/example_dags/example_xcom.py for tasks to queue
[2021-03-12 00:43:08,751] {logging_mixin.py:104} INFO - [2021-03-12 00:43:08,751] {dagbag.py:448} INFO - Filling up the DagBag from /home/airflow/.local/lib/python3.6/site-packages/airflow/example_dags/example_xcom.py
[2021-03-12 00:43:08,771] {scheduler_job.py:639} INFO - DAG(s) dict_keys(['example_xcom']) retrieved from /home/airflow/.local/lib/python3.6/site-packages/airflow/example_dags/example_xcom.py
[2021-03-12 00:43:08,801] {logging_mixin.py:104} INFO - [2021-03-12 00:43:08,801] {dag.py:1818} INFO - Sync 1 DAGs
[2021-03-12 00:43:08,823] {logging_mixin.py:104} INFO - [2021-03-12 00:43:08,823] {dag.py:2273} INFO - Setting next_dagrun for example_xcom to 2021-03-10 00:00:00+00:00
[2021-03-12 00:43:08,832] {scheduler_job.py:190} INFO - Processing /home/airflow/.local/lib/python3.6/site-packages/airflow/example_dags/example_xcom.py took 0.090 seconds
