[2021-03-12 00:00:03,357] {scheduler_job.py:182} INFO - Started process (PID=1892) to work on /home/airflow/.local/lib/python3.6/site-packages/airflow/example_dags/example_kubernetes_executor.py
[2021-03-12 00:00:03,359] {scheduler_job.py:629} INFO - Processing file /home/airflow/.local/lib/python3.6/site-packages/airflow/example_dags/example_kubernetes_executor.py for tasks to queue
[2021-03-12 00:00:03,361] {logging_mixin.py:104} INFO - [2021-03-12 00:00:03,360] {dagbag.py:448} INFO - Filling up the DagBag from /home/airflow/.local/lib/python3.6/site-packages/airflow/example_dags/example_kubernetes_executor.py
[2021-03-12 00:00:03,388] {scheduler_job.py:639} INFO - DAG(s) dict_keys(['example_kubernetes_executor']) retrieved from /home/airflow/.local/lib/python3.6/site-packages/airflow/example_dags/example_kubernetes_executor.py
[2021-03-12 00:00:03,459] {logging_mixin.py:104} INFO - [2021-03-12 00:00:03,459] {dag.py:1818} INFO - Sync 1 DAGs
[2021-03-12 00:00:03,497] {logging_mixin.py:104} INFO - [2021-03-12 00:00:03,497] {dag.py:2273} INFO - Setting next_dagrun for example_kubernetes_executor to None
[2021-03-12 00:00:03,518] {scheduler_job.py:190} INFO - Processing /home/airflow/.local/lib/python3.6/site-packages/airflow/example_dags/example_kubernetes_executor.py took 0.166 seconds
[2021-03-12 00:00:34,317] {scheduler_job.py:182} INFO - Started process (PID=1919) to work on /home/airflow/.local/lib/python3.6/site-packages/airflow/example_dags/example_kubernetes_executor.py
[2021-03-12 00:00:34,319] {scheduler_job.py:629} INFO - Processing file /home/airflow/.local/lib/python3.6/site-packages/airflow/example_dags/example_kubernetes_executor.py for tasks to queue
[2021-03-12 00:00:34,320] {logging_mixin.py:104} INFO - [2021-03-12 00:00:34,320] {dagbag.py:448} INFO - Filling up the DagBag from /home/airflow/.local/lib/python3.6/site-packages/airflow/example_dags/example_kubernetes_executor.py
[2021-03-12 00:00:34,333] {scheduler_job.py:639} INFO - DAG(s) dict_keys(['example_kubernetes_executor']) retrieved from /home/airflow/.local/lib/python3.6/site-packages/airflow/example_dags/example_kubernetes_executor.py
[2021-03-12 00:00:34,361] {logging_mixin.py:104} INFO - [2021-03-12 00:00:34,361] {dag.py:1818} INFO - Sync 1 DAGs
[2021-03-12 00:00:34,380] {logging_mixin.py:104} INFO - [2021-03-12 00:00:34,380] {dag.py:2273} INFO - Setting next_dagrun for example_kubernetes_executor to None
[2021-03-12 00:00:34,395] {scheduler_job.py:190} INFO - Processing /home/airflow/.local/lib/python3.6/site-packages/airflow/example_dags/example_kubernetes_executor.py took 0.081 seconds
[2021-03-12 00:01:04,964] {scheduler_job.py:182} INFO - Started process (PID=1946) to work on /home/airflow/.local/lib/python3.6/site-packages/airflow/example_dags/example_kubernetes_executor.py
[2021-03-12 00:01:04,967] {scheduler_job.py:629} INFO - Processing file /home/airflow/.local/lib/python3.6/site-packages/airflow/example_dags/example_kubernetes_executor.py for tasks to queue
[2021-03-12 00:01:04,969] {logging_mixin.py:104} INFO - [2021-03-12 00:01:04,968] {dagbag.py:448} INFO - Filling up the DagBag from /home/airflow/.local/lib/python3.6/site-packages/airflow/example_dags/example_kubernetes_executor.py
[2021-03-12 00:01:04,982] {scheduler_job.py:639} INFO - DAG(s) dict_keys(['example_kubernetes_executor']) retrieved from /home/airflow/.local/lib/python3.6/site-packages/airflow/example_dags/example_kubernetes_executor.py
[2021-03-12 00:01:05,012] {logging_mixin.py:104} INFO - [2021-03-12 00:01:05,012] {dag.py:1818} INFO - Sync 1 DAGs
[2021-03-12 00:01:05,032] {logging_mixin.py:104} INFO - [2021-03-12 00:01:05,031] {dag.py:2273} INFO - Setting next_dagrun for example_kubernetes_executor to None
[2021-03-12 00:01:05,043] {scheduler_job.py:190} INFO - Processing /home/airflow/.local/lib/python3.6/site-packages/airflow/example_dags/example_kubernetes_executor.py took 0.086 seconds
[2021-03-12 00:01:35,583] {scheduler_job.py:182} INFO - Started process (PID=1973) to work on /home/airflow/.local/lib/python3.6/site-packages/airflow/example_dags/example_kubernetes_executor.py
[2021-03-12 00:01:35,586] {scheduler_job.py:629} INFO - Processing file /home/airflow/.local/lib/python3.6/site-packages/airflow/example_dags/example_kubernetes_executor.py for tasks to queue
[2021-03-12 00:01:35,588] {logging_mixin.py:104} INFO - [2021-03-12 00:01:35,587] {dagbag.py:448} INFO - Filling up the DagBag from /home/airflow/.local/lib/python3.6/site-packages/airflow/example_dags/example_kubernetes_executor.py
[2021-03-12 00:01:35,612] {scheduler_job.py:639} INFO - DAG(s) dict_keys(['example_kubernetes_executor']) retrieved from /home/airflow/.local/lib/python3.6/site-packages/airflow/example_dags/example_kubernetes_executor.py
[2021-03-12 00:01:35,638] {logging_mixin.py:104} INFO - [2021-03-12 00:01:35,638] {dag.py:1818} INFO - Sync 1 DAGs
[2021-03-12 00:01:35,656] {logging_mixin.py:104} INFO - [2021-03-12 00:01:35,656] {dag.py:2273} INFO - Setting next_dagrun for example_kubernetes_executor to None
[2021-03-12 00:01:35,665] {scheduler_job.py:190} INFO - Processing /home/airflow/.local/lib/python3.6/site-packages/airflow/example_dags/example_kubernetes_executor.py took 0.088 seconds
[2021-03-12 00:02:06,246] {scheduler_job.py:182} INFO - Started process (PID=2000) to work on /home/airflow/.local/lib/python3.6/site-packages/airflow/example_dags/example_kubernetes_executor.py
[2021-03-12 00:02:06,250] {scheduler_job.py:629} INFO - Processing file /home/airflow/.local/lib/python3.6/site-packages/airflow/example_dags/example_kubernetes_executor.py for tasks to queue
[2021-03-12 00:02:06,253] {logging_mixin.py:104} INFO - [2021-03-12 00:02:06,253] {dagbag.py:448} INFO - Filling up the DagBag from /home/airflow/.local/lib/python3.6/site-packages/airflow/example_dags/example_kubernetes_executor.py
[2021-03-12 00:02:06,268] {scheduler_job.py:639} INFO - DAG(s) dict_keys(['example_kubernetes_executor']) retrieved from /home/airflow/.local/lib/python3.6/site-packages/airflow/example_dags/example_kubernetes_executor.py
[2021-03-12 00:02:06,296] {logging_mixin.py:104} INFO - [2021-03-12 00:02:06,296] {dag.py:1818} INFO - Sync 1 DAGs
[2021-03-12 00:02:06,314] {logging_mixin.py:104} INFO - [2021-03-12 00:02:06,314] {dag.py:2273} INFO - Setting next_dagrun for example_kubernetes_executor to None
[2021-03-12 00:02:06,332] {scheduler_job.py:190} INFO - Processing /home/airflow/.local/lib/python3.6/site-packages/airflow/example_dags/example_kubernetes_executor.py took 0.089 seconds
[2021-03-12 00:02:36,837] {scheduler_job.py:182} INFO - Started process (PID=2027) to work on /home/airflow/.local/lib/python3.6/site-packages/airflow/example_dags/example_kubernetes_executor.py
[2021-03-12 00:02:36,840] {scheduler_job.py:629} INFO - Processing file /home/airflow/.local/lib/python3.6/site-packages/airflow/example_dags/example_kubernetes_executor.py for tasks to queue
[2021-03-12 00:02:36,841] {logging_mixin.py:104} INFO - [2021-03-12 00:02:36,841] {dagbag.py:448} INFO - Filling up the DagBag from /home/airflow/.local/lib/python3.6/site-packages/airflow/example_dags/example_kubernetes_executor.py
[2021-03-12 00:02:36,855] {scheduler_job.py:639} INFO - DAG(s) dict_keys(['example_kubernetes_executor']) retrieved from /home/airflow/.local/lib/python3.6/site-packages/airflow/example_dags/example_kubernetes_executor.py
[2021-03-12 00:02:36,877] {logging_mixin.py:104} INFO - [2021-03-12 00:02:36,877] {dag.py:1818} INFO - Sync 1 DAGs
[2021-03-12 00:02:36,895] {logging_mixin.py:104} INFO - [2021-03-12 00:02:36,895] {dag.py:2273} INFO - Setting next_dagrun for example_kubernetes_executor to None
[2021-03-12 00:02:36,909] {scheduler_job.py:190} INFO - Processing /home/airflow/.local/lib/python3.6/site-packages/airflow/example_dags/example_kubernetes_executor.py took 0.076 seconds
[2021-03-12 00:03:07,572] {scheduler_job.py:182} INFO - Started process (PID=2054) to work on /home/airflow/.local/lib/python3.6/site-packages/airflow/example_dags/example_kubernetes_executor.py
[2021-03-12 00:03:07,573] {scheduler_job.py:629} INFO - Processing file /home/airflow/.local/lib/python3.6/site-packages/airflow/example_dags/example_kubernetes_executor.py for tasks to queue
[2021-03-12 00:03:07,575] {logging_mixin.py:104} INFO - [2021-03-12 00:03:07,575] {dagbag.py:448} INFO - Filling up the DagBag from /home/airflow/.local/lib/python3.6/site-packages/airflow/example_dags/example_kubernetes_executor.py
[2021-03-12 00:03:07,591] {scheduler_job.py:639} INFO - DAG(s) dict_keys(['example_kubernetes_executor']) retrieved from /home/airflow/.local/lib/python3.6/site-packages/airflow/example_dags/example_kubernetes_executor.py
[2021-03-12 00:03:07,618] {logging_mixin.py:104} INFO - [2021-03-12 00:03:07,618] {dag.py:1818} INFO - Sync 1 DAGs
[2021-03-12 00:03:07,633] {logging_mixin.py:104} INFO - [2021-03-12 00:03:07,633] {dag.py:2273} INFO - Setting next_dagrun for example_kubernetes_executor to None
[2021-03-12 00:03:07,646] {scheduler_job.py:190} INFO - Processing /home/airflow/.local/lib/python3.6/site-packages/airflow/example_dags/example_kubernetes_executor.py took 0.079 seconds
[2021-03-12 00:03:38,317] {scheduler_job.py:182} INFO - Started process (PID=2081) to work on /home/airflow/.local/lib/python3.6/site-packages/airflow/example_dags/example_kubernetes_executor.py
[2021-03-12 00:03:38,319] {scheduler_job.py:629} INFO - Processing file /home/airflow/.local/lib/python3.6/site-packages/airflow/example_dags/example_kubernetes_executor.py for tasks to queue
[2021-03-12 00:03:38,320] {logging_mixin.py:104} INFO - [2021-03-12 00:03:38,320] {dagbag.py:448} INFO - Filling up the DagBag from /home/airflow/.local/lib/python3.6/site-packages/airflow/example_dags/example_kubernetes_executor.py
[2021-03-12 00:03:38,344] {scheduler_job.py:639} INFO - DAG(s) dict_keys(['example_kubernetes_executor']) retrieved from /home/airflow/.local/lib/python3.6/site-packages/airflow/example_dags/example_kubernetes_executor.py
[2021-03-12 00:03:38,365] {logging_mixin.py:104} INFO - [2021-03-12 00:03:38,365] {dag.py:1818} INFO - Sync 1 DAGs
[2021-03-12 00:03:38,390] {logging_mixin.py:104} INFO - [2021-03-12 00:03:38,390] {dag.py:2273} INFO - Setting next_dagrun for example_kubernetes_executor to None
[2021-03-12 00:03:38,403] {scheduler_job.py:190} INFO - Processing /home/airflow/.local/lib/python3.6/site-packages/airflow/example_dags/example_kubernetes_executor.py took 0.090 seconds
[2021-03-12 00:04:09,025] {scheduler_job.py:182} INFO - Started process (PID=2108) to work on /home/airflow/.local/lib/python3.6/site-packages/airflow/example_dags/example_kubernetes_executor.py
[2021-03-12 00:04:09,028] {scheduler_job.py:629} INFO - Processing file /home/airflow/.local/lib/python3.6/site-packages/airflow/example_dags/example_kubernetes_executor.py for tasks to queue
[2021-03-12 00:04:09,035] {logging_mixin.py:104} INFO - [2021-03-12 00:04:09,034] {dagbag.py:448} INFO - Filling up the DagBag from /home/airflow/.local/lib/python3.6/site-packages/airflow/example_dags/example_kubernetes_executor.py
[2021-03-12 00:04:09,052] {scheduler_job.py:639} INFO - DAG(s) dict_keys(['example_kubernetes_executor']) retrieved from /home/airflow/.local/lib/python3.6/site-packages/airflow/example_dags/example_kubernetes_executor.py
[2021-03-12 00:04:09,084] {logging_mixin.py:104} INFO - [2021-03-12 00:04:09,084] {dag.py:1818} INFO - Sync 1 DAGs
[2021-03-12 00:04:09,105] {logging_mixin.py:104} INFO - [2021-03-12 00:04:09,105] {dag.py:2273} INFO - Setting next_dagrun for example_kubernetes_executor to None
[2021-03-12 00:04:09,114] {scheduler_job.py:190} INFO - Processing /home/airflow/.local/lib/python3.6/site-packages/airflow/example_dags/example_kubernetes_executor.py took 0.093 seconds
[2021-03-12 00:04:39,623] {scheduler_job.py:182} INFO - Started process (PID=2135) to work on /home/airflow/.local/lib/python3.6/site-packages/airflow/example_dags/example_kubernetes_executor.py
[2021-03-12 00:04:39,625] {scheduler_job.py:629} INFO - Processing file /home/airflow/.local/lib/python3.6/site-packages/airflow/example_dags/example_kubernetes_executor.py for tasks to queue
[2021-03-12 00:04:39,627] {logging_mixin.py:104} INFO - [2021-03-12 00:04:39,627] {dagbag.py:448} INFO - Filling up the DagBag from /home/airflow/.local/lib/python3.6/site-packages/airflow/example_dags/example_kubernetes_executor.py
[2021-03-12 00:04:39,643] {scheduler_job.py:639} INFO - DAG(s) dict_keys(['example_kubernetes_executor']) retrieved from /home/airflow/.local/lib/python3.6/site-packages/airflow/example_dags/example_kubernetes_executor.py
[2021-03-12 00:04:39,671] {logging_mixin.py:104} INFO - [2021-03-12 00:04:39,671] {dag.py:1818} INFO - Sync 1 DAGs
[2021-03-12 00:04:39,700] {logging_mixin.py:104} INFO - [2021-03-12 00:04:39,700] {dag.py:2273} INFO - Setting next_dagrun for example_kubernetes_executor to None
[2021-03-12 00:04:39,714] {scheduler_job.py:190} INFO - Processing /home/airflow/.local/lib/python3.6/site-packages/airflow/example_dags/example_kubernetes_executor.py took 0.096 seconds
[2021-03-12 00:05:10,407] {scheduler_job.py:182} INFO - Started process (PID=2162) to work on /home/airflow/.local/lib/python3.6/site-packages/airflow/example_dags/example_kubernetes_executor.py
[2021-03-12 00:05:10,410] {scheduler_job.py:629} INFO - Processing file /home/airflow/.local/lib/python3.6/site-packages/airflow/example_dags/example_kubernetes_executor.py for tasks to queue
[2021-03-12 00:05:10,412] {logging_mixin.py:104} INFO - [2021-03-12 00:05:10,412] {dagbag.py:448} INFO - Filling up the DagBag from /home/airflow/.local/lib/python3.6/site-packages/airflow/example_dags/example_kubernetes_executor.py
[2021-03-12 00:05:10,431] {scheduler_job.py:639} INFO - DAG(s) dict_keys(['example_kubernetes_executor']) retrieved from /home/airflow/.local/lib/python3.6/site-packages/airflow/example_dags/example_kubernetes_executor.py
[2021-03-12 00:05:10,468] {logging_mixin.py:104} INFO - [2021-03-12 00:05:10,467] {dag.py:1818} INFO - Sync 1 DAGs
[2021-03-12 00:05:10,493] {logging_mixin.py:104} INFO - [2021-03-12 00:05:10,493] {dag.py:2273} INFO - Setting next_dagrun for example_kubernetes_executor to None
[2021-03-12 00:05:10,516] {scheduler_job.py:190} INFO - Processing /home/airflow/.local/lib/python3.6/site-packages/airflow/example_dags/example_kubernetes_executor.py took 0.114 seconds
[2021-03-12 00:05:41,204] {scheduler_job.py:182} INFO - Started process (PID=2189) to work on /home/airflow/.local/lib/python3.6/site-packages/airflow/example_dags/example_kubernetes_executor.py
[2021-03-12 00:05:41,208] {scheduler_job.py:629} INFO - Processing file /home/airflow/.local/lib/python3.6/site-packages/airflow/example_dags/example_kubernetes_executor.py for tasks to queue
[2021-03-12 00:05:41,211] {logging_mixin.py:104} INFO - [2021-03-12 00:05:41,210] {dagbag.py:448} INFO - Filling up the DagBag from /home/airflow/.local/lib/python3.6/site-packages/airflow/example_dags/example_kubernetes_executor.py
[2021-03-12 00:05:41,238] {scheduler_job.py:639} INFO - DAG(s) dict_keys(['example_kubernetes_executor']) retrieved from /home/airflow/.local/lib/python3.6/site-packages/airflow/example_dags/example_kubernetes_executor.py
[2021-03-12 00:05:41,286] {logging_mixin.py:104} INFO - [2021-03-12 00:05:41,286] {dag.py:1818} INFO - Sync 1 DAGs
[2021-03-12 00:05:41,305] {logging_mixin.py:104} INFO - [2021-03-12 00:05:41,305] {dag.py:2273} INFO - Setting next_dagrun for example_kubernetes_executor to None
[2021-03-12 00:05:41,318] {scheduler_job.py:190} INFO - Processing /home/airflow/.local/lib/python3.6/site-packages/airflow/example_dags/example_kubernetes_executor.py took 0.122 seconds
[2021-03-12 00:06:12,174] {scheduler_job.py:182} INFO - Started process (PID=2216) to work on /home/airflow/.local/lib/python3.6/site-packages/airflow/example_dags/example_kubernetes_executor.py
[2021-03-12 00:06:12,176] {scheduler_job.py:629} INFO - Processing file /home/airflow/.local/lib/python3.6/site-packages/airflow/example_dags/example_kubernetes_executor.py for tasks to queue
[2021-03-12 00:06:12,177] {logging_mixin.py:104} INFO - [2021-03-12 00:06:12,177] {dagbag.py:448} INFO - Filling up the DagBag from /home/airflow/.local/lib/python3.6/site-packages/airflow/example_dags/example_kubernetes_executor.py
[2021-03-12 00:06:12,193] {scheduler_job.py:639} INFO - DAG(s) dict_keys(['example_kubernetes_executor']) retrieved from /home/airflow/.local/lib/python3.6/site-packages/airflow/example_dags/example_kubernetes_executor.py
[2021-03-12 00:06:12,213] {logging_mixin.py:104} INFO - [2021-03-12 00:06:12,213] {dag.py:1818} INFO - Sync 1 DAGs
[2021-03-12 00:06:12,231] {logging_mixin.py:104} INFO - [2021-03-12 00:06:12,230] {dag.py:2273} INFO - Setting next_dagrun for example_kubernetes_executor to None
[2021-03-12 00:06:12,240] {scheduler_job.py:190} INFO - Processing /home/airflow/.local/lib/python3.6/site-packages/airflow/example_dags/example_kubernetes_executor.py took 0.070 seconds
[2021-03-12 00:06:42,767] {scheduler_job.py:182} INFO - Started process (PID=2243) to work on /home/airflow/.local/lib/python3.6/site-packages/airflow/example_dags/example_kubernetes_executor.py
[2021-03-12 00:06:42,774] {scheduler_job.py:629} INFO - Processing file /home/airflow/.local/lib/python3.6/site-packages/airflow/example_dags/example_kubernetes_executor.py for tasks to queue
[2021-03-12 00:06:42,777] {logging_mixin.py:104} INFO - [2021-03-12 00:06:42,777] {dagbag.py:448} INFO - Filling up the DagBag from /home/airflow/.local/lib/python3.6/site-packages/airflow/example_dags/example_kubernetes_executor.py
[2021-03-12 00:06:42,809] {scheduler_job.py:639} INFO - DAG(s) dict_keys(['example_kubernetes_executor']) retrieved from /home/airflow/.local/lib/python3.6/site-packages/airflow/example_dags/example_kubernetes_executor.py
[2021-03-12 00:06:42,867] {logging_mixin.py:104} INFO - [2021-03-12 00:06:42,867] {dag.py:1818} INFO - Sync 1 DAGs
[2021-03-12 00:06:42,899] {logging_mixin.py:104} INFO - [2021-03-12 00:06:42,899] {dag.py:2273} INFO - Setting next_dagrun for example_kubernetes_executor to None
[2021-03-12 00:06:42,923] {scheduler_job.py:190} INFO - Processing /home/airflow/.local/lib/python3.6/site-packages/airflow/example_dags/example_kubernetes_executor.py took 0.162 seconds
[2021-03-12 00:07:13,569] {scheduler_job.py:182} INFO - Started process (PID=2270) to work on /home/airflow/.local/lib/python3.6/site-packages/airflow/example_dags/example_kubernetes_executor.py
[2021-03-12 00:07:13,572] {scheduler_job.py:629} INFO - Processing file /home/airflow/.local/lib/python3.6/site-packages/airflow/example_dags/example_kubernetes_executor.py for tasks to queue
[2021-03-12 00:07:13,575] {logging_mixin.py:104} INFO - [2021-03-12 00:07:13,575] {dagbag.py:448} INFO - Filling up the DagBag from /home/airflow/.local/lib/python3.6/site-packages/airflow/example_dags/example_kubernetes_executor.py
[2021-03-12 00:07:13,592] {scheduler_job.py:639} INFO - DAG(s) dict_keys(['example_kubernetes_executor']) retrieved from /home/airflow/.local/lib/python3.6/site-packages/airflow/example_dags/example_kubernetes_executor.py
[2021-03-12 00:07:13,623] {logging_mixin.py:104} INFO - [2021-03-12 00:07:13,623] {dag.py:1818} INFO - Sync 1 DAGs
[2021-03-12 00:07:13,651] {logging_mixin.py:104} INFO - [2021-03-12 00:07:13,651] {dag.py:2273} INFO - Setting next_dagrun for example_kubernetes_executor to None
[2021-03-12 00:07:13,691] {scheduler_job.py:190} INFO - Processing /home/airflow/.local/lib/python3.6/site-packages/airflow/example_dags/example_kubernetes_executor.py took 0.128 seconds
[2021-03-12 00:07:44,455] {scheduler_job.py:182} INFO - Started process (PID=2297) to work on /home/airflow/.local/lib/python3.6/site-packages/airflow/example_dags/example_kubernetes_executor.py
[2021-03-12 00:07:44,457] {scheduler_job.py:629} INFO - Processing file /home/airflow/.local/lib/python3.6/site-packages/airflow/example_dags/example_kubernetes_executor.py for tasks to queue
[2021-03-12 00:07:44,459] {logging_mixin.py:104} INFO - [2021-03-12 00:07:44,459] {dagbag.py:448} INFO - Filling up the DagBag from /home/airflow/.local/lib/python3.6/site-packages/airflow/example_dags/example_kubernetes_executor.py
[2021-03-12 00:07:44,474] {scheduler_job.py:639} INFO - DAG(s) dict_keys(['example_kubernetes_executor']) retrieved from /home/airflow/.local/lib/python3.6/site-packages/airflow/example_dags/example_kubernetes_executor.py
[2021-03-12 00:07:44,498] {logging_mixin.py:104} INFO - [2021-03-12 00:07:44,498] {dag.py:1818} INFO - Sync 1 DAGs
[2021-03-12 00:07:44,516] {logging_mixin.py:104} INFO - [2021-03-12 00:07:44,516] {dag.py:2273} INFO - Setting next_dagrun for example_kubernetes_executor to None
[2021-03-12 00:07:44,528] {scheduler_job.py:190} INFO - Processing /home/airflow/.local/lib/python3.6/site-packages/airflow/example_dags/example_kubernetes_executor.py took 0.076 seconds
[2021-03-12 00:08:15,112] {scheduler_job.py:182} INFO - Started process (PID=2324) to work on /home/airflow/.local/lib/python3.6/site-packages/airflow/example_dags/example_kubernetes_executor.py
[2021-03-12 00:08:15,114] {scheduler_job.py:629} INFO - Processing file /home/airflow/.local/lib/python3.6/site-packages/airflow/example_dags/example_kubernetes_executor.py for tasks to queue
[2021-03-12 00:08:15,116] {logging_mixin.py:104} INFO - [2021-03-12 00:08:15,116] {dagbag.py:448} INFO - Filling up the DagBag from /home/airflow/.local/lib/python3.6/site-packages/airflow/example_dags/example_kubernetes_executor.py
[2021-03-12 00:08:15,134] {scheduler_job.py:639} INFO - DAG(s) dict_keys(['example_kubernetes_executor']) retrieved from /home/airflow/.local/lib/python3.6/site-packages/airflow/example_dags/example_kubernetes_executor.py
[2021-03-12 00:08:15,165] {logging_mixin.py:104} INFO - [2021-03-12 00:08:15,164] {dag.py:1818} INFO - Sync 1 DAGs
[2021-03-12 00:08:15,189] {logging_mixin.py:104} INFO - [2021-03-12 00:08:15,188] {dag.py:2273} INFO - Setting next_dagrun for example_kubernetes_executor to None
[2021-03-12 00:08:15,202] {scheduler_job.py:190} INFO - Processing /home/airflow/.local/lib/python3.6/site-packages/airflow/example_dags/example_kubernetes_executor.py took 0.095 seconds
[2021-03-12 00:08:45,818] {scheduler_job.py:182} INFO - Started process (PID=2351) to work on /home/airflow/.local/lib/python3.6/site-packages/airflow/example_dags/example_kubernetes_executor.py
[2021-03-12 00:08:45,822] {scheduler_job.py:629} INFO - Processing file /home/airflow/.local/lib/python3.6/site-packages/airflow/example_dags/example_kubernetes_executor.py for tasks to queue
[2021-03-12 00:08:45,825] {logging_mixin.py:104} INFO - [2021-03-12 00:08:45,825] {dagbag.py:448} INFO - Filling up the DagBag from /home/airflow/.local/lib/python3.6/site-packages/airflow/example_dags/example_kubernetes_executor.py
[2021-03-12 00:08:45,842] {scheduler_job.py:639} INFO - DAG(s) dict_keys(['example_kubernetes_executor']) retrieved from /home/airflow/.local/lib/python3.6/site-packages/airflow/example_dags/example_kubernetes_executor.py
[2021-03-12 00:08:45,868] {logging_mixin.py:104} INFO - [2021-03-12 00:08:45,868] {dag.py:1818} INFO - Sync 1 DAGs
[2021-03-12 00:08:45,884] {logging_mixin.py:104} INFO - [2021-03-12 00:08:45,884] {dag.py:2273} INFO - Setting next_dagrun for example_kubernetes_executor to None
[2021-03-12 00:08:45,895] {scheduler_job.py:190} INFO - Processing /home/airflow/.local/lib/python3.6/site-packages/airflow/example_dags/example_kubernetes_executor.py took 0.081 seconds
[2021-03-12 00:09:16,415] {scheduler_job.py:182} INFO - Started process (PID=2378) to work on /home/airflow/.local/lib/python3.6/site-packages/airflow/example_dags/example_kubernetes_executor.py
[2021-03-12 00:09:16,418] {scheduler_job.py:629} INFO - Processing file /home/airflow/.local/lib/python3.6/site-packages/airflow/example_dags/example_kubernetes_executor.py for tasks to queue
[2021-03-12 00:09:16,421] {logging_mixin.py:104} INFO - [2021-03-12 00:09:16,420] {dagbag.py:448} INFO - Filling up the DagBag from /home/airflow/.local/lib/python3.6/site-packages/airflow/example_dags/example_kubernetes_executor.py
[2021-03-12 00:09:16,445] {scheduler_job.py:639} INFO - DAG(s) dict_keys(['example_kubernetes_executor']) retrieved from /home/airflow/.local/lib/python3.6/site-packages/airflow/example_dags/example_kubernetes_executor.py
[2021-03-12 00:09:16,480] {logging_mixin.py:104} INFO - [2021-03-12 00:09:16,480] {dag.py:1818} INFO - Sync 1 DAGs
[2021-03-12 00:09:16,503] {logging_mixin.py:104} INFO - [2021-03-12 00:09:16,503] {dag.py:2273} INFO - Setting next_dagrun for example_kubernetes_executor to None
[2021-03-12 00:09:16,523] {scheduler_job.py:190} INFO - Processing /home/airflow/.local/lib/python3.6/site-packages/airflow/example_dags/example_kubernetes_executor.py took 0.115 seconds
[2021-03-12 00:09:47,122] {scheduler_job.py:182} INFO - Started process (PID=2405) to work on /home/airflow/.local/lib/python3.6/site-packages/airflow/example_dags/example_kubernetes_executor.py
[2021-03-12 00:09:47,125] {scheduler_job.py:629} INFO - Processing file /home/airflow/.local/lib/python3.6/site-packages/airflow/example_dags/example_kubernetes_executor.py for tasks to queue
[2021-03-12 00:09:47,127] {logging_mixin.py:104} INFO - [2021-03-12 00:09:47,127] {dagbag.py:448} INFO - Filling up the DagBag from /home/airflow/.local/lib/python3.6/site-packages/airflow/example_dags/example_kubernetes_executor.py
[2021-03-12 00:09:47,147] {scheduler_job.py:639} INFO - DAG(s) dict_keys(['example_kubernetes_executor']) retrieved from /home/airflow/.local/lib/python3.6/site-packages/airflow/example_dags/example_kubernetes_executor.py
[2021-03-12 00:09:47,186] {logging_mixin.py:104} INFO - [2021-03-12 00:09:47,186] {dag.py:1818} INFO - Sync 1 DAGs
[2021-03-12 00:09:47,203] {logging_mixin.py:104} INFO - [2021-03-12 00:09:47,203] {dag.py:2273} INFO - Setting next_dagrun for example_kubernetes_executor to None
[2021-03-12 00:09:47,213] {scheduler_job.py:190} INFO - Processing /home/airflow/.local/lib/python3.6/site-packages/airflow/example_dags/example_kubernetes_executor.py took 0.096 seconds
[2021-03-12 00:10:17,244] {scheduler_job.py:182} INFO - Started process (PID=2432) to work on /home/airflow/.local/lib/python3.6/site-packages/airflow/example_dags/example_kubernetes_executor.py
[2021-03-12 00:10:17,245] {scheduler_job.py:629} INFO - Processing file /home/airflow/.local/lib/python3.6/site-packages/airflow/example_dags/example_kubernetes_executor.py for tasks to queue
[2021-03-12 00:10:17,246] {logging_mixin.py:104} INFO - [2021-03-12 00:10:17,246] {dagbag.py:448} INFO - Filling up the DagBag from /home/airflow/.local/lib/python3.6/site-packages/airflow/example_dags/example_kubernetes_executor.py
[2021-03-12 00:10:17,259] {scheduler_job.py:639} INFO - DAG(s) dict_keys(['example_kubernetes_executor']) retrieved from /home/airflow/.local/lib/python3.6/site-packages/airflow/example_dags/example_kubernetes_executor.py
[2021-03-12 00:10:17,284] {logging_mixin.py:104} INFO - [2021-03-12 00:10:17,284] {dag.py:1818} INFO - Sync 1 DAGs
[2021-03-12 00:10:17,301] {logging_mixin.py:104} INFO - [2021-03-12 00:10:17,301] {dag.py:2273} INFO - Setting next_dagrun for example_kubernetes_executor to None
[2021-03-12 00:10:17,326] {scheduler_job.py:190} INFO - Processing /home/airflow/.local/lib/python3.6/site-packages/airflow/example_dags/example_kubernetes_executor.py took 0.086 seconds
[2021-03-12 00:10:47,759] {scheduler_job.py:182} INFO - Started process (PID=2459) to work on /home/airflow/.local/lib/python3.6/site-packages/airflow/example_dags/example_kubernetes_executor.py
[2021-03-12 00:10:47,762] {scheduler_job.py:629} INFO - Processing file /home/airflow/.local/lib/python3.6/site-packages/airflow/example_dags/example_kubernetes_executor.py for tasks to queue
[2021-03-12 00:10:47,763] {logging_mixin.py:104} INFO - [2021-03-12 00:10:47,763] {dagbag.py:448} INFO - Filling up the DagBag from /home/airflow/.local/lib/python3.6/site-packages/airflow/example_dags/example_kubernetes_executor.py
[2021-03-12 00:10:47,778] {scheduler_job.py:639} INFO - DAG(s) dict_keys(['example_kubernetes_executor']) retrieved from /home/airflow/.local/lib/python3.6/site-packages/airflow/example_dags/example_kubernetes_executor.py
[2021-03-12 00:10:47,800] {logging_mixin.py:104} INFO - [2021-03-12 00:10:47,800] {dag.py:1818} INFO - Sync 1 DAGs
[2021-03-12 00:10:47,816] {logging_mixin.py:104} INFO - [2021-03-12 00:10:47,816] {dag.py:2273} INFO - Setting next_dagrun for example_kubernetes_executor to None
[2021-03-12 00:10:47,825] {scheduler_job.py:190} INFO - Processing /home/airflow/.local/lib/python3.6/site-packages/airflow/example_dags/example_kubernetes_executor.py took 0.072 seconds
[2021-03-12 00:11:18,331] {scheduler_job.py:182} INFO - Started process (PID=2486) to work on /home/airflow/.local/lib/python3.6/site-packages/airflow/example_dags/example_kubernetes_executor.py
[2021-03-12 00:11:18,333] {scheduler_job.py:629} INFO - Processing file /home/airflow/.local/lib/python3.6/site-packages/airflow/example_dags/example_kubernetes_executor.py for tasks to queue
[2021-03-12 00:11:18,334] {logging_mixin.py:104} INFO - [2021-03-12 00:11:18,334] {dagbag.py:448} INFO - Filling up the DagBag from /home/airflow/.local/lib/python3.6/site-packages/airflow/example_dags/example_kubernetes_executor.py
[2021-03-12 00:11:18,353] {scheduler_job.py:639} INFO - DAG(s) dict_keys(['example_kubernetes_executor']) retrieved from /home/airflow/.local/lib/python3.6/site-packages/airflow/example_dags/example_kubernetes_executor.py
[2021-03-12 00:11:18,376] {logging_mixin.py:104} INFO - [2021-03-12 00:11:18,376] {dag.py:1818} INFO - Sync 1 DAGs
[2021-03-12 00:11:18,393] {logging_mixin.py:104} INFO - [2021-03-12 00:11:18,393] {dag.py:2273} INFO - Setting next_dagrun for example_kubernetes_executor to None
[2021-03-12 00:11:18,410] {scheduler_job.py:190} INFO - Processing /home/airflow/.local/lib/python3.6/site-packages/airflow/example_dags/example_kubernetes_executor.py took 0.083 seconds
[2021-03-12 00:41:05,522] {scheduler_job.py:182} INFO - Started process (PID=35) to work on /home/airflow/.local/lib/python3.6/site-packages/airflow/example_dags/example_kubernetes_executor.py
[2021-03-12 00:41:05,536] {scheduler_job.py:629} INFO - Processing file /home/airflow/.local/lib/python3.6/site-packages/airflow/example_dags/example_kubernetes_executor.py for tasks to queue
[2021-03-12 00:41:05,543] {logging_mixin.py:104} INFO - [2021-03-12 00:41:05,541] {dagbag.py:448} INFO - Filling up the DagBag from /home/airflow/.local/lib/python3.6/site-packages/airflow/example_dags/example_kubernetes_executor.py
[2021-03-12 00:41:05,631] {scheduler_job.py:639} INFO - DAG(s) dict_keys(['example_kubernetes_executor']) retrieved from /home/airflow/.local/lib/python3.6/site-packages/airflow/example_dags/example_kubernetes_executor.py
[2021-03-12 00:41:05,703] {logging_mixin.py:104} INFO - [2021-03-12 00:41:05,702] {dag.py:1818} INFO - Sync 1 DAGs
[2021-03-12 00:41:05,792] {logging_mixin.py:104} INFO - [2021-03-12 00:41:05,792] {dag.py:2273} INFO - Setting next_dagrun for example_kubernetes_executor to None
[2021-03-12 00:41:05,943] {scheduler_job.py:190} INFO - Processing /home/airflow/.local/lib/python3.6/site-packages/airflow/example_dags/example_kubernetes_executor.py took 0.429 seconds
[2021-03-12 00:41:36,341] {scheduler_job.py:182} INFO - Started process (PID=61) to work on /home/airflow/.local/lib/python3.6/site-packages/airflow/example_dags/example_kubernetes_executor.py
[2021-03-12 00:41:36,343] {scheduler_job.py:629} INFO - Processing file /home/airflow/.local/lib/python3.6/site-packages/airflow/example_dags/example_kubernetes_executor.py for tasks to queue
[2021-03-12 00:41:36,345] {logging_mixin.py:104} INFO - [2021-03-12 00:41:36,345] {dagbag.py:448} INFO - Filling up the DagBag from /home/airflow/.local/lib/python3.6/site-packages/airflow/example_dags/example_kubernetes_executor.py
[2021-03-12 00:41:36,360] {scheduler_job.py:639} INFO - DAG(s) dict_keys(['example_kubernetes_executor']) retrieved from /home/airflow/.local/lib/python3.6/site-packages/airflow/example_dags/example_kubernetes_executor.py
[2021-03-12 00:41:36,387] {logging_mixin.py:104} INFO - [2021-03-12 00:41:36,387] {dag.py:1818} INFO - Sync 1 DAGs
[2021-03-12 00:41:36,406] {logging_mixin.py:104} INFO - [2021-03-12 00:41:36,406] {dag.py:2273} INFO - Setting next_dagrun for example_kubernetes_executor to None
[2021-03-12 00:41:36,415] {scheduler_job.py:190} INFO - Processing /home/airflow/.local/lib/python3.6/site-packages/airflow/example_dags/example_kubernetes_executor.py took 0.077 seconds
[2021-03-12 00:42:07,117] {scheduler_job.py:182} INFO - Started process (PID=91) to work on /home/airflow/.local/lib/python3.6/site-packages/airflow/example_dags/example_kubernetes_executor.py
[2021-03-12 00:42:07,120] {scheduler_job.py:629} INFO - Processing file /home/airflow/.local/lib/python3.6/site-packages/airflow/example_dags/example_kubernetes_executor.py for tasks to queue
[2021-03-12 00:42:07,121] {logging_mixin.py:104} INFO - [2021-03-12 00:42:07,121] {dagbag.py:448} INFO - Filling up the DagBag from /home/airflow/.local/lib/python3.6/site-packages/airflow/example_dags/example_kubernetes_executor.py
[2021-03-12 00:42:07,136] {scheduler_job.py:639} INFO - DAG(s) dict_keys(['example_kubernetes_executor']) retrieved from /home/airflow/.local/lib/python3.6/site-packages/airflow/example_dags/example_kubernetes_executor.py
[2021-03-12 00:42:07,162] {logging_mixin.py:104} INFO - [2021-03-12 00:42:07,162] {dag.py:1818} INFO - Sync 1 DAGs
[2021-03-12 00:42:07,178] {logging_mixin.py:104} INFO - [2021-03-12 00:42:07,178] {dag.py:2273} INFO - Setting next_dagrun for example_kubernetes_executor to None
[2021-03-12 00:42:07,187] {scheduler_job.py:190} INFO - Processing /home/airflow/.local/lib/python3.6/site-packages/airflow/example_dags/example_kubernetes_executor.py took 0.075 seconds
[2021-03-12 00:42:37,893] {scheduler_job.py:182} INFO - Started process (PID=118) to work on /home/airflow/.local/lib/python3.6/site-packages/airflow/example_dags/example_kubernetes_executor.py
[2021-03-12 00:42:37,895] {scheduler_job.py:629} INFO - Processing file /home/airflow/.local/lib/python3.6/site-packages/airflow/example_dags/example_kubernetes_executor.py for tasks to queue
[2021-03-12 00:42:37,897] {logging_mixin.py:104} INFO - [2021-03-12 00:42:37,897] {dagbag.py:448} INFO - Filling up the DagBag from /home/airflow/.local/lib/python3.6/site-packages/airflow/example_dags/example_kubernetes_executor.py
[2021-03-12 00:42:37,910] {scheduler_job.py:639} INFO - DAG(s) dict_keys(['example_kubernetes_executor']) retrieved from /home/airflow/.local/lib/python3.6/site-packages/airflow/example_dags/example_kubernetes_executor.py
[2021-03-12 00:42:37,932] {logging_mixin.py:104} INFO - [2021-03-12 00:42:37,931] {dag.py:1818} INFO - Sync 1 DAGs
[2021-03-12 00:42:37,954] {logging_mixin.py:104} INFO - [2021-03-12 00:42:37,954] {dag.py:2273} INFO - Setting next_dagrun for example_kubernetes_executor to None
[2021-03-12 00:42:37,963] {scheduler_job.py:190} INFO - Processing /home/airflow/.local/lib/python3.6/site-packages/airflow/example_dags/example_kubernetes_executor.py took 0.075 seconds
[2021-03-12 00:43:08,861] {scheduler_job.py:182} INFO - Started process (PID=145) to work on /home/airflow/.local/lib/python3.6/site-packages/airflow/example_dags/example_kubernetes_executor.py
[2021-03-12 00:43:08,865] {scheduler_job.py:629} INFO - Processing file /home/airflow/.local/lib/python3.6/site-packages/airflow/example_dags/example_kubernetes_executor.py for tasks to queue
[2021-03-12 00:43:08,868] {logging_mixin.py:104} INFO - [2021-03-12 00:43:08,867] {dagbag.py:448} INFO - Filling up the DagBag from /home/airflow/.local/lib/python3.6/site-packages/airflow/example_dags/example_kubernetes_executor.py
[2021-03-12 00:43:08,890] {scheduler_job.py:639} INFO - DAG(s) dict_keys(['example_kubernetes_executor']) retrieved from /home/airflow/.local/lib/python3.6/site-packages/airflow/example_dags/example_kubernetes_executor.py
[2021-03-12 00:43:08,922] {logging_mixin.py:104} INFO - [2021-03-12 00:43:08,922] {dag.py:1818} INFO - Sync 1 DAGs
[2021-03-12 00:43:08,940] {logging_mixin.py:104} INFO - [2021-03-12 00:43:08,940] {dag.py:2273} INFO - Setting next_dagrun for example_kubernetes_executor to None
[2021-03-12 00:43:08,950] {scheduler_job.py:190} INFO - Processing /home/airflow/.local/lib/python3.6/site-packages/airflow/example_dags/example_kubernetes_executor.py took 0.094 seconds
