[2021-03-12 00:00:06,564] {scheduler_job.py:182} INFO - Started process (PID=1894) to work on /home/airflow/.local/lib/python3.6/site-packages/airflow/example_dags/example_complex.py
[2021-03-12 00:00:06,569] {scheduler_job.py:629} INFO - Processing file /home/airflow/.local/lib/python3.6/site-packages/airflow/example_dags/example_complex.py for tasks to queue
[2021-03-12 00:00:06,571] {logging_mixin.py:104} INFO - [2021-03-12 00:00:06,570] {dagbag.py:448} INFO - Filling up the DagBag from /home/airflow/.local/lib/python3.6/site-packages/airflow/example_dags/example_complex.py
[2021-03-12 00:00:06,601] {scheduler_job.py:639} INFO - DAG(s) dict_keys(['example_complex']) retrieved from /home/airflow/.local/lib/python3.6/site-packages/airflow/example_dags/example_complex.py
[2021-03-12 00:00:06,641] {logging_mixin.py:104} INFO - [2021-03-12 00:00:06,641] {dag.py:1818} INFO - Sync 1 DAGs
[2021-03-12 00:00:06,656] {logging_mixin.py:104} INFO - [2021-03-12 00:00:06,656] {dag.py:2273} INFO - Setting next_dagrun for example_complex to None
[2021-03-12 00:00:06,671] {scheduler_job.py:190} INFO - Processing /home/airflow/.local/lib/python3.6/site-packages/airflow/example_dags/example_complex.py took 0.111 seconds
[2021-03-12 00:00:37,437] {scheduler_job.py:182} INFO - Started process (PID=1921) to work on /home/airflow/.local/lib/python3.6/site-packages/airflow/example_dags/example_complex.py
[2021-03-12 00:00:37,439] {scheduler_job.py:629} INFO - Processing file /home/airflow/.local/lib/python3.6/site-packages/airflow/example_dags/example_complex.py for tasks to queue
[2021-03-12 00:00:37,441] {logging_mixin.py:104} INFO - [2021-03-12 00:00:37,441] {dagbag.py:448} INFO - Filling up the DagBag from /home/airflow/.local/lib/python3.6/site-packages/airflow/example_dags/example_complex.py
[2021-03-12 00:00:37,462] {scheduler_job.py:639} INFO - DAG(s) dict_keys(['example_complex']) retrieved from /home/airflow/.local/lib/python3.6/site-packages/airflow/example_dags/example_complex.py
[2021-03-12 00:00:37,497] {logging_mixin.py:104} INFO - [2021-03-12 00:00:37,497] {dag.py:1818} INFO - Sync 1 DAGs
[2021-03-12 00:00:37,515] {logging_mixin.py:104} INFO - [2021-03-12 00:00:37,515] {dag.py:2273} INFO - Setting next_dagrun for example_complex to None
[2021-03-12 00:00:37,526] {scheduler_job.py:190} INFO - Processing /home/airflow/.local/lib/python3.6/site-packages/airflow/example_dags/example_complex.py took 0.092 seconds
[2021-03-12 00:01:08,098] {scheduler_job.py:182} INFO - Started process (PID=1948) to work on /home/airflow/.local/lib/python3.6/site-packages/airflow/example_dags/example_complex.py
[2021-03-12 00:01:08,100] {scheduler_job.py:629} INFO - Processing file /home/airflow/.local/lib/python3.6/site-packages/airflow/example_dags/example_complex.py for tasks to queue
[2021-03-12 00:01:08,102] {logging_mixin.py:104} INFO - [2021-03-12 00:01:08,102] {dagbag.py:448} INFO - Filling up the DagBag from /home/airflow/.local/lib/python3.6/site-packages/airflow/example_dags/example_complex.py
[2021-03-12 00:01:08,130] {scheduler_job.py:639} INFO - DAG(s) dict_keys(['example_complex']) retrieved from /home/airflow/.local/lib/python3.6/site-packages/airflow/example_dags/example_complex.py
[2021-03-12 00:01:08,162] {logging_mixin.py:104} INFO - [2021-03-12 00:01:08,162] {dag.py:1818} INFO - Sync 1 DAGs
[2021-03-12 00:01:08,188] {logging_mixin.py:104} INFO - [2021-03-12 00:01:08,188] {dag.py:2273} INFO - Setting next_dagrun for example_complex to None
[2021-03-12 00:01:08,200] {scheduler_job.py:190} INFO - Processing /home/airflow/.local/lib/python3.6/site-packages/airflow/example_dags/example_complex.py took 0.106 seconds
[2021-03-12 00:01:38,672] {scheduler_job.py:182} INFO - Started process (PID=1975) to work on /home/airflow/.local/lib/python3.6/site-packages/airflow/example_dags/example_complex.py
[2021-03-12 00:01:38,674] {scheduler_job.py:629} INFO - Processing file /home/airflow/.local/lib/python3.6/site-packages/airflow/example_dags/example_complex.py for tasks to queue
[2021-03-12 00:01:38,675] {logging_mixin.py:104} INFO - [2021-03-12 00:01:38,675] {dagbag.py:448} INFO - Filling up the DagBag from /home/airflow/.local/lib/python3.6/site-packages/airflow/example_dags/example_complex.py
[2021-03-12 00:01:38,693] {scheduler_job.py:639} INFO - DAG(s) dict_keys(['example_complex']) retrieved from /home/airflow/.local/lib/python3.6/site-packages/airflow/example_dags/example_complex.py
[2021-03-12 00:01:38,725] {logging_mixin.py:104} INFO - [2021-03-12 00:01:38,724] {dag.py:1818} INFO - Sync 1 DAGs
[2021-03-12 00:01:38,740] {logging_mixin.py:104} INFO - [2021-03-12 00:01:38,740] {dag.py:2273} INFO - Setting next_dagrun for example_complex to None
[2021-03-12 00:01:38,749] {scheduler_job.py:190} INFO - Processing /home/airflow/.local/lib/python3.6/site-packages/airflow/example_dags/example_complex.py took 0.081 seconds
[2021-03-12 00:02:09,368] {scheduler_job.py:182} INFO - Started process (PID=2002) to work on /home/airflow/.local/lib/python3.6/site-packages/airflow/example_dags/example_complex.py
[2021-03-12 00:02:09,370] {scheduler_job.py:629} INFO - Processing file /home/airflow/.local/lib/python3.6/site-packages/airflow/example_dags/example_complex.py for tasks to queue
[2021-03-12 00:02:09,372] {logging_mixin.py:104} INFO - [2021-03-12 00:02:09,372] {dagbag.py:448} INFO - Filling up the DagBag from /home/airflow/.local/lib/python3.6/site-packages/airflow/example_dags/example_complex.py
[2021-03-12 00:02:09,390] {scheduler_job.py:639} INFO - DAG(s) dict_keys(['example_complex']) retrieved from /home/airflow/.local/lib/python3.6/site-packages/airflow/example_dags/example_complex.py
[2021-03-12 00:02:09,420] {logging_mixin.py:104} INFO - [2021-03-12 00:02:09,420] {dag.py:1818} INFO - Sync 1 DAGs
[2021-03-12 00:02:09,437] {logging_mixin.py:104} INFO - [2021-03-12 00:02:09,437] {dag.py:2273} INFO - Setting next_dagrun for example_complex to None
[2021-03-12 00:02:09,448] {scheduler_job.py:190} INFO - Processing /home/airflow/.local/lib/python3.6/site-packages/airflow/example_dags/example_complex.py took 0.085 seconds
[2021-03-12 00:02:39,953] {scheduler_job.py:182} INFO - Started process (PID=2029) to work on /home/airflow/.local/lib/python3.6/site-packages/airflow/example_dags/example_complex.py
[2021-03-12 00:02:39,956] {scheduler_job.py:629} INFO - Processing file /home/airflow/.local/lib/python3.6/site-packages/airflow/example_dags/example_complex.py for tasks to queue
[2021-03-12 00:02:39,957] {logging_mixin.py:104} INFO - [2021-03-12 00:02:39,957] {dagbag.py:448} INFO - Filling up the DagBag from /home/airflow/.local/lib/python3.6/site-packages/airflow/example_dags/example_complex.py
[2021-03-12 00:02:39,978] {scheduler_job.py:639} INFO - DAG(s) dict_keys(['example_complex']) retrieved from /home/airflow/.local/lib/python3.6/site-packages/airflow/example_dags/example_complex.py
[2021-03-12 00:02:40,007] {logging_mixin.py:104} INFO - [2021-03-12 00:02:40,007] {dag.py:1818} INFO - Sync 1 DAGs
[2021-03-12 00:02:40,025] {logging_mixin.py:104} INFO - [2021-03-12 00:02:40,025] {dag.py:2273} INFO - Setting next_dagrun for example_complex to None
[2021-03-12 00:02:40,038] {scheduler_job.py:190} INFO - Processing /home/airflow/.local/lib/python3.6/site-packages/airflow/example_dags/example_complex.py took 0.090 seconds
[2021-03-12 00:03:10,682] {scheduler_job.py:182} INFO - Started process (PID=2056) to work on /home/airflow/.local/lib/python3.6/site-packages/airflow/example_dags/example_complex.py
[2021-03-12 00:03:10,685] {scheduler_job.py:629} INFO - Processing file /home/airflow/.local/lib/python3.6/site-packages/airflow/example_dags/example_complex.py for tasks to queue
[2021-03-12 00:03:10,688] {logging_mixin.py:104} INFO - [2021-03-12 00:03:10,688] {dagbag.py:448} INFO - Filling up the DagBag from /home/airflow/.local/lib/python3.6/site-packages/airflow/example_dags/example_complex.py
[2021-03-12 00:03:10,711] {scheduler_job.py:639} INFO - DAG(s) dict_keys(['example_complex']) retrieved from /home/airflow/.local/lib/python3.6/site-packages/airflow/example_dags/example_complex.py
[2021-03-12 00:03:10,753] {logging_mixin.py:104} INFO - [2021-03-12 00:03:10,753] {dag.py:1818} INFO - Sync 1 DAGs
[2021-03-12 00:03:10,771] {logging_mixin.py:104} INFO - [2021-03-12 00:03:10,771] {dag.py:2273} INFO - Setting next_dagrun for example_complex to None
[2021-03-12 00:03:10,784] {scheduler_job.py:190} INFO - Processing /home/airflow/.local/lib/python3.6/site-packages/airflow/example_dags/example_complex.py took 0.105 seconds
[2021-03-12 00:03:41,441] {scheduler_job.py:182} INFO - Started process (PID=2083) to work on /home/airflow/.local/lib/python3.6/site-packages/airflow/example_dags/example_complex.py
[2021-03-12 00:03:41,444] {scheduler_job.py:629} INFO - Processing file /home/airflow/.local/lib/python3.6/site-packages/airflow/example_dags/example_complex.py for tasks to queue
[2021-03-12 00:03:41,445] {logging_mixin.py:104} INFO - [2021-03-12 00:03:41,445] {dagbag.py:448} INFO - Filling up the DagBag from /home/airflow/.local/lib/python3.6/site-packages/airflow/example_dags/example_complex.py
[2021-03-12 00:03:41,468] {scheduler_job.py:639} INFO - DAG(s) dict_keys(['example_complex']) retrieved from /home/airflow/.local/lib/python3.6/site-packages/airflow/example_dags/example_complex.py
[2021-03-12 00:03:41,502] {logging_mixin.py:104} INFO - [2021-03-12 00:03:41,502] {dag.py:1818} INFO - Sync 1 DAGs
[2021-03-12 00:03:41,520] {logging_mixin.py:104} INFO - [2021-03-12 00:03:41,520] {dag.py:2273} INFO - Setting next_dagrun for example_complex to None
[2021-03-12 00:03:41,536] {scheduler_job.py:190} INFO - Processing /home/airflow/.local/lib/python3.6/site-packages/airflow/example_dags/example_complex.py took 0.103 seconds
[2021-03-12 00:04:12,163] {scheduler_job.py:182} INFO - Started process (PID=2110) to work on /home/airflow/.local/lib/python3.6/site-packages/airflow/example_dags/example_complex.py
[2021-03-12 00:04:12,165] {scheduler_job.py:629} INFO - Processing file /home/airflow/.local/lib/python3.6/site-packages/airflow/example_dags/example_complex.py for tasks to queue
[2021-03-12 00:04:12,167] {logging_mixin.py:104} INFO - [2021-03-12 00:04:12,167] {dagbag.py:448} INFO - Filling up the DagBag from /home/airflow/.local/lib/python3.6/site-packages/airflow/example_dags/example_complex.py
[2021-03-12 00:04:12,189] {scheduler_job.py:639} INFO - DAG(s) dict_keys(['example_complex']) retrieved from /home/airflow/.local/lib/python3.6/site-packages/airflow/example_dags/example_complex.py
[2021-03-12 00:04:12,214] {logging_mixin.py:104} INFO - [2021-03-12 00:04:12,214] {dag.py:1818} INFO - Sync 1 DAGs
[2021-03-12 00:04:12,230] {logging_mixin.py:104} INFO - [2021-03-12 00:04:12,230] {dag.py:2273} INFO - Setting next_dagrun for example_complex to None
[2021-03-12 00:04:12,239] {scheduler_job.py:190} INFO - Processing /home/airflow/.local/lib/python3.6/site-packages/airflow/example_dags/example_complex.py took 0.081 seconds
[2021-03-12 00:04:42,749] {scheduler_job.py:182} INFO - Started process (PID=2137) to work on /home/airflow/.local/lib/python3.6/site-packages/airflow/example_dags/example_complex.py
[2021-03-12 00:04:42,751] {scheduler_job.py:629} INFO - Processing file /home/airflow/.local/lib/python3.6/site-packages/airflow/example_dags/example_complex.py for tasks to queue
[2021-03-12 00:04:42,752] {logging_mixin.py:104} INFO - [2021-03-12 00:04:42,752] {dagbag.py:448} INFO - Filling up the DagBag from /home/airflow/.local/lib/python3.6/site-packages/airflow/example_dags/example_complex.py
[2021-03-12 00:04:42,772] {scheduler_job.py:639} INFO - DAG(s) dict_keys(['example_complex']) retrieved from /home/airflow/.local/lib/python3.6/site-packages/airflow/example_dags/example_complex.py
[2021-03-12 00:04:42,814] {logging_mixin.py:104} INFO - [2021-03-12 00:04:42,814] {dag.py:1818} INFO - Sync 1 DAGs
[2021-03-12 00:04:42,832] {logging_mixin.py:104} INFO - [2021-03-12 00:04:42,832] {dag.py:2273} INFO - Setting next_dagrun for example_complex to None
[2021-03-12 00:04:42,843] {scheduler_job.py:190} INFO - Processing /home/airflow/.local/lib/python3.6/site-packages/airflow/example_dags/example_complex.py took 0.097 seconds
[2021-03-12 00:05:13,593] {scheduler_job.py:182} INFO - Started process (PID=2164) to work on /home/airflow/.local/lib/python3.6/site-packages/airflow/example_dags/example_complex.py
[2021-03-12 00:05:13,597] {scheduler_job.py:629} INFO - Processing file /home/airflow/.local/lib/python3.6/site-packages/airflow/example_dags/example_complex.py for tasks to queue
[2021-03-12 00:05:13,599] {logging_mixin.py:104} INFO - [2021-03-12 00:05:13,598] {dagbag.py:448} INFO - Filling up the DagBag from /home/airflow/.local/lib/python3.6/site-packages/airflow/example_dags/example_complex.py
[2021-03-12 00:05:13,622] {scheduler_job.py:639} INFO - DAG(s) dict_keys(['example_complex']) retrieved from /home/airflow/.local/lib/python3.6/site-packages/airflow/example_dags/example_complex.py
[2021-03-12 00:05:13,650] {logging_mixin.py:104} INFO - [2021-03-12 00:05:13,649] {dag.py:1818} INFO - Sync 1 DAGs
[2021-03-12 00:05:13,665] {logging_mixin.py:104} INFO - [2021-03-12 00:05:13,665] {dag.py:2273} INFO - Setting next_dagrun for example_complex to None
[2021-03-12 00:05:13,676] {scheduler_job.py:190} INFO - Processing /home/airflow/.local/lib/python3.6/site-packages/airflow/example_dags/example_complex.py took 0.092 seconds
[2021-03-12 00:05:44,363] {scheduler_job.py:182} INFO - Started process (PID=2191) to work on /home/airflow/.local/lib/python3.6/site-packages/airflow/example_dags/example_complex.py
[2021-03-12 00:05:44,365] {scheduler_job.py:629} INFO - Processing file /home/airflow/.local/lib/python3.6/site-packages/airflow/example_dags/example_complex.py for tasks to queue
[2021-03-12 00:05:44,367] {logging_mixin.py:104} INFO - [2021-03-12 00:05:44,366] {dagbag.py:448} INFO - Filling up the DagBag from /home/airflow/.local/lib/python3.6/site-packages/airflow/example_dags/example_complex.py
[2021-03-12 00:05:44,389] {scheduler_job.py:639} INFO - DAG(s) dict_keys(['example_complex']) retrieved from /home/airflow/.local/lib/python3.6/site-packages/airflow/example_dags/example_complex.py
[2021-03-12 00:05:44,418] {logging_mixin.py:104} INFO - [2021-03-12 00:05:44,418] {dag.py:1818} INFO - Sync 1 DAGs
[2021-03-12 00:05:44,436] {logging_mixin.py:104} INFO - [2021-03-12 00:05:44,436] {dag.py:2273} INFO - Setting next_dagrun for example_complex to None
[2021-03-12 00:05:44,448] {scheduler_job.py:190} INFO - Processing /home/airflow/.local/lib/python3.6/site-packages/airflow/example_dags/example_complex.py took 0.088 seconds
[2021-03-12 00:06:15,281] {scheduler_job.py:182} INFO - Started process (PID=2218) to work on /home/airflow/.local/lib/python3.6/site-packages/airflow/example_dags/example_complex.py
[2021-03-12 00:06:15,285] {scheduler_job.py:629} INFO - Processing file /home/airflow/.local/lib/python3.6/site-packages/airflow/example_dags/example_complex.py for tasks to queue
[2021-03-12 00:06:15,288] {logging_mixin.py:104} INFO - [2021-03-12 00:06:15,288] {dagbag.py:448} INFO - Filling up the DagBag from /home/airflow/.local/lib/python3.6/site-packages/airflow/example_dags/example_complex.py
[2021-03-12 00:06:15,307] {scheduler_job.py:639} INFO - DAG(s) dict_keys(['example_complex']) retrieved from /home/airflow/.local/lib/python3.6/site-packages/airflow/example_dags/example_complex.py
[2021-03-12 00:06:15,341] {logging_mixin.py:104} INFO - [2021-03-12 00:06:15,341] {dag.py:1818} INFO - Sync 1 DAGs
[2021-03-12 00:06:15,364] {logging_mixin.py:104} INFO - [2021-03-12 00:06:15,364] {dag.py:2273} INFO - Setting next_dagrun for example_complex to None
[2021-03-12 00:06:15,376] {scheduler_job.py:190} INFO - Processing /home/airflow/.local/lib/python3.6/site-packages/airflow/example_dags/example_complex.py took 0.099 seconds
[2021-03-12 00:06:45,992] {scheduler_job.py:182} INFO - Started process (PID=2245) to work on /home/airflow/.local/lib/python3.6/site-packages/airflow/example_dags/example_complex.py
[2021-03-12 00:06:45,995] {scheduler_job.py:629} INFO - Processing file /home/airflow/.local/lib/python3.6/site-packages/airflow/example_dags/example_complex.py for tasks to queue
[2021-03-12 00:06:45,997] {logging_mixin.py:104} INFO - [2021-03-12 00:06:45,997] {dagbag.py:448} INFO - Filling up the DagBag from /home/airflow/.local/lib/python3.6/site-packages/airflow/example_dags/example_complex.py
[2021-03-12 00:06:46,024] {scheduler_job.py:639} INFO - DAG(s) dict_keys(['example_complex']) retrieved from /home/airflow/.local/lib/python3.6/site-packages/airflow/example_dags/example_complex.py
[2021-03-12 00:06:46,053] {logging_mixin.py:104} INFO - [2021-03-12 00:06:46,053] {dag.py:1818} INFO - Sync 1 DAGs
[2021-03-12 00:06:46,071] {logging_mixin.py:104} INFO - [2021-03-12 00:06:46,071] {dag.py:2273} INFO - Setting next_dagrun for example_complex to None
[2021-03-12 00:06:46,085] {scheduler_job.py:190} INFO - Processing /home/airflow/.local/lib/python3.6/site-packages/airflow/example_dags/example_complex.py took 0.101 seconds
[2021-03-12 00:07:16,724] {scheduler_job.py:182} INFO - Started process (PID=2272) to work on /home/airflow/.local/lib/python3.6/site-packages/airflow/example_dags/example_complex.py
[2021-03-12 00:07:16,727] {scheduler_job.py:629} INFO - Processing file /home/airflow/.local/lib/python3.6/site-packages/airflow/example_dags/example_complex.py for tasks to queue
[2021-03-12 00:07:16,729] {logging_mixin.py:104} INFO - [2021-03-12 00:07:16,729] {dagbag.py:448} INFO - Filling up the DagBag from /home/airflow/.local/lib/python3.6/site-packages/airflow/example_dags/example_complex.py
[2021-03-12 00:07:16,750] {scheduler_job.py:639} INFO - DAG(s) dict_keys(['example_complex']) retrieved from /home/airflow/.local/lib/python3.6/site-packages/airflow/example_dags/example_complex.py
[2021-03-12 00:07:16,779] {logging_mixin.py:104} INFO - [2021-03-12 00:07:16,778] {dag.py:1818} INFO - Sync 1 DAGs
[2021-03-12 00:07:16,794] {logging_mixin.py:104} INFO - [2021-03-12 00:07:16,794] {dag.py:2273} INFO - Setting next_dagrun for example_complex to None
[2021-03-12 00:07:16,805] {scheduler_job.py:190} INFO - Processing /home/airflow/.local/lib/python3.6/site-packages/airflow/example_dags/example_complex.py took 0.085 seconds
[2021-03-12 00:07:47,580] {scheduler_job.py:182} INFO - Started process (PID=2299) to work on /home/airflow/.local/lib/python3.6/site-packages/airflow/example_dags/example_complex.py
[2021-03-12 00:07:47,582] {scheduler_job.py:629} INFO - Processing file /home/airflow/.local/lib/python3.6/site-packages/airflow/example_dags/example_complex.py for tasks to queue
[2021-03-12 00:07:47,584] {logging_mixin.py:104} INFO - [2021-03-12 00:07:47,584] {dagbag.py:448} INFO - Filling up the DagBag from /home/airflow/.local/lib/python3.6/site-packages/airflow/example_dags/example_complex.py
[2021-03-12 00:07:47,608] {scheduler_job.py:639} INFO - DAG(s) dict_keys(['example_complex']) retrieved from /home/airflow/.local/lib/python3.6/site-packages/airflow/example_dags/example_complex.py
[2021-03-12 00:07:47,637] {logging_mixin.py:104} INFO - [2021-03-12 00:07:47,637] {dag.py:1818} INFO - Sync 1 DAGs
[2021-03-12 00:07:47,653] {logging_mixin.py:104} INFO - [2021-03-12 00:07:47,653] {dag.py:2273} INFO - Setting next_dagrun for example_complex to None
[2021-03-12 00:07:47,667] {scheduler_job.py:190} INFO - Processing /home/airflow/.local/lib/python3.6/site-packages/airflow/example_dags/example_complex.py took 0.091 seconds
[2021-03-12 00:08:18,240] {scheduler_job.py:182} INFO - Started process (PID=2326) to work on /home/airflow/.local/lib/python3.6/site-packages/airflow/example_dags/example_complex.py
[2021-03-12 00:08:18,246] {scheduler_job.py:629} INFO - Processing file /home/airflow/.local/lib/python3.6/site-packages/airflow/example_dags/example_complex.py for tasks to queue
[2021-03-12 00:08:18,250] {logging_mixin.py:104} INFO - [2021-03-12 00:08:18,250] {dagbag.py:448} INFO - Filling up the DagBag from /home/airflow/.local/lib/python3.6/site-packages/airflow/example_dags/example_complex.py
[2021-03-12 00:08:18,284] {scheduler_job.py:639} INFO - DAG(s) dict_keys(['example_complex']) retrieved from /home/airflow/.local/lib/python3.6/site-packages/airflow/example_dags/example_complex.py
[2021-03-12 00:08:18,323] {logging_mixin.py:104} INFO - [2021-03-12 00:08:18,323] {dag.py:1818} INFO - Sync 1 DAGs
[2021-03-12 00:08:18,349] {logging_mixin.py:104} INFO - [2021-03-12 00:08:18,349] {dag.py:2273} INFO - Setting next_dagrun for example_complex to None
[2021-03-12 00:08:18,361] {scheduler_job.py:190} INFO - Processing /home/airflow/.local/lib/python3.6/site-packages/airflow/example_dags/example_complex.py took 0.125 seconds
[2021-03-12 00:08:48,931] {scheduler_job.py:182} INFO - Started process (PID=2353) to work on /home/airflow/.local/lib/python3.6/site-packages/airflow/example_dags/example_complex.py
[2021-03-12 00:08:48,933] {scheduler_job.py:629} INFO - Processing file /home/airflow/.local/lib/python3.6/site-packages/airflow/example_dags/example_complex.py for tasks to queue
[2021-03-12 00:08:48,935] {logging_mixin.py:104} INFO - [2021-03-12 00:08:48,935] {dagbag.py:448} INFO - Filling up the DagBag from /home/airflow/.local/lib/python3.6/site-packages/airflow/example_dags/example_complex.py
[2021-03-12 00:08:48,959] {scheduler_job.py:639} INFO - DAG(s) dict_keys(['example_complex']) retrieved from /home/airflow/.local/lib/python3.6/site-packages/airflow/example_dags/example_complex.py
[2021-03-12 00:08:48,994] {logging_mixin.py:104} INFO - [2021-03-12 00:08:48,994] {dag.py:1818} INFO - Sync 1 DAGs
[2021-03-12 00:08:49,011] {logging_mixin.py:104} INFO - [2021-03-12 00:08:49,011] {dag.py:2273} INFO - Setting next_dagrun for example_complex to None
[2021-03-12 00:08:49,025] {scheduler_job.py:190} INFO - Processing /home/airflow/.local/lib/python3.6/site-packages/airflow/example_dags/example_complex.py took 0.097 seconds
[2021-03-12 00:09:19,589] {scheduler_job.py:182} INFO - Started process (PID=2380) to work on /home/airflow/.local/lib/python3.6/site-packages/airflow/example_dags/example_complex.py
[2021-03-12 00:09:19,594] {scheduler_job.py:629} INFO - Processing file /home/airflow/.local/lib/python3.6/site-packages/airflow/example_dags/example_complex.py for tasks to queue
[2021-03-12 00:09:19,595] {logging_mixin.py:104} INFO - [2021-03-12 00:09:19,595] {dagbag.py:448} INFO - Filling up the DagBag from /home/airflow/.local/lib/python3.6/site-packages/airflow/example_dags/example_complex.py
[2021-03-12 00:09:19,619] {scheduler_job.py:639} INFO - DAG(s) dict_keys(['example_complex']) retrieved from /home/airflow/.local/lib/python3.6/site-packages/airflow/example_dags/example_complex.py
[2021-03-12 00:09:19,653] {logging_mixin.py:104} INFO - [2021-03-12 00:09:19,653] {dag.py:1818} INFO - Sync 1 DAGs
[2021-03-12 00:09:19,680] {logging_mixin.py:104} INFO - [2021-03-12 00:09:19,680] {dag.py:2273} INFO - Setting next_dagrun for example_complex to None
[2021-03-12 00:09:19,697] {scheduler_job.py:190} INFO - Processing /home/airflow/.local/lib/python3.6/site-packages/airflow/example_dags/example_complex.py took 0.117 seconds
[2021-03-12 00:09:50,272] {scheduler_job.py:182} INFO - Started process (PID=2407) to work on /home/airflow/.local/lib/python3.6/site-packages/airflow/example_dags/example_complex.py
[2021-03-12 00:09:50,274] {scheduler_job.py:629} INFO - Processing file /home/airflow/.local/lib/python3.6/site-packages/airflow/example_dags/example_complex.py for tasks to queue
[2021-03-12 00:09:50,276] {logging_mixin.py:104} INFO - [2021-03-12 00:09:50,276] {dagbag.py:448} INFO - Filling up the DagBag from /home/airflow/.local/lib/python3.6/site-packages/airflow/example_dags/example_complex.py
[2021-03-12 00:09:50,308] {scheduler_job.py:639} INFO - DAG(s) dict_keys(['example_complex']) retrieved from /home/airflow/.local/lib/python3.6/site-packages/airflow/example_dags/example_complex.py
[2021-03-12 00:09:50,355] {logging_mixin.py:104} INFO - [2021-03-12 00:09:50,355] {dag.py:1818} INFO - Sync 1 DAGs
[2021-03-12 00:09:50,382] {logging_mixin.py:104} INFO - [2021-03-12 00:09:50,382] {dag.py:2273} INFO - Setting next_dagrun for example_complex to None
[2021-03-12 00:09:50,406] {scheduler_job.py:190} INFO - Processing /home/airflow/.local/lib/python3.6/site-packages/airflow/example_dags/example_complex.py took 0.140 seconds
[2021-03-12 00:10:21,374] {scheduler_job.py:182} INFO - Started process (PID=2434) to work on /home/airflow/.local/lib/python3.6/site-packages/airflow/example_dags/example_complex.py
[2021-03-12 00:10:21,376] {scheduler_job.py:629} INFO - Processing file /home/airflow/.local/lib/python3.6/site-packages/airflow/example_dags/example_complex.py for tasks to queue
[2021-03-12 00:10:21,378] {logging_mixin.py:104} INFO - [2021-03-12 00:10:21,378] {dagbag.py:448} INFO - Filling up the DagBag from /home/airflow/.local/lib/python3.6/site-packages/airflow/example_dags/example_complex.py
[2021-03-12 00:10:21,402] {scheduler_job.py:639} INFO - DAG(s) dict_keys(['example_complex']) retrieved from /home/airflow/.local/lib/python3.6/site-packages/airflow/example_dags/example_complex.py
[2021-03-12 00:10:21,457] {logging_mixin.py:104} INFO - [2021-03-12 00:10:21,457] {dag.py:1818} INFO - Sync 1 DAGs
[2021-03-12 00:10:21,482] {logging_mixin.py:104} INFO - [2021-03-12 00:10:21,481] {dag.py:2273} INFO - Setting next_dagrun for example_complex to None
[2021-03-12 00:10:21,493] {scheduler_job.py:190} INFO - Processing /home/airflow/.local/lib/python3.6/site-packages/airflow/example_dags/example_complex.py took 0.123 seconds
[2021-03-12 00:10:51,971] {scheduler_job.py:182} INFO - Started process (PID=2463) to work on /home/airflow/.local/lib/python3.6/site-packages/airflow/example_dags/example_complex.py
[2021-03-12 00:10:51,973] {scheduler_job.py:629} INFO - Processing file /home/airflow/.local/lib/python3.6/site-packages/airflow/example_dags/example_complex.py for tasks to queue
[2021-03-12 00:10:51,974] {logging_mixin.py:104} INFO - [2021-03-12 00:10:51,974] {dagbag.py:448} INFO - Filling up the DagBag from /home/airflow/.local/lib/python3.6/site-packages/airflow/example_dags/example_complex.py
[2021-03-12 00:10:51,997] {scheduler_job.py:639} INFO - DAG(s) dict_keys(['example_complex']) retrieved from /home/airflow/.local/lib/python3.6/site-packages/airflow/example_dags/example_complex.py
[2021-03-12 00:10:52,024] {logging_mixin.py:104} INFO - [2021-03-12 00:10:52,024] {dag.py:1818} INFO - Sync 1 DAGs
[2021-03-12 00:10:52,043] {logging_mixin.py:104} INFO - [2021-03-12 00:10:52,043] {dag.py:2273} INFO - Setting next_dagrun for example_complex to None
[2021-03-12 00:10:52,054] {scheduler_job.py:190} INFO - Processing /home/airflow/.local/lib/python3.6/site-packages/airflow/example_dags/example_complex.py took 0.087 seconds
[2021-03-12 00:11:22,600] {scheduler_job.py:182} INFO - Started process (PID=2490) to work on /home/airflow/.local/lib/python3.6/site-packages/airflow/example_dags/example_complex.py
[2021-03-12 00:11:22,603] {scheduler_job.py:629} INFO - Processing file /home/airflow/.local/lib/python3.6/site-packages/airflow/example_dags/example_complex.py for tasks to queue
[2021-03-12 00:11:22,605] {logging_mixin.py:104} INFO - [2021-03-12 00:11:22,605] {dagbag.py:448} INFO - Filling up the DagBag from /home/airflow/.local/lib/python3.6/site-packages/airflow/example_dags/example_complex.py
[2021-03-12 00:11:22,631] {scheduler_job.py:639} INFO - DAG(s) dict_keys(['example_complex']) retrieved from /home/airflow/.local/lib/python3.6/site-packages/airflow/example_dags/example_complex.py
[2021-03-12 00:11:22,667] {logging_mixin.py:104} INFO - [2021-03-12 00:11:22,667] {dag.py:1818} INFO - Sync 1 DAGs
[2021-03-12 00:11:22,685] {logging_mixin.py:104} INFO - [2021-03-12 00:11:22,685] {dag.py:2273} INFO - Setting next_dagrun for example_complex to None
[2021-03-12 00:11:22,697] {scheduler_job.py:190} INFO - Processing /home/airflow/.local/lib/python3.6/site-packages/airflow/example_dags/example_complex.py took 0.102 seconds
[2021-03-12 00:41:07,320] {scheduler_job.py:182} INFO - Started process (PID=43) to work on /home/airflow/.local/lib/python3.6/site-packages/airflow/example_dags/example_complex.py
[2021-03-12 00:41:07,327] {scheduler_job.py:629} INFO - Processing file /home/airflow/.local/lib/python3.6/site-packages/airflow/example_dags/example_complex.py for tasks to queue
[2021-03-12 00:41:07,334] {logging_mixin.py:104} INFO - [2021-03-12 00:41:07,334] {dagbag.py:448} INFO - Filling up the DagBag from /home/airflow/.local/lib/python3.6/site-packages/airflow/example_dags/example_complex.py
[2021-03-12 00:41:07,419] {scheduler_job.py:639} INFO - DAG(s) dict_keys(['example_complex']) retrieved from /home/airflow/.local/lib/python3.6/site-packages/airflow/example_dags/example_complex.py
[2021-03-12 00:41:07,543] {logging_mixin.py:104} INFO - [2021-03-12 00:41:07,543] {dag.py:1818} INFO - Sync 1 DAGs
[2021-03-12 00:41:07,610] {logging_mixin.py:104} INFO - [2021-03-12 00:41:07,610] {dag.py:2273} INFO - Setting next_dagrun for example_complex to None
[2021-03-12 00:41:07,656] {scheduler_job.py:190} INFO - Processing /home/airflow/.local/lib/python3.6/site-packages/airflow/example_dags/example_complex.py took 0.345 seconds
[2021-03-12 00:41:37,987] {scheduler_job.py:182} INFO - Started process (PID=70) to work on /home/airflow/.local/lib/python3.6/site-packages/airflow/example_dags/example_complex.py
[2021-03-12 00:41:37,989] {scheduler_job.py:629} INFO - Processing file /home/airflow/.local/lib/python3.6/site-packages/airflow/example_dags/example_complex.py for tasks to queue
[2021-03-12 00:41:37,990] {logging_mixin.py:104} INFO - [2021-03-12 00:41:37,990] {dagbag.py:448} INFO - Filling up the DagBag from /home/airflow/.local/lib/python3.6/site-packages/airflow/example_dags/example_complex.py
[2021-03-12 00:41:38,012] {scheduler_job.py:639} INFO - DAG(s) dict_keys(['example_complex']) retrieved from /home/airflow/.local/lib/python3.6/site-packages/airflow/example_dags/example_complex.py
[2021-03-12 00:41:38,041] {logging_mixin.py:104} INFO - [2021-03-12 00:41:38,041] {dag.py:1818} INFO - Sync 1 DAGs
[2021-03-12 00:41:38,067] {logging_mixin.py:104} INFO - [2021-03-12 00:41:38,067] {dag.py:2273} INFO - Setting next_dagrun for example_complex to None
[2021-03-12 00:41:38,078] {scheduler_job.py:190} INFO - Processing /home/airflow/.local/lib/python3.6/site-packages/airflow/example_dags/example_complex.py took 0.094 seconds
[2021-03-12 00:42:08,182] {scheduler_job.py:182} INFO - Started process (PID=92) to work on /home/airflow/.local/lib/python3.6/site-packages/airflow/example_dags/example_complex.py
[2021-03-12 00:42:08,185] {scheduler_job.py:629} INFO - Processing file /home/airflow/.local/lib/python3.6/site-packages/airflow/example_dags/example_complex.py for tasks to queue
[2021-03-12 00:42:08,187] {logging_mixin.py:104} INFO - [2021-03-12 00:42:08,187] {dagbag.py:448} INFO - Filling up the DagBag from /home/airflow/.local/lib/python3.6/site-packages/airflow/example_dags/example_complex.py
[2021-03-12 00:42:08,214] {scheduler_job.py:639} INFO - DAG(s) dict_keys(['example_complex']) retrieved from /home/airflow/.local/lib/python3.6/site-packages/airflow/example_dags/example_complex.py
[2021-03-12 00:42:08,247] {logging_mixin.py:104} INFO - [2021-03-12 00:42:08,247] {dag.py:1818} INFO - Sync 1 DAGs
[2021-03-12 00:42:08,268] {logging_mixin.py:104} INFO - [2021-03-12 00:42:08,268] {dag.py:2273} INFO - Setting next_dagrun for example_complex to None
[2021-03-12 00:42:08,280] {scheduler_job.py:190} INFO - Processing /home/airflow/.local/lib/python3.6/site-packages/airflow/example_dags/example_complex.py took 0.106 seconds
[2021-03-12 00:42:39,172] {scheduler_job.py:182} INFO - Started process (PID=123) to work on /home/airflow/.local/lib/python3.6/site-packages/airflow/example_dags/example_complex.py
[2021-03-12 00:42:39,174] {scheduler_job.py:629} INFO - Processing file /home/airflow/.local/lib/python3.6/site-packages/airflow/example_dags/example_complex.py for tasks to queue
[2021-03-12 00:42:39,177] {logging_mixin.py:104} INFO - [2021-03-12 00:42:39,176] {dagbag.py:448} INFO - Filling up the DagBag from /home/airflow/.local/lib/python3.6/site-packages/airflow/example_dags/example_complex.py
[2021-03-12 00:42:39,199] {scheduler_job.py:639} INFO - DAG(s) dict_keys(['example_complex']) retrieved from /home/airflow/.local/lib/python3.6/site-packages/airflow/example_dags/example_complex.py
[2021-03-12 00:42:39,260] {logging_mixin.py:104} INFO - [2021-03-12 00:42:39,259] {dag.py:1818} INFO - Sync 1 DAGs
[2021-03-12 00:42:39,281] {logging_mixin.py:104} INFO - [2021-03-12 00:42:39,280] {dag.py:2273} INFO - Setting next_dagrun for example_complex to None
[2021-03-12 00:42:39,303] {scheduler_job.py:190} INFO - Processing /home/airflow/.local/lib/python3.6/site-packages/airflow/example_dags/example_complex.py took 0.135 seconds
[2021-03-12 00:43:10,311] {scheduler_job.py:182} INFO - Started process (PID=150) to work on /home/airflow/.local/lib/python3.6/site-packages/airflow/example_dags/example_complex.py
[2021-03-12 00:43:10,315] {scheduler_job.py:629} INFO - Processing file /home/airflow/.local/lib/python3.6/site-packages/airflow/example_dags/example_complex.py for tasks to queue
[2021-03-12 00:43:10,317] {logging_mixin.py:104} INFO - [2021-03-12 00:43:10,317] {dagbag.py:448} INFO - Filling up the DagBag from /home/airflow/.local/lib/python3.6/site-packages/airflow/example_dags/example_complex.py
[2021-03-12 00:43:10,348] {scheduler_job.py:639} INFO - DAG(s) dict_keys(['example_complex']) retrieved from /home/airflow/.local/lib/python3.6/site-packages/airflow/example_dags/example_complex.py
[2021-03-12 00:43:10,394] {logging_mixin.py:104} INFO - [2021-03-12 00:43:10,394] {dag.py:1818} INFO - Sync 1 DAGs
[2021-03-12 00:43:10,418] {logging_mixin.py:104} INFO - [2021-03-12 00:43:10,418] {dag.py:2273} INFO - Setting next_dagrun for example_complex to None
[2021-03-12 00:43:10,431] {scheduler_job.py:190} INFO - Processing /home/airflow/.local/lib/python3.6/site-packages/airflow/example_dags/example_complex.py took 0.129 seconds
