[2021-03-12 00:00:15,123] {scheduler_job.py:182} INFO - Started process (PID=1916) to work on /home/airflow/.local/lib/python3.6/site-packages/airflow/example_dags/example_task_group.py
[2021-03-12 00:00:15,128] {scheduler_job.py:629} INFO - Processing file /home/airflow/.local/lib/python3.6/site-packages/airflow/example_dags/example_task_group.py for tasks to queue
[2021-03-12 00:00:15,131] {logging_mixin.py:104} INFO - [2021-03-12 00:00:15,130] {dagbag.py:448} INFO - Filling up the DagBag from /home/airflow/.local/lib/python3.6/site-packages/airflow/example_dags/example_task_group.py
[2021-03-12 00:00:15,156] {scheduler_job.py:639} INFO - DAG(s) dict_keys(['example_task_group']) retrieved from /home/airflow/.local/lib/python3.6/site-packages/airflow/example_dags/example_task_group.py
[2021-03-12 00:00:15,184] {logging_mixin.py:104} INFO - [2021-03-12 00:00:15,184] {dag.py:1818} INFO - Sync 1 DAGs
[2021-03-12 00:00:15,201] {logging_mixin.py:104} INFO - [2021-03-12 00:00:15,200] {dag.py:2273} INFO - Setting next_dagrun for example_task_group to 2021-03-10 00:00:00+00:00
[2021-03-12 00:00:15,219] {scheduler_job.py:190} INFO - Processing /home/airflow/.local/lib/python3.6/site-packages/airflow/example_dags/example_task_group.py took 0.106 seconds
[2021-03-12 00:00:45,763] {scheduler_job.py:182} INFO - Started process (PID=1943) to work on /home/airflow/.local/lib/python3.6/site-packages/airflow/example_dags/example_task_group.py
[2021-03-12 00:00:45,764] {scheduler_job.py:629} INFO - Processing file /home/airflow/.local/lib/python3.6/site-packages/airflow/example_dags/example_task_group.py for tasks to queue
[2021-03-12 00:00:45,765] {logging_mixin.py:104} INFO - [2021-03-12 00:00:45,765] {dagbag.py:448} INFO - Filling up the DagBag from /home/airflow/.local/lib/python3.6/site-packages/airflow/example_dags/example_task_group.py
[2021-03-12 00:00:45,778] {scheduler_job.py:639} INFO - DAG(s) dict_keys(['example_task_group']) retrieved from /home/airflow/.local/lib/python3.6/site-packages/airflow/example_dags/example_task_group.py
[2021-03-12 00:00:45,800] {logging_mixin.py:104} INFO - [2021-03-12 00:00:45,800] {dag.py:1818} INFO - Sync 1 DAGs
[2021-03-12 00:00:45,815] {logging_mixin.py:104} INFO - [2021-03-12 00:00:45,815] {dag.py:2273} INFO - Setting next_dagrun for example_task_group to 2021-03-10 00:00:00+00:00
[2021-03-12 00:00:45,824] {scheduler_job.py:190} INFO - Processing /home/airflow/.local/lib/python3.6/site-packages/airflow/example_dags/example_task_group.py took 0.066 seconds
[2021-03-12 00:01:16,390] {scheduler_job.py:182} INFO - Started process (PID=1970) to work on /home/airflow/.local/lib/python3.6/site-packages/airflow/example_dags/example_task_group.py
[2021-03-12 00:01:16,396] {scheduler_job.py:629} INFO - Processing file /home/airflow/.local/lib/python3.6/site-packages/airflow/example_dags/example_task_group.py for tasks to queue
[2021-03-12 00:01:16,397] {logging_mixin.py:104} INFO - [2021-03-12 00:01:16,397] {dagbag.py:448} INFO - Filling up the DagBag from /home/airflow/.local/lib/python3.6/site-packages/airflow/example_dags/example_task_group.py
[2021-03-12 00:01:16,413] {scheduler_job.py:639} INFO - DAG(s) dict_keys(['example_task_group']) retrieved from /home/airflow/.local/lib/python3.6/site-packages/airflow/example_dags/example_task_group.py
[2021-03-12 00:01:16,457] {logging_mixin.py:104} INFO - [2021-03-12 00:01:16,457] {dag.py:1818} INFO - Sync 1 DAGs
[2021-03-12 00:01:16,477] {logging_mixin.py:104} INFO - [2021-03-12 00:01:16,477] {dag.py:2273} INFO - Setting next_dagrun for example_task_group to 2021-03-10 00:00:00+00:00
[2021-03-12 00:01:16,489] {scheduler_job.py:190} INFO - Processing /home/airflow/.local/lib/python3.6/site-packages/airflow/example_dags/example_task_group.py took 0.105 seconds
[2021-03-12 00:01:47,025] {scheduler_job.py:182} INFO - Started process (PID=1997) to work on /home/airflow/.local/lib/python3.6/site-packages/airflow/example_dags/example_task_group.py
[2021-03-12 00:01:47,028] {scheduler_job.py:629} INFO - Processing file /home/airflow/.local/lib/python3.6/site-packages/airflow/example_dags/example_task_group.py for tasks to queue
[2021-03-12 00:01:47,031] {logging_mixin.py:104} INFO - [2021-03-12 00:01:47,030] {dagbag.py:448} INFO - Filling up the DagBag from /home/airflow/.local/lib/python3.6/site-packages/airflow/example_dags/example_task_group.py
[2021-03-12 00:01:47,046] {scheduler_job.py:639} INFO - DAG(s) dict_keys(['example_task_group']) retrieved from /home/airflow/.local/lib/python3.6/site-packages/airflow/example_dags/example_task_group.py
[2021-03-12 00:01:47,078] {logging_mixin.py:104} INFO - [2021-03-12 00:01:47,078] {dag.py:1818} INFO - Sync 1 DAGs
[2021-03-12 00:01:47,102] {logging_mixin.py:104} INFO - [2021-03-12 00:01:47,102] {dag.py:2273} INFO - Setting next_dagrun for example_task_group to 2021-03-10 00:00:00+00:00
[2021-03-12 00:01:47,113] {scheduler_job.py:190} INFO - Processing /home/airflow/.local/lib/python3.6/site-packages/airflow/example_dags/example_task_group.py took 0.095 seconds
[2021-03-12 00:02:17,622] {scheduler_job.py:182} INFO - Started process (PID=2024) to work on /home/airflow/.local/lib/python3.6/site-packages/airflow/example_dags/example_task_group.py
[2021-03-12 00:02:17,625] {scheduler_job.py:629} INFO - Processing file /home/airflow/.local/lib/python3.6/site-packages/airflow/example_dags/example_task_group.py for tasks to queue
[2021-03-12 00:02:17,627] {logging_mixin.py:104} INFO - [2021-03-12 00:02:17,627] {dagbag.py:448} INFO - Filling up the DagBag from /home/airflow/.local/lib/python3.6/site-packages/airflow/example_dags/example_task_group.py
[2021-03-12 00:02:17,642] {scheduler_job.py:639} INFO - DAG(s) dict_keys(['example_task_group']) retrieved from /home/airflow/.local/lib/python3.6/site-packages/airflow/example_dags/example_task_group.py
[2021-03-12 00:02:17,671] {logging_mixin.py:104} INFO - [2021-03-12 00:02:17,671] {dag.py:1818} INFO - Sync 1 DAGs
[2021-03-12 00:02:17,690] {logging_mixin.py:104} INFO - [2021-03-12 00:02:17,690] {dag.py:2273} INFO - Setting next_dagrun for example_task_group to 2021-03-10 00:00:00+00:00
[2021-03-12 00:02:17,702] {scheduler_job.py:190} INFO - Processing /home/airflow/.local/lib/python3.6/site-packages/airflow/example_dags/example_task_group.py took 0.084 seconds
[2021-03-12 00:02:48,380] {scheduler_job.py:182} INFO - Started process (PID=2051) to work on /home/airflow/.local/lib/python3.6/site-packages/airflow/example_dags/example_task_group.py
[2021-03-12 00:02:48,382] {scheduler_job.py:629} INFO - Processing file /home/airflow/.local/lib/python3.6/site-packages/airflow/example_dags/example_task_group.py for tasks to queue
[2021-03-12 00:02:48,384] {logging_mixin.py:104} INFO - [2021-03-12 00:02:48,384] {dagbag.py:448} INFO - Filling up the DagBag from /home/airflow/.local/lib/python3.6/site-packages/airflow/example_dags/example_task_group.py
[2021-03-12 00:02:48,401] {scheduler_job.py:639} INFO - DAG(s) dict_keys(['example_task_group']) retrieved from /home/airflow/.local/lib/python3.6/site-packages/airflow/example_dags/example_task_group.py
[2021-03-12 00:02:48,445] {logging_mixin.py:104} INFO - [2021-03-12 00:02:48,445] {dag.py:1818} INFO - Sync 1 DAGs
[2021-03-12 00:02:48,466] {logging_mixin.py:104} INFO - [2021-03-12 00:02:48,466] {dag.py:2273} INFO - Setting next_dagrun for example_task_group to 2021-03-10 00:00:00+00:00
[2021-03-12 00:02:48,479] {scheduler_job.py:190} INFO - Processing /home/airflow/.local/lib/python3.6/site-packages/airflow/example_dags/example_task_group.py took 0.107 seconds
[2021-03-12 00:03:19,087] {scheduler_job.py:182} INFO - Started process (PID=2078) to work on /home/airflow/.local/lib/python3.6/site-packages/airflow/example_dags/example_task_group.py
[2021-03-12 00:03:19,090] {scheduler_job.py:629} INFO - Processing file /home/airflow/.local/lib/python3.6/site-packages/airflow/example_dags/example_task_group.py for tasks to queue
[2021-03-12 00:03:19,092] {logging_mixin.py:104} INFO - [2021-03-12 00:03:19,092] {dagbag.py:448} INFO - Filling up the DagBag from /home/airflow/.local/lib/python3.6/site-packages/airflow/example_dags/example_task_group.py
[2021-03-12 00:03:19,115] {scheduler_job.py:639} INFO - DAG(s) dict_keys(['example_task_group']) retrieved from /home/airflow/.local/lib/python3.6/site-packages/airflow/example_dags/example_task_group.py
[2021-03-12 00:03:19,142] {logging_mixin.py:104} INFO - [2021-03-12 00:03:19,141] {dag.py:1818} INFO - Sync 1 DAGs
[2021-03-12 00:03:19,159] {logging_mixin.py:104} INFO - [2021-03-12 00:03:19,159] {dag.py:2273} INFO - Setting next_dagrun for example_task_group to 2021-03-10 00:00:00+00:00
[2021-03-12 00:03:19,170] {scheduler_job.py:190} INFO - Processing /home/airflow/.local/lib/python3.6/site-packages/airflow/example_dags/example_task_group.py took 0.087 seconds
[2021-03-12 00:03:49,834] {scheduler_job.py:182} INFO - Started process (PID=2105) to work on /home/airflow/.local/lib/python3.6/site-packages/airflow/example_dags/example_task_group.py
[2021-03-12 00:03:49,842] {scheduler_job.py:629} INFO - Processing file /home/airflow/.local/lib/python3.6/site-packages/airflow/example_dags/example_task_group.py for tasks to queue
[2021-03-12 00:03:49,845] {logging_mixin.py:104} INFO - [2021-03-12 00:03:49,845] {dagbag.py:448} INFO - Filling up the DagBag from /home/airflow/.local/lib/python3.6/site-packages/airflow/example_dags/example_task_group.py
[2021-03-12 00:03:49,862] {scheduler_job.py:639} INFO - DAG(s) dict_keys(['example_task_group']) retrieved from /home/airflow/.local/lib/python3.6/site-packages/airflow/example_dags/example_task_group.py
[2021-03-12 00:03:49,900] {logging_mixin.py:104} INFO - [2021-03-12 00:03:49,900] {dag.py:1818} INFO - Sync 1 DAGs
[2021-03-12 00:03:49,920] {logging_mixin.py:104} INFO - [2021-03-12 00:03:49,920] {dag.py:2273} INFO - Setting next_dagrun for example_task_group to 2021-03-10 00:00:00+00:00
[2021-03-12 00:03:49,931] {scheduler_job.py:190} INFO - Processing /home/airflow/.local/lib/python3.6/site-packages/airflow/example_dags/example_task_group.py took 0.101 seconds
[2021-03-12 00:04:20,453] {scheduler_job.py:182} INFO - Started process (PID=2132) to work on /home/airflow/.local/lib/python3.6/site-packages/airflow/example_dags/example_task_group.py
[2021-03-12 00:04:20,454] {scheduler_job.py:629} INFO - Processing file /home/airflow/.local/lib/python3.6/site-packages/airflow/example_dags/example_task_group.py for tasks to queue
[2021-03-12 00:04:20,455] {logging_mixin.py:104} INFO - [2021-03-12 00:04:20,455] {dagbag.py:448} INFO - Filling up the DagBag from /home/airflow/.local/lib/python3.6/site-packages/airflow/example_dags/example_task_group.py
[2021-03-12 00:04:20,469] {scheduler_job.py:639} INFO - DAG(s) dict_keys(['example_task_group']) retrieved from /home/airflow/.local/lib/python3.6/site-packages/airflow/example_dags/example_task_group.py
[2021-03-12 00:04:20,491] {logging_mixin.py:104} INFO - [2021-03-12 00:04:20,491] {dag.py:1818} INFO - Sync 1 DAGs
[2021-03-12 00:04:20,515] {logging_mixin.py:104} INFO - [2021-03-12 00:04:20,514] {dag.py:2273} INFO - Setting next_dagrun for example_task_group to 2021-03-10 00:00:00+00:00
[2021-03-12 00:04:20,524] {scheduler_job.py:190} INFO - Processing /home/airflow/.local/lib/python3.6/site-packages/airflow/example_dags/example_task_group.py took 0.076 seconds
[2021-03-12 00:04:51,168] {scheduler_job.py:182} INFO - Started process (PID=2159) to work on /home/airflow/.local/lib/python3.6/site-packages/airflow/example_dags/example_task_group.py
[2021-03-12 00:04:51,171] {scheduler_job.py:629} INFO - Processing file /home/airflow/.local/lib/python3.6/site-packages/airflow/example_dags/example_task_group.py for tasks to queue
[2021-03-12 00:04:51,173] {logging_mixin.py:104} INFO - [2021-03-12 00:04:51,173] {dagbag.py:448} INFO - Filling up the DagBag from /home/airflow/.local/lib/python3.6/site-packages/airflow/example_dags/example_task_group.py
[2021-03-12 00:04:51,188] {scheduler_job.py:639} INFO - DAG(s) dict_keys(['example_task_group']) retrieved from /home/airflow/.local/lib/python3.6/site-packages/airflow/example_dags/example_task_group.py
[2021-03-12 00:04:51,210] {logging_mixin.py:104} INFO - [2021-03-12 00:04:51,210] {dag.py:1818} INFO - Sync 1 DAGs
[2021-03-12 00:04:51,227] {logging_mixin.py:104} INFO - [2021-03-12 00:04:51,227] {dag.py:2273} INFO - Setting next_dagrun for example_task_group to 2021-03-10 00:00:00+00:00
[2021-03-12 00:04:51,241] {scheduler_job.py:190} INFO - Processing /home/airflow/.local/lib/python3.6/site-packages/airflow/example_dags/example_task_group.py took 0.079 seconds
[2021-03-12 00:05:22,011] {scheduler_job.py:182} INFO - Started process (PID=2186) to work on /home/airflow/.local/lib/python3.6/site-packages/airflow/example_dags/example_task_group.py
[2021-03-12 00:05:22,015] {scheduler_job.py:629} INFO - Processing file /home/airflow/.local/lib/python3.6/site-packages/airflow/example_dags/example_task_group.py for tasks to queue
[2021-03-12 00:05:22,018] {logging_mixin.py:104} INFO - [2021-03-12 00:05:22,017] {dagbag.py:448} INFO - Filling up the DagBag from /home/airflow/.local/lib/python3.6/site-packages/airflow/example_dags/example_task_group.py
[2021-03-12 00:05:22,037] {scheduler_job.py:639} INFO - DAG(s) dict_keys(['example_task_group']) retrieved from /home/airflow/.local/lib/python3.6/site-packages/airflow/example_dags/example_task_group.py
[2021-03-12 00:05:22,074] {logging_mixin.py:104} INFO - [2021-03-12 00:05:22,074] {dag.py:1818} INFO - Sync 1 DAGs
[2021-03-12 00:05:22,091] {logging_mixin.py:104} INFO - [2021-03-12 00:05:22,091] {dag.py:2273} INFO - Setting next_dagrun for example_task_group to 2021-03-10 00:00:00+00:00
[2021-03-12 00:05:22,105] {scheduler_job.py:190} INFO - Processing /home/airflow/.local/lib/python3.6/site-packages/airflow/example_dags/example_task_group.py took 0.099 seconds
[2021-03-12 00:05:52,930] {scheduler_job.py:182} INFO - Started process (PID=2213) to work on /home/airflow/.local/lib/python3.6/site-packages/airflow/example_dags/example_task_group.py
[2021-03-12 00:05:52,932] {scheduler_job.py:629} INFO - Processing file /home/airflow/.local/lib/python3.6/site-packages/airflow/example_dags/example_task_group.py for tasks to queue
[2021-03-12 00:05:52,935] {logging_mixin.py:104} INFO - [2021-03-12 00:05:52,935] {dagbag.py:448} INFO - Filling up the DagBag from /home/airflow/.local/lib/python3.6/site-packages/airflow/example_dags/example_task_group.py
[2021-03-12 00:05:52,979] {scheduler_job.py:639} INFO - DAG(s) dict_keys(['example_task_group']) retrieved from /home/airflow/.local/lib/python3.6/site-packages/airflow/example_dags/example_task_group.py
[2021-03-12 00:05:53,031] {logging_mixin.py:104} INFO - [2021-03-12 00:05:53,030] {dag.py:1818} INFO - Sync 1 DAGs
[2021-03-12 00:05:53,064] {logging_mixin.py:104} INFO - [2021-03-12 00:05:53,064] {dag.py:2273} INFO - Setting next_dagrun for example_task_group to 2021-03-10 00:00:00+00:00
[2021-03-12 00:05:53,080] {scheduler_job.py:190} INFO - Processing /home/airflow/.local/lib/python3.6/site-packages/airflow/example_dags/example_task_group.py took 0.156 seconds
[2021-03-12 00:06:23,587] {scheduler_job.py:182} INFO - Started process (PID=2240) to work on /home/airflow/.local/lib/python3.6/site-packages/airflow/example_dags/example_task_group.py
[2021-03-12 00:06:23,590] {scheduler_job.py:629} INFO - Processing file /home/airflow/.local/lib/python3.6/site-packages/airflow/example_dags/example_task_group.py for tasks to queue
[2021-03-12 00:06:23,591] {logging_mixin.py:104} INFO - [2021-03-12 00:06:23,591] {dagbag.py:448} INFO - Filling up the DagBag from /home/airflow/.local/lib/python3.6/site-packages/airflow/example_dags/example_task_group.py
[2021-03-12 00:06:23,613] {scheduler_job.py:639} INFO - DAG(s) dict_keys(['example_task_group']) retrieved from /home/airflow/.local/lib/python3.6/site-packages/airflow/example_dags/example_task_group.py
[2021-03-12 00:06:23,640] {logging_mixin.py:104} INFO - [2021-03-12 00:06:23,639] {dag.py:1818} INFO - Sync 1 DAGs
[2021-03-12 00:06:23,657] {logging_mixin.py:104} INFO - [2021-03-12 00:06:23,657] {dag.py:2273} INFO - Setting next_dagrun for example_task_group to 2021-03-10 00:00:00+00:00
[2021-03-12 00:06:23,665] {scheduler_job.py:190} INFO - Processing /home/airflow/.local/lib/python3.6/site-packages/airflow/example_dags/example_task_group.py took 0.083 seconds
[2021-03-12 00:06:54,391] {scheduler_job.py:182} INFO - Started process (PID=2267) to work on /home/airflow/.local/lib/python3.6/site-packages/airflow/example_dags/example_task_group.py
[2021-03-12 00:06:54,394] {scheduler_job.py:629} INFO - Processing file /home/airflow/.local/lib/python3.6/site-packages/airflow/example_dags/example_task_group.py for tasks to queue
[2021-03-12 00:06:54,396] {logging_mixin.py:104} INFO - [2021-03-12 00:06:54,396] {dagbag.py:448} INFO - Filling up the DagBag from /home/airflow/.local/lib/python3.6/site-packages/airflow/example_dags/example_task_group.py
[2021-03-12 00:06:54,411] {scheduler_job.py:639} INFO - DAG(s) dict_keys(['example_task_group']) retrieved from /home/airflow/.local/lib/python3.6/site-packages/airflow/example_dags/example_task_group.py
[2021-03-12 00:06:54,433] {logging_mixin.py:104} INFO - [2021-03-12 00:06:54,433] {dag.py:1818} INFO - Sync 1 DAGs
[2021-03-12 00:06:54,458] {logging_mixin.py:104} INFO - [2021-03-12 00:06:54,458] {dag.py:2273} INFO - Setting next_dagrun for example_task_group to 2021-03-10 00:00:00+00:00
[2021-03-12 00:06:54,471] {scheduler_job.py:190} INFO - Processing /home/airflow/.local/lib/python3.6/site-packages/airflow/example_dags/example_task_group.py took 0.084 seconds
[2021-03-12 00:07:25,269] {scheduler_job.py:182} INFO - Started process (PID=2294) to work on /home/airflow/.local/lib/python3.6/site-packages/airflow/example_dags/example_task_group.py
[2021-03-12 00:07:25,271] {scheduler_job.py:629} INFO - Processing file /home/airflow/.local/lib/python3.6/site-packages/airflow/example_dags/example_task_group.py for tasks to queue
[2021-03-12 00:07:25,272] {logging_mixin.py:104} INFO - [2021-03-12 00:07:25,272] {dagbag.py:448} INFO - Filling up the DagBag from /home/airflow/.local/lib/python3.6/site-packages/airflow/example_dags/example_task_group.py
[2021-03-12 00:07:25,286] {scheduler_job.py:639} INFO - DAG(s) dict_keys(['example_task_group']) retrieved from /home/airflow/.local/lib/python3.6/site-packages/airflow/example_dags/example_task_group.py
[2021-03-12 00:07:25,309] {logging_mixin.py:104} INFO - [2021-03-12 00:07:25,309] {dag.py:1818} INFO - Sync 1 DAGs
[2021-03-12 00:07:25,325] {logging_mixin.py:104} INFO - [2021-03-12 00:07:25,325] {dag.py:2273} INFO - Setting next_dagrun for example_task_group to 2021-03-10 00:00:00+00:00
[2021-03-12 00:07:25,333] {scheduler_job.py:190} INFO - Processing /home/airflow/.local/lib/python3.6/site-packages/airflow/example_dags/example_task_group.py took 0.068 seconds
[2021-03-12 00:07:55,953] {scheduler_job.py:182} INFO - Started process (PID=2321) to work on /home/airflow/.local/lib/python3.6/site-packages/airflow/example_dags/example_task_group.py
[2021-03-12 00:07:55,955] {scheduler_job.py:629} INFO - Processing file /home/airflow/.local/lib/python3.6/site-packages/airflow/example_dags/example_task_group.py for tasks to queue
[2021-03-12 00:07:55,957] {logging_mixin.py:104} INFO - [2021-03-12 00:07:55,957] {dagbag.py:448} INFO - Filling up the DagBag from /home/airflow/.local/lib/python3.6/site-packages/airflow/example_dags/example_task_group.py
[2021-03-12 00:07:55,970] {scheduler_job.py:639} INFO - DAG(s) dict_keys(['example_task_group']) retrieved from /home/airflow/.local/lib/python3.6/site-packages/airflow/example_dags/example_task_group.py
[2021-03-12 00:07:55,994] {logging_mixin.py:104} INFO - [2021-03-12 00:07:55,994] {dag.py:1818} INFO - Sync 1 DAGs
[2021-03-12 00:07:56,018] {logging_mixin.py:104} INFO - [2021-03-12 00:07:56,018] {dag.py:2273} INFO - Setting next_dagrun for example_task_group to 2021-03-10 00:00:00+00:00
[2021-03-12 00:07:56,027] {scheduler_job.py:190} INFO - Processing /home/airflow/.local/lib/python3.6/site-packages/airflow/example_dags/example_task_group.py took 0.078 seconds
[2021-03-12 00:08:26,621] {scheduler_job.py:182} INFO - Started process (PID=2348) to work on /home/airflow/.local/lib/python3.6/site-packages/airflow/example_dags/example_task_group.py
[2021-03-12 00:08:26,624] {scheduler_job.py:629} INFO - Processing file /home/airflow/.local/lib/python3.6/site-packages/airflow/example_dags/example_task_group.py for tasks to queue
[2021-03-12 00:08:26,627] {logging_mixin.py:104} INFO - [2021-03-12 00:08:26,627] {dagbag.py:448} INFO - Filling up the DagBag from /home/airflow/.local/lib/python3.6/site-packages/airflow/example_dags/example_task_group.py
[2021-03-12 00:08:26,646] {scheduler_job.py:639} INFO - DAG(s) dict_keys(['example_task_group']) retrieved from /home/airflow/.local/lib/python3.6/site-packages/airflow/example_dags/example_task_group.py
[2021-03-12 00:08:26,691] {logging_mixin.py:104} INFO - [2021-03-12 00:08:26,691] {dag.py:1818} INFO - Sync 1 DAGs
[2021-03-12 00:08:26,713] {logging_mixin.py:104} INFO - [2021-03-12 00:08:26,713] {dag.py:2273} INFO - Setting next_dagrun for example_task_group to 2021-03-10 00:00:00+00:00
[2021-03-12 00:08:26,727] {scheduler_job.py:190} INFO - Processing /home/airflow/.local/lib/python3.6/site-packages/airflow/example_dags/example_task_group.py took 0.111 seconds
[2021-03-12 00:08:57,241] {scheduler_job.py:182} INFO - Started process (PID=2375) to work on /home/airflow/.local/lib/python3.6/site-packages/airflow/example_dags/example_task_group.py
[2021-03-12 00:08:57,246] {scheduler_job.py:629} INFO - Processing file /home/airflow/.local/lib/python3.6/site-packages/airflow/example_dags/example_task_group.py for tasks to queue
[2021-03-12 00:08:57,248] {logging_mixin.py:104} INFO - [2021-03-12 00:08:57,248] {dagbag.py:448} INFO - Filling up the DagBag from /home/airflow/.local/lib/python3.6/site-packages/airflow/example_dags/example_task_group.py
[2021-03-12 00:08:57,266] {scheduler_job.py:639} INFO - DAG(s) dict_keys(['example_task_group']) retrieved from /home/airflow/.local/lib/python3.6/site-packages/airflow/example_dags/example_task_group.py
[2021-03-12 00:08:57,289] {logging_mixin.py:104} INFO - [2021-03-12 00:08:57,289] {dag.py:1818} INFO - Sync 1 DAGs
[2021-03-12 00:08:57,308] {logging_mixin.py:104} INFO - [2021-03-12 00:08:57,308] {dag.py:2273} INFO - Setting next_dagrun for example_task_group to 2021-03-10 00:00:00+00:00
[2021-03-12 00:08:57,318] {scheduler_job.py:190} INFO - Processing /home/airflow/.local/lib/python3.6/site-packages/airflow/example_dags/example_task_group.py took 0.082 seconds
[2021-03-12 00:09:27,876] {scheduler_job.py:182} INFO - Started process (PID=2402) to work on /home/airflow/.local/lib/python3.6/site-packages/airflow/example_dags/example_task_group.py
[2021-03-12 00:09:27,889] {scheduler_job.py:629} INFO - Processing file /home/airflow/.local/lib/python3.6/site-packages/airflow/example_dags/example_task_group.py for tasks to queue
[2021-03-12 00:09:27,898] {logging_mixin.py:104} INFO - [2021-03-12 00:09:27,898] {dagbag.py:448} INFO - Filling up the DagBag from /home/airflow/.local/lib/python3.6/site-packages/airflow/example_dags/example_task_group.py
[2021-03-12 00:09:27,928] {scheduler_job.py:639} INFO - DAG(s) dict_keys(['example_task_group']) retrieved from /home/airflow/.local/lib/python3.6/site-packages/airflow/example_dags/example_task_group.py
[2021-03-12 00:09:27,975] {logging_mixin.py:104} INFO - [2021-03-12 00:09:27,975] {dag.py:1818} INFO - Sync 1 DAGs
[2021-03-12 00:09:28,000] {logging_mixin.py:104} INFO - [2021-03-12 00:09:28,000] {dag.py:2273} INFO - Setting next_dagrun for example_task_group to 2021-03-10 00:00:00+00:00
[2021-03-12 00:09:28,021] {scheduler_job.py:190} INFO - Processing /home/airflow/.local/lib/python3.6/site-packages/airflow/example_dags/example_task_group.py took 0.151 seconds
[2021-03-12 00:09:59,009] {scheduler_job.py:182} INFO - Started process (PID=2429) to work on /home/airflow/.local/lib/python3.6/site-packages/airflow/example_dags/example_task_group.py
[2021-03-12 00:09:59,015] {scheduler_job.py:629} INFO - Processing file /home/airflow/.local/lib/python3.6/site-packages/airflow/example_dags/example_task_group.py for tasks to queue
[2021-03-12 00:09:59,017] {logging_mixin.py:104} INFO - [2021-03-12 00:09:59,016] {dagbag.py:448} INFO - Filling up the DagBag from /home/airflow/.local/lib/python3.6/site-packages/airflow/example_dags/example_task_group.py
[2021-03-12 00:09:59,040] {scheduler_job.py:639} INFO - DAG(s) dict_keys(['example_task_group']) retrieved from /home/airflow/.local/lib/python3.6/site-packages/airflow/example_dags/example_task_group.py
[2021-03-12 00:09:59,093] {logging_mixin.py:104} INFO - [2021-03-12 00:09:59,093] {dag.py:1818} INFO - Sync 1 DAGs
[2021-03-12 00:09:59,134] {logging_mixin.py:104} INFO - [2021-03-12 00:09:59,134] {dag.py:2273} INFO - Setting next_dagrun for example_task_group to 2021-03-10 00:00:00+00:00
[2021-03-12 00:09:59,159] {scheduler_job.py:190} INFO - Processing /home/airflow/.local/lib/python3.6/site-packages/airflow/example_dags/example_task_group.py took 0.157 seconds
[2021-03-12 00:10:29,567] {scheduler_job.py:182} INFO - Started process (PID=2456) to work on /home/airflow/.local/lib/python3.6/site-packages/airflow/example_dags/example_task_group.py
[2021-03-12 00:10:29,569] {scheduler_job.py:629} INFO - Processing file /home/airflow/.local/lib/python3.6/site-packages/airflow/example_dags/example_task_group.py for tasks to queue
[2021-03-12 00:10:29,571] {logging_mixin.py:104} INFO - [2021-03-12 00:10:29,571] {dagbag.py:448} INFO - Filling up the DagBag from /home/airflow/.local/lib/python3.6/site-packages/airflow/example_dags/example_task_group.py
[2021-03-12 00:10:29,592] {scheduler_job.py:639} INFO - DAG(s) dict_keys(['example_task_group']) retrieved from /home/airflow/.local/lib/python3.6/site-packages/airflow/example_dags/example_task_group.py
[2021-03-12 00:10:29,622] {logging_mixin.py:104} INFO - [2021-03-12 00:10:29,622] {dag.py:1818} INFO - Sync 1 DAGs
[2021-03-12 00:10:29,648] {logging_mixin.py:104} INFO - [2021-03-12 00:10:29,647] {dag.py:2273} INFO - Setting next_dagrun for example_task_group to 2021-03-10 00:00:00+00:00
[2021-03-12 00:10:29,661] {scheduler_job.py:190} INFO - Processing /home/airflow/.local/lib/python3.6/site-packages/airflow/example_dags/example_task_group.py took 0.098 seconds
[2021-03-12 00:11:00,132] {scheduler_job.py:182} INFO - Started process (PID=2483) to work on /home/airflow/.local/lib/python3.6/site-packages/airflow/example_dags/example_task_group.py
[2021-03-12 00:11:00,134] {scheduler_job.py:629} INFO - Processing file /home/airflow/.local/lib/python3.6/site-packages/airflow/example_dags/example_task_group.py for tasks to queue
[2021-03-12 00:11:00,135] {logging_mixin.py:104} INFO - [2021-03-12 00:11:00,135] {dagbag.py:448} INFO - Filling up the DagBag from /home/airflow/.local/lib/python3.6/site-packages/airflow/example_dags/example_task_group.py
[2021-03-12 00:11:00,148] {scheduler_job.py:639} INFO - DAG(s) dict_keys(['example_task_group']) retrieved from /home/airflow/.local/lib/python3.6/site-packages/airflow/example_dags/example_task_group.py
[2021-03-12 00:11:00,169] {logging_mixin.py:104} INFO - [2021-03-12 00:11:00,169] {dag.py:1818} INFO - Sync 1 DAGs
[2021-03-12 00:11:00,186] {logging_mixin.py:104} INFO - [2021-03-12 00:11:00,186] {dag.py:2273} INFO - Setting next_dagrun for example_task_group to 2021-03-10 00:00:00+00:00
[2021-03-12 00:11:00,195] {scheduler_job.py:190} INFO - Processing /home/airflow/.local/lib/python3.6/site-packages/airflow/example_dags/example_task_group.py took 0.066 seconds
[2021-03-12 00:11:31,238] {scheduler_job.py:182} INFO - Started process (PID=2510) to work on /home/airflow/.local/lib/python3.6/site-packages/airflow/example_dags/example_task_group.py
[2021-03-12 00:11:31,240] {scheduler_job.py:629} INFO - Processing file /home/airflow/.local/lib/python3.6/site-packages/airflow/example_dags/example_task_group.py for tasks to queue
[2021-03-12 00:11:31,242] {logging_mixin.py:104} INFO - [2021-03-12 00:11:31,242] {dagbag.py:448} INFO - Filling up the DagBag from /home/airflow/.local/lib/python3.6/site-packages/airflow/example_dags/example_task_group.py
[2021-03-12 00:11:31,262] {scheduler_job.py:639} INFO - DAG(s) dict_keys(['example_task_group']) retrieved from /home/airflow/.local/lib/python3.6/site-packages/airflow/example_dags/example_task_group.py
[2021-03-12 00:11:31,313] {logging_mixin.py:104} INFO - [2021-03-12 00:11:31,313] {dag.py:1818} INFO - Sync 1 DAGs
[2021-03-12 00:11:31,354] {logging_mixin.py:104} INFO - [2021-03-12 00:11:31,353] {dag.py:2273} INFO - Setting next_dagrun for example_task_group to 2021-03-10 00:00:00+00:00
[2021-03-12 00:11:31,382] {scheduler_job.py:190} INFO - Processing /home/airflow/.local/lib/python3.6/site-packages/airflow/example_dags/example_task_group.py took 0.149 seconds
[2021-03-12 00:41:03,763] {scheduler_job.py:182} INFO - Started process (PID=28) to work on /home/airflow/.local/lib/python3.6/site-packages/airflow/example_dags/example_task_group.py
[2021-03-12 00:41:03,783] {scheduler_job.py:629} INFO - Processing file /home/airflow/.local/lib/python3.6/site-packages/airflow/example_dags/example_task_group.py for tasks to queue
[2021-03-12 00:41:03,799] {logging_mixin.py:104} INFO - [2021-03-12 00:41:03,799] {dagbag.py:448} INFO - Filling up the DagBag from /home/airflow/.local/lib/python3.6/site-packages/airflow/example_dags/example_task_group.py
[2021-03-12 00:41:03,879] {scheduler_job.py:639} INFO - DAG(s) dict_keys(['example_task_group']) retrieved from /home/airflow/.local/lib/python3.6/site-packages/airflow/example_dags/example_task_group.py
[2021-03-12 00:41:04,024] {logging_mixin.py:104} INFO - [2021-03-12 00:41:04,023] {dag.py:1818} INFO - Sync 1 DAGs
[2021-03-12 00:41:04,117] {logging_mixin.py:104} INFO - [2021-03-12 00:41:04,117] {dag.py:2273} INFO - Setting next_dagrun for example_task_group to 2021-03-10 00:00:00+00:00
[2021-03-12 00:41:04,220] {scheduler_job.py:190} INFO - Processing /home/airflow/.local/lib/python3.6/site-packages/airflow/example_dags/example_task_group.py took 0.476 seconds
[2021-03-12 00:41:34,965] {scheduler_job.py:182} INFO - Started process (PID=55) to work on /home/airflow/.local/lib/python3.6/site-packages/airflow/example_dags/example_task_group.py
[2021-03-12 00:41:34,968] {scheduler_job.py:629} INFO - Processing file /home/airflow/.local/lib/python3.6/site-packages/airflow/example_dags/example_task_group.py for tasks to queue
[2021-03-12 00:41:34,970] {logging_mixin.py:104} INFO - [2021-03-12 00:41:34,970] {dagbag.py:448} INFO - Filling up the DagBag from /home/airflow/.local/lib/python3.6/site-packages/airflow/example_dags/example_task_group.py
[2021-03-12 00:41:34,988] {scheduler_job.py:639} INFO - DAG(s) dict_keys(['example_task_group']) retrieved from /home/airflow/.local/lib/python3.6/site-packages/airflow/example_dags/example_task_group.py
[2021-03-12 00:41:35,011] {logging_mixin.py:104} INFO - [2021-03-12 00:41:35,011] {dag.py:1818} INFO - Sync 1 DAGs
[2021-03-12 00:41:35,042] {logging_mixin.py:104} INFO - [2021-03-12 00:41:35,042] {dag.py:2273} INFO - Setting next_dagrun for example_task_group to 2021-03-10 00:00:00+00:00
[2021-03-12 00:41:35,053] {scheduler_job.py:190} INFO - Processing /home/airflow/.local/lib/python3.6/site-packages/airflow/example_dags/example_task_group.py took 0.093 seconds
[2021-03-12 00:42:05,614] {scheduler_job.py:182} INFO - Started process (PID=82) to work on /home/airflow/.local/lib/python3.6/site-packages/airflow/example_dags/example_task_group.py
[2021-03-12 00:42:05,616] {scheduler_job.py:629} INFO - Processing file /home/airflow/.local/lib/python3.6/site-packages/airflow/example_dags/example_task_group.py for tasks to queue
[2021-03-12 00:42:05,618] {logging_mixin.py:104} INFO - [2021-03-12 00:42:05,618] {dagbag.py:448} INFO - Filling up the DagBag from /home/airflow/.local/lib/python3.6/site-packages/airflow/example_dags/example_task_group.py
[2021-03-12 00:42:05,632] {scheduler_job.py:639} INFO - DAG(s) dict_keys(['example_task_group']) retrieved from /home/airflow/.local/lib/python3.6/site-packages/airflow/example_dags/example_task_group.py
[2021-03-12 00:42:05,658] {logging_mixin.py:104} INFO - [2021-03-12 00:42:05,658] {dag.py:1818} INFO - Sync 1 DAGs
[2021-03-12 00:42:05,678] {logging_mixin.py:104} INFO - [2021-03-12 00:42:05,678] {dag.py:2273} INFO - Setting next_dagrun for example_task_group to 2021-03-10 00:00:00+00:00
[2021-03-12 00:42:05,692] {scheduler_job.py:190} INFO - Processing /home/airflow/.local/lib/python3.6/site-packages/airflow/example_dags/example_task_group.py took 0.081 seconds
[2021-03-12 00:42:36,359] {scheduler_job.py:182} INFO - Started process (PID=109) to work on /home/airflow/.local/lib/python3.6/site-packages/airflow/example_dags/example_task_group.py
[2021-03-12 00:42:36,361] {scheduler_job.py:629} INFO - Processing file /home/airflow/.local/lib/python3.6/site-packages/airflow/example_dags/example_task_group.py for tasks to queue
[2021-03-12 00:42:36,363] {logging_mixin.py:104} INFO - [2021-03-12 00:42:36,363] {dagbag.py:448} INFO - Filling up the DagBag from /home/airflow/.local/lib/python3.6/site-packages/airflow/example_dags/example_task_group.py
[2021-03-12 00:42:36,379] {scheduler_job.py:639} INFO - DAG(s) dict_keys(['example_task_group']) retrieved from /home/airflow/.local/lib/python3.6/site-packages/airflow/example_dags/example_task_group.py
[2021-03-12 00:42:36,403] {logging_mixin.py:104} INFO - [2021-03-12 00:42:36,403] {dag.py:1818} INFO - Sync 1 DAGs
[2021-03-12 00:42:36,423] {logging_mixin.py:104} INFO - [2021-03-12 00:42:36,422] {dag.py:2273} INFO - Setting next_dagrun for example_task_group to 2021-03-10 00:00:00+00:00
[2021-03-12 00:42:36,434] {scheduler_job.py:190} INFO - Processing /home/airflow/.local/lib/python3.6/site-packages/airflow/example_dags/example_task_group.py took 0.081 seconds
[2021-03-12 00:43:07,254] {scheduler_job.py:182} INFO - Started process (PID=136) to work on /home/airflow/.local/lib/python3.6/site-packages/airflow/example_dags/example_task_group.py
[2021-03-12 00:43:07,258] {scheduler_job.py:629} INFO - Processing file /home/airflow/.local/lib/python3.6/site-packages/airflow/example_dags/example_task_group.py for tasks to queue
[2021-03-12 00:43:07,260] {logging_mixin.py:104} INFO - [2021-03-12 00:43:07,260] {dagbag.py:448} INFO - Filling up the DagBag from /home/airflow/.local/lib/python3.6/site-packages/airflow/example_dags/example_task_group.py
[2021-03-12 00:43:07,274] {scheduler_job.py:639} INFO - DAG(s) dict_keys(['example_task_group']) retrieved from /home/airflow/.local/lib/python3.6/site-packages/airflow/example_dags/example_task_group.py
[2021-03-12 00:43:07,314] {logging_mixin.py:104} INFO - [2021-03-12 00:43:07,314] {dag.py:1818} INFO - Sync 1 DAGs
[2021-03-12 00:43:07,337] {logging_mixin.py:104} INFO - [2021-03-12 00:43:07,337] {dag.py:2273} INFO - Setting next_dagrun for example_task_group to 2021-03-10 00:00:00+00:00
[2021-03-12 00:43:07,354] {scheduler_job.py:190} INFO - Processing /home/airflow/.local/lib/python3.6/site-packages/airflow/example_dags/example_task_group.py took 0.105 seconds
