[2021-03-12 00:00:10,170] {scheduler_job.py:182} INFO - Started process (PID=1903) to work on /home/airflow/.local/lib/python3.6/site-packages/airflow/example_dags/example_branch_operator.py
[2021-03-12 00:00:10,172] {scheduler_job.py:629} INFO - Processing file /home/airflow/.local/lib/python3.6/site-packages/airflow/example_dags/example_branch_operator.py for tasks to queue
[2021-03-12 00:00:10,174] {logging_mixin.py:104} INFO - [2021-03-12 00:00:10,174] {dagbag.py:448} INFO - Filling up the DagBag from /home/airflow/.local/lib/python3.6/site-packages/airflow/example_dags/example_branch_operator.py
[2021-03-12 00:00:10,196] {scheduler_job.py:639} INFO - DAG(s) dict_keys(['example_branch_operator']) retrieved from /home/airflow/.local/lib/python3.6/site-packages/airflow/example_dags/example_branch_operator.py
[2021-03-12 00:00:10,237] {logging_mixin.py:104} INFO - [2021-03-12 00:00:10,237] {dag.py:1818} INFO - Sync 1 DAGs
[2021-03-12 00:00:10,260] {logging_mixin.py:104} INFO - [2021-03-12 00:00:10,260] {dag.py:2273} INFO - Setting next_dagrun for example_branch_operator to 2021-03-10 00:00:00+00:00
[2021-03-12 00:00:10,277] {scheduler_job.py:190} INFO - Processing /home/airflow/.local/lib/python3.6/site-packages/airflow/example_dags/example_branch_operator.py took 0.110 seconds
[2021-03-12 00:00:40,894] {scheduler_job.py:182} INFO - Started process (PID=1930) to work on /home/airflow/.local/lib/python3.6/site-packages/airflow/example_dags/example_branch_operator.py
[2021-03-12 00:00:40,897] {scheduler_job.py:629} INFO - Processing file /home/airflow/.local/lib/python3.6/site-packages/airflow/example_dags/example_branch_operator.py for tasks to queue
[2021-03-12 00:00:40,899] {logging_mixin.py:104} INFO - [2021-03-12 00:00:40,899] {dagbag.py:448} INFO - Filling up the DagBag from /home/airflow/.local/lib/python3.6/site-packages/airflow/example_dags/example_branch_operator.py
[2021-03-12 00:00:40,925] {scheduler_job.py:639} INFO - DAG(s) dict_keys(['example_branch_operator']) retrieved from /home/airflow/.local/lib/python3.6/site-packages/airflow/example_dags/example_branch_operator.py
[2021-03-12 00:00:40,951] {logging_mixin.py:104} INFO - [2021-03-12 00:00:40,951] {dag.py:1818} INFO - Sync 1 DAGs
[2021-03-12 00:00:40,989] {logging_mixin.py:104} INFO - [2021-03-12 00:00:40,989] {dag.py:2273} INFO - Setting next_dagrun for example_branch_operator to 2021-03-10 00:00:00+00:00
[2021-03-12 00:00:41,001] {scheduler_job.py:190} INFO - Processing /home/airflow/.local/lib/python3.6/site-packages/airflow/example_dags/example_branch_operator.py took 0.111 seconds
[2021-03-12 00:01:11,694] {scheduler_job.py:182} INFO - Started process (PID=1957) to work on /home/airflow/.local/lib/python3.6/site-packages/airflow/example_dags/example_branch_operator.py
[2021-03-12 00:01:11,696] {scheduler_job.py:629} INFO - Processing file /home/airflow/.local/lib/python3.6/site-packages/airflow/example_dags/example_branch_operator.py for tasks to queue
[2021-03-12 00:01:11,698] {logging_mixin.py:104} INFO - [2021-03-12 00:01:11,698] {dagbag.py:448} INFO - Filling up the DagBag from /home/airflow/.local/lib/python3.6/site-packages/airflow/example_dags/example_branch_operator.py
[2021-03-12 00:01:11,714] {scheduler_job.py:639} INFO - DAG(s) dict_keys(['example_branch_operator']) retrieved from /home/airflow/.local/lib/python3.6/site-packages/airflow/example_dags/example_branch_operator.py
[2021-03-12 00:01:11,736] {logging_mixin.py:104} INFO - [2021-03-12 00:01:11,736] {dag.py:1818} INFO - Sync 1 DAGs
[2021-03-12 00:01:11,756] {logging_mixin.py:104} INFO - [2021-03-12 00:01:11,756] {dag.py:2273} INFO - Setting next_dagrun for example_branch_operator to 2021-03-10 00:00:00+00:00
[2021-03-12 00:01:11,765] {scheduler_job.py:190} INFO - Processing /home/airflow/.local/lib/python3.6/site-packages/airflow/example_dags/example_branch_operator.py took 0.075 seconds
[2021-03-12 00:01:42,137] {scheduler_job.py:182} INFO - Started process (PID=1984) to work on /home/airflow/.local/lib/python3.6/site-packages/airflow/example_dags/example_branch_operator.py
[2021-03-12 00:01:42,139] {scheduler_job.py:629} INFO - Processing file /home/airflow/.local/lib/python3.6/site-packages/airflow/example_dags/example_branch_operator.py for tasks to queue
[2021-03-12 00:01:42,142] {logging_mixin.py:104} INFO - [2021-03-12 00:01:42,141] {dagbag.py:448} INFO - Filling up the DagBag from /home/airflow/.local/lib/python3.6/site-packages/airflow/example_dags/example_branch_operator.py
[2021-03-12 00:01:42,161] {scheduler_job.py:639} INFO - DAG(s) dict_keys(['example_branch_operator']) retrieved from /home/airflow/.local/lib/python3.6/site-packages/airflow/example_dags/example_branch_operator.py
[2021-03-12 00:01:42,186] {logging_mixin.py:104} INFO - [2021-03-12 00:01:42,186] {dag.py:1818} INFO - Sync 1 DAGs
[2021-03-12 00:01:42,213] {logging_mixin.py:104} INFO - [2021-03-12 00:01:42,212] {dag.py:2273} INFO - Setting next_dagrun for example_branch_operator to 2021-03-10 00:00:00+00:00
[2021-03-12 00:01:42,225] {scheduler_job.py:190} INFO - Processing /home/airflow/.local/lib/python3.6/site-packages/airflow/example_dags/example_branch_operator.py took 0.093 seconds
[2021-03-12 00:02:12,849] {scheduler_job.py:182} INFO - Started process (PID=2011) to work on /home/airflow/.local/lib/python3.6/site-packages/airflow/example_dags/example_branch_operator.py
[2021-03-12 00:02:12,852] {scheduler_job.py:629} INFO - Processing file /home/airflow/.local/lib/python3.6/site-packages/airflow/example_dags/example_branch_operator.py for tasks to queue
[2021-03-12 00:02:12,853] {logging_mixin.py:104} INFO - [2021-03-12 00:02:12,853] {dagbag.py:448} INFO - Filling up the DagBag from /home/airflow/.local/lib/python3.6/site-packages/airflow/example_dags/example_branch_operator.py
[2021-03-12 00:02:12,871] {scheduler_job.py:639} INFO - DAG(s) dict_keys(['example_branch_operator']) retrieved from /home/airflow/.local/lib/python3.6/site-packages/airflow/example_dags/example_branch_operator.py
[2021-03-12 00:02:12,893] {logging_mixin.py:104} INFO - [2021-03-12 00:02:12,893] {dag.py:1818} INFO - Sync 1 DAGs
[2021-03-12 00:02:12,914] {logging_mixin.py:104} INFO - [2021-03-12 00:02:12,914] {dag.py:2273} INFO - Setting next_dagrun for example_branch_operator to 2021-03-10 00:00:00+00:00
[2021-03-12 00:02:12,924] {scheduler_job.py:190} INFO - Processing /home/airflow/.local/lib/python3.6/site-packages/airflow/example_dags/example_branch_operator.py took 0.082 seconds
[2021-03-12 00:02:43,530] {scheduler_job.py:182} INFO - Started process (PID=2038) to work on /home/airflow/.local/lib/python3.6/site-packages/airflow/example_dags/example_branch_operator.py
[2021-03-12 00:02:43,532] {scheduler_job.py:629} INFO - Processing file /home/airflow/.local/lib/python3.6/site-packages/airflow/example_dags/example_branch_operator.py for tasks to queue
[2021-03-12 00:02:43,534] {logging_mixin.py:104} INFO - [2021-03-12 00:02:43,534] {dagbag.py:448} INFO - Filling up the DagBag from /home/airflow/.local/lib/python3.6/site-packages/airflow/example_dags/example_branch_operator.py
[2021-03-12 00:02:43,551] {scheduler_job.py:639} INFO - DAG(s) dict_keys(['example_branch_operator']) retrieved from /home/airflow/.local/lib/python3.6/site-packages/airflow/example_dags/example_branch_operator.py
[2021-03-12 00:02:43,577] {logging_mixin.py:104} INFO - [2021-03-12 00:02:43,577] {dag.py:1818} INFO - Sync 1 DAGs
[2021-03-12 00:02:43,603] {logging_mixin.py:104} INFO - [2021-03-12 00:02:43,603] {dag.py:2273} INFO - Setting next_dagrun for example_branch_operator to 2021-03-10 00:00:00+00:00
[2021-03-12 00:02:43,613] {scheduler_job.py:190} INFO - Processing /home/airflow/.local/lib/python3.6/site-packages/airflow/example_dags/example_branch_operator.py took 0.089 seconds
[2021-03-12 00:03:14,225] {scheduler_job.py:182} INFO - Started process (PID=2065) to work on /home/airflow/.local/lib/python3.6/site-packages/airflow/example_dags/example_branch_operator.py
[2021-03-12 00:03:14,228] {scheduler_job.py:629} INFO - Processing file /home/airflow/.local/lib/python3.6/site-packages/airflow/example_dags/example_branch_operator.py for tasks to queue
[2021-03-12 00:03:14,230] {logging_mixin.py:104} INFO - [2021-03-12 00:03:14,230] {dagbag.py:448} INFO - Filling up the DagBag from /home/airflow/.local/lib/python3.6/site-packages/airflow/example_dags/example_branch_operator.py
[2021-03-12 00:03:14,253] {scheduler_job.py:639} INFO - DAG(s) dict_keys(['example_branch_operator']) retrieved from /home/airflow/.local/lib/python3.6/site-packages/airflow/example_dags/example_branch_operator.py
[2021-03-12 00:03:14,284] {logging_mixin.py:104} INFO - [2021-03-12 00:03:14,284] {dag.py:1818} INFO - Sync 1 DAGs
[2021-03-12 00:03:14,314] {logging_mixin.py:104} INFO - [2021-03-12 00:03:14,314] {dag.py:2273} INFO - Setting next_dagrun for example_branch_operator to 2021-03-10 00:00:00+00:00
[2021-03-12 00:03:14,333] {scheduler_job.py:190} INFO - Processing /home/airflow/.local/lib/python3.6/site-packages/airflow/example_dags/example_branch_operator.py took 0.112 seconds
[2021-03-12 00:03:44,908] {scheduler_job.py:182} INFO - Started process (PID=2092) to work on /home/airflow/.local/lib/python3.6/site-packages/airflow/example_dags/example_branch_operator.py
[2021-03-12 00:03:44,916] {scheduler_job.py:629} INFO - Processing file /home/airflow/.local/lib/python3.6/site-packages/airflow/example_dags/example_branch_operator.py for tasks to queue
[2021-03-12 00:03:44,917] {logging_mixin.py:104} INFO - [2021-03-12 00:03:44,917] {dagbag.py:448} INFO - Filling up the DagBag from /home/airflow/.local/lib/python3.6/site-packages/airflow/example_dags/example_branch_operator.py
[2021-03-12 00:03:44,937] {scheduler_job.py:639} INFO - DAG(s) dict_keys(['example_branch_operator']) retrieved from /home/airflow/.local/lib/python3.6/site-packages/airflow/example_dags/example_branch_operator.py
[2021-03-12 00:03:44,964] {logging_mixin.py:104} INFO - [2021-03-12 00:03:44,964] {dag.py:1818} INFO - Sync 1 DAGs
[2021-03-12 00:03:44,986] {logging_mixin.py:104} INFO - [2021-03-12 00:03:44,986] {dag.py:2273} INFO - Setting next_dagrun for example_branch_operator to 2021-03-10 00:00:00+00:00
[2021-03-12 00:03:45,000] {scheduler_job.py:190} INFO - Processing /home/airflow/.local/lib/python3.6/site-packages/airflow/example_dags/example_branch_operator.py took 0.096 seconds
[2021-03-12 00:04:15,531] {scheduler_job.py:182} INFO - Started process (PID=2119) to work on /home/airflow/.local/lib/python3.6/site-packages/airflow/example_dags/example_branch_operator.py
[2021-03-12 00:04:15,533] {scheduler_job.py:629} INFO - Processing file /home/airflow/.local/lib/python3.6/site-packages/airflow/example_dags/example_branch_operator.py for tasks to queue
[2021-03-12 00:04:15,534] {logging_mixin.py:104} INFO - [2021-03-12 00:04:15,534] {dagbag.py:448} INFO - Filling up the DagBag from /home/airflow/.local/lib/python3.6/site-packages/airflow/example_dags/example_branch_operator.py
[2021-03-12 00:04:15,554] {scheduler_job.py:639} INFO - DAG(s) dict_keys(['example_branch_operator']) retrieved from /home/airflow/.local/lib/python3.6/site-packages/airflow/example_dags/example_branch_operator.py
[2021-03-12 00:04:15,577] {logging_mixin.py:104} INFO - [2021-03-12 00:04:15,577] {dag.py:1818} INFO - Sync 1 DAGs
[2021-03-12 00:04:15,620] {logging_mixin.py:104} INFO - [2021-03-12 00:04:15,620] {dag.py:2273} INFO - Setting next_dagrun for example_branch_operator to 2021-03-10 00:00:00+00:00
[2021-03-12 00:04:15,632] {scheduler_job.py:190} INFO - Processing /home/airflow/.local/lib/python3.6/site-packages/airflow/example_dags/example_branch_operator.py took 0.106 seconds
[2021-03-12 00:04:46,397] {scheduler_job.py:182} INFO - Started process (PID=2146) to work on /home/airflow/.local/lib/python3.6/site-packages/airflow/example_dags/example_branch_operator.py
[2021-03-12 00:04:46,406] {scheduler_job.py:629} INFO - Processing file /home/airflow/.local/lib/python3.6/site-packages/airflow/example_dags/example_branch_operator.py for tasks to queue
[2021-03-12 00:04:46,409] {logging_mixin.py:104} INFO - [2021-03-12 00:04:46,408] {dagbag.py:448} INFO - Filling up the DagBag from /home/airflow/.local/lib/python3.6/site-packages/airflow/example_dags/example_branch_operator.py
[2021-03-12 00:04:46,432] {scheduler_job.py:639} INFO - DAG(s) dict_keys(['example_branch_operator']) retrieved from /home/airflow/.local/lib/python3.6/site-packages/airflow/example_dags/example_branch_operator.py
[2021-03-12 00:04:46,458] {logging_mixin.py:104} INFO - [2021-03-12 00:04:46,458] {dag.py:1818} INFO - Sync 1 DAGs
[2021-03-12 00:04:46,495] {logging_mixin.py:104} INFO - [2021-03-12 00:04:46,494] {dag.py:2273} INFO - Setting next_dagrun for example_branch_operator to 2021-03-10 00:00:00+00:00
[2021-03-12 00:04:46,506] {scheduler_job.py:190} INFO - Processing /home/airflow/.local/lib/python3.6/site-packages/airflow/example_dags/example_branch_operator.py took 0.122 seconds
[2021-03-12 00:05:17,073] {scheduler_job.py:182} INFO - Started process (PID=2173) to work on /home/airflow/.local/lib/python3.6/site-packages/airflow/example_dags/example_branch_operator.py
[2021-03-12 00:05:17,075] {scheduler_job.py:629} INFO - Processing file /home/airflow/.local/lib/python3.6/site-packages/airflow/example_dags/example_branch_operator.py for tasks to queue
[2021-03-12 00:05:17,080] {logging_mixin.py:104} INFO - [2021-03-12 00:05:17,080] {dagbag.py:448} INFO - Filling up the DagBag from /home/airflow/.local/lib/python3.6/site-packages/airflow/example_dags/example_branch_operator.py
[2021-03-12 00:05:17,106] {scheduler_job.py:639} INFO - DAG(s) dict_keys(['example_branch_operator']) retrieved from /home/airflow/.local/lib/python3.6/site-packages/airflow/example_dags/example_branch_operator.py
[2021-03-12 00:05:17,152] {logging_mixin.py:104} INFO - [2021-03-12 00:05:17,152] {dag.py:1818} INFO - Sync 1 DAGs
[2021-03-12 00:05:17,197] {logging_mixin.py:104} INFO - [2021-03-12 00:05:17,196] {dag.py:2273} INFO - Setting next_dagrun for example_branch_operator to 2021-03-10 00:00:00+00:00
[2021-03-12 00:05:17,219] {scheduler_job.py:190} INFO - Processing /home/airflow/.local/lib/python3.6/site-packages/airflow/example_dags/example_branch_operator.py took 0.151 seconds
[2021-03-12 00:05:47,902] {scheduler_job.py:182} INFO - Started process (PID=2200) to work on /home/airflow/.local/lib/python3.6/site-packages/airflow/example_dags/example_branch_operator.py
[2021-03-12 00:05:47,907] {scheduler_job.py:629} INFO - Processing file /home/airflow/.local/lib/python3.6/site-packages/airflow/example_dags/example_branch_operator.py for tasks to queue
[2021-03-12 00:05:47,910] {logging_mixin.py:104} INFO - [2021-03-12 00:05:47,909] {dagbag.py:448} INFO - Filling up the DagBag from /home/airflow/.local/lib/python3.6/site-packages/airflow/example_dags/example_branch_operator.py
[2021-03-12 00:05:47,933] {scheduler_job.py:639} INFO - DAG(s) dict_keys(['example_branch_operator']) retrieved from /home/airflow/.local/lib/python3.6/site-packages/airflow/example_dags/example_branch_operator.py
[2021-03-12 00:05:47,957] {logging_mixin.py:104} INFO - [2021-03-12 00:05:47,957] {dag.py:1818} INFO - Sync 1 DAGs
[2021-03-12 00:05:47,984] {logging_mixin.py:104} INFO - [2021-03-12 00:05:47,984] {dag.py:2273} INFO - Setting next_dagrun for example_branch_operator to 2021-03-10 00:00:00+00:00
[2021-03-12 00:05:47,994] {scheduler_job.py:190} INFO - Processing /home/airflow/.local/lib/python3.6/site-packages/airflow/example_dags/example_branch_operator.py took 0.097 seconds
[2021-03-12 00:06:18,865] {scheduler_job.py:182} INFO - Started process (PID=2227) to work on /home/airflow/.local/lib/python3.6/site-packages/airflow/example_dags/example_branch_operator.py
[2021-03-12 00:06:18,867] {scheduler_job.py:629} INFO - Processing file /home/airflow/.local/lib/python3.6/site-packages/airflow/example_dags/example_branch_operator.py for tasks to queue
[2021-03-12 00:06:18,868] {logging_mixin.py:104} INFO - [2021-03-12 00:06:18,868] {dagbag.py:448} INFO - Filling up the DagBag from /home/airflow/.local/lib/python3.6/site-packages/airflow/example_dags/example_branch_operator.py
[2021-03-12 00:06:18,887] {scheduler_job.py:639} INFO - DAG(s) dict_keys(['example_branch_operator']) retrieved from /home/airflow/.local/lib/python3.6/site-packages/airflow/example_dags/example_branch_operator.py
[2021-03-12 00:06:18,907] {logging_mixin.py:104} INFO - [2021-03-12 00:06:18,907] {dag.py:1818} INFO - Sync 1 DAGs
[2021-03-12 00:06:18,929] {logging_mixin.py:104} INFO - [2021-03-12 00:06:18,929] {dag.py:2273} INFO - Setting next_dagrun for example_branch_operator to 2021-03-10 00:00:00+00:00
[2021-03-12 00:06:18,940] {scheduler_job.py:190} INFO - Processing /home/airflow/.local/lib/python3.6/site-packages/airflow/example_dags/example_branch_operator.py took 0.080 seconds
[2021-03-12 00:06:49,549] {scheduler_job.py:182} INFO - Started process (PID=2254) to work on /home/airflow/.local/lib/python3.6/site-packages/airflow/example_dags/example_branch_operator.py
[2021-03-12 00:06:49,555] {scheduler_job.py:629} INFO - Processing file /home/airflow/.local/lib/python3.6/site-packages/airflow/example_dags/example_branch_operator.py for tasks to queue
[2021-03-12 00:06:49,557] {logging_mixin.py:104} INFO - [2021-03-12 00:06:49,557] {dagbag.py:448} INFO - Filling up the DagBag from /home/airflow/.local/lib/python3.6/site-packages/airflow/example_dags/example_branch_operator.py
[2021-03-12 00:06:49,577] {scheduler_job.py:639} INFO - DAG(s) dict_keys(['example_branch_operator']) retrieved from /home/airflow/.local/lib/python3.6/site-packages/airflow/example_dags/example_branch_operator.py
[2021-03-12 00:06:49,609] {logging_mixin.py:104} INFO - [2021-03-12 00:06:49,609] {dag.py:1818} INFO - Sync 1 DAGs
[2021-03-12 00:06:49,641] {logging_mixin.py:104} INFO - [2021-03-12 00:06:49,641] {dag.py:2273} INFO - Setting next_dagrun for example_branch_operator to 2021-03-10 00:00:00+00:00
[2021-03-12 00:06:49,656] {scheduler_job.py:190} INFO - Processing /home/airflow/.local/lib/python3.6/site-packages/airflow/example_dags/example_branch_operator.py took 0.114 seconds
[2021-03-12 00:07:20,357] {scheduler_job.py:182} INFO - Started process (PID=2281) to work on /home/airflow/.local/lib/python3.6/site-packages/airflow/example_dags/example_branch_operator.py
[2021-03-12 00:07:20,361] {scheduler_job.py:629} INFO - Processing file /home/airflow/.local/lib/python3.6/site-packages/airflow/example_dags/example_branch_operator.py for tasks to queue
[2021-03-12 00:07:20,362] {logging_mixin.py:104} INFO - [2021-03-12 00:07:20,362] {dagbag.py:448} INFO - Filling up the DagBag from /home/airflow/.local/lib/python3.6/site-packages/airflow/example_dags/example_branch_operator.py
[2021-03-12 00:07:20,382] {scheduler_job.py:639} INFO - DAG(s) dict_keys(['example_branch_operator']) retrieved from /home/airflow/.local/lib/python3.6/site-packages/airflow/example_dags/example_branch_operator.py
[2021-03-12 00:07:20,404] {logging_mixin.py:104} INFO - [2021-03-12 00:07:20,404] {dag.py:1818} INFO - Sync 1 DAGs
[2021-03-12 00:07:20,425] {logging_mixin.py:104} INFO - [2021-03-12 00:07:20,425] {dag.py:2273} INFO - Setting next_dagrun for example_branch_operator to 2021-03-10 00:00:00+00:00
[2021-03-12 00:07:20,435] {scheduler_job.py:190} INFO - Processing /home/airflow/.local/lib/python3.6/site-packages/airflow/example_dags/example_branch_operator.py took 0.084 seconds
[2021-03-12 00:07:51,220] {scheduler_job.py:182} INFO - Started process (PID=2308) to work on /home/airflow/.local/lib/python3.6/site-packages/airflow/example_dags/example_branch_operator.py
[2021-03-12 00:07:51,222] {scheduler_job.py:629} INFO - Processing file /home/airflow/.local/lib/python3.6/site-packages/airflow/example_dags/example_branch_operator.py for tasks to queue
[2021-03-12 00:07:51,223] {logging_mixin.py:104} INFO - [2021-03-12 00:07:51,223] {dagbag.py:448} INFO - Filling up the DagBag from /home/airflow/.local/lib/python3.6/site-packages/airflow/example_dags/example_branch_operator.py
[2021-03-12 00:07:51,241] {scheduler_job.py:639} INFO - DAG(s) dict_keys(['example_branch_operator']) retrieved from /home/airflow/.local/lib/python3.6/site-packages/airflow/example_dags/example_branch_operator.py
[2021-03-12 00:07:51,263] {logging_mixin.py:104} INFO - [2021-03-12 00:07:51,263] {dag.py:1818} INFO - Sync 1 DAGs
[2021-03-12 00:07:51,286] {logging_mixin.py:104} INFO - [2021-03-12 00:07:51,286] {dag.py:2273} INFO - Setting next_dagrun for example_branch_operator to 2021-03-10 00:00:00+00:00
[2021-03-12 00:07:51,295] {scheduler_job.py:190} INFO - Processing /home/airflow/.local/lib/python3.6/site-packages/airflow/example_dags/example_branch_operator.py took 0.082 seconds
[2021-03-12 00:08:21,810] {scheduler_job.py:182} INFO - Started process (PID=2335) to work on /home/airflow/.local/lib/python3.6/site-packages/airflow/example_dags/example_branch_operator.py
[2021-03-12 00:08:21,812] {scheduler_job.py:629} INFO - Processing file /home/airflow/.local/lib/python3.6/site-packages/airflow/example_dags/example_branch_operator.py for tasks to queue
[2021-03-12 00:08:21,814] {logging_mixin.py:104} INFO - [2021-03-12 00:08:21,814] {dagbag.py:448} INFO - Filling up the DagBag from /home/airflow/.local/lib/python3.6/site-packages/airflow/example_dags/example_branch_operator.py
[2021-03-12 00:08:21,834] {scheduler_job.py:639} INFO - DAG(s) dict_keys(['example_branch_operator']) retrieved from /home/airflow/.local/lib/python3.6/site-packages/airflow/example_dags/example_branch_operator.py
[2021-03-12 00:08:21,860] {logging_mixin.py:104} INFO - [2021-03-12 00:08:21,860] {dag.py:1818} INFO - Sync 1 DAGs
[2021-03-12 00:08:21,888] {logging_mixin.py:104} INFO - [2021-03-12 00:08:21,888] {dag.py:2273} INFO - Setting next_dagrun for example_branch_operator to 2021-03-10 00:00:00+00:00
[2021-03-12 00:08:21,900] {scheduler_job.py:190} INFO - Processing /home/airflow/.local/lib/python3.6/site-packages/airflow/example_dags/example_branch_operator.py took 0.096 seconds
[2021-03-12 00:08:52,489] {scheduler_job.py:182} INFO - Started process (PID=2362) to work on /home/airflow/.local/lib/python3.6/site-packages/airflow/example_dags/example_branch_operator.py
[2021-03-12 00:08:52,491] {scheduler_job.py:629} INFO - Processing file /home/airflow/.local/lib/python3.6/site-packages/airflow/example_dags/example_branch_operator.py for tasks to queue
[2021-03-12 00:08:52,493] {logging_mixin.py:104} INFO - [2021-03-12 00:08:52,493] {dagbag.py:448} INFO - Filling up the DagBag from /home/airflow/.local/lib/python3.6/site-packages/airflow/example_dags/example_branch_operator.py
[2021-03-12 00:08:52,511] {scheduler_job.py:639} INFO - DAG(s) dict_keys(['example_branch_operator']) retrieved from /home/airflow/.local/lib/python3.6/site-packages/airflow/example_dags/example_branch_operator.py
[2021-03-12 00:08:52,537] {logging_mixin.py:104} INFO - [2021-03-12 00:08:52,537] {dag.py:1818} INFO - Sync 1 DAGs
[2021-03-12 00:08:52,564] {logging_mixin.py:104} INFO - [2021-03-12 00:08:52,564] {dag.py:2273} INFO - Setting next_dagrun for example_branch_operator to 2021-03-10 00:00:00+00:00
[2021-03-12 00:08:52,579] {scheduler_job.py:190} INFO - Processing /home/airflow/.local/lib/python3.6/site-packages/airflow/example_dags/example_branch_operator.py took 0.094 seconds
[2021-03-12 00:09:23,023] {scheduler_job.py:182} INFO - Started process (PID=2389) to work on /home/airflow/.local/lib/python3.6/site-packages/airflow/example_dags/example_branch_operator.py
[2021-03-12 00:09:23,026] {scheduler_job.py:629} INFO - Processing file /home/airflow/.local/lib/python3.6/site-packages/airflow/example_dags/example_branch_operator.py for tasks to queue
[2021-03-12 00:09:23,028] {logging_mixin.py:104} INFO - [2021-03-12 00:09:23,028] {dagbag.py:448} INFO - Filling up the DagBag from /home/airflow/.local/lib/python3.6/site-packages/airflow/example_dags/example_branch_operator.py
[2021-03-12 00:09:23,045] {scheduler_job.py:639} INFO - DAG(s) dict_keys(['example_branch_operator']) retrieved from /home/airflow/.local/lib/python3.6/site-packages/airflow/example_dags/example_branch_operator.py
[2021-03-12 00:09:23,069] {logging_mixin.py:104} INFO - [2021-03-12 00:09:23,068] {dag.py:1818} INFO - Sync 1 DAGs
[2021-03-12 00:09:23,092] {logging_mixin.py:104} INFO - [2021-03-12 00:09:23,092] {dag.py:2273} INFO - Setting next_dagrun for example_branch_operator to 2021-03-10 00:00:00+00:00
[2021-03-12 00:09:23,102] {scheduler_job.py:190} INFO - Processing /home/airflow/.local/lib/python3.6/site-packages/airflow/example_dags/example_branch_operator.py took 0.082 seconds
[2021-03-12 00:09:53,959] {scheduler_job.py:182} INFO - Started process (PID=2416) to work on /home/airflow/.local/lib/python3.6/site-packages/airflow/example_dags/example_branch_operator.py
[2021-03-12 00:09:53,961] {scheduler_job.py:629} INFO - Processing file /home/airflow/.local/lib/python3.6/site-packages/airflow/example_dags/example_branch_operator.py for tasks to queue
[2021-03-12 00:09:53,963] {logging_mixin.py:104} INFO - [2021-03-12 00:09:53,963] {dagbag.py:448} INFO - Filling up the DagBag from /home/airflow/.local/lib/python3.6/site-packages/airflow/example_dags/example_branch_operator.py
[2021-03-12 00:09:53,980] {scheduler_job.py:639} INFO - DAG(s) dict_keys(['example_branch_operator']) retrieved from /home/airflow/.local/lib/python3.6/site-packages/airflow/example_dags/example_branch_operator.py
[2021-03-12 00:09:54,006] {logging_mixin.py:104} INFO - [2021-03-12 00:09:54,006] {dag.py:1818} INFO - Sync 1 DAGs
[2021-03-12 00:09:54,032] {logging_mixin.py:104} INFO - [2021-03-12 00:09:54,032] {dag.py:2273} INFO - Setting next_dagrun for example_branch_operator to 2021-03-10 00:00:00+00:00
[2021-03-12 00:09:54,044] {scheduler_job.py:190} INFO - Processing /home/airflow/.local/lib/python3.6/site-packages/airflow/example_dags/example_branch_operator.py took 0.091 seconds
[2021-03-12 00:10:24,842] {scheduler_job.py:182} INFO - Started process (PID=2443) to work on /home/airflow/.local/lib/python3.6/site-packages/airflow/example_dags/example_branch_operator.py
[2021-03-12 00:10:24,845] {scheduler_job.py:629} INFO - Processing file /home/airflow/.local/lib/python3.6/site-packages/airflow/example_dags/example_branch_operator.py for tasks to queue
[2021-03-12 00:10:24,847] {logging_mixin.py:104} INFO - [2021-03-12 00:10:24,847] {dagbag.py:448} INFO - Filling up the DagBag from /home/airflow/.local/lib/python3.6/site-packages/airflow/example_dags/example_branch_operator.py
[2021-03-12 00:10:24,867] {scheduler_job.py:639} INFO - DAG(s) dict_keys(['example_branch_operator']) retrieved from /home/airflow/.local/lib/python3.6/site-packages/airflow/example_dags/example_branch_operator.py
[2021-03-12 00:10:24,896] {logging_mixin.py:104} INFO - [2021-03-12 00:10:24,896] {dag.py:1818} INFO - Sync 1 DAGs
[2021-03-12 00:10:24,921] {logging_mixin.py:104} INFO - [2021-03-12 00:10:24,921] {dag.py:2273} INFO - Setting next_dagrun for example_branch_operator to 2021-03-10 00:00:00+00:00
[2021-03-12 00:10:24,933] {scheduler_job.py:190} INFO - Processing /home/airflow/.local/lib/python3.6/site-packages/airflow/example_dags/example_branch_operator.py took 0.096 seconds
[2021-03-12 00:10:55,314] {scheduler_job.py:182} INFO - Started process (PID=2470) to work on /home/airflow/.local/lib/python3.6/site-packages/airflow/example_dags/example_branch_operator.py
[2021-03-12 00:10:55,317] {scheduler_job.py:629} INFO - Processing file /home/airflow/.local/lib/python3.6/site-packages/airflow/example_dags/example_branch_operator.py for tasks to queue
[2021-03-12 00:10:55,320] {logging_mixin.py:104} INFO - [2021-03-12 00:10:55,320] {dagbag.py:448} INFO - Filling up the DagBag from /home/airflow/.local/lib/python3.6/site-packages/airflow/example_dags/example_branch_operator.py
[2021-03-12 00:10:55,345] {scheduler_job.py:639} INFO - DAG(s) dict_keys(['example_branch_operator']) retrieved from /home/airflow/.local/lib/python3.6/site-packages/airflow/example_dags/example_branch_operator.py
[2021-03-12 00:10:55,388] {logging_mixin.py:104} INFO - [2021-03-12 00:10:55,387] {dag.py:1818} INFO - Sync 1 DAGs
[2021-03-12 00:10:55,419] {logging_mixin.py:104} INFO - [2021-03-12 00:10:55,419] {dag.py:2273} INFO - Setting next_dagrun for example_branch_operator to 2021-03-10 00:00:00+00:00
[2021-03-12 00:10:55,430] {scheduler_job.py:190} INFO - Processing /home/airflow/.local/lib/python3.6/site-packages/airflow/example_dags/example_branch_operator.py took 0.120 seconds
[2021-03-12 00:11:25,997] {scheduler_job.py:182} INFO - Started process (PID=2497) to work on /home/airflow/.local/lib/python3.6/site-packages/airflow/example_dags/example_branch_operator.py
[2021-03-12 00:11:26,005] {scheduler_job.py:629} INFO - Processing file /home/airflow/.local/lib/python3.6/site-packages/airflow/example_dags/example_branch_operator.py for tasks to queue
[2021-03-12 00:11:26,011] {logging_mixin.py:104} INFO - [2021-03-12 00:11:26,010] {dagbag.py:448} INFO - Filling up the DagBag from /home/airflow/.local/lib/python3.6/site-packages/airflow/example_dags/example_branch_operator.py
[2021-03-12 00:11:26,061] {scheduler_job.py:639} INFO - DAG(s) dict_keys(['example_branch_operator']) retrieved from /home/airflow/.local/lib/python3.6/site-packages/airflow/example_dags/example_branch_operator.py
[2021-03-12 00:11:26,104] {logging_mixin.py:104} INFO - [2021-03-12 00:11:26,104] {dag.py:1818} INFO - Sync 1 DAGs
[2021-03-12 00:11:26,146] {logging_mixin.py:104} INFO - [2021-03-12 00:11:26,146] {dag.py:2273} INFO - Setting next_dagrun for example_branch_operator to 2021-03-10 00:00:00+00:00
[2021-03-12 00:11:26,162] {scheduler_job.py:190} INFO - Processing /home/airflow/.local/lib/python3.6/site-packages/airflow/example_dags/example_branch_operator.py took 0.174 seconds
[2021-03-12 00:41:02,975] {scheduler_job.py:182} INFO - Started process (PID=25) to work on /home/airflow/.local/lib/python3.6/site-packages/airflow/example_dags/example_branch_operator.py
[2021-03-12 00:41:02,987] {scheduler_job.py:629} INFO - Processing file /home/airflow/.local/lib/python3.6/site-packages/airflow/example_dags/example_branch_operator.py for tasks to queue
[2021-03-12 00:41:02,993] {logging_mixin.py:104} INFO - [2021-03-12 00:41:02,993] {dagbag.py:448} INFO - Filling up the DagBag from /home/airflow/.local/lib/python3.6/site-packages/airflow/example_dags/example_branch_operator.py
[2021-03-12 00:41:03,117] {scheduler_job.py:639} INFO - DAG(s) dict_keys(['example_branch_operator']) retrieved from /home/airflow/.local/lib/python3.6/site-packages/airflow/example_dags/example_branch_operator.py
[2021-03-12 00:41:03,369] {logging_mixin.py:104} INFO - [2021-03-12 00:41:03,368] {dag.py:1818} INFO - Sync 1 DAGs
[2021-03-12 00:41:03,562] {logging_mixin.py:104} INFO - [2021-03-12 00:41:03,562] {dag.py:2273} INFO - Setting next_dagrun for example_branch_operator to 2021-03-10 00:00:00+00:00
[2021-03-12 00:41:03,608] {scheduler_job.py:190} INFO - Processing /home/airflow/.local/lib/python3.6/site-packages/airflow/example_dags/example_branch_operator.py took 0.651 seconds
[2021-03-12 00:41:33,951] {scheduler_job.py:182} INFO - Started process (PID=53) to work on /home/airflow/.local/lib/python3.6/site-packages/airflow/example_dags/example_branch_operator.py
[2021-03-12 00:41:33,954] {scheduler_job.py:629} INFO - Processing file /home/airflow/.local/lib/python3.6/site-packages/airflow/example_dags/example_branch_operator.py for tasks to queue
[2021-03-12 00:41:33,955] {logging_mixin.py:104} INFO - [2021-03-12 00:41:33,955] {dagbag.py:448} INFO - Filling up the DagBag from /home/airflow/.local/lib/python3.6/site-packages/airflow/example_dags/example_branch_operator.py
[2021-03-12 00:41:33,986] {scheduler_job.py:639} INFO - DAG(s) dict_keys(['example_branch_operator']) retrieved from /home/airflow/.local/lib/python3.6/site-packages/airflow/example_dags/example_branch_operator.py
[2021-03-12 00:41:34,013] {logging_mixin.py:104} INFO - [2021-03-12 00:41:34,013] {dag.py:1818} INFO - Sync 1 DAGs
[2021-03-12 00:41:34,035] {logging_mixin.py:104} INFO - [2021-03-12 00:41:34,034] {dag.py:2273} INFO - Setting next_dagrun for example_branch_operator to 2021-03-10 00:00:00+00:00
[2021-03-12 00:41:34,044] {scheduler_job.py:190} INFO - Processing /home/airflow/.local/lib/python3.6/site-packages/airflow/example_dags/example_branch_operator.py took 0.098 seconds
[2021-03-12 00:42:04,512] {scheduler_job.py:182} INFO - Started process (PID=80) to work on /home/airflow/.local/lib/python3.6/site-packages/airflow/example_dags/example_branch_operator.py
[2021-03-12 00:42:04,514] {scheduler_job.py:629} INFO - Processing file /home/airflow/.local/lib/python3.6/site-packages/airflow/example_dags/example_branch_operator.py for tasks to queue
[2021-03-12 00:42:04,516] {logging_mixin.py:104} INFO - [2021-03-12 00:42:04,515] {dagbag.py:448} INFO - Filling up the DagBag from /home/airflow/.local/lib/python3.6/site-packages/airflow/example_dags/example_branch_operator.py
[2021-03-12 00:42:04,537] {scheduler_job.py:639} INFO - DAG(s) dict_keys(['example_branch_operator']) retrieved from /home/airflow/.local/lib/python3.6/site-packages/airflow/example_dags/example_branch_operator.py
[2021-03-12 00:42:04,566] {logging_mixin.py:104} INFO - [2021-03-12 00:42:04,566] {dag.py:1818} INFO - Sync 1 DAGs
[2021-03-12 00:42:04,591] {logging_mixin.py:104} INFO - [2021-03-12 00:42:04,591] {dag.py:2273} INFO - Setting next_dagrun for example_branch_operator to 2021-03-10 00:00:00+00:00
[2021-03-12 00:42:04,601] {scheduler_job.py:190} INFO - Processing /home/airflow/.local/lib/python3.6/site-packages/airflow/example_dags/example_branch_operator.py took 0.094 seconds
[2021-03-12 00:42:35,271] {scheduler_job.py:182} INFO - Started process (PID=107) to work on /home/airflow/.local/lib/python3.6/site-packages/airflow/example_dags/example_branch_operator.py
[2021-03-12 00:42:35,273] {scheduler_job.py:629} INFO - Processing file /home/airflow/.local/lib/python3.6/site-packages/airflow/example_dags/example_branch_operator.py for tasks to queue
[2021-03-12 00:42:35,275] {logging_mixin.py:104} INFO - [2021-03-12 00:42:35,275] {dagbag.py:448} INFO - Filling up the DagBag from /home/airflow/.local/lib/python3.6/site-packages/airflow/example_dags/example_branch_operator.py
[2021-03-12 00:42:35,298] {scheduler_job.py:639} INFO - DAG(s) dict_keys(['example_branch_operator']) retrieved from /home/airflow/.local/lib/python3.6/site-packages/airflow/example_dags/example_branch_operator.py
[2021-03-12 00:42:35,323] {logging_mixin.py:104} INFO - [2021-03-12 00:42:35,323] {dag.py:1818} INFO - Sync 1 DAGs
[2021-03-12 00:42:35,347] {logging_mixin.py:104} INFO - [2021-03-12 00:42:35,347] {dag.py:2273} INFO - Setting next_dagrun for example_branch_operator to 2021-03-10 00:00:00+00:00
[2021-03-12 00:42:35,357] {scheduler_job.py:190} INFO - Processing /home/airflow/.local/lib/python3.6/site-packages/airflow/example_dags/example_branch_operator.py took 0.092 seconds
[2021-03-12 00:43:06,178] {scheduler_job.py:182} INFO - Started process (PID=134) to work on /home/airflow/.local/lib/python3.6/site-packages/airflow/example_dags/example_branch_operator.py
[2021-03-12 00:43:06,180] {scheduler_job.py:629} INFO - Processing file /home/airflow/.local/lib/python3.6/site-packages/airflow/example_dags/example_branch_operator.py for tasks to queue
[2021-03-12 00:43:06,182] {logging_mixin.py:104} INFO - [2021-03-12 00:43:06,182] {dagbag.py:448} INFO - Filling up the DagBag from /home/airflow/.local/lib/python3.6/site-packages/airflow/example_dags/example_branch_operator.py
[2021-03-12 00:43:06,238] {scheduler_job.py:639} INFO - DAG(s) dict_keys(['example_branch_operator']) retrieved from /home/airflow/.local/lib/python3.6/site-packages/airflow/example_dags/example_branch_operator.py
[2021-03-12 00:43:06,276] {logging_mixin.py:104} INFO - [2021-03-12 00:43:06,276] {dag.py:1818} INFO - Sync 1 DAGs
[2021-03-12 00:43:06,302] {logging_mixin.py:104} INFO - [2021-03-12 00:43:06,302] {dag.py:2273} INFO - Setting next_dagrun for example_branch_operator to 2021-03-10 00:00:00+00:00
[2021-03-12 00:43:06,311] {scheduler_job.py:190} INFO - Processing /home/airflow/.local/lib/python3.6/site-packages/airflow/example_dags/example_branch_operator.py took 0.137 seconds
