[2021-03-12 00:00:10,321] {scheduler_job.py:182} INFO - Started process (PID=1906) to work on /home/airflow/.local/lib/python3.6/site-packages/airflow/example_dags/example_skip_dag.py
[2021-03-12 00:00:10,324] {scheduler_job.py:629} INFO - Processing file /home/airflow/.local/lib/python3.6/site-packages/airflow/example_dags/example_skip_dag.py for tasks to queue
[2021-03-12 00:00:10,326] {logging_mixin.py:104} INFO - [2021-03-12 00:00:10,326] {dagbag.py:448} INFO - Filling up the DagBag from /home/airflow/.local/lib/python3.6/site-packages/airflow/example_dags/example_skip_dag.py
[2021-03-12 00:00:10,346] {scheduler_job.py:639} INFO - DAG(s) dict_keys(['example_skip_dag']) retrieved from /home/airflow/.local/lib/python3.6/site-packages/airflow/example_dags/example_skip_dag.py
[2021-03-12 00:00:10,372] {logging_mixin.py:104} INFO - [2021-03-12 00:00:10,372] {dag.py:1818} INFO - Sync 1 DAGs
[2021-03-12 00:00:10,390] {logging_mixin.py:104} INFO - [2021-03-12 00:00:10,389] {dag.py:2273} INFO - Setting next_dagrun for example_skip_dag to 2021-03-10 00:00:00+00:00
[2021-03-12 00:00:10,413] {scheduler_job.py:190} INFO - Processing /home/airflow/.local/lib/python3.6/site-packages/airflow/example_dags/example_skip_dag.py took 0.097 seconds
[2021-03-12 00:00:41,150] {scheduler_job.py:182} INFO - Started process (PID=1933) to work on /home/airflow/.local/lib/python3.6/site-packages/airflow/example_dags/example_skip_dag.py
[2021-03-12 00:00:41,152] {scheduler_job.py:629} INFO - Processing file /home/airflow/.local/lib/python3.6/site-packages/airflow/example_dags/example_skip_dag.py for tasks to queue
[2021-03-12 00:00:41,154] {logging_mixin.py:104} INFO - [2021-03-12 00:00:41,154] {dagbag.py:448} INFO - Filling up the DagBag from /home/airflow/.local/lib/python3.6/site-packages/airflow/example_dags/example_skip_dag.py
[2021-03-12 00:00:41,171] {scheduler_job.py:639} INFO - DAG(s) dict_keys(['example_skip_dag']) retrieved from /home/airflow/.local/lib/python3.6/site-packages/airflow/example_dags/example_skip_dag.py
[2021-03-12 00:00:41,206] {logging_mixin.py:104} INFO - [2021-03-12 00:00:41,206] {dag.py:1818} INFO - Sync 1 DAGs
[2021-03-12 00:00:41,224] {logging_mixin.py:104} INFO - [2021-03-12 00:00:41,224] {dag.py:2273} INFO - Setting next_dagrun for example_skip_dag to 2021-03-10 00:00:00+00:00
[2021-03-12 00:00:41,235] {scheduler_job.py:190} INFO - Processing /home/airflow/.local/lib/python3.6/site-packages/airflow/example_dags/example_skip_dag.py took 0.090 seconds
[2021-03-12 00:01:11,798] {scheduler_job.py:182} INFO - Started process (PID=1960) to work on /home/airflow/.local/lib/python3.6/site-packages/airflow/example_dags/example_skip_dag.py
[2021-03-12 00:01:11,800] {scheduler_job.py:629} INFO - Processing file /home/airflow/.local/lib/python3.6/site-packages/airflow/example_dags/example_skip_dag.py for tasks to queue
[2021-03-12 00:01:11,801] {logging_mixin.py:104} INFO - [2021-03-12 00:01:11,801] {dagbag.py:448} INFO - Filling up the DagBag from /home/airflow/.local/lib/python3.6/site-packages/airflow/example_dags/example_skip_dag.py
[2021-03-12 00:01:11,816] {scheduler_job.py:639} INFO - DAG(s) dict_keys(['example_skip_dag']) retrieved from /home/airflow/.local/lib/python3.6/site-packages/airflow/example_dags/example_skip_dag.py
[2021-03-12 00:01:11,839] {logging_mixin.py:104} INFO - [2021-03-12 00:01:11,839] {dag.py:1818} INFO - Sync 1 DAGs
[2021-03-12 00:01:11,856] {logging_mixin.py:104} INFO - [2021-03-12 00:01:11,856] {dag.py:2273} INFO - Setting next_dagrun for example_skip_dag to 2021-03-10 00:00:00+00:00
[2021-03-12 00:01:11,866] {scheduler_job.py:190} INFO - Processing /home/airflow/.local/lib/python3.6/site-packages/airflow/example_dags/example_skip_dag.py took 0.071 seconds
[2021-03-12 00:01:42,340] {scheduler_job.py:182} INFO - Started process (PID=1987) to work on /home/airflow/.local/lib/python3.6/site-packages/airflow/example_dags/example_skip_dag.py
[2021-03-12 00:01:42,341] {scheduler_job.py:629} INFO - Processing file /home/airflow/.local/lib/python3.6/site-packages/airflow/example_dags/example_skip_dag.py for tasks to queue
[2021-03-12 00:01:42,344] {logging_mixin.py:104} INFO - [2021-03-12 00:01:42,344] {dagbag.py:448} INFO - Filling up the DagBag from /home/airflow/.local/lib/python3.6/site-packages/airflow/example_dags/example_skip_dag.py
[2021-03-12 00:01:42,356] {scheduler_job.py:639} INFO - DAG(s) dict_keys(['example_skip_dag']) retrieved from /home/airflow/.local/lib/python3.6/site-packages/airflow/example_dags/example_skip_dag.py
[2021-03-12 00:01:42,385] {logging_mixin.py:104} INFO - [2021-03-12 00:01:42,384] {dag.py:1818} INFO - Sync 1 DAGs
[2021-03-12 00:01:42,423] {logging_mixin.py:104} INFO - [2021-03-12 00:01:42,423] {dag.py:2273} INFO - Setting next_dagrun for example_skip_dag to 2021-03-10 00:00:00+00:00
[2021-03-12 00:01:42,437] {scheduler_job.py:190} INFO - Processing /home/airflow/.local/lib/python3.6/site-packages/airflow/example_dags/example_skip_dag.py took 0.101 seconds
[2021-03-12 00:02:13,073] {scheduler_job.py:182} INFO - Started process (PID=2014) to work on /home/airflow/.local/lib/python3.6/site-packages/airflow/example_dags/example_skip_dag.py
[2021-03-12 00:02:13,077] {scheduler_job.py:629} INFO - Processing file /home/airflow/.local/lib/python3.6/site-packages/airflow/example_dags/example_skip_dag.py for tasks to queue
[2021-03-12 00:02:13,079] {logging_mixin.py:104} INFO - [2021-03-12 00:02:13,079] {dagbag.py:448} INFO - Filling up the DagBag from /home/airflow/.local/lib/python3.6/site-packages/airflow/example_dags/example_skip_dag.py
[2021-03-12 00:02:13,095] {scheduler_job.py:639} INFO - DAG(s) dict_keys(['example_skip_dag']) retrieved from /home/airflow/.local/lib/python3.6/site-packages/airflow/example_dags/example_skip_dag.py
[2021-03-12 00:02:13,126] {logging_mixin.py:104} INFO - [2021-03-12 00:02:13,126] {dag.py:1818} INFO - Sync 1 DAGs
[2021-03-12 00:02:13,147] {logging_mixin.py:104} INFO - [2021-03-12 00:02:13,147] {dag.py:2273} INFO - Setting next_dagrun for example_skip_dag to 2021-03-10 00:00:00+00:00
[2021-03-12 00:02:13,158] {scheduler_job.py:190} INFO - Processing /home/airflow/.local/lib/python3.6/site-packages/airflow/example_dags/example_skip_dag.py took 0.091 seconds
[2021-03-12 00:02:43,717] {scheduler_job.py:182} INFO - Started process (PID=2041) to work on /home/airflow/.local/lib/python3.6/site-packages/airflow/example_dags/example_skip_dag.py
[2021-03-12 00:02:43,719] {scheduler_job.py:629} INFO - Processing file /home/airflow/.local/lib/python3.6/site-packages/airflow/example_dags/example_skip_dag.py for tasks to queue
[2021-03-12 00:02:43,720] {logging_mixin.py:104} INFO - [2021-03-12 00:02:43,720] {dagbag.py:448} INFO - Filling up the DagBag from /home/airflow/.local/lib/python3.6/site-packages/airflow/example_dags/example_skip_dag.py
[2021-03-12 00:02:43,731] {scheduler_job.py:639} INFO - DAG(s) dict_keys(['example_skip_dag']) retrieved from /home/airflow/.local/lib/python3.6/site-packages/airflow/example_dags/example_skip_dag.py
[2021-03-12 00:02:43,753] {logging_mixin.py:104} INFO - [2021-03-12 00:02:43,753] {dag.py:1818} INFO - Sync 1 DAGs
[2021-03-12 00:02:43,769] {logging_mixin.py:104} INFO - [2021-03-12 00:02:43,769] {dag.py:2273} INFO - Setting next_dagrun for example_skip_dag to 2021-03-10 00:00:00+00:00
[2021-03-12 00:02:43,787] {scheduler_job.py:190} INFO - Processing /home/airflow/.local/lib/python3.6/site-packages/airflow/example_dags/example_skip_dag.py took 0.073 seconds
[2021-03-12 00:03:14,421] {scheduler_job.py:182} INFO - Started process (PID=2068) to work on /home/airflow/.local/lib/python3.6/site-packages/airflow/example_dags/example_skip_dag.py
[2021-03-12 00:03:14,425] {scheduler_job.py:629} INFO - Processing file /home/airflow/.local/lib/python3.6/site-packages/airflow/example_dags/example_skip_dag.py for tasks to queue
[2021-03-12 00:03:14,427] {logging_mixin.py:104} INFO - [2021-03-12 00:03:14,427] {dagbag.py:448} INFO - Filling up the DagBag from /home/airflow/.local/lib/python3.6/site-packages/airflow/example_dags/example_skip_dag.py
[2021-03-12 00:03:14,450] {scheduler_job.py:639} INFO - DAG(s) dict_keys(['example_skip_dag']) retrieved from /home/airflow/.local/lib/python3.6/site-packages/airflow/example_dags/example_skip_dag.py
[2021-03-12 00:03:14,497] {logging_mixin.py:104} INFO - [2021-03-12 00:03:14,497] {dag.py:1818} INFO - Sync 1 DAGs
[2021-03-12 00:03:14,531] {logging_mixin.py:104} INFO - [2021-03-12 00:03:14,531] {dag.py:2273} INFO - Setting next_dagrun for example_skip_dag to 2021-03-10 00:00:00+00:00
[2021-03-12 00:03:14,548] {scheduler_job.py:190} INFO - Processing /home/airflow/.local/lib/python3.6/site-packages/airflow/example_dags/example_skip_dag.py took 0.133 seconds
[2021-03-12 00:03:45,045] {scheduler_job.py:182} INFO - Started process (PID=2095) to work on /home/airflow/.local/lib/python3.6/site-packages/airflow/example_dags/example_skip_dag.py
[2021-03-12 00:03:45,047] {scheduler_job.py:629} INFO - Processing file /home/airflow/.local/lib/python3.6/site-packages/airflow/example_dags/example_skip_dag.py for tasks to queue
[2021-03-12 00:03:45,049] {logging_mixin.py:104} INFO - [2021-03-12 00:03:45,049] {dagbag.py:448} INFO - Filling up the DagBag from /home/airflow/.local/lib/python3.6/site-packages/airflow/example_dags/example_skip_dag.py
[2021-03-12 00:03:45,067] {scheduler_job.py:639} INFO - DAG(s) dict_keys(['example_skip_dag']) retrieved from /home/airflow/.local/lib/python3.6/site-packages/airflow/example_dags/example_skip_dag.py
[2021-03-12 00:03:45,094] {logging_mixin.py:104} INFO - [2021-03-12 00:03:45,094] {dag.py:1818} INFO - Sync 1 DAGs
[2021-03-12 00:03:45,112] {logging_mixin.py:104} INFO - [2021-03-12 00:03:45,112] {dag.py:2273} INFO - Setting next_dagrun for example_skip_dag to 2021-03-10 00:00:00+00:00
[2021-03-12 00:03:45,124] {scheduler_job.py:190} INFO - Processing /home/airflow/.local/lib/python3.6/site-packages/airflow/example_dags/example_skip_dag.py took 0.082 seconds
[2021-03-12 00:04:15,768] {scheduler_job.py:182} INFO - Started process (PID=2122) to work on /home/airflow/.local/lib/python3.6/site-packages/airflow/example_dags/example_skip_dag.py
[2021-03-12 00:04:15,771] {scheduler_job.py:629} INFO - Processing file /home/airflow/.local/lib/python3.6/site-packages/airflow/example_dags/example_skip_dag.py for tasks to queue
[2021-03-12 00:04:15,772] {logging_mixin.py:104} INFO - [2021-03-12 00:04:15,772] {dagbag.py:448} INFO - Filling up the DagBag from /home/airflow/.local/lib/python3.6/site-packages/airflow/example_dags/example_skip_dag.py
[2021-03-12 00:04:15,791] {scheduler_job.py:639} INFO - DAG(s) dict_keys(['example_skip_dag']) retrieved from /home/airflow/.local/lib/python3.6/site-packages/airflow/example_dags/example_skip_dag.py
[2021-03-12 00:04:15,842] {logging_mixin.py:104} INFO - [2021-03-12 00:04:15,842] {dag.py:1818} INFO - Sync 1 DAGs
[2021-03-12 00:04:15,869] {logging_mixin.py:104} INFO - [2021-03-12 00:04:15,869] {dag.py:2273} INFO - Setting next_dagrun for example_skip_dag to 2021-03-10 00:00:00+00:00
[2021-03-12 00:04:15,885] {scheduler_job.py:190} INFO - Processing /home/airflow/.local/lib/python3.6/site-packages/airflow/example_dags/example_skip_dag.py took 0.121 seconds
[2021-03-12 00:04:46,550] {scheduler_job.py:182} INFO - Started process (PID=2149) to work on /home/airflow/.local/lib/python3.6/site-packages/airflow/example_dags/example_skip_dag.py
[2021-03-12 00:04:46,555] {scheduler_job.py:629} INFO - Processing file /home/airflow/.local/lib/python3.6/site-packages/airflow/example_dags/example_skip_dag.py for tasks to queue
[2021-03-12 00:04:46,557] {logging_mixin.py:104} INFO - [2021-03-12 00:04:46,557] {dagbag.py:448} INFO - Filling up the DagBag from /home/airflow/.local/lib/python3.6/site-packages/airflow/example_dags/example_skip_dag.py
[2021-03-12 00:04:46,575] {scheduler_job.py:639} INFO - DAG(s) dict_keys(['example_skip_dag']) retrieved from /home/airflow/.local/lib/python3.6/site-packages/airflow/example_dags/example_skip_dag.py
[2021-03-12 00:04:46,605] {logging_mixin.py:104} INFO - [2021-03-12 00:04:46,605] {dag.py:1818} INFO - Sync 1 DAGs
[2021-03-12 00:04:46,627] {logging_mixin.py:104} INFO - [2021-03-12 00:04:46,627] {dag.py:2273} INFO - Setting next_dagrun for example_skip_dag to 2021-03-10 00:00:00+00:00
[2021-03-12 00:04:46,646] {scheduler_job.py:190} INFO - Processing /home/airflow/.local/lib/python3.6/site-packages/airflow/example_dags/example_skip_dag.py took 0.101 seconds
[2021-03-12 00:05:17,265] {scheduler_job.py:182} INFO - Started process (PID=2176) to work on /home/airflow/.local/lib/python3.6/site-packages/airflow/example_dags/example_skip_dag.py
[2021-03-12 00:05:17,268] {scheduler_job.py:629} INFO - Processing file /home/airflow/.local/lib/python3.6/site-packages/airflow/example_dags/example_skip_dag.py for tasks to queue
[2021-03-12 00:05:17,270] {logging_mixin.py:104} INFO - [2021-03-12 00:05:17,270] {dagbag.py:448} INFO - Filling up the DagBag from /home/airflow/.local/lib/python3.6/site-packages/airflow/example_dags/example_skip_dag.py
[2021-03-12 00:05:17,295] {scheduler_job.py:639} INFO - DAG(s) dict_keys(['example_skip_dag']) retrieved from /home/airflow/.local/lib/python3.6/site-packages/airflow/example_dags/example_skip_dag.py
[2021-03-12 00:05:17,329] {logging_mixin.py:104} INFO - [2021-03-12 00:05:17,329] {dag.py:1818} INFO - Sync 1 DAGs
[2021-03-12 00:05:17,362] {logging_mixin.py:104} INFO - [2021-03-12 00:05:17,362] {dag.py:2273} INFO - Setting next_dagrun for example_skip_dag to 2021-03-10 00:00:00+00:00
[2021-03-12 00:05:17,383] {scheduler_job.py:190} INFO - Processing /home/airflow/.local/lib/python3.6/site-packages/airflow/example_dags/example_skip_dag.py took 0.125 seconds
[2021-03-12 00:05:48,045] {scheduler_job.py:182} INFO - Started process (PID=2203) to work on /home/airflow/.local/lib/python3.6/site-packages/airflow/example_dags/example_skip_dag.py
[2021-03-12 00:05:48,047] {scheduler_job.py:629} INFO - Processing file /home/airflow/.local/lib/python3.6/site-packages/airflow/example_dags/example_skip_dag.py for tasks to queue
[2021-03-12 00:05:48,049] {logging_mixin.py:104} INFO - [2021-03-12 00:05:48,049] {dagbag.py:448} INFO - Filling up the DagBag from /home/airflow/.local/lib/python3.6/site-packages/airflow/example_dags/example_skip_dag.py
[2021-03-12 00:05:48,064] {scheduler_job.py:639} INFO - DAG(s) dict_keys(['example_skip_dag']) retrieved from /home/airflow/.local/lib/python3.6/site-packages/airflow/example_dags/example_skip_dag.py
[2021-03-12 00:05:48,086] {logging_mixin.py:104} INFO - [2021-03-12 00:05:48,086] {dag.py:1818} INFO - Sync 1 DAGs
[2021-03-12 00:05:48,105] {logging_mixin.py:104} INFO - [2021-03-12 00:05:48,105] {dag.py:2273} INFO - Setting next_dagrun for example_skip_dag to 2021-03-10 00:00:00+00:00
[2021-03-12 00:05:48,120] {scheduler_job.py:190} INFO - Processing /home/airflow/.local/lib/python3.6/site-packages/airflow/example_dags/example_skip_dag.py took 0.079 seconds
[2021-03-12 00:06:18,973] {scheduler_job.py:182} INFO - Started process (PID=2230) to work on /home/airflow/.local/lib/python3.6/site-packages/airflow/example_dags/example_skip_dag.py
[2021-03-12 00:06:18,975] {scheduler_job.py:629} INFO - Processing file /home/airflow/.local/lib/python3.6/site-packages/airflow/example_dags/example_skip_dag.py for tasks to queue
[2021-03-12 00:06:18,976] {logging_mixin.py:104} INFO - [2021-03-12 00:06:18,976] {dagbag.py:448} INFO - Filling up the DagBag from /home/airflow/.local/lib/python3.6/site-packages/airflow/example_dags/example_skip_dag.py
[2021-03-12 00:06:18,992] {scheduler_job.py:639} INFO - DAG(s) dict_keys(['example_skip_dag']) retrieved from /home/airflow/.local/lib/python3.6/site-packages/airflow/example_dags/example_skip_dag.py
[2021-03-12 00:06:19,017] {logging_mixin.py:104} INFO - [2021-03-12 00:06:19,017] {dag.py:1818} INFO - Sync 1 DAGs
[2021-03-12 00:06:19,035] {logging_mixin.py:104} INFO - [2021-03-12 00:06:19,034] {dag.py:2273} INFO - Setting next_dagrun for example_skip_dag to 2021-03-10 00:00:00+00:00
[2021-03-12 00:06:19,045] {scheduler_job.py:190} INFO - Processing /home/airflow/.local/lib/python3.6/site-packages/airflow/example_dags/example_skip_dag.py took 0.076 seconds
[2021-03-12 00:06:49,691] {scheduler_job.py:182} INFO - Started process (PID=2257) to work on /home/airflow/.local/lib/python3.6/site-packages/airflow/example_dags/example_skip_dag.py
[2021-03-12 00:06:49,694] {scheduler_job.py:629} INFO - Processing file /home/airflow/.local/lib/python3.6/site-packages/airflow/example_dags/example_skip_dag.py for tasks to queue
[2021-03-12 00:06:49,696] {logging_mixin.py:104} INFO - [2021-03-12 00:06:49,696] {dagbag.py:448} INFO - Filling up the DagBag from /home/airflow/.local/lib/python3.6/site-packages/airflow/example_dags/example_skip_dag.py
[2021-03-12 00:06:49,715] {scheduler_job.py:639} INFO - DAG(s) dict_keys(['example_skip_dag']) retrieved from /home/airflow/.local/lib/python3.6/site-packages/airflow/example_dags/example_skip_dag.py
[2021-03-12 00:06:49,753] {logging_mixin.py:104} INFO - [2021-03-12 00:06:49,753] {dag.py:1818} INFO - Sync 1 DAGs
[2021-03-12 00:06:49,772] {logging_mixin.py:104} INFO - [2021-03-12 00:06:49,772] {dag.py:2273} INFO - Setting next_dagrun for example_skip_dag to 2021-03-10 00:00:00+00:00
[2021-03-12 00:06:49,782] {scheduler_job.py:190} INFO - Processing /home/airflow/.local/lib/python3.6/site-packages/airflow/example_dags/example_skip_dag.py took 0.096 seconds
[2021-03-12 00:07:20,467] {scheduler_job.py:182} INFO - Started process (PID=2284) to work on /home/airflow/.local/lib/python3.6/site-packages/airflow/example_dags/example_skip_dag.py
[2021-03-12 00:07:20,469] {scheduler_job.py:629} INFO - Processing file /home/airflow/.local/lib/python3.6/site-packages/airflow/example_dags/example_skip_dag.py for tasks to queue
[2021-03-12 00:07:20,470] {logging_mixin.py:104} INFO - [2021-03-12 00:07:20,470] {dagbag.py:448} INFO - Filling up the DagBag from /home/airflow/.local/lib/python3.6/site-packages/airflow/example_dags/example_skip_dag.py
[2021-03-12 00:07:20,481] {scheduler_job.py:639} INFO - DAG(s) dict_keys(['example_skip_dag']) retrieved from /home/airflow/.local/lib/python3.6/site-packages/airflow/example_dags/example_skip_dag.py
[2021-03-12 00:07:20,509] {logging_mixin.py:104} INFO - [2021-03-12 00:07:20,509] {dag.py:1818} INFO - Sync 1 DAGs
[2021-03-12 00:07:20,526] {logging_mixin.py:104} INFO - [2021-03-12 00:07:20,526] {dag.py:2273} INFO - Setting next_dagrun for example_skip_dag to 2021-03-10 00:00:00+00:00
[2021-03-12 00:07:20,537] {scheduler_job.py:190} INFO - Processing /home/airflow/.local/lib/python3.6/site-packages/airflow/example_dags/example_skip_dag.py took 0.074 seconds
[2021-03-12 00:07:51,323] {scheduler_job.py:182} INFO - Started process (PID=2311) to work on /home/airflow/.local/lib/python3.6/site-packages/airflow/example_dags/example_skip_dag.py
[2021-03-12 00:07:51,325] {scheduler_job.py:629} INFO - Processing file /home/airflow/.local/lib/python3.6/site-packages/airflow/example_dags/example_skip_dag.py for tasks to queue
[2021-03-12 00:07:51,326] {logging_mixin.py:104} INFO - [2021-03-12 00:07:51,326] {dagbag.py:448} INFO - Filling up the DagBag from /home/airflow/.local/lib/python3.6/site-packages/airflow/example_dags/example_skip_dag.py
[2021-03-12 00:07:51,337] {scheduler_job.py:639} INFO - DAG(s) dict_keys(['example_skip_dag']) retrieved from /home/airflow/.local/lib/python3.6/site-packages/airflow/example_dags/example_skip_dag.py
[2021-03-12 00:07:51,361] {logging_mixin.py:104} INFO - [2021-03-12 00:07:51,361] {dag.py:1818} INFO - Sync 1 DAGs
[2021-03-12 00:07:51,382] {logging_mixin.py:104} INFO - [2021-03-12 00:07:51,381] {dag.py:2273} INFO - Setting next_dagrun for example_skip_dag to 2021-03-10 00:00:00+00:00
[2021-03-12 00:07:51,391] {scheduler_job.py:190} INFO - Processing /home/airflow/.local/lib/python3.6/site-packages/airflow/example_dags/example_skip_dag.py took 0.072 seconds
[2021-03-12 00:08:22,015] {scheduler_job.py:182} INFO - Started process (PID=2338) to work on /home/airflow/.local/lib/python3.6/site-packages/airflow/example_dags/example_skip_dag.py
[2021-03-12 00:08:22,017] {scheduler_job.py:629} INFO - Processing file /home/airflow/.local/lib/python3.6/site-packages/airflow/example_dags/example_skip_dag.py for tasks to queue
[2021-03-12 00:08:22,018] {logging_mixin.py:104} INFO - [2021-03-12 00:08:22,018] {dagbag.py:448} INFO - Filling up the DagBag from /home/airflow/.local/lib/python3.6/site-packages/airflow/example_dags/example_skip_dag.py
[2021-03-12 00:08:22,032] {scheduler_job.py:639} INFO - DAG(s) dict_keys(['example_skip_dag']) retrieved from /home/airflow/.local/lib/python3.6/site-packages/airflow/example_dags/example_skip_dag.py
[2021-03-12 00:08:22,057] {logging_mixin.py:104} INFO - [2021-03-12 00:08:22,057] {dag.py:1818} INFO - Sync 1 DAGs
[2021-03-12 00:08:22,075] {logging_mixin.py:104} INFO - [2021-03-12 00:08:22,075] {dag.py:2273} INFO - Setting next_dagrun for example_skip_dag to 2021-03-10 00:00:00+00:00
[2021-03-12 00:08:22,090] {scheduler_job.py:190} INFO - Processing /home/airflow/.local/lib/python3.6/site-packages/airflow/example_dags/example_skip_dag.py took 0.079 seconds
[2021-03-12 00:08:52,617] {scheduler_job.py:182} INFO - Started process (PID=2365) to work on /home/airflow/.local/lib/python3.6/site-packages/airflow/example_dags/example_skip_dag.py
[2021-03-12 00:08:52,619] {scheduler_job.py:629} INFO - Processing file /home/airflow/.local/lib/python3.6/site-packages/airflow/example_dags/example_skip_dag.py for tasks to queue
[2021-03-12 00:08:52,621] {logging_mixin.py:104} INFO - [2021-03-12 00:08:52,621] {dagbag.py:448} INFO - Filling up the DagBag from /home/airflow/.local/lib/python3.6/site-packages/airflow/example_dags/example_skip_dag.py
[2021-03-12 00:08:52,635] {scheduler_job.py:639} INFO - DAG(s) dict_keys(['example_skip_dag']) retrieved from /home/airflow/.local/lib/python3.6/site-packages/airflow/example_dags/example_skip_dag.py
[2021-03-12 00:08:52,660] {logging_mixin.py:104} INFO - [2021-03-12 00:08:52,660] {dag.py:1818} INFO - Sync 1 DAGs
[2021-03-12 00:08:52,676] {logging_mixin.py:104} INFO - [2021-03-12 00:08:52,676] {dag.py:2273} INFO - Setting next_dagrun for example_skip_dag to 2021-03-10 00:00:00+00:00
[2021-03-12 00:08:52,685] {scheduler_job.py:190} INFO - Processing /home/airflow/.local/lib/python3.6/site-packages/airflow/example_dags/example_skip_dag.py took 0.074 seconds
[2021-03-12 00:09:23,220] {scheduler_job.py:182} INFO - Started process (PID=2392) to work on /home/airflow/.local/lib/python3.6/site-packages/airflow/example_dags/example_skip_dag.py
[2021-03-12 00:09:23,288] {scheduler_job.py:629} INFO - Processing file /home/airflow/.local/lib/python3.6/site-packages/airflow/example_dags/example_skip_dag.py for tasks to queue
[2021-03-12 00:09:23,290] {logging_mixin.py:104} INFO - [2021-03-12 00:09:23,289] {dagbag.py:448} INFO - Filling up the DagBag from /home/airflow/.local/lib/python3.6/site-packages/airflow/example_dags/example_skip_dag.py
[2021-03-12 00:09:23,303] {scheduler_job.py:639} INFO - DAG(s) dict_keys(['example_skip_dag']) retrieved from /home/airflow/.local/lib/python3.6/site-packages/airflow/example_dags/example_skip_dag.py
[2021-03-12 00:09:23,326] {logging_mixin.py:104} INFO - [2021-03-12 00:09:23,326] {dag.py:1818} INFO - Sync 1 DAGs
[2021-03-12 00:09:23,342] {logging_mixin.py:104} INFO - [2021-03-12 00:09:23,342] {dag.py:2273} INFO - Setting next_dagrun for example_skip_dag to 2021-03-10 00:00:00+00:00
[2021-03-12 00:09:23,352] {scheduler_job.py:190} INFO - Processing /home/airflow/.local/lib/python3.6/site-packages/airflow/example_dags/example_skip_dag.py took 0.137 seconds
[2021-03-12 00:09:54,077] {scheduler_job.py:182} INFO - Started process (PID=2419) to work on /home/airflow/.local/lib/python3.6/site-packages/airflow/example_dags/example_skip_dag.py
[2021-03-12 00:09:54,079] {scheduler_job.py:629} INFO - Processing file /home/airflow/.local/lib/python3.6/site-packages/airflow/example_dags/example_skip_dag.py for tasks to queue
[2021-03-12 00:09:54,080] {logging_mixin.py:104} INFO - [2021-03-12 00:09:54,080] {dagbag.py:448} INFO - Filling up the DagBag from /home/airflow/.local/lib/python3.6/site-packages/airflow/example_dags/example_skip_dag.py
[2021-03-12 00:09:54,093] {scheduler_job.py:639} INFO - DAG(s) dict_keys(['example_skip_dag']) retrieved from /home/airflow/.local/lib/python3.6/site-packages/airflow/example_dags/example_skip_dag.py
[2021-03-12 00:09:54,118] {logging_mixin.py:104} INFO - [2021-03-12 00:09:54,118] {dag.py:1818} INFO - Sync 1 DAGs
[2021-03-12 00:09:54,137] {logging_mixin.py:104} INFO - [2021-03-12 00:09:54,137] {dag.py:2273} INFO - Setting next_dagrun for example_skip_dag to 2021-03-10 00:00:00+00:00
[2021-03-12 00:09:54,146] {scheduler_job.py:190} INFO - Processing /home/airflow/.local/lib/python3.6/site-packages/airflow/example_dags/example_skip_dag.py took 0.074 seconds
[2021-03-12 00:10:24,979] {scheduler_job.py:182} INFO - Started process (PID=2446) to work on /home/airflow/.local/lib/python3.6/site-packages/airflow/example_dags/example_skip_dag.py
[2021-03-12 00:10:24,982] {scheduler_job.py:629} INFO - Processing file /home/airflow/.local/lib/python3.6/site-packages/airflow/example_dags/example_skip_dag.py for tasks to queue
[2021-03-12 00:10:24,984] {logging_mixin.py:104} INFO - [2021-03-12 00:10:24,984] {dagbag.py:448} INFO - Filling up the DagBag from /home/airflow/.local/lib/python3.6/site-packages/airflow/example_dags/example_skip_dag.py
[2021-03-12 00:10:25,001] {scheduler_job.py:639} INFO - DAG(s) dict_keys(['example_skip_dag']) retrieved from /home/airflow/.local/lib/python3.6/site-packages/airflow/example_dags/example_skip_dag.py
[2021-03-12 00:10:25,030] {logging_mixin.py:104} INFO - [2021-03-12 00:10:25,030] {dag.py:1818} INFO - Sync 1 DAGs
[2021-03-12 00:10:25,053] {logging_mixin.py:104} INFO - [2021-03-12 00:10:25,053] {dag.py:2273} INFO - Setting next_dagrun for example_skip_dag to 2021-03-10 00:00:00+00:00
[2021-03-12 00:10:25,070] {scheduler_job.py:190} INFO - Processing /home/airflow/.local/lib/python3.6/site-packages/airflow/example_dags/example_skip_dag.py took 0.097 seconds
[2021-03-12 00:10:55,464] {scheduler_job.py:182} INFO - Started process (PID=2473) to work on /home/airflow/.local/lib/python3.6/site-packages/airflow/example_dags/example_skip_dag.py
[2021-03-12 00:10:55,471] {scheduler_job.py:629} INFO - Processing file /home/airflow/.local/lib/python3.6/site-packages/airflow/example_dags/example_skip_dag.py for tasks to queue
[2021-03-12 00:10:55,474] {logging_mixin.py:104} INFO - [2021-03-12 00:10:55,474] {dagbag.py:448} INFO - Filling up the DagBag from /home/airflow/.local/lib/python3.6/site-packages/airflow/example_dags/example_skip_dag.py
[2021-03-12 00:10:55,491] {scheduler_job.py:639} INFO - DAG(s) dict_keys(['example_skip_dag']) retrieved from /home/airflow/.local/lib/python3.6/site-packages/airflow/example_dags/example_skip_dag.py
[2021-03-12 00:10:55,524] {logging_mixin.py:104} INFO - [2021-03-12 00:10:55,524] {dag.py:1818} INFO - Sync 1 DAGs
[2021-03-12 00:10:55,543] {logging_mixin.py:104} INFO - [2021-03-12 00:10:55,543] {dag.py:2273} INFO - Setting next_dagrun for example_skip_dag to 2021-03-10 00:00:00+00:00
[2021-03-12 00:10:55,558] {scheduler_job.py:190} INFO - Processing /home/airflow/.local/lib/python3.6/site-packages/airflow/example_dags/example_skip_dag.py took 0.099 seconds
[2021-03-12 00:11:26,229] {scheduler_job.py:182} INFO - Started process (PID=2500) to work on /home/airflow/.local/lib/python3.6/site-packages/airflow/example_dags/example_skip_dag.py
[2021-03-12 00:11:26,232] {scheduler_job.py:629} INFO - Processing file /home/airflow/.local/lib/python3.6/site-packages/airflow/example_dags/example_skip_dag.py for tasks to queue
[2021-03-12 00:11:26,234] {logging_mixin.py:104} INFO - [2021-03-12 00:11:26,234] {dagbag.py:448} INFO - Filling up the DagBag from /home/airflow/.local/lib/python3.6/site-packages/airflow/example_dags/example_skip_dag.py
[2021-03-12 00:11:26,249] {scheduler_job.py:639} INFO - DAG(s) dict_keys(['example_skip_dag']) retrieved from /home/airflow/.local/lib/python3.6/site-packages/airflow/example_dags/example_skip_dag.py
[2021-03-12 00:11:26,321] {logging_mixin.py:104} INFO - [2021-03-12 00:11:26,321] {dag.py:1818} INFO - Sync 1 DAGs
[2021-03-12 00:11:26,372] {logging_mixin.py:104} INFO - [2021-03-12 00:11:26,371] {dag.py:2273} INFO - Setting next_dagrun for example_skip_dag to 2021-03-10 00:00:00+00:00
[2021-03-12 00:11:26,390] {scheduler_job.py:190} INFO - Processing /home/airflow/.local/lib/python3.6/site-packages/airflow/example_dags/example_skip_dag.py took 0.167 seconds
[2021-03-12 00:41:06,897] {scheduler_job.py:182} INFO - Started process (PID=40) to work on /home/airflow/.local/lib/python3.6/site-packages/airflow/example_dags/example_skip_dag.py
[2021-03-12 00:41:06,899] {scheduler_job.py:629} INFO - Processing file /home/airflow/.local/lib/python3.6/site-packages/airflow/example_dags/example_skip_dag.py for tasks to queue
[2021-03-12 00:41:06,903] {logging_mixin.py:104} INFO - [2021-03-12 00:41:06,903] {dagbag.py:448} INFO - Filling up the DagBag from /home/airflow/.local/lib/python3.6/site-packages/airflow/example_dags/example_skip_dag.py
[2021-03-12 00:41:06,949] {scheduler_job.py:639} INFO - DAG(s) dict_keys(['example_skip_dag']) retrieved from /home/airflow/.local/lib/python3.6/site-packages/airflow/example_dags/example_skip_dag.py
[2021-03-12 00:41:07,039] {logging_mixin.py:104} INFO - [2021-03-12 00:41:07,038] {dag.py:1818} INFO - Sync 1 DAGs
[2021-03-12 00:41:07,095] {logging_mixin.py:104} INFO - [2021-03-12 00:41:07,095] {dag.py:2273} INFO - Setting next_dagrun for example_skip_dag to 2021-03-10 00:00:00+00:00
[2021-03-12 00:41:07,122] {scheduler_job.py:190} INFO - Processing /home/airflow/.local/lib/python3.6/site-packages/airflow/example_dags/example_skip_dag.py took 0.236 seconds
[2021-03-12 00:41:37,583] {scheduler_job.py:182} INFO - Started process (PID=66) to work on /home/airflow/.local/lib/python3.6/site-packages/airflow/example_dags/example_skip_dag.py
[2021-03-12 00:41:37,586] {scheduler_job.py:629} INFO - Processing file /home/airflow/.local/lib/python3.6/site-packages/airflow/example_dags/example_skip_dag.py for tasks to queue
[2021-03-12 00:41:37,588] {logging_mixin.py:104} INFO - [2021-03-12 00:41:37,588] {dagbag.py:448} INFO - Filling up the DagBag from /home/airflow/.local/lib/python3.6/site-packages/airflow/example_dags/example_skip_dag.py
[2021-03-12 00:41:37,608] {scheduler_job.py:639} INFO - DAG(s) dict_keys(['example_skip_dag']) retrieved from /home/airflow/.local/lib/python3.6/site-packages/airflow/example_dags/example_skip_dag.py
[2021-03-12 00:41:37,639] {logging_mixin.py:104} INFO - [2021-03-12 00:41:37,638] {dag.py:1818} INFO - Sync 1 DAGs
[2021-03-12 00:41:37,679] {logging_mixin.py:104} INFO - [2021-03-12 00:41:37,679] {dag.py:2273} INFO - Setting next_dagrun for example_skip_dag to 2021-03-10 00:00:00+00:00
[2021-03-12 00:41:37,711] {scheduler_job.py:190} INFO - Processing /home/airflow/.local/lib/python3.6/site-packages/airflow/example_dags/example_skip_dag.py took 0.133 seconds
[2021-03-12 00:42:08,319] {scheduler_job.py:182} INFO - Started process (PID=95) to work on /home/airflow/.local/lib/python3.6/site-packages/airflow/example_dags/example_skip_dag.py
[2021-03-12 00:42:08,322] {scheduler_job.py:629} INFO - Processing file /home/airflow/.local/lib/python3.6/site-packages/airflow/example_dags/example_skip_dag.py for tasks to queue
[2021-03-12 00:42:08,323] {logging_mixin.py:104} INFO - [2021-03-12 00:42:08,323] {dagbag.py:448} INFO - Filling up the DagBag from /home/airflow/.local/lib/python3.6/site-packages/airflow/example_dags/example_skip_dag.py
[2021-03-12 00:42:08,343] {scheduler_job.py:639} INFO - DAG(s) dict_keys(['example_skip_dag']) retrieved from /home/airflow/.local/lib/python3.6/site-packages/airflow/example_dags/example_skip_dag.py
[2021-03-12 00:42:08,377] {logging_mixin.py:104} INFO - [2021-03-12 00:42:08,377] {dag.py:1818} INFO - Sync 1 DAGs
[2021-03-12 00:42:08,398] {logging_mixin.py:104} INFO - [2021-03-12 00:42:08,398] {dag.py:2273} INFO - Setting next_dagrun for example_skip_dag to 2021-03-10 00:00:00+00:00
[2021-03-12 00:42:08,408] {scheduler_job.py:190} INFO - Processing /home/airflow/.local/lib/python3.6/site-packages/airflow/example_dags/example_skip_dag.py took 0.095 seconds
[2021-03-12 00:42:38,977] {scheduler_job.py:182} INFO - Started process (PID=120) to work on /home/airflow/.local/lib/python3.6/site-packages/airflow/example_dags/example_skip_dag.py
[2021-03-12 00:42:38,979] {scheduler_job.py:629} INFO - Processing file /home/airflow/.local/lib/python3.6/site-packages/airflow/example_dags/example_skip_dag.py for tasks to queue
[2021-03-12 00:42:38,980] {logging_mixin.py:104} INFO - [2021-03-12 00:42:38,980] {dagbag.py:448} INFO - Filling up the DagBag from /home/airflow/.local/lib/python3.6/site-packages/airflow/example_dags/example_skip_dag.py
[2021-03-12 00:42:38,992] {scheduler_job.py:639} INFO - DAG(s) dict_keys(['example_skip_dag']) retrieved from /home/airflow/.local/lib/python3.6/site-packages/airflow/example_dags/example_skip_dag.py
[2021-03-12 00:42:39,015] {logging_mixin.py:104} INFO - [2021-03-12 00:42:39,015] {dag.py:1818} INFO - Sync 1 DAGs
[2021-03-12 00:42:39,031] {logging_mixin.py:104} INFO - [2021-03-12 00:42:39,031] {dag.py:2273} INFO - Setting next_dagrun for example_skip_dag to 2021-03-10 00:00:00+00:00
[2021-03-12 00:42:39,042] {scheduler_job.py:190} INFO - Processing /home/airflow/.local/lib/python3.6/site-packages/airflow/example_dags/example_skip_dag.py took 0.069 seconds
[2021-03-12 00:43:09,964] {scheduler_job.py:182} INFO - Started process (PID=147) to work on /home/airflow/.local/lib/python3.6/site-packages/airflow/example_dags/example_skip_dag.py
[2021-03-12 00:43:09,968] {scheduler_job.py:629} INFO - Processing file /home/airflow/.local/lib/python3.6/site-packages/airflow/example_dags/example_skip_dag.py for tasks to queue
[2021-03-12 00:43:09,970] {logging_mixin.py:104} INFO - [2021-03-12 00:43:09,970] {dagbag.py:448} INFO - Filling up the DagBag from /home/airflow/.local/lib/python3.6/site-packages/airflow/example_dags/example_skip_dag.py
[2021-03-12 00:43:09,991] {scheduler_job.py:639} INFO - DAG(s) dict_keys(['example_skip_dag']) retrieved from /home/airflow/.local/lib/python3.6/site-packages/airflow/example_dags/example_skip_dag.py
[2021-03-12 00:43:10,022] {logging_mixin.py:104} INFO - [2021-03-12 00:43:10,022] {dag.py:1818} INFO - Sync 1 DAGs
[2021-03-12 00:43:10,045] {logging_mixin.py:104} INFO - [2021-03-12 00:43:10,045] {dag.py:2273} INFO - Setting next_dagrun for example_skip_dag to 2021-03-10 00:00:00+00:00
[2021-03-12 00:43:10,071] {scheduler_job.py:190} INFO - Processing /home/airflow/.local/lib/python3.6/site-packages/airflow/example_dags/example_skip_dag.py took 0.117 seconds
