[2021-03-12 00:00:06,567] {scheduler_job.py:182} INFO - Started process (PID=1895) to work on /home/airflow/.local/lib/python3.6/site-packages/airflow/example_dags/example_dag_decorator.py
[2021-03-12 00:00:06,570] {scheduler_job.py:629} INFO - Processing file /home/airflow/.local/lib/python3.6/site-packages/airflow/example_dags/example_dag_decorator.py for tasks to queue
[2021-03-12 00:00:06,572] {logging_mixin.py:104} INFO - [2021-03-12 00:00:06,571] {dagbag.py:448} INFO - Filling up the DagBag from /home/airflow/.local/lib/python3.6/site-packages/airflow/example_dags/example_dag_decorator.py
[2021-03-12 00:00:06,599] {scheduler_job.py:639} INFO - DAG(s) dict_keys(['example_dag_decorator']) retrieved from /home/airflow/.local/lib/python3.6/site-packages/airflow/example_dags/example_dag_decorator.py
[2021-03-12 00:00:06,626] {logging_mixin.py:104} INFO - [2021-03-12 00:00:06,626] {dag.py:1818} INFO - Sync 1 DAGs
[2021-03-12 00:00:06,648] {logging_mixin.py:104} INFO - [2021-03-12 00:00:06,648] {dag.py:2273} INFO - Setting next_dagrun for example_dag_decorator to None
[2021-03-12 00:00:06,662] {scheduler_job.py:190} INFO - Processing /home/airflow/.local/lib/python3.6/site-packages/airflow/example_dags/example_dag_decorator.py took 0.098 seconds
[2021-03-12 00:00:37,445] {scheduler_job.py:182} INFO - Started process (PID=1922) to work on /home/airflow/.local/lib/python3.6/site-packages/airflow/example_dags/example_dag_decorator.py
[2021-03-12 00:00:37,447] {scheduler_job.py:629} INFO - Processing file /home/airflow/.local/lib/python3.6/site-packages/airflow/example_dags/example_dag_decorator.py for tasks to queue
[2021-03-12 00:00:37,448] {logging_mixin.py:104} INFO - [2021-03-12 00:00:37,448] {dagbag.py:448} INFO - Filling up the DagBag from /home/airflow/.local/lib/python3.6/site-packages/airflow/example_dags/example_dag_decorator.py
[2021-03-12 00:00:37,465] {scheduler_job.py:639} INFO - DAG(s) dict_keys(['example_dag_decorator']) retrieved from /home/airflow/.local/lib/python3.6/site-packages/airflow/example_dags/example_dag_decorator.py
[2021-03-12 00:00:37,495] {logging_mixin.py:104} INFO - [2021-03-12 00:00:37,495] {dag.py:1818} INFO - Sync 1 DAGs
[2021-03-12 00:00:37,512] {logging_mixin.py:104} INFO - [2021-03-12 00:00:37,512] {dag.py:2273} INFO - Setting next_dagrun for example_dag_decorator to None
[2021-03-12 00:00:37,524] {scheduler_job.py:190} INFO - Processing /home/airflow/.local/lib/python3.6/site-packages/airflow/example_dags/example_dag_decorator.py took 0.083 seconds
[2021-03-12 00:01:08,104] {scheduler_job.py:182} INFO - Started process (PID=1949) to work on /home/airflow/.local/lib/python3.6/site-packages/airflow/example_dags/example_dag_decorator.py
[2021-03-12 00:01:08,113] {scheduler_job.py:629} INFO - Processing file /home/airflow/.local/lib/python3.6/site-packages/airflow/example_dags/example_dag_decorator.py for tasks to queue
[2021-03-12 00:01:08,116] {logging_mixin.py:104} INFO - [2021-03-12 00:01:08,116] {dagbag.py:448} INFO - Filling up the DagBag from /home/airflow/.local/lib/python3.6/site-packages/airflow/example_dags/example_dag_decorator.py
[2021-03-12 00:01:08,145] {scheduler_job.py:639} INFO - DAG(s) dict_keys(['example_dag_decorator']) retrieved from /home/airflow/.local/lib/python3.6/site-packages/airflow/example_dags/example_dag_decorator.py
[2021-03-12 00:01:08,177] {logging_mixin.py:104} INFO - [2021-03-12 00:01:08,177] {dag.py:1818} INFO - Sync 1 DAGs
[2021-03-12 00:01:08,203] {logging_mixin.py:104} INFO - [2021-03-12 00:01:08,202] {dag.py:2273} INFO - Setting next_dagrun for example_dag_decorator to None
[2021-03-12 00:01:08,214] {scheduler_job.py:190} INFO - Processing /home/airflow/.local/lib/python3.6/site-packages/airflow/example_dags/example_dag_decorator.py took 0.115 seconds
[2021-03-12 00:01:38,679] {scheduler_job.py:182} INFO - Started process (PID=1976) to work on /home/airflow/.local/lib/python3.6/site-packages/airflow/example_dags/example_dag_decorator.py
[2021-03-12 00:01:38,681] {scheduler_job.py:629} INFO - Processing file /home/airflow/.local/lib/python3.6/site-packages/airflow/example_dags/example_dag_decorator.py for tasks to queue
[2021-03-12 00:01:38,682] {logging_mixin.py:104} INFO - [2021-03-12 00:01:38,682] {dagbag.py:448} INFO - Filling up the DagBag from /home/airflow/.local/lib/python3.6/site-packages/airflow/example_dags/example_dag_decorator.py
[2021-03-12 00:01:38,699] {scheduler_job.py:639} INFO - DAG(s) dict_keys(['example_dag_decorator']) retrieved from /home/airflow/.local/lib/python3.6/site-packages/airflow/example_dags/example_dag_decorator.py
[2021-03-12 00:01:38,723] {logging_mixin.py:104} INFO - [2021-03-12 00:01:38,723] {dag.py:1818} INFO - Sync 1 DAGs
[2021-03-12 00:01:38,738] {logging_mixin.py:104} INFO - [2021-03-12 00:01:38,738] {dag.py:2273} INFO - Setting next_dagrun for example_dag_decorator to None
[2021-03-12 00:01:38,749] {scheduler_job.py:190} INFO - Processing /home/airflow/.local/lib/python3.6/site-packages/airflow/example_dags/example_dag_decorator.py took 0.073 seconds
[2021-03-12 00:02:09,371] {scheduler_job.py:182} INFO - Started process (PID=2003) to work on /home/airflow/.local/lib/python3.6/site-packages/airflow/example_dags/example_dag_decorator.py
[2021-03-12 00:02:09,373] {scheduler_job.py:629} INFO - Processing file /home/airflow/.local/lib/python3.6/site-packages/airflow/example_dags/example_dag_decorator.py for tasks to queue
[2021-03-12 00:02:09,375] {logging_mixin.py:104} INFO - [2021-03-12 00:02:09,375] {dagbag.py:448} INFO - Filling up the DagBag from /home/airflow/.local/lib/python3.6/site-packages/airflow/example_dags/example_dag_decorator.py
[2021-03-12 00:02:09,391] {scheduler_job.py:639} INFO - DAG(s) dict_keys(['example_dag_decorator']) retrieved from /home/airflow/.local/lib/python3.6/site-packages/airflow/example_dags/example_dag_decorator.py
[2021-03-12 00:02:09,417] {logging_mixin.py:104} INFO - [2021-03-12 00:02:09,417] {dag.py:1818} INFO - Sync 1 DAGs
[2021-03-12 00:02:09,435] {logging_mixin.py:104} INFO - [2021-03-12 00:02:09,435] {dag.py:2273} INFO - Setting next_dagrun for example_dag_decorator to None
[2021-03-12 00:02:09,448] {scheduler_job.py:190} INFO - Processing /home/airflow/.local/lib/python3.6/site-packages/airflow/example_dags/example_dag_decorator.py took 0.081 seconds
[2021-03-12 00:02:39,958] {scheduler_job.py:182} INFO - Started process (PID=2030) to work on /home/airflow/.local/lib/python3.6/site-packages/airflow/example_dags/example_dag_decorator.py
[2021-03-12 00:02:39,960] {scheduler_job.py:629} INFO - Processing file /home/airflow/.local/lib/python3.6/site-packages/airflow/example_dags/example_dag_decorator.py for tasks to queue
[2021-03-12 00:02:39,961] {logging_mixin.py:104} INFO - [2021-03-12 00:02:39,961] {dagbag.py:448} INFO - Filling up the DagBag from /home/airflow/.local/lib/python3.6/site-packages/airflow/example_dags/example_dag_decorator.py
[2021-03-12 00:02:39,978] {scheduler_job.py:639} INFO - DAG(s) dict_keys(['example_dag_decorator']) retrieved from /home/airflow/.local/lib/python3.6/site-packages/airflow/example_dags/example_dag_decorator.py
[2021-03-12 00:02:40,005] {logging_mixin.py:104} INFO - [2021-03-12 00:02:40,005] {dag.py:1818} INFO - Sync 1 DAGs
[2021-03-12 00:02:40,022] {logging_mixin.py:104} INFO - [2021-03-12 00:02:40,022] {dag.py:2273} INFO - Setting next_dagrun for example_dag_decorator to None
[2021-03-12 00:02:40,036] {scheduler_job.py:190} INFO - Processing /home/airflow/.local/lib/python3.6/site-packages/airflow/example_dags/example_dag_decorator.py took 0.082 seconds
[2021-03-12 00:03:10,691] {scheduler_job.py:182} INFO - Started process (PID=2057) to work on /home/airflow/.local/lib/python3.6/site-packages/airflow/example_dags/example_dag_decorator.py
[2021-03-12 00:03:10,693] {scheduler_job.py:629} INFO - Processing file /home/airflow/.local/lib/python3.6/site-packages/airflow/example_dags/example_dag_decorator.py for tasks to queue
[2021-03-12 00:03:10,695] {logging_mixin.py:104} INFO - [2021-03-12 00:03:10,695] {dagbag.py:448} INFO - Filling up the DagBag from /home/airflow/.local/lib/python3.6/site-packages/airflow/example_dags/example_dag_decorator.py
[2021-03-12 00:03:10,717] {scheduler_job.py:639} INFO - DAG(s) dict_keys(['example_dag_decorator']) retrieved from /home/airflow/.local/lib/python3.6/site-packages/airflow/example_dags/example_dag_decorator.py
[2021-03-12 00:03:10,750] {logging_mixin.py:104} INFO - [2021-03-12 00:03:10,750] {dag.py:1818} INFO - Sync 1 DAGs
[2021-03-12 00:03:10,773] {logging_mixin.py:104} INFO - [2021-03-12 00:03:10,773] {dag.py:2273} INFO - Setting next_dagrun for example_dag_decorator to None
[2021-03-12 00:03:10,784] {scheduler_job.py:190} INFO - Processing /home/airflow/.local/lib/python3.6/site-packages/airflow/example_dags/example_dag_decorator.py took 0.098 seconds
[2021-03-12 00:03:41,447] {scheduler_job.py:182} INFO - Started process (PID=2084) to work on /home/airflow/.local/lib/python3.6/site-packages/airflow/example_dags/example_dag_decorator.py
[2021-03-12 00:03:41,449] {scheduler_job.py:629} INFO - Processing file /home/airflow/.local/lib/python3.6/site-packages/airflow/example_dags/example_dag_decorator.py for tasks to queue
[2021-03-12 00:03:41,451] {logging_mixin.py:104} INFO - [2021-03-12 00:03:41,451] {dagbag.py:448} INFO - Filling up the DagBag from /home/airflow/.local/lib/python3.6/site-packages/airflow/example_dags/example_dag_decorator.py
[2021-03-12 00:03:41,474] {scheduler_job.py:639} INFO - DAG(s) dict_keys(['example_dag_decorator']) retrieved from /home/airflow/.local/lib/python3.6/site-packages/airflow/example_dags/example_dag_decorator.py
[2021-03-12 00:03:41,507] {logging_mixin.py:104} INFO - [2021-03-12 00:03:41,506] {dag.py:1818} INFO - Sync 1 DAGs
[2021-03-12 00:03:41,531] {logging_mixin.py:104} INFO - [2021-03-12 00:03:41,530] {dag.py:2273} INFO - Setting next_dagrun for example_dag_decorator to None
[2021-03-12 00:03:41,550] {scheduler_job.py:190} INFO - Processing /home/airflow/.local/lib/python3.6/site-packages/airflow/example_dags/example_dag_decorator.py took 0.110 seconds
[2021-03-12 00:04:12,169] {scheduler_job.py:182} INFO - Started process (PID=2111) to work on /home/airflow/.local/lib/python3.6/site-packages/airflow/example_dags/example_dag_decorator.py
[2021-03-12 00:04:12,171] {scheduler_job.py:629} INFO - Processing file /home/airflow/.local/lib/python3.6/site-packages/airflow/example_dags/example_dag_decorator.py for tasks to queue
[2021-03-12 00:04:12,172] {logging_mixin.py:104} INFO - [2021-03-12 00:04:12,172] {dagbag.py:448} INFO - Filling up the DagBag from /home/airflow/.local/lib/python3.6/site-packages/airflow/example_dags/example_dag_decorator.py
[2021-03-12 00:04:12,190] {scheduler_job.py:639} INFO - DAG(s) dict_keys(['example_dag_decorator']) retrieved from /home/airflow/.local/lib/python3.6/site-packages/airflow/example_dags/example_dag_decorator.py
[2021-03-12 00:04:12,212] {logging_mixin.py:104} INFO - [2021-03-12 00:04:12,212] {dag.py:1818} INFO - Sync 1 DAGs
[2021-03-12 00:04:12,228] {logging_mixin.py:104} INFO - [2021-03-12 00:04:12,228] {dag.py:2273} INFO - Setting next_dagrun for example_dag_decorator to None
[2021-03-12 00:04:12,239] {scheduler_job.py:190} INFO - Processing /home/airflow/.local/lib/python3.6/site-packages/airflow/example_dags/example_dag_decorator.py took 0.075 seconds
[2021-03-12 00:04:42,751] {scheduler_job.py:182} INFO - Started process (PID=2138) to work on /home/airflow/.local/lib/python3.6/site-packages/airflow/example_dags/example_dag_decorator.py
[2021-03-12 00:04:42,754] {scheduler_job.py:629} INFO - Processing file /home/airflow/.local/lib/python3.6/site-packages/airflow/example_dags/example_dag_decorator.py for tasks to queue
[2021-03-12 00:04:42,755] {logging_mixin.py:104} INFO - [2021-03-12 00:04:42,755] {dagbag.py:448} INFO - Filling up the DagBag from /home/airflow/.local/lib/python3.6/site-packages/airflow/example_dags/example_dag_decorator.py
[2021-03-12 00:04:42,774] {scheduler_job.py:639} INFO - DAG(s) dict_keys(['example_dag_decorator']) retrieved from /home/airflow/.local/lib/python3.6/site-packages/airflow/example_dags/example_dag_decorator.py
[2021-03-12 00:04:42,806] {logging_mixin.py:104} INFO - [2021-03-12 00:04:42,806] {dag.py:1818} INFO - Sync 1 DAGs
[2021-03-12 00:04:42,823] {logging_mixin.py:104} INFO - [2021-03-12 00:04:42,823] {dag.py:2273} INFO - Setting next_dagrun for example_dag_decorator to None
[2021-03-12 00:04:42,837] {scheduler_job.py:190} INFO - Processing /home/airflow/.local/lib/python3.6/site-packages/airflow/example_dags/example_dag_decorator.py took 0.090 seconds
[2021-03-12 00:05:13,597] {scheduler_job.py:182} INFO - Started process (PID=2165) to work on /home/airflow/.local/lib/python3.6/site-packages/airflow/example_dags/example_dag_decorator.py
[2021-03-12 00:05:13,599] {scheduler_job.py:629} INFO - Processing file /home/airflow/.local/lib/python3.6/site-packages/airflow/example_dags/example_dag_decorator.py for tasks to queue
[2021-03-12 00:05:13,600] {logging_mixin.py:104} INFO - [2021-03-12 00:05:13,600] {dagbag.py:448} INFO - Filling up the DagBag from /home/airflow/.local/lib/python3.6/site-packages/airflow/example_dags/example_dag_decorator.py
[2021-03-12 00:05:13,616] {scheduler_job.py:639} INFO - DAG(s) dict_keys(['example_dag_decorator']) retrieved from /home/airflow/.local/lib/python3.6/site-packages/airflow/example_dags/example_dag_decorator.py
[2021-03-12 00:05:13,640] {logging_mixin.py:104} INFO - [2021-03-12 00:05:13,640] {dag.py:1818} INFO - Sync 1 DAGs
[2021-03-12 00:05:13,656] {logging_mixin.py:104} INFO - [2021-03-12 00:05:13,656] {dag.py:2273} INFO - Setting next_dagrun for example_dag_decorator to None
[2021-03-12 00:05:13,667] {scheduler_job.py:190} INFO - Processing /home/airflow/.local/lib/python3.6/site-packages/airflow/example_dags/example_dag_decorator.py took 0.075 seconds
[2021-03-12 00:05:44,371] {scheduler_job.py:182} INFO - Started process (PID=2192) to work on /home/airflow/.local/lib/python3.6/site-packages/airflow/example_dags/example_dag_decorator.py
[2021-03-12 00:05:44,373] {scheduler_job.py:629} INFO - Processing file /home/airflow/.local/lib/python3.6/site-packages/airflow/example_dags/example_dag_decorator.py for tasks to queue
[2021-03-12 00:05:44,375] {logging_mixin.py:104} INFO - [2021-03-12 00:05:44,375] {dagbag.py:448} INFO - Filling up the DagBag from /home/airflow/.local/lib/python3.6/site-packages/airflow/example_dags/example_dag_decorator.py
[2021-03-12 00:05:44,393] {scheduler_job.py:639} INFO - DAG(s) dict_keys(['example_dag_decorator']) retrieved from /home/airflow/.local/lib/python3.6/site-packages/airflow/example_dags/example_dag_decorator.py
[2021-03-12 00:05:44,421] {logging_mixin.py:104} INFO - [2021-03-12 00:05:44,420] {dag.py:1818} INFO - Sync 1 DAGs
[2021-03-12 00:05:44,440] {logging_mixin.py:104} INFO - [2021-03-12 00:05:44,440] {dag.py:2273} INFO - Setting next_dagrun for example_dag_decorator to None
[2021-03-12 00:05:44,455] {scheduler_job.py:190} INFO - Processing /home/airflow/.local/lib/python3.6/site-packages/airflow/example_dags/example_dag_decorator.py took 0.088 seconds
[2021-03-12 00:06:15,287] {scheduler_job.py:182} INFO - Started process (PID=2219) to work on /home/airflow/.local/lib/python3.6/site-packages/airflow/example_dags/example_dag_decorator.py
[2021-03-12 00:06:15,289] {scheduler_job.py:629} INFO - Processing file /home/airflow/.local/lib/python3.6/site-packages/airflow/example_dags/example_dag_decorator.py for tasks to queue
[2021-03-12 00:06:15,294] {logging_mixin.py:104} INFO - [2021-03-12 00:06:15,294] {dagbag.py:448} INFO - Filling up the DagBag from /home/airflow/.local/lib/python3.6/site-packages/airflow/example_dags/example_dag_decorator.py
[2021-03-12 00:06:15,315] {scheduler_job.py:639} INFO - DAG(s) dict_keys(['example_dag_decorator']) retrieved from /home/airflow/.local/lib/python3.6/site-packages/airflow/example_dags/example_dag_decorator.py
[2021-03-12 00:06:15,340] {logging_mixin.py:104} INFO - [2021-03-12 00:06:15,340] {dag.py:1818} INFO - Sync 1 DAGs
[2021-03-12 00:06:15,361] {logging_mixin.py:104} INFO - [2021-03-12 00:06:15,361] {dag.py:2273} INFO - Setting next_dagrun for example_dag_decorator to None
[2021-03-12 00:06:15,374] {scheduler_job.py:190} INFO - Processing /home/airflow/.local/lib/python3.6/site-packages/airflow/example_dags/example_dag_decorator.py took 0.091 seconds
[2021-03-12 00:06:45,997] {scheduler_job.py:182} INFO - Started process (PID=2246) to work on /home/airflow/.local/lib/python3.6/site-packages/airflow/example_dags/example_dag_decorator.py
[2021-03-12 00:06:46,000] {scheduler_job.py:629} INFO - Processing file /home/airflow/.local/lib/python3.6/site-packages/airflow/example_dags/example_dag_decorator.py for tasks to queue
[2021-03-12 00:06:46,001] {logging_mixin.py:104} INFO - [2021-03-12 00:06:46,001] {dagbag.py:448} INFO - Filling up the DagBag from /home/airflow/.local/lib/python3.6/site-packages/airflow/example_dags/example_dag_decorator.py
[2021-03-12 00:06:46,023] {scheduler_job.py:639} INFO - DAG(s) dict_keys(['example_dag_decorator']) retrieved from /home/airflow/.local/lib/python3.6/site-packages/airflow/example_dags/example_dag_decorator.py
[2021-03-12 00:06:46,050] {logging_mixin.py:104} INFO - [2021-03-12 00:06:46,050] {dag.py:1818} INFO - Sync 1 DAGs
[2021-03-12 00:06:46,068] {logging_mixin.py:104} INFO - [2021-03-12 00:06:46,068] {dag.py:2273} INFO - Setting next_dagrun for example_dag_decorator to None
[2021-03-12 00:06:46,084] {scheduler_job.py:190} INFO - Processing /home/airflow/.local/lib/python3.6/site-packages/airflow/example_dags/example_dag_decorator.py took 0.093 seconds
[2021-03-12 00:07:16,727] {scheduler_job.py:182} INFO - Started process (PID=2273) to work on /home/airflow/.local/lib/python3.6/site-packages/airflow/example_dags/example_dag_decorator.py
[2021-03-12 00:07:16,730] {scheduler_job.py:629} INFO - Processing file /home/airflow/.local/lib/python3.6/site-packages/airflow/example_dags/example_dag_decorator.py for tasks to queue
[2021-03-12 00:07:16,732] {logging_mixin.py:104} INFO - [2021-03-12 00:07:16,732] {dagbag.py:448} INFO - Filling up the DagBag from /home/airflow/.local/lib/python3.6/site-packages/airflow/example_dags/example_dag_decorator.py
[2021-03-12 00:07:16,748] {scheduler_job.py:639} INFO - DAG(s) dict_keys(['example_dag_decorator']) retrieved from /home/airflow/.local/lib/python3.6/site-packages/airflow/example_dags/example_dag_decorator.py
[2021-03-12 00:07:16,773] {logging_mixin.py:104} INFO - [2021-03-12 00:07:16,773] {dag.py:1818} INFO - Sync 1 DAGs
[2021-03-12 00:07:16,790] {logging_mixin.py:104} INFO - [2021-03-12 00:07:16,790] {dag.py:2273} INFO - Setting next_dagrun for example_dag_decorator to None
[2021-03-12 00:07:16,802] {scheduler_job.py:190} INFO - Processing /home/airflow/.local/lib/python3.6/site-packages/airflow/example_dags/example_dag_decorator.py took 0.078 seconds
[2021-03-12 00:07:47,588] {scheduler_job.py:182} INFO - Started process (PID=2300) to work on /home/airflow/.local/lib/python3.6/site-packages/airflow/example_dags/example_dag_decorator.py
[2021-03-12 00:07:47,589] {scheduler_job.py:629} INFO - Processing file /home/airflow/.local/lib/python3.6/site-packages/airflow/example_dags/example_dag_decorator.py for tasks to queue
[2021-03-12 00:07:47,591] {logging_mixin.py:104} INFO - [2021-03-12 00:07:47,591] {dagbag.py:448} INFO - Filling up the DagBag from /home/airflow/.local/lib/python3.6/site-packages/airflow/example_dags/example_dag_decorator.py
[2021-03-12 00:07:47,606] {scheduler_job.py:639} INFO - DAG(s) dict_keys(['example_dag_decorator']) retrieved from /home/airflow/.local/lib/python3.6/site-packages/airflow/example_dags/example_dag_decorator.py
[2021-03-12 00:07:47,632] {logging_mixin.py:104} INFO - [2021-03-12 00:07:47,632] {dag.py:1818} INFO - Sync 1 DAGs
[2021-03-12 00:07:47,648] {logging_mixin.py:104} INFO - [2021-03-12 00:07:47,648] {dag.py:2273} INFO - Setting next_dagrun for example_dag_decorator to None
[2021-03-12 00:07:47,664] {scheduler_job.py:190} INFO - Processing /home/airflow/.local/lib/python3.6/site-packages/airflow/example_dags/example_dag_decorator.py took 0.080 seconds
[2021-03-12 00:08:18,254] {scheduler_job.py:182} INFO - Started process (PID=2327) to work on /home/airflow/.local/lib/python3.6/site-packages/airflow/example_dags/example_dag_decorator.py
[2021-03-12 00:08:18,256] {scheduler_job.py:629} INFO - Processing file /home/airflow/.local/lib/python3.6/site-packages/airflow/example_dags/example_dag_decorator.py for tasks to queue
[2021-03-12 00:08:18,257] {logging_mixin.py:104} INFO - [2021-03-12 00:08:18,257] {dagbag.py:448} INFO - Filling up the DagBag from /home/airflow/.local/lib/python3.6/site-packages/airflow/example_dags/example_dag_decorator.py
[2021-03-12 00:08:18,272] {scheduler_job.py:639} INFO - DAG(s) dict_keys(['example_dag_decorator']) retrieved from /home/airflow/.local/lib/python3.6/site-packages/airflow/example_dags/example_dag_decorator.py
[2021-03-12 00:08:18,294] {logging_mixin.py:104} INFO - [2021-03-12 00:08:18,294] {dag.py:1818} INFO - Sync 1 DAGs
[2021-03-12 00:08:18,312] {logging_mixin.py:104} INFO - [2021-03-12 00:08:18,312] {dag.py:2273} INFO - Setting next_dagrun for example_dag_decorator to None
[2021-03-12 00:08:18,324] {scheduler_job.py:190} INFO - Processing /home/airflow/.local/lib/python3.6/site-packages/airflow/example_dags/example_dag_decorator.py took 0.074 seconds
[2021-03-12 00:08:48,944] {scheduler_job.py:182} INFO - Started process (PID=2354) to work on /home/airflow/.local/lib/python3.6/site-packages/airflow/example_dags/example_dag_decorator.py
[2021-03-12 00:08:48,945] {scheduler_job.py:629} INFO - Processing file /home/airflow/.local/lib/python3.6/site-packages/airflow/example_dags/example_dag_decorator.py for tasks to queue
[2021-03-12 00:08:48,947] {logging_mixin.py:104} INFO - [2021-03-12 00:08:48,947] {dagbag.py:448} INFO - Filling up the DagBag from /home/airflow/.local/lib/python3.6/site-packages/airflow/example_dags/example_dag_decorator.py
[2021-03-12 00:08:48,970] {scheduler_job.py:639} INFO - DAG(s) dict_keys(['example_dag_decorator']) retrieved from /home/airflow/.local/lib/python3.6/site-packages/airflow/example_dags/example_dag_decorator.py
[2021-03-12 00:08:48,993] {logging_mixin.py:104} INFO - [2021-03-12 00:08:48,993] {dag.py:1818} INFO - Sync 1 DAGs
[2021-03-12 00:08:49,009] {logging_mixin.py:104} INFO - [2021-03-12 00:08:49,008] {dag.py:2273} INFO - Setting next_dagrun for example_dag_decorator to None
[2021-03-12 00:08:49,019] {scheduler_job.py:190} INFO - Processing /home/airflow/.local/lib/python3.6/site-packages/airflow/example_dags/example_dag_decorator.py took 0.079 seconds
[2021-03-12 00:09:19,590] {scheduler_job.py:182} INFO - Started process (PID=2381) to work on /home/airflow/.local/lib/python3.6/site-packages/airflow/example_dags/example_dag_decorator.py
[2021-03-12 00:09:19,594] {scheduler_job.py:629} INFO - Processing file /home/airflow/.local/lib/python3.6/site-packages/airflow/example_dags/example_dag_decorator.py for tasks to queue
[2021-03-12 00:09:19,595] {logging_mixin.py:104} INFO - [2021-03-12 00:09:19,595] {dagbag.py:448} INFO - Filling up the DagBag from /home/airflow/.local/lib/python3.6/site-packages/airflow/example_dags/example_dag_decorator.py
[2021-03-12 00:09:19,618] {scheduler_job.py:639} INFO - DAG(s) dict_keys(['example_dag_decorator']) retrieved from /home/airflow/.local/lib/python3.6/site-packages/airflow/example_dags/example_dag_decorator.py
[2021-03-12 00:09:19,653] {logging_mixin.py:104} INFO - [2021-03-12 00:09:19,653] {dag.py:1818} INFO - Sync 1 DAGs
[2021-03-12 00:09:19,676] {logging_mixin.py:104} INFO - [2021-03-12 00:09:19,675] {dag.py:2273} INFO - Setting next_dagrun for example_dag_decorator to None
[2021-03-12 00:09:19,695] {scheduler_job.py:190} INFO - Processing /home/airflow/.local/lib/python3.6/site-packages/airflow/example_dags/example_dag_decorator.py took 0.109 seconds
[2021-03-12 00:09:50,275] {scheduler_job.py:182} INFO - Started process (PID=2408) to work on /home/airflow/.local/lib/python3.6/site-packages/airflow/example_dags/example_dag_decorator.py
[2021-03-12 00:09:50,277] {scheduler_job.py:629} INFO - Processing file /home/airflow/.local/lib/python3.6/site-packages/airflow/example_dags/example_dag_decorator.py for tasks to queue
[2021-03-12 00:09:50,279] {logging_mixin.py:104} INFO - [2021-03-12 00:09:50,279] {dagbag.py:448} INFO - Filling up the DagBag from /home/airflow/.local/lib/python3.6/site-packages/airflow/example_dags/example_dag_decorator.py
[2021-03-12 00:09:50,313] {scheduler_job.py:639} INFO - DAG(s) dict_keys(['example_dag_decorator']) retrieved from /home/airflow/.local/lib/python3.6/site-packages/airflow/example_dags/example_dag_decorator.py
[2021-03-12 00:09:50,347] {logging_mixin.py:104} INFO - [2021-03-12 00:09:50,347] {dag.py:1818} INFO - Sync 1 DAGs
[2021-03-12 00:09:50,372] {logging_mixin.py:104} INFO - [2021-03-12 00:09:50,372] {dag.py:2273} INFO - Setting next_dagrun for example_dag_decorator to None
[2021-03-12 00:09:50,404] {scheduler_job.py:190} INFO - Processing /home/airflow/.local/lib/python3.6/site-packages/airflow/example_dags/example_dag_decorator.py took 0.135 seconds
[2021-03-12 00:10:21,380] {scheduler_job.py:182} INFO - Started process (PID=2435) to work on /home/airflow/.local/lib/python3.6/site-packages/airflow/example_dags/example_dag_decorator.py
[2021-03-12 00:10:21,382] {scheduler_job.py:629} INFO - Processing file /home/airflow/.local/lib/python3.6/site-packages/airflow/example_dags/example_dag_decorator.py for tasks to queue
[2021-03-12 00:10:21,384] {logging_mixin.py:104} INFO - [2021-03-12 00:10:21,384] {dagbag.py:448} INFO - Filling up the DagBag from /home/airflow/.local/lib/python3.6/site-packages/airflow/example_dags/example_dag_decorator.py
[2021-03-12 00:10:21,409] {scheduler_job.py:639} INFO - DAG(s) dict_keys(['example_dag_decorator']) retrieved from /home/airflow/.local/lib/python3.6/site-packages/airflow/example_dags/example_dag_decorator.py
[2021-03-12 00:10:21,452] {logging_mixin.py:104} INFO - [2021-03-12 00:10:21,452] {dag.py:1818} INFO - Sync 1 DAGs
[2021-03-12 00:10:21,475] {logging_mixin.py:104} INFO - [2021-03-12 00:10:21,475] {dag.py:2273} INFO - Setting next_dagrun for example_dag_decorator to None
[2021-03-12 00:10:21,487] {scheduler_job.py:190} INFO - Processing /home/airflow/.local/lib/python3.6/site-packages/airflow/example_dags/example_dag_decorator.py took 0.111 seconds
[2021-03-12 00:10:51,980] {scheduler_job.py:182} INFO - Started process (PID=2464) to work on /home/airflow/.local/lib/python3.6/site-packages/airflow/example_dags/example_dag_decorator.py
[2021-03-12 00:10:51,982] {scheduler_job.py:629} INFO - Processing file /home/airflow/.local/lib/python3.6/site-packages/airflow/example_dags/example_dag_decorator.py for tasks to queue
[2021-03-12 00:10:51,985] {logging_mixin.py:104} INFO - [2021-03-12 00:10:51,985] {dagbag.py:448} INFO - Filling up the DagBag from /home/airflow/.local/lib/python3.6/site-packages/airflow/example_dags/example_dag_decorator.py
[2021-03-12 00:10:52,005] {scheduler_job.py:639} INFO - DAG(s) dict_keys(['example_dag_decorator']) retrieved from /home/airflow/.local/lib/python3.6/site-packages/airflow/example_dags/example_dag_decorator.py
[2021-03-12 00:10:52,026] {logging_mixin.py:104} INFO - [2021-03-12 00:10:52,026] {dag.py:1818} INFO - Sync 1 DAGs
[2021-03-12 00:10:52,041] {logging_mixin.py:104} INFO - [2021-03-12 00:10:52,041] {dag.py:2273} INFO - Setting next_dagrun for example_dag_decorator to None
[2021-03-12 00:10:52,052] {scheduler_job.py:190} INFO - Processing /home/airflow/.local/lib/python3.6/site-packages/airflow/example_dags/example_dag_decorator.py took 0.077 seconds
[2021-03-12 00:11:22,627] {scheduler_job.py:182} INFO - Started process (PID=2491) to work on /home/airflow/.local/lib/python3.6/site-packages/airflow/example_dags/example_dag_decorator.py
[2021-03-12 00:11:22,629] {scheduler_job.py:629} INFO - Processing file /home/airflow/.local/lib/python3.6/site-packages/airflow/example_dags/example_dag_decorator.py for tasks to queue
[2021-03-12 00:11:22,630] {logging_mixin.py:104} INFO - [2021-03-12 00:11:22,630] {dagbag.py:448} INFO - Filling up the DagBag from /home/airflow/.local/lib/python3.6/site-packages/airflow/example_dags/example_dag_decorator.py
[2021-03-12 00:11:22,654] {scheduler_job.py:639} INFO - DAG(s) dict_keys(['example_dag_decorator']) retrieved from /home/airflow/.local/lib/python3.6/site-packages/airflow/example_dags/example_dag_decorator.py
[2021-03-12 00:11:22,681] {logging_mixin.py:104} INFO - [2021-03-12 00:11:22,681] {dag.py:1818} INFO - Sync 1 DAGs
[2021-03-12 00:11:22,699] {logging_mixin.py:104} INFO - [2021-03-12 00:11:22,699] {dag.py:2273} INFO - Setting next_dagrun for example_dag_decorator to None
[2021-03-12 00:11:22,718] {scheduler_job.py:190} INFO - Processing /home/airflow/.local/lib/python3.6/site-packages/airflow/example_dags/example_dag_decorator.py took 0.095 seconds
[2021-03-12 00:41:08,250] {scheduler_job.py:182} INFO - Started process (PID=48) to work on /home/airflow/.local/lib/python3.6/site-packages/airflow/example_dags/example_dag_decorator.py
[2021-03-12 00:41:08,253] {scheduler_job.py:629} INFO - Processing file /home/airflow/.local/lib/python3.6/site-packages/airflow/example_dags/example_dag_decorator.py for tasks to queue
[2021-03-12 00:41:08,256] {logging_mixin.py:104} INFO - [2021-03-12 00:41:08,256] {dagbag.py:448} INFO - Filling up the DagBag from /home/airflow/.local/lib/python3.6/site-packages/airflow/example_dags/example_dag_decorator.py
[2021-03-12 00:41:08,340] {scheduler_job.py:639} INFO - DAG(s) dict_keys(['example_dag_decorator']) retrieved from /home/airflow/.local/lib/python3.6/site-packages/airflow/example_dags/example_dag_decorator.py
[2021-03-12 00:41:08,398] {logging_mixin.py:104} INFO - [2021-03-12 00:41:08,398] {dag.py:1818} INFO - Sync 1 DAGs
[2021-03-12 00:41:08,440] {logging_mixin.py:104} INFO - [2021-03-12 00:41:08,440] {dag.py:2273} INFO - Setting next_dagrun for example_dag_decorator to None
[2021-03-12 00:41:08,462] {scheduler_job.py:190} INFO - Processing /home/airflow/.local/lib/python3.6/site-packages/airflow/example_dags/example_dag_decorator.py took 0.217 seconds
[2021-03-12 00:41:39,202] {scheduler_job.py:182} INFO - Started process (PID=75) to work on /home/airflow/.local/lib/python3.6/site-packages/airflow/example_dags/example_dag_decorator.py
[2021-03-12 00:41:39,205] {scheduler_job.py:629} INFO - Processing file /home/airflow/.local/lib/python3.6/site-packages/airflow/example_dags/example_dag_decorator.py for tasks to queue
[2021-03-12 00:41:39,206] {logging_mixin.py:104} INFO - [2021-03-12 00:41:39,206] {dagbag.py:448} INFO - Filling up the DagBag from /home/airflow/.local/lib/python3.6/site-packages/airflow/example_dags/example_dag_decorator.py
[2021-03-12 00:41:39,225] {scheduler_job.py:639} INFO - DAG(s) dict_keys(['example_dag_decorator']) retrieved from /home/airflow/.local/lib/python3.6/site-packages/airflow/example_dags/example_dag_decorator.py
[2021-03-12 00:41:39,263] {logging_mixin.py:104} INFO - [2021-03-12 00:41:39,263] {dag.py:1818} INFO - Sync 1 DAGs
[2021-03-12 00:41:39,281] {logging_mixin.py:104} INFO - [2021-03-12 00:41:39,281] {dag.py:2273} INFO - Setting next_dagrun for example_dag_decorator to None
[2021-03-12 00:41:39,293] {scheduler_job.py:190} INFO - Processing /home/airflow/.local/lib/python3.6/site-packages/airflow/example_dags/example_dag_decorator.py took 0.095 seconds
[2021-03-12 00:42:09,901] {scheduler_job.py:182} INFO - Started process (PID=102) to work on /home/airflow/.local/lib/python3.6/site-packages/airflow/example_dags/example_dag_decorator.py
[2021-03-12 00:42:09,905] {scheduler_job.py:629} INFO - Processing file /home/airflow/.local/lib/python3.6/site-packages/airflow/example_dags/example_dag_decorator.py for tasks to queue
[2021-03-12 00:42:09,908] {logging_mixin.py:104} INFO - [2021-03-12 00:42:09,908] {dagbag.py:448} INFO - Filling up the DagBag from /home/airflow/.local/lib/python3.6/site-packages/airflow/example_dags/example_dag_decorator.py
[2021-03-12 00:42:09,936] {scheduler_job.py:639} INFO - DAG(s) dict_keys(['example_dag_decorator']) retrieved from /home/airflow/.local/lib/python3.6/site-packages/airflow/example_dags/example_dag_decorator.py
[2021-03-12 00:42:09,984] {logging_mixin.py:104} INFO - [2021-03-12 00:42:09,983] {dag.py:1818} INFO - Sync 1 DAGs
[2021-03-12 00:42:10,032] {logging_mixin.py:104} INFO - [2021-03-12 00:42:10,032] {dag.py:2273} INFO - Setting next_dagrun for example_dag_decorator to None
[2021-03-12 00:42:10,054] {scheduler_job.py:190} INFO - Processing /home/airflow/.local/lib/python3.6/site-packages/airflow/example_dags/example_dag_decorator.py took 0.159 seconds
[2021-03-12 00:42:40,771] {scheduler_job.py:182} INFO - Started process (PID=129) to work on /home/airflow/.local/lib/python3.6/site-packages/airflow/example_dags/example_dag_decorator.py
[2021-03-12 00:42:40,773] {scheduler_job.py:629} INFO - Processing file /home/airflow/.local/lib/python3.6/site-packages/airflow/example_dags/example_dag_decorator.py for tasks to queue
[2021-03-12 00:42:40,775] {logging_mixin.py:104} INFO - [2021-03-12 00:42:40,775] {dagbag.py:448} INFO - Filling up the DagBag from /home/airflow/.local/lib/python3.6/site-packages/airflow/example_dags/example_dag_decorator.py
[2021-03-12 00:42:40,813] {scheduler_job.py:639} INFO - DAG(s) dict_keys(['example_dag_decorator']) retrieved from /home/airflow/.local/lib/python3.6/site-packages/airflow/example_dags/example_dag_decorator.py
[2021-03-12 00:42:40,852] {logging_mixin.py:104} INFO - [2021-03-12 00:42:40,851] {dag.py:1818} INFO - Sync 1 DAGs
[2021-03-12 00:42:40,877] {logging_mixin.py:104} INFO - [2021-03-12 00:42:40,877] {dag.py:2273} INFO - Setting next_dagrun for example_dag_decorator to None
[2021-03-12 00:42:40,908] {scheduler_job.py:190} INFO - Processing /home/airflow/.local/lib/python3.6/site-packages/airflow/example_dags/example_dag_decorator.py took 0.141 seconds
[2021-03-12 00:43:11,818] {scheduler_job.py:182} INFO - Started process (PID=156) to work on /home/airflow/.local/lib/python3.6/site-packages/airflow/example_dags/example_dag_decorator.py
[2021-03-12 00:43:11,825] {scheduler_job.py:629} INFO - Processing file /home/airflow/.local/lib/python3.6/site-packages/airflow/example_dags/example_dag_decorator.py for tasks to queue
[2021-03-12 00:43:11,836] {logging_mixin.py:104} INFO - [2021-03-12 00:43:11,836] {dagbag.py:448} INFO - Filling up the DagBag from /home/airflow/.local/lib/python3.6/site-packages/airflow/example_dags/example_dag_decorator.py
[2021-03-12 00:43:11,880] {scheduler_job.py:639} INFO - DAG(s) dict_keys(['example_dag_decorator']) retrieved from /home/airflow/.local/lib/python3.6/site-packages/airflow/example_dags/example_dag_decorator.py
[2021-03-12 00:43:11,936] {logging_mixin.py:104} INFO - [2021-03-12 00:43:11,936] {dag.py:1818} INFO - Sync 1 DAGs
[2021-03-12 00:43:11,970] {logging_mixin.py:104} INFO - [2021-03-12 00:43:11,970] {dag.py:2273} INFO - Setting next_dagrun for example_dag_decorator to None
[2021-03-12 00:43:11,994] {scheduler_job.py:190} INFO - Processing /home/airflow/.local/lib/python3.6/site-packages/airflow/example_dags/example_dag_decorator.py took 0.187 seconds
