[2021-03-12 00:00:13,674] {scheduler_job.py:182} INFO - Started process (PID=1911) to work on /home/airflow/.local/lib/python3.6/site-packages/airflow/example_dags/example_external_task_marker_dag.py
[2021-03-12 00:00:13,683] {scheduler_job.py:629} INFO - Processing file /home/airflow/.local/lib/python3.6/site-packages/airflow/example_dags/example_external_task_marker_dag.py for tasks to queue
[2021-03-12 00:00:13,685] {logging_mixin.py:104} INFO - [2021-03-12 00:00:13,685] {dagbag.py:448} INFO - Filling up the DagBag from /home/airflow/.local/lib/python3.6/site-packages/airflow/example_dags/example_external_task_marker_dag.py
[2021-03-12 00:00:13,702] {scheduler_job.py:639} INFO - DAG(s) dict_keys(['example_external_task_marker_parent', 'example_external_task_marker_child']) retrieved from /home/airflow/.local/lib/python3.6/site-packages/airflow/example_dags/example_external_task_marker_dag.py
[2021-03-12 00:00:13,744] {logging_mixin.py:104} INFO - [2021-03-12 00:00:13,744] {dag.py:1818} INFO - Sync 2 DAGs
[2021-03-12 00:00:13,763] {logging_mixin.py:104} INFO - [2021-03-12 00:00:13,763] {dag.py:2273} INFO - Setting next_dagrun for example_external_task_marker_child to None
[2021-03-12 00:00:13,764] {logging_mixin.py:104} INFO - [2021-03-12 00:00:13,764] {dag.py:2273} INFO - Setting next_dagrun for example_external_task_marker_parent to None
[2021-03-12 00:00:13,775] {scheduler_job.py:190} INFO - Processing /home/airflow/.local/lib/python3.6/site-packages/airflow/example_dags/example_external_task_marker_dag.py took 0.105 seconds
[2021-03-12 00:00:44,436] {scheduler_job.py:182} INFO - Started process (PID=1938) to work on /home/airflow/.local/lib/python3.6/site-packages/airflow/example_dags/example_external_task_marker_dag.py
[2021-03-12 00:00:44,438] {scheduler_job.py:629} INFO - Processing file /home/airflow/.local/lib/python3.6/site-packages/airflow/example_dags/example_external_task_marker_dag.py for tasks to queue
[2021-03-12 00:00:44,440] {logging_mixin.py:104} INFO - [2021-03-12 00:00:44,440] {dagbag.py:448} INFO - Filling up the DagBag from /home/airflow/.local/lib/python3.6/site-packages/airflow/example_dags/example_external_task_marker_dag.py
[2021-03-12 00:00:44,455] {scheduler_job.py:639} INFO - DAG(s) dict_keys(['example_external_task_marker_parent', 'example_external_task_marker_child']) retrieved from /home/airflow/.local/lib/python3.6/site-packages/airflow/example_dags/example_external_task_marker_dag.py
[2021-03-12 00:00:44,492] {logging_mixin.py:104} INFO - [2021-03-12 00:00:44,492] {dag.py:1818} INFO - Sync 2 DAGs
[2021-03-12 00:00:44,513] {logging_mixin.py:104} INFO - [2021-03-12 00:00:44,513] {dag.py:2273} INFO - Setting next_dagrun for example_external_task_marker_child to None
[2021-03-12 00:00:44,514] {logging_mixin.py:104} INFO - [2021-03-12 00:00:44,514] {dag.py:2273} INFO - Setting next_dagrun for example_external_task_marker_parent to None
[2021-03-12 00:00:44,532] {scheduler_job.py:190} INFO - Processing /home/airflow/.local/lib/python3.6/site-packages/airflow/example_dags/example_external_task_marker_dag.py took 0.100 seconds
[2021-03-12 00:01:15,052] {scheduler_job.py:182} INFO - Started process (PID=1965) to work on /home/airflow/.local/lib/python3.6/site-packages/airflow/example_dags/example_external_task_marker_dag.py
[2021-03-12 00:01:15,054] {scheduler_job.py:629} INFO - Processing file /home/airflow/.local/lib/python3.6/site-packages/airflow/example_dags/example_external_task_marker_dag.py for tasks to queue
[2021-03-12 00:01:15,055] {logging_mixin.py:104} INFO - [2021-03-12 00:01:15,055] {dagbag.py:448} INFO - Filling up the DagBag from /home/airflow/.local/lib/python3.6/site-packages/airflow/example_dags/example_external_task_marker_dag.py
[2021-03-12 00:01:15,070] {scheduler_job.py:639} INFO - DAG(s) dict_keys(['example_external_task_marker_parent', 'example_external_task_marker_child']) retrieved from /home/airflow/.local/lib/python3.6/site-packages/airflow/example_dags/example_external_task_marker_dag.py
[2021-03-12 00:01:15,103] {logging_mixin.py:104} INFO - [2021-03-12 00:01:15,103] {dag.py:1818} INFO - Sync 2 DAGs
[2021-03-12 00:01:15,125] {logging_mixin.py:104} INFO - [2021-03-12 00:01:15,125] {dag.py:2273} INFO - Setting next_dagrun for example_external_task_marker_child to None
[2021-03-12 00:01:15,129] {logging_mixin.py:104} INFO - [2021-03-12 00:01:15,128] {dag.py:2273} INFO - Setting next_dagrun for example_external_task_marker_parent to None
[2021-03-12 00:01:15,139] {scheduler_job.py:190} INFO - Processing /home/airflow/.local/lib/python3.6/site-packages/airflow/example_dags/example_external_task_marker_dag.py took 0.091 seconds
[2021-03-12 00:01:45,658] {scheduler_job.py:182} INFO - Started process (PID=1992) to work on /home/airflow/.local/lib/python3.6/site-packages/airflow/example_dags/example_external_task_marker_dag.py
[2021-03-12 00:01:45,660] {scheduler_job.py:629} INFO - Processing file /home/airflow/.local/lib/python3.6/site-packages/airflow/example_dags/example_external_task_marker_dag.py for tasks to queue
[2021-03-12 00:01:45,661] {logging_mixin.py:104} INFO - [2021-03-12 00:01:45,661] {dagbag.py:448} INFO - Filling up the DagBag from /home/airflow/.local/lib/python3.6/site-packages/airflow/example_dags/example_external_task_marker_dag.py
[2021-03-12 00:01:45,674] {scheduler_job.py:639} INFO - DAG(s) dict_keys(['example_external_task_marker_parent', 'example_external_task_marker_child']) retrieved from /home/airflow/.local/lib/python3.6/site-packages/airflow/example_dags/example_external_task_marker_dag.py
[2021-03-12 00:01:45,712] {logging_mixin.py:104} INFO - [2021-03-12 00:01:45,712] {dag.py:1818} INFO - Sync 2 DAGs
[2021-03-12 00:01:45,733] {logging_mixin.py:104} INFO - [2021-03-12 00:01:45,733] {dag.py:2273} INFO - Setting next_dagrun for example_external_task_marker_child to None
[2021-03-12 00:01:45,735] {logging_mixin.py:104} INFO - [2021-03-12 00:01:45,734] {dag.py:2273} INFO - Setting next_dagrun for example_external_task_marker_parent to None
[2021-03-12 00:01:45,745] {scheduler_job.py:190} INFO - Processing /home/airflow/.local/lib/python3.6/site-packages/airflow/example_dags/example_external_task_marker_dag.py took 0.091 seconds
[2021-03-12 00:02:16,290] {scheduler_job.py:182} INFO - Started process (PID=2019) to work on /home/airflow/.local/lib/python3.6/site-packages/airflow/example_dags/example_external_task_marker_dag.py
[2021-03-12 00:02:16,293] {scheduler_job.py:629} INFO - Processing file /home/airflow/.local/lib/python3.6/site-packages/airflow/example_dags/example_external_task_marker_dag.py for tasks to queue
[2021-03-12 00:02:16,294] {logging_mixin.py:104} INFO - [2021-03-12 00:02:16,294] {dagbag.py:448} INFO - Filling up the DagBag from /home/airflow/.local/lib/python3.6/site-packages/airflow/example_dags/example_external_task_marker_dag.py
[2021-03-12 00:02:16,307] {scheduler_job.py:639} INFO - DAG(s) dict_keys(['example_external_task_marker_parent', 'example_external_task_marker_child']) retrieved from /home/airflow/.local/lib/python3.6/site-packages/airflow/example_dags/example_external_task_marker_dag.py
[2021-03-12 00:02:16,343] {logging_mixin.py:104} INFO - [2021-03-12 00:02:16,343] {dag.py:1818} INFO - Sync 2 DAGs
[2021-03-12 00:02:16,359] {logging_mixin.py:104} INFO - [2021-03-12 00:02:16,359] {dag.py:2273} INFO - Setting next_dagrun for example_external_task_marker_child to None
[2021-03-12 00:02:16,361] {logging_mixin.py:104} INFO - [2021-03-12 00:02:16,360] {dag.py:2273} INFO - Setting next_dagrun for example_external_task_marker_parent to None
[2021-03-12 00:02:16,373] {scheduler_job.py:190} INFO - Processing /home/airflow/.local/lib/python3.6/site-packages/airflow/example_dags/example_external_task_marker_dag.py took 0.086 seconds
[2021-03-12 00:02:47,034] {scheduler_job.py:182} INFO - Started process (PID=2046) to work on /home/airflow/.local/lib/python3.6/site-packages/airflow/example_dags/example_external_task_marker_dag.py
[2021-03-12 00:02:47,037] {scheduler_job.py:629} INFO - Processing file /home/airflow/.local/lib/python3.6/site-packages/airflow/example_dags/example_external_task_marker_dag.py for tasks to queue
[2021-03-12 00:02:47,038] {logging_mixin.py:104} INFO - [2021-03-12 00:02:47,038] {dagbag.py:448} INFO - Filling up the DagBag from /home/airflow/.local/lib/python3.6/site-packages/airflow/example_dags/example_external_task_marker_dag.py
[2021-03-12 00:02:47,057] {scheduler_job.py:639} INFO - DAG(s) dict_keys(['example_external_task_marker_parent', 'example_external_task_marker_child']) retrieved from /home/airflow/.local/lib/python3.6/site-packages/airflow/example_dags/example_external_task_marker_dag.py
[2021-03-12 00:02:47,089] {logging_mixin.py:104} INFO - [2021-03-12 00:02:47,089] {dag.py:1818} INFO - Sync 2 DAGs
[2021-03-12 00:02:47,109] {logging_mixin.py:104} INFO - [2021-03-12 00:02:47,109] {dag.py:2273} INFO - Setting next_dagrun for example_external_task_marker_child to None
[2021-03-12 00:02:47,111] {logging_mixin.py:104} INFO - [2021-03-12 00:02:47,111] {dag.py:2273} INFO - Setting next_dagrun for example_external_task_marker_parent to None
[2021-03-12 00:02:47,130] {scheduler_job.py:190} INFO - Processing /home/airflow/.local/lib/python3.6/site-packages/airflow/example_dags/example_external_task_marker_dag.py took 0.100 seconds
[2021-03-12 00:03:17,755] {scheduler_job.py:182} INFO - Started process (PID=2073) to work on /home/airflow/.local/lib/python3.6/site-packages/airflow/example_dags/example_external_task_marker_dag.py
[2021-03-12 00:03:17,757] {scheduler_job.py:629} INFO - Processing file /home/airflow/.local/lib/python3.6/site-packages/airflow/example_dags/example_external_task_marker_dag.py for tasks to queue
[2021-03-12 00:03:17,758] {logging_mixin.py:104} INFO - [2021-03-12 00:03:17,758] {dagbag.py:448} INFO - Filling up the DagBag from /home/airflow/.local/lib/python3.6/site-packages/airflow/example_dags/example_external_task_marker_dag.py
[2021-03-12 00:03:17,772] {scheduler_job.py:639} INFO - DAG(s) dict_keys(['example_external_task_marker_parent', 'example_external_task_marker_child']) retrieved from /home/airflow/.local/lib/python3.6/site-packages/airflow/example_dags/example_external_task_marker_dag.py
[2021-03-12 00:03:17,804] {logging_mixin.py:104} INFO - [2021-03-12 00:03:17,803] {dag.py:1818} INFO - Sync 2 DAGs
[2021-03-12 00:03:17,818] {logging_mixin.py:104} INFO - [2021-03-12 00:03:17,818] {dag.py:2273} INFO - Setting next_dagrun for example_external_task_marker_child to None
[2021-03-12 00:03:17,820] {logging_mixin.py:104} INFO - [2021-03-12 00:03:17,820] {dag.py:2273} INFO - Setting next_dagrun for example_external_task_marker_parent to None
[2021-03-12 00:03:17,830] {scheduler_job.py:190} INFO - Processing /home/airflow/.local/lib/python3.6/site-packages/airflow/example_dags/example_external_task_marker_dag.py took 0.078 seconds
[2021-03-12 00:03:48,460] {scheduler_job.py:182} INFO - Started process (PID=2100) to work on /home/airflow/.local/lib/python3.6/site-packages/airflow/example_dags/example_external_task_marker_dag.py
[2021-03-12 00:03:48,462] {scheduler_job.py:629} INFO - Processing file /home/airflow/.local/lib/python3.6/site-packages/airflow/example_dags/example_external_task_marker_dag.py for tasks to queue
[2021-03-12 00:03:48,464] {logging_mixin.py:104} INFO - [2021-03-12 00:03:48,463] {dagbag.py:448} INFO - Filling up the DagBag from /home/airflow/.local/lib/python3.6/site-packages/airflow/example_dags/example_external_task_marker_dag.py
[2021-03-12 00:03:48,481] {scheduler_job.py:639} INFO - DAG(s) dict_keys(['example_external_task_marker_parent', 'example_external_task_marker_child']) retrieved from /home/airflow/.local/lib/python3.6/site-packages/airflow/example_dags/example_external_task_marker_dag.py
[2021-03-12 00:03:48,526] {logging_mixin.py:104} INFO - [2021-03-12 00:03:48,526] {dag.py:1818} INFO - Sync 2 DAGs
[2021-03-12 00:03:48,550] {logging_mixin.py:104} INFO - [2021-03-12 00:03:48,550] {dag.py:2273} INFO - Setting next_dagrun for example_external_task_marker_child to None
[2021-03-12 00:03:48,553] {logging_mixin.py:104} INFO - [2021-03-12 00:03:48,552] {dag.py:2273} INFO - Setting next_dagrun for example_external_task_marker_parent to None
[2021-03-12 00:03:48,583] {scheduler_job.py:190} INFO - Processing /home/airflow/.local/lib/python3.6/site-packages/airflow/example_dags/example_external_task_marker_dag.py took 0.129 seconds
[2021-03-12 00:04:19,080] {scheduler_job.py:182} INFO - Started process (PID=2127) to work on /home/airflow/.local/lib/python3.6/site-packages/airflow/example_dags/example_external_task_marker_dag.py
[2021-03-12 00:04:19,085] {scheduler_job.py:629} INFO - Processing file /home/airflow/.local/lib/python3.6/site-packages/airflow/example_dags/example_external_task_marker_dag.py for tasks to queue
[2021-03-12 00:04:19,089] {logging_mixin.py:104} INFO - [2021-03-12 00:04:19,089] {dagbag.py:448} INFO - Filling up the DagBag from /home/airflow/.local/lib/python3.6/site-packages/airflow/example_dags/example_external_task_marker_dag.py
[2021-03-12 00:04:19,109] {scheduler_job.py:639} INFO - DAG(s) dict_keys(['example_external_task_marker_parent', 'example_external_task_marker_child']) retrieved from /home/airflow/.local/lib/python3.6/site-packages/airflow/example_dags/example_external_task_marker_dag.py
[2021-03-12 00:04:19,149] {logging_mixin.py:104} INFO - [2021-03-12 00:04:19,149] {dag.py:1818} INFO - Sync 2 DAGs
[2021-03-12 00:04:19,173] {logging_mixin.py:104} INFO - [2021-03-12 00:04:19,173] {dag.py:2273} INFO - Setting next_dagrun for example_external_task_marker_child to None
[2021-03-12 00:04:19,175] {logging_mixin.py:104} INFO - [2021-03-12 00:04:19,175] {dag.py:2273} INFO - Setting next_dagrun for example_external_task_marker_parent to None
[2021-03-12 00:04:19,188] {scheduler_job.py:190} INFO - Processing /home/airflow/.local/lib/python3.6/site-packages/airflow/example_dags/example_external_task_marker_dag.py took 0.112 seconds
[2021-03-12 00:04:49,803] {scheduler_job.py:182} INFO - Started process (PID=2154) to work on /home/airflow/.local/lib/python3.6/site-packages/airflow/example_dags/example_external_task_marker_dag.py
[2021-03-12 00:04:49,806] {scheduler_job.py:629} INFO - Processing file /home/airflow/.local/lib/python3.6/site-packages/airflow/example_dags/example_external_task_marker_dag.py for tasks to queue
[2021-03-12 00:04:49,807] {logging_mixin.py:104} INFO - [2021-03-12 00:04:49,807] {dagbag.py:448} INFO - Filling up the DagBag from /home/airflow/.local/lib/python3.6/site-packages/airflow/example_dags/example_external_task_marker_dag.py
[2021-03-12 00:04:49,822] {scheduler_job.py:639} INFO - DAG(s) dict_keys(['example_external_task_marker_parent', 'example_external_task_marker_child']) retrieved from /home/airflow/.local/lib/python3.6/site-packages/airflow/example_dags/example_external_task_marker_dag.py
[2021-03-12 00:04:49,864] {logging_mixin.py:104} INFO - [2021-03-12 00:04:49,864] {dag.py:1818} INFO - Sync 2 DAGs
[2021-03-12 00:04:49,895] {logging_mixin.py:104} INFO - [2021-03-12 00:04:49,895] {dag.py:2273} INFO - Setting next_dagrun for example_external_task_marker_child to None
[2021-03-12 00:04:49,897] {logging_mixin.py:104} INFO - [2021-03-12 00:04:49,897] {dag.py:2273} INFO - Setting next_dagrun for example_external_task_marker_parent to None
[2021-03-12 00:04:49,914] {scheduler_job.py:190} INFO - Processing /home/airflow/.local/lib/python3.6/site-packages/airflow/example_dags/example_external_task_marker_dag.py took 0.117 seconds
[2021-03-12 00:05:20,661] {scheduler_job.py:182} INFO - Started process (PID=2181) to work on /home/airflow/.local/lib/python3.6/site-packages/airflow/example_dags/example_external_task_marker_dag.py
[2021-03-12 00:05:20,664] {scheduler_job.py:629} INFO - Processing file /home/airflow/.local/lib/python3.6/site-packages/airflow/example_dags/example_external_task_marker_dag.py for tasks to queue
[2021-03-12 00:05:20,666] {logging_mixin.py:104} INFO - [2021-03-12 00:05:20,666] {dagbag.py:448} INFO - Filling up the DagBag from /home/airflow/.local/lib/python3.6/site-packages/airflow/example_dags/example_external_task_marker_dag.py
[2021-03-12 00:05:20,692] {scheduler_job.py:639} INFO - DAG(s) dict_keys(['example_external_task_marker_parent', 'example_external_task_marker_child']) retrieved from /home/airflow/.local/lib/python3.6/site-packages/airflow/example_dags/example_external_task_marker_dag.py
[2021-03-12 00:05:20,716] {logging_mixin.py:104} INFO - [2021-03-12 00:05:20,716] {dag.py:1818} INFO - Sync 2 DAGs
[2021-03-12 00:05:20,737] {logging_mixin.py:104} INFO - [2021-03-12 00:05:20,737] {dag.py:2273} INFO - Setting next_dagrun for example_external_task_marker_child to None
[2021-03-12 00:05:20,740] {logging_mixin.py:104} INFO - [2021-03-12 00:05:20,740] {dag.py:2273} INFO - Setting next_dagrun for example_external_task_marker_parent to None
[2021-03-12 00:05:20,749] {scheduler_job.py:190} INFO - Processing /home/airflow/.local/lib/python3.6/site-packages/airflow/example_dags/example_external_task_marker_dag.py took 0.094 seconds
[2021-03-12 00:05:51,332] {scheduler_job.py:182} INFO - Started process (PID=2208) to work on /home/airflow/.local/lib/python3.6/site-packages/airflow/example_dags/example_external_task_marker_dag.py
[2021-03-12 00:05:51,335] {scheduler_job.py:629} INFO - Processing file /home/airflow/.local/lib/python3.6/site-packages/airflow/example_dags/example_external_task_marker_dag.py for tasks to queue
[2021-03-12 00:05:51,337] {logging_mixin.py:104} INFO - [2021-03-12 00:05:51,337] {dagbag.py:448} INFO - Filling up the DagBag from /home/airflow/.local/lib/python3.6/site-packages/airflow/example_dags/example_external_task_marker_dag.py
[2021-03-12 00:05:51,358] {scheduler_job.py:639} INFO - DAG(s) dict_keys(['example_external_task_marker_parent', 'example_external_task_marker_child']) retrieved from /home/airflow/.local/lib/python3.6/site-packages/airflow/example_dags/example_external_task_marker_dag.py
[2021-03-12 00:05:51,418] {logging_mixin.py:104} INFO - [2021-03-12 00:05:51,418] {dag.py:1818} INFO - Sync 2 DAGs
[2021-03-12 00:05:51,458] {logging_mixin.py:104} INFO - [2021-03-12 00:05:51,458] {dag.py:2273} INFO - Setting next_dagrun for example_external_task_marker_child to None
[2021-03-12 00:05:51,462] {logging_mixin.py:104} INFO - [2021-03-12 00:05:51,462] {dag.py:2273} INFO - Setting next_dagrun for example_external_task_marker_parent to None
[2021-03-12 00:05:51,489] {scheduler_job.py:190} INFO - Processing /home/airflow/.local/lib/python3.6/site-packages/airflow/example_dags/example_external_task_marker_dag.py took 0.162 seconds
[2021-03-12 00:06:22,222] {scheduler_job.py:182} INFO - Started process (PID=2235) to work on /home/airflow/.local/lib/python3.6/site-packages/airflow/example_dags/example_external_task_marker_dag.py
[2021-03-12 00:06:22,230] {scheduler_job.py:629} INFO - Processing file /home/airflow/.local/lib/python3.6/site-packages/airflow/example_dags/example_external_task_marker_dag.py for tasks to queue
[2021-03-12 00:06:22,231] {logging_mixin.py:104} INFO - [2021-03-12 00:06:22,231] {dagbag.py:448} INFO - Filling up the DagBag from /home/airflow/.local/lib/python3.6/site-packages/airflow/example_dags/example_external_task_marker_dag.py
[2021-03-12 00:06:22,251] {scheduler_job.py:639} INFO - DAG(s) dict_keys(['example_external_task_marker_parent', 'example_external_task_marker_child']) retrieved from /home/airflow/.local/lib/python3.6/site-packages/airflow/example_dags/example_external_task_marker_dag.py
[2021-03-12 00:06:22,290] {logging_mixin.py:104} INFO - [2021-03-12 00:06:22,290] {dag.py:1818} INFO - Sync 2 DAGs
[2021-03-12 00:06:22,312] {logging_mixin.py:104} INFO - [2021-03-12 00:06:22,312] {dag.py:2273} INFO - Setting next_dagrun for example_external_task_marker_child to None
[2021-03-12 00:06:22,314] {logging_mixin.py:104} INFO - [2021-03-12 00:06:22,314] {dag.py:2273} INFO - Setting next_dagrun for example_external_task_marker_parent to None
[2021-03-12 00:06:22,326] {scheduler_job.py:190} INFO - Processing /home/airflow/.local/lib/python3.6/site-packages/airflow/example_dags/example_external_task_marker_dag.py took 0.108 seconds
[2021-03-12 00:06:53,036] {scheduler_job.py:182} INFO - Started process (PID=2262) to work on /home/airflow/.local/lib/python3.6/site-packages/airflow/example_dags/example_external_task_marker_dag.py
[2021-03-12 00:06:53,038] {scheduler_job.py:629} INFO - Processing file /home/airflow/.local/lib/python3.6/site-packages/airflow/example_dags/example_external_task_marker_dag.py for tasks to queue
[2021-03-12 00:06:53,040] {logging_mixin.py:104} INFO - [2021-03-12 00:06:53,040] {dagbag.py:448} INFO - Filling up the DagBag from /home/airflow/.local/lib/python3.6/site-packages/airflow/example_dags/example_external_task_marker_dag.py
[2021-03-12 00:06:53,053] {scheduler_job.py:639} INFO - DAG(s) dict_keys(['example_external_task_marker_parent', 'example_external_task_marker_child']) retrieved from /home/airflow/.local/lib/python3.6/site-packages/airflow/example_dags/example_external_task_marker_dag.py
[2021-03-12 00:06:53,089] {logging_mixin.py:104} INFO - [2021-03-12 00:06:53,089] {dag.py:1818} INFO - Sync 2 DAGs
[2021-03-12 00:06:53,106] {logging_mixin.py:104} INFO - [2021-03-12 00:06:53,106] {dag.py:2273} INFO - Setting next_dagrun for example_external_task_marker_child to None
[2021-03-12 00:06:53,108] {logging_mixin.py:104} INFO - [2021-03-12 00:06:53,108] {dag.py:2273} INFO - Setting next_dagrun for example_external_task_marker_parent to None
[2021-03-12 00:06:53,122] {scheduler_job.py:190} INFO - Processing /home/airflow/.local/lib/python3.6/site-packages/airflow/example_dags/example_external_task_marker_dag.py took 0.090 seconds
[2021-03-12 00:07:23,788] {scheduler_job.py:182} INFO - Started process (PID=2289) to work on /home/airflow/.local/lib/python3.6/site-packages/airflow/example_dags/example_external_task_marker_dag.py
[2021-03-12 00:07:23,791] {scheduler_job.py:629} INFO - Processing file /home/airflow/.local/lib/python3.6/site-packages/airflow/example_dags/example_external_task_marker_dag.py for tasks to queue
[2021-03-12 00:07:23,793] {logging_mixin.py:104} INFO - [2021-03-12 00:07:23,793] {dagbag.py:448} INFO - Filling up the DagBag from /home/airflow/.local/lib/python3.6/site-packages/airflow/example_dags/example_external_task_marker_dag.py
[2021-03-12 00:07:23,827] {scheduler_job.py:639} INFO - DAG(s) dict_keys(['example_external_task_marker_parent', 'example_external_task_marker_child']) retrieved from /home/airflow/.local/lib/python3.6/site-packages/airflow/example_dags/example_external_task_marker_dag.py
[2021-03-12 00:07:23,882] {logging_mixin.py:104} INFO - [2021-03-12 00:07:23,882] {dag.py:1818} INFO - Sync 2 DAGs
[2021-03-12 00:07:23,927] {logging_mixin.py:104} INFO - [2021-03-12 00:07:23,927] {dag.py:2273} INFO - Setting next_dagrun for example_external_task_marker_child to None
[2021-03-12 00:07:23,933] {logging_mixin.py:104} INFO - [2021-03-12 00:07:23,932] {dag.py:2273} INFO - Setting next_dagrun for example_external_task_marker_parent to None
[2021-03-12 00:07:23,968] {scheduler_job.py:190} INFO - Processing /home/airflow/.local/lib/python3.6/site-packages/airflow/example_dags/example_external_task_marker_dag.py took 0.187 seconds
[2021-03-12 00:07:54,634] {scheduler_job.py:182} INFO - Started process (PID=2316) to work on /home/airflow/.local/lib/python3.6/site-packages/airflow/example_dags/example_external_task_marker_dag.py
[2021-03-12 00:07:54,636] {scheduler_job.py:629} INFO - Processing file /home/airflow/.local/lib/python3.6/site-packages/airflow/example_dags/example_external_task_marker_dag.py for tasks to queue
[2021-03-12 00:07:54,638] {logging_mixin.py:104} INFO - [2021-03-12 00:07:54,638] {dagbag.py:448} INFO - Filling up the DagBag from /home/airflow/.local/lib/python3.6/site-packages/airflow/example_dags/example_external_task_marker_dag.py
[2021-03-12 00:07:54,651] {scheduler_job.py:639} INFO - DAG(s) dict_keys(['example_external_task_marker_parent', 'example_external_task_marker_child']) retrieved from /home/airflow/.local/lib/python3.6/site-packages/airflow/example_dags/example_external_task_marker_dag.py
[2021-03-12 00:07:54,679] {logging_mixin.py:104} INFO - [2021-03-12 00:07:54,679] {dag.py:1818} INFO - Sync 2 DAGs
[2021-03-12 00:07:54,694] {logging_mixin.py:104} INFO - [2021-03-12 00:07:54,694] {dag.py:2273} INFO - Setting next_dagrun for example_external_task_marker_child to None
[2021-03-12 00:07:54,696] {logging_mixin.py:104} INFO - [2021-03-12 00:07:54,696] {dag.py:2273} INFO - Setting next_dagrun for example_external_task_marker_parent to None
[2021-03-12 00:07:54,705] {scheduler_job.py:190} INFO - Processing /home/airflow/.local/lib/python3.6/site-packages/airflow/example_dags/example_external_task_marker_dag.py took 0.075 seconds
[2021-03-12 00:08:25,267] {scheduler_job.py:182} INFO - Started process (PID=2343) to work on /home/airflow/.local/lib/python3.6/site-packages/airflow/example_dags/example_external_task_marker_dag.py
[2021-03-12 00:08:25,269] {scheduler_job.py:629} INFO - Processing file /home/airflow/.local/lib/python3.6/site-packages/airflow/example_dags/example_external_task_marker_dag.py for tasks to queue
[2021-03-12 00:08:25,271] {logging_mixin.py:104} INFO - [2021-03-12 00:08:25,270] {dagbag.py:448} INFO - Filling up the DagBag from /home/airflow/.local/lib/python3.6/site-packages/airflow/example_dags/example_external_task_marker_dag.py
[2021-03-12 00:08:25,286] {scheduler_job.py:639} INFO - DAG(s) dict_keys(['example_external_task_marker_parent', 'example_external_task_marker_child']) retrieved from /home/airflow/.local/lib/python3.6/site-packages/airflow/example_dags/example_external_task_marker_dag.py
[2021-03-12 00:08:25,313] {logging_mixin.py:104} INFO - [2021-03-12 00:08:25,313] {dag.py:1818} INFO - Sync 2 DAGs
[2021-03-12 00:08:25,329] {logging_mixin.py:104} INFO - [2021-03-12 00:08:25,329] {dag.py:2273} INFO - Setting next_dagrun for example_external_task_marker_child to None
[2021-03-12 00:08:25,331] {logging_mixin.py:104} INFO - [2021-03-12 00:08:25,331] {dag.py:2273} INFO - Setting next_dagrun for example_external_task_marker_parent to None
[2021-03-12 00:08:25,343] {scheduler_job.py:190} INFO - Processing /home/airflow/.local/lib/python3.6/site-packages/airflow/example_dags/example_external_task_marker_dag.py took 0.079 seconds
[2021-03-12 00:08:55,894] {scheduler_job.py:182} INFO - Started process (PID=2370) to work on /home/airflow/.local/lib/python3.6/site-packages/airflow/example_dags/example_external_task_marker_dag.py
[2021-03-12 00:08:55,896] {scheduler_job.py:629} INFO - Processing file /home/airflow/.local/lib/python3.6/site-packages/airflow/example_dags/example_external_task_marker_dag.py for tasks to queue
[2021-03-12 00:08:55,897] {logging_mixin.py:104} INFO - [2021-03-12 00:08:55,897] {dagbag.py:448} INFO - Filling up the DagBag from /home/airflow/.local/lib/python3.6/site-packages/airflow/example_dags/example_external_task_marker_dag.py
[2021-03-12 00:08:55,913] {scheduler_job.py:639} INFO - DAG(s) dict_keys(['example_external_task_marker_parent', 'example_external_task_marker_child']) retrieved from /home/airflow/.local/lib/python3.6/site-packages/airflow/example_dags/example_external_task_marker_dag.py
[2021-03-12 00:08:55,945] {logging_mixin.py:104} INFO - [2021-03-12 00:08:55,944] {dag.py:1818} INFO - Sync 2 DAGs
[2021-03-12 00:08:55,960] {logging_mixin.py:104} INFO - [2021-03-12 00:08:55,960] {dag.py:2273} INFO - Setting next_dagrun for example_external_task_marker_child to None
[2021-03-12 00:08:55,962] {logging_mixin.py:104} INFO - [2021-03-12 00:08:55,962] {dag.py:2273} INFO - Setting next_dagrun for example_external_task_marker_parent to None
[2021-03-12 00:08:55,977] {scheduler_job.py:190} INFO - Processing /home/airflow/.local/lib/python3.6/site-packages/airflow/example_dags/example_external_task_marker_dag.py took 0.087 seconds
[2021-03-12 00:09:26,497] {scheduler_job.py:182} INFO - Started process (PID=2397) to work on /home/airflow/.local/lib/python3.6/site-packages/airflow/example_dags/example_external_task_marker_dag.py
[2021-03-12 00:09:26,499] {scheduler_job.py:629} INFO - Processing file /home/airflow/.local/lib/python3.6/site-packages/airflow/example_dags/example_external_task_marker_dag.py for tasks to queue
[2021-03-12 00:09:26,501] {logging_mixin.py:104} INFO - [2021-03-12 00:09:26,501] {dagbag.py:448} INFO - Filling up the DagBag from /home/airflow/.local/lib/python3.6/site-packages/airflow/example_dags/example_external_task_marker_dag.py
[2021-03-12 00:09:26,516] {scheduler_job.py:639} INFO - DAG(s) dict_keys(['example_external_task_marker_parent', 'example_external_task_marker_child']) retrieved from /home/airflow/.local/lib/python3.6/site-packages/airflow/example_dags/example_external_task_marker_dag.py
[2021-03-12 00:09:26,547] {logging_mixin.py:104} INFO - [2021-03-12 00:09:26,547] {dag.py:1818} INFO - Sync 2 DAGs
[2021-03-12 00:09:26,563] {logging_mixin.py:104} INFO - [2021-03-12 00:09:26,563] {dag.py:2273} INFO - Setting next_dagrun for example_external_task_marker_child to None
[2021-03-12 00:09:26,565] {logging_mixin.py:104} INFO - [2021-03-12 00:09:26,565] {dag.py:2273} INFO - Setting next_dagrun for example_external_task_marker_parent to None
[2021-03-12 00:09:26,577] {scheduler_job.py:190} INFO - Processing /home/airflow/.local/lib/python3.6/site-packages/airflow/example_dags/example_external_task_marker_dag.py took 0.085 seconds
[2021-03-12 00:09:57,382] {scheduler_job.py:182} INFO - Started process (PID=2424) to work on /home/airflow/.local/lib/python3.6/site-packages/airflow/example_dags/example_external_task_marker_dag.py
[2021-03-12 00:09:57,385] {scheduler_job.py:629} INFO - Processing file /home/airflow/.local/lib/python3.6/site-packages/airflow/example_dags/example_external_task_marker_dag.py for tasks to queue
[2021-03-12 00:09:57,391] {logging_mixin.py:104} INFO - [2021-03-12 00:09:57,391] {dagbag.py:448} INFO - Filling up the DagBag from /home/airflow/.local/lib/python3.6/site-packages/airflow/example_dags/example_external_task_marker_dag.py
[2021-03-12 00:09:57,404] {scheduler_job.py:639} INFO - DAG(s) dict_keys(['example_external_task_marker_parent', 'example_external_task_marker_child']) retrieved from /home/airflow/.local/lib/python3.6/site-packages/airflow/example_dags/example_external_task_marker_dag.py
[2021-03-12 00:09:57,441] {logging_mixin.py:104} INFO - [2021-03-12 00:09:57,441] {dag.py:1818} INFO - Sync 2 DAGs
[2021-03-12 00:09:57,482] {logging_mixin.py:104} INFO - [2021-03-12 00:09:57,480] {dag.py:2273} INFO - Setting next_dagrun for example_external_task_marker_child to None
[2021-03-12 00:09:57,491] {logging_mixin.py:104} INFO - [2021-03-12 00:09:57,490] {dag.py:2273} INFO - Setting next_dagrun for example_external_task_marker_parent to None
[2021-03-12 00:09:57,522] {scheduler_job.py:190} INFO - Processing /home/airflow/.local/lib/python3.6/site-packages/airflow/example_dags/example_external_task_marker_dag.py took 0.148 seconds
[2021-03-12 00:10:28,272] {scheduler_job.py:182} INFO - Started process (PID=2451) to work on /home/airflow/.local/lib/python3.6/site-packages/airflow/example_dags/example_external_task_marker_dag.py
[2021-03-12 00:10:28,274] {scheduler_job.py:629} INFO - Processing file /home/airflow/.local/lib/python3.6/site-packages/airflow/example_dags/example_external_task_marker_dag.py for tasks to queue
[2021-03-12 00:10:28,279] {logging_mixin.py:104} INFO - [2021-03-12 00:10:28,279] {dagbag.py:448} INFO - Filling up the DagBag from /home/airflow/.local/lib/python3.6/site-packages/airflow/example_dags/example_external_task_marker_dag.py
[2021-03-12 00:10:28,298] {scheduler_job.py:639} INFO - DAG(s) dict_keys(['example_external_task_marker_parent', 'example_external_task_marker_child']) retrieved from /home/airflow/.local/lib/python3.6/site-packages/airflow/example_dags/example_external_task_marker_dag.py
[2021-03-12 00:10:28,345] {logging_mixin.py:104} INFO - [2021-03-12 00:10:28,345] {dag.py:1818} INFO - Sync 2 DAGs
[2021-03-12 00:10:28,373] {logging_mixin.py:104} INFO - [2021-03-12 00:10:28,373] {dag.py:2273} INFO - Setting next_dagrun for example_external_task_marker_child to None
[2021-03-12 00:10:28,375] {logging_mixin.py:104} INFO - [2021-03-12 00:10:28,375] {dag.py:2273} INFO - Setting next_dagrun for example_external_task_marker_parent to None
[2021-03-12 00:10:28,390] {scheduler_job.py:190} INFO - Processing /home/airflow/.local/lib/python3.6/site-packages/airflow/example_dags/example_external_task_marker_dag.py took 0.124 seconds
[2021-03-12 00:10:58,784] {scheduler_job.py:182} INFO - Started process (PID=2478) to work on /home/airflow/.local/lib/python3.6/site-packages/airflow/example_dags/example_external_task_marker_dag.py
[2021-03-12 00:10:58,787] {scheduler_job.py:629} INFO - Processing file /home/airflow/.local/lib/python3.6/site-packages/airflow/example_dags/example_external_task_marker_dag.py for tasks to queue
[2021-03-12 00:10:58,789] {logging_mixin.py:104} INFO - [2021-03-12 00:10:58,789] {dagbag.py:448} INFO - Filling up the DagBag from /home/airflow/.local/lib/python3.6/site-packages/airflow/example_dags/example_external_task_marker_dag.py
[2021-03-12 00:10:58,810] {scheduler_job.py:639} INFO - DAG(s) dict_keys(['example_external_task_marker_parent', 'example_external_task_marker_child']) retrieved from /home/airflow/.local/lib/python3.6/site-packages/airflow/example_dags/example_external_task_marker_dag.py
[2021-03-12 00:10:58,843] {logging_mixin.py:104} INFO - [2021-03-12 00:10:58,843] {dag.py:1818} INFO - Sync 2 DAGs
[2021-03-12 00:10:58,860] {logging_mixin.py:104} INFO - [2021-03-12 00:10:58,860] {dag.py:2273} INFO - Setting next_dagrun for example_external_task_marker_child to None
[2021-03-12 00:10:58,862] {logging_mixin.py:104} INFO - [2021-03-12 00:10:58,862] {dag.py:2273} INFO - Setting next_dagrun for example_external_task_marker_parent to None
[2021-03-12 00:10:58,875] {scheduler_job.py:190} INFO - Processing /home/airflow/.local/lib/python3.6/site-packages/airflow/example_dags/example_external_task_marker_dag.py took 0.095 seconds
[2021-03-12 00:11:29,822] {scheduler_job.py:182} INFO - Started process (PID=2505) to work on /home/airflow/.local/lib/python3.6/site-packages/airflow/example_dags/example_external_task_marker_dag.py
[2021-03-12 00:11:29,828] {scheduler_job.py:629} INFO - Processing file /home/airflow/.local/lib/python3.6/site-packages/airflow/example_dags/example_external_task_marker_dag.py for tasks to queue
[2021-03-12 00:11:29,832] {logging_mixin.py:104} INFO - [2021-03-12 00:11:29,831] {dagbag.py:448} INFO - Filling up the DagBag from /home/airflow/.local/lib/python3.6/site-packages/airflow/example_dags/example_external_task_marker_dag.py
[2021-03-12 00:11:29,849] {scheduler_job.py:639} INFO - DAG(s) dict_keys(['example_external_task_marker_parent', 'example_external_task_marker_child']) retrieved from /home/airflow/.local/lib/python3.6/site-packages/airflow/example_dags/example_external_task_marker_dag.py
[2021-03-12 00:11:29,884] {logging_mixin.py:104} INFO - [2021-03-12 00:11:29,883] {dag.py:1818} INFO - Sync 2 DAGs
[2021-03-12 00:11:29,906] {logging_mixin.py:104} INFO - [2021-03-12 00:11:29,905] {dag.py:2273} INFO - Setting next_dagrun for example_external_task_marker_child to None
[2021-03-12 00:11:29,908] {logging_mixin.py:104} INFO - [2021-03-12 00:11:29,908] {dag.py:2273} INFO - Setting next_dagrun for example_external_task_marker_parent to None
[2021-03-12 00:11:29,929] {scheduler_job.py:190} INFO - Processing /home/airflow/.local/lib/python3.6/site-packages/airflow/example_dags/example_external_task_marker_dag.py took 0.113 seconds
[2021-03-12 00:41:07,563] {scheduler_job.py:182} INFO - Started process (PID=44) to work on /home/airflow/.local/lib/python3.6/site-packages/airflow/example_dags/example_external_task_marker_dag.py
[2021-03-12 00:41:07,570] {scheduler_job.py:629} INFO - Processing file /home/airflow/.local/lib/python3.6/site-packages/airflow/example_dags/example_external_task_marker_dag.py for tasks to queue
[2021-03-12 00:41:07,573] {logging_mixin.py:104} INFO - [2021-03-12 00:41:07,573] {dagbag.py:448} INFO - Filling up the DagBag from /home/airflow/.local/lib/python3.6/site-packages/airflow/example_dags/example_external_task_marker_dag.py
[2021-03-12 00:41:07,666] {scheduler_job.py:639} INFO - DAG(s) dict_keys(['example_external_task_marker_parent', 'example_external_task_marker_child']) retrieved from /home/airflow/.local/lib/python3.6/site-packages/airflow/example_dags/example_external_task_marker_dag.py
[2021-03-12 00:41:07,734] {logging_mixin.py:104} INFO - [2021-03-12 00:41:07,734] {dag.py:1818} INFO - Sync 2 DAGs
[2021-03-12 00:41:07,814] {logging_mixin.py:104} INFO - [2021-03-12 00:41:07,811] {dag.py:2273} INFO - Setting next_dagrun for example_external_task_marker_child to None
[2021-03-12 00:41:07,817] {logging_mixin.py:104} INFO - [2021-03-12 00:41:07,817] {dag.py:2273} INFO - Setting next_dagrun for example_external_task_marker_parent to None
[2021-03-12 00:41:07,871] {scheduler_job.py:190} INFO - Processing /home/airflow/.local/lib/python3.6/site-packages/airflow/example_dags/example_external_task_marker_dag.py took 0.326 seconds
[2021-03-12 00:41:37,987] {scheduler_job.py:182} INFO - Started process (PID=71) to work on /home/airflow/.local/lib/python3.6/site-packages/airflow/example_dags/example_external_task_marker_dag.py
[2021-03-12 00:41:37,989] {scheduler_job.py:629} INFO - Processing file /home/airflow/.local/lib/python3.6/site-packages/airflow/example_dags/example_external_task_marker_dag.py for tasks to queue
[2021-03-12 00:41:37,991] {logging_mixin.py:104} INFO - [2021-03-12 00:41:37,991] {dagbag.py:448} INFO - Filling up the DagBag from /home/airflow/.local/lib/python3.6/site-packages/airflow/example_dags/example_external_task_marker_dag.py
[2021-03-12 00:41:38,006] {scheduler_job.py:639} INFO - DAG(s) dict_keys(['example_external_task_marker_parent', 'example_external_task_marker_child']) retrieved from /home/airflow/.local/lib/python3.6/site-packages/airflow/example_dags/example_external_task_marker_dag.py
[2021-03-12 00:41:38,033] {logging_mixin.py:104} INFO - [2021-03-12 00:41:38,033] {dag.py:1818} INFO - Sync 2 DAGs
[2021-03-12 00:41:38,058] {logging_mixin.py:104} INFO - [2021-03-12 00:41:38,058] {dag.py:2273} INFO - Setting next_dagrun for example_external_task_marker_child to None
[2021-03-12 00:41:38,060] {logging_mixin.py:104} INFO - [2021-03-12 00:41:38,060] {dag.py:2273} INFO - Setting next_dagrun for example_external_task_marker_parent to None
[2021-03-12 00:41:38,068] {scheduler_job.py:190} INFO - Processing /home/airflow/.local/lib/python3.6/site-packages/airflow/example_dags/example_external_task_marker_dag.py took 0.084 seconds
[2021-03-12 00:42:08,187] {scheduler_job.py:182} INFO - Started process (PID=93) to work on /home/airflow/.local/lib/python3.6/site-packages/airflow/example_dags/example_external_task_marker_dag.py
[2021-03-12 00:42:08,189] {scheduler_job.py:629} INFO - Processing file /home/airflow/.local/lib/python3.6/site-packages/airflow/example_dags/example_external_task_marker_dag.py for tasks to queue
[2021-03-12 00:42:08,191] {logging_mixin.py:104} INFO - [2021-03-12 00:42:08,190] {dagbag.py:448} INFO - Filling up the DagBag from /home/airflow/.local/lib/python3.6/site-packages/airflow/example_dags/example_external_task_marker_dag.py
[2021-03-12 00:42:08,209] {scheduler_job.py:639} INFO - DAG(s) dict_keys(['example_external_task_marker_parent', 'example_external_task_marker_child']) retrieved from /home/airflow/.local/lib/python3.6/site-packages/airflow/example_dags/example_external_task_marker_dag.py
[2021-03-12 00:42:08,244] {logging_mixin.py:104} INFO - [2021-03-12 00:42:08,244] {dag.py:1818} INFO - Sync 2 DAGs
[2021-03-12 00:42:08,264] {logging_mixin.py:104} INFO - [2021-03-12 00:42:08,264] {dag.py:2273} INFO - Setting next_dagrun for example_external_task_marker_child to None
[2021-03-12 00:42:08,266] {logging_mixin.py:104} INFO - [2021-03-12 00:42:08,266] {dag.py:2273} INFO - Setting next_dagrun for example_external_task_marker_parent to None
[2021-03-12 00:42:08,280] {scheduler_job.py:190} INFO - Processing /home/airflow/.local/lib/python3.6/site-packages/airflow/example_dags/example_external_task_marker_dag.py took 0.099 seconds
[2021-03-12 00:42:39,306] {scheduler_job.py:182} INFO - Started process (PID=124) to work on /home/airflow/.local/lib/python3.6/site-packages/airflow/example_dags/example_external_task_marker_dag.py
[2021-03-12 00:42:39,314] {scheduler_job.py:629} INFO - Processing file /home/airflow/.local/lib/python3.6/site-packages/airflow/example_dags/example_external_task_marker_dag.py for tasks to queue
[2021-03-12 00:42:39,318] {logging_mixin.py:104} INFO - [2021-03-12 00:42:39,318] {dagbag.py:448} INFO - Filling up the DagBag from /home/airflow/.local/lib/python3.6/site-packages/airflow/example_dags/example_external_task_marker_dag.py
[2021-03-12 00:42:39,349] {scheduler_job.py:639} INFO - DAG(s) dict_keys(['example_external_task_marker_parent', 'example_external_task_marker_child']) retrieved from /home/airflow/.local/lib/python3.6/site-packages/airflow/example_dags/example_external_task_marker_dag.py
[2021-03-12 00:42:39,406] {logging_mixin.py:104} INFO - [2021-03-12 00:42:39,406] {dag.py:1818} INFO - Sync 2 DAGs
[2021-03-12 00:42:39,429] {logging_mixin.py:104} INFO - [2021-03-12 00:42:39,429] {dag.py:2273} INFO - Setting next_dagrun for example_external_task_marker_child to None
[2021-03-12 00:42:39,431] {logging_mixin.py:104} INFO - [2021-03-12 00:42:39,431] {dag.py:2273} INFO - Setting next_dagrun for example_external_task_marker_parent to None
[2021-03-12 00:42:39,450] {scheduler_job.py:190} INFO - Processing /home/airflow/.local/lib/python3.6/site-packages/airflow/example_dags/example_external_task_marker_dag.py took 0.149 seconds
[2021-03-12 00:43:10,360] {scheduler_job.py:182} INFO - Started process (PID=151) to work on /home/airflow/.local/lib/python3.6/site-packages/airflow/example_dags/example_external_task_marker_dag.py
[2021-03-12 00:43:10,363] {scheduler_job.py:629} INFO - Processing file /home/airflow/.local/lib/python3.6/site-packages/airflow/example_dags/example_external_task_marker_dag.py for tasks to queue
[2021-03-12 00:43:10,365] {logging_mixin.py:104} INFO - [2021-03-12 00:43:10,365] {dagbag.py:448} INFO - Filling up the DagBag from /home/airflow/.local/lib/python3.6/site-packages/airflow/example_dags/example_external_task_marker_dag.py
[2021-03-12 00:43:10,380] {scheduler_job.py:639} INFO - DAG(s) dict_keys(['example_external_task_marker_parent', 'example_external_task_marker_child']) retrieved from /home/airflow/.local/lib/python3.6/site-packages/airflow/example_dags/example_external_task_marker_dag.py
[2021-03-12 00:43:10,428] {logging_mixin.py:104} INFO - [2021-03-12 00:43:10,428] {dag.py:1818} INFO - Sync 2 DAGs
[2021-03-12 00:43:10,470] {logging_mixin.py:104} INFO - [2021-03-12 00:43:10,470] {dag.py:2273} INFO - Setting next_dagrun for example_external_task_marker_child to None
[2021-03-12 00:43:10,476] {logging_mixin.py:104} INFO - [2021-03-12 00:43:10,472] {dag.py:2273} INFO - Setting next_dagrun for example_external_task_marker_parent to None
[2021-03-12 00:43:10,487] {scheduler_job.py:190} INFO - Processing /home/airflow/.local/lib/python3.6/site-packages/airflow/example_dags/example_external_task_marker_dag.py took 0.134 seconds
