[2021-03-12 00:00:10,594] {scheduler_job.py:182} INFO - Started process (PID=1909) to work on /home/airflow/.local/lib/python3.6/site-packages/airflow/example_dags/example_latest_only.py
[2021-03-12 00:00:10,596] {scheduler_job.py:629} INFO - Processing file /home/airflow/.local/lib/python3.6/site-packages/airflow/example_dags/example_latest_only.py for tasks to queue
[2021-03-12 00:00:10,598] {logging_mixin.py:104} INFO - [2021-03-12 00:00:10,598] {dagbag.py:448} INFO - Filling up the DagBag from /home/airflow/.local/lib/python3.6/site-packages/airflow/example_dags/example_latest_only.py
[2021-03-12 00:00:10,610] {scheduler_job.py:639} INFO - DAG(s) dict_keys(['latest_only']) retrieved from /home/airflow/.local/lib/python3.6/site-packages/airflow/example_dags/example_latest_only.py
[2021-03-12 00:00:10,646] {logging_mixin.py:104} INFO - [2021-03-12 00:00:10,645] {dag.py:1818} INFO - Sync 1 DAGs
[2021-03-12 00:00:10,668] {logging_mixin.py:104} INFO - [2021-03-12 00:00:10,668] {dag.py:2273} INFO - Setting next_dagrun for latest_only to 2021-03-10 00:00:00+00:00
[2021-03-12 00:00:10,681] {scheduler_job.py:190} INFO - Processing /home/airflow/.local/lib/python3.6/site-packages/airflow/example_dags/example_latest_only.py took 0.091 seconds
[2021-03-12 00:00:41,399] {scheduler_job.py:182} INFO - Started process (PID=1936) to work on /home/airflow/.local/lib/python3.6/site-packages/airflow/example_dags/example_latest_only.py
[2021-03-12 00:00:41,401] {scheduler_job.py:629} INFO - Processing file /home/airflow/.local/lib/python3.6/site-packages/airflow/example_dags/example_latest_only.py for tasks to queue
[2021-03-12 00:00:41,402] {logging_mixin.py:104} INFO - [2021-03-12 00:00:41,402] {dagbag.py:448} INFO - Filling up the DagBag from /home/airflow/.local/lib/python3.6/site-packages/airflow/example_dags/example_latest_only.py
[2021-03-12 00:00:41,417] {scheduler_job.py:639} INFO - DAG(s) dict_keys(['latest_only']) retrieved from /home/airflow/.local/lib/python3.6/site-packages/airflow/example_dags/example_latest_only.py
[2021-03-12 00:00:41,448] {logging_mixin.py:104} INFO - [2021-03-12 00:00:41,448] {dag.py:1818} INFO - Sync 1 DAGs
[2021-03-12 00:00:41,469] {logging_mixin.py:104} INFO - [2021-03-12 00:00:41,468] {dag.py:2273} INFO - Setting next_dagrun for latest_only to 2021-03-10 00:00:00+00:00
[2021-03-12 00:00:41,489] {scheduler_job.py:190} INFO - Processing /home/airflow/.local/lib/python3.6/site-packages/airflow/example_dags/example_latest_only.py took 0.094 seconds
[2021-03-12 00:01:11,958] {scheduler_job.py:182} INFO - Started process (PID=1963) to work on /home/airflow/.local/lib/python3.6/site-packages/airflow/example_dags/example_latest_only.py
[2021-03-12 00:01:11,959] {scheduler_job.py:629} INFO - Processing file /home/airflow/.local/lib/python3.6/site-packages/airflow/example_dags/example_latest_only.py for tasks to queue
[2021-03-12 00:01:11,960] {logging_mixin.py:104} INFO - [2021-03-12 00:01:11,960] {dagbag.py:448} INFO - Filling up the DagBag from /home/airflow/.local/lib/python3.6/site-packages/airflow/example_dags/example_latest_only.py
[2021-03-12 00:01:11,971] {scheduler_job.py:639} INFO - DAG(s) dict_keys(['latest_only']) retrieved from /home/airflow/.local/lib/python3.6/site-packages/airflow/example_dags/example_latest_only.py
[2021-03-12 00:01:11,994] {logging_mixin.py:104} INFO - [2021-03-12 00:01:11,993] {dag.py:1818} INFO - Sync 1 DAGs
[2021-03-12 00:01:12,012] {logging_mixin.py:104} INFO - [2021-03-12 00:01:12,012] {dag.py:2273} INFO - Setting next_dagrun for latest_only to 2021-03-10 00:00:00+00:00
[2021-03-12 00:01:12,026] {scheduler_job.py:190} INFO - Processing /home/airflow/.local/lib/python3.6/site-packages/airflow/example_dags/example_latest_only.py took 0.073 seconds
[2021-03-12 00:01:42,519] {scheduler_job.py:182} INFO - Started process (PID=1990) to work on /home/airflow/.local/lib/python3.6/site-packages/airflow/example_dags/example_latest_only.py
[2021-03-12 00:01:42,523] {scheduler_job.py:629} INFO - Processing file /home/airflow/.local/lib/python3.6/site-packages/airflow/example_dags/example_latest_only.py for tasks to queue
[2021-03-12 00:01:42,526] {logging_mixin.py:104} INFO - [2021-03-12 00:01:42,526] {dagbag.py:448} INFO - Filling up the DagBag from /home/airflow/.local/lib/python3.6/site-packages/airflow/example_dags/example_latest_only.py
[2021-03-12 00:01:42,540] {scheduler_job.py:639} INFO - DAG(s) dict_keys(['latest_only']) retrieved from /home/airflow/.local/lib/python3.6/site-packages/airflow/example_dags/example_latest_only.py
[2021-03-12 00:01:42,569] {logging_mixin.py:104} INFO - [2021-03-12 00:01:42,569] {dag.py:1818} INFO - Sync 1 DAGs
[2021-03-12 00:01:42,598] {logging_mixin.py:104} INFO - [2021-03-12 00:01:42,598] {dag.py:2273} INFO - Setting next_dagrun for latest_only to 2021-03-10 00:00:00+00:00
[2021-03-12 00:01:42,618] {scheduler_job.py:190} INFO - Processing /home/airflow/.local/lib/python3.6/site-packages/airflow/example_dags/example_latest_only.py took 0.105 seconds
[2021-03-12 00:02:13,187] {scheduler_job.py:182} INFO - Started process (PID=2017) to work on /home/airflow/.local/lib/python3.6/site-packages/airflow/example_dags/example_latest_only.py
[2021-03-12 00:02:13,191] {scheduler_job.py:629} INFO - Processing file /home/airflow/.local/lib/python3.6/site-packages/airflow/example_dags/example_latest_only.py for tasks to queue
[2021-03-12 00:02:13,192] {logging_mixin.py:104} INFO - [2021-03-12 00:02:13,192] {dagbag.py:448} INFO - Filling up the DagBag from /home/airflow/.local/lib/python3.6/site-packages/airflow/example_dags/example_latest_only.py
[2021-03-12 00:02:13,202] {scheduler_job.py:639} INFO - DAG(s) dict_keys(['latest_only']) retrieved from /home/airflow/.local/lib/python3.6/site-packages/airflow/example_dags/example_latest_only.py
[2021-03-12 00:02:13,222] {logging_mixin.py:104} INFO - [2021-03-12 00:02:13,222] {dag.py:1818} INFO - Sync 1 DAGs
[2021-03-12 00:02:13,238] {logging_mixin.py:104} INFO - [2021-03-12 00:02:13,238] {dag.py:2273} INFO - Setting next_dagrun for latest_only to 2021-03-10 00:00:00+00:00
[2021-03-12 00:02:13,250] {scheduler_job.py:190} INFO - Processing /home/airflow/.local/lib/python3.6/site-packages/airflow/example_dags/example_latest_only.py took 0.068 seconds
[2021-03-12 00:02:44,017] {scheduler_job.py:182} INFO - Started process (PID=2044) to work on /home/airflow/.local/lib/python3.6/site-packages/airflow/example_dags/example_latest_only.py
[2021-03-12 00:02:44,019] {scheduler_job.py:629} INFO - Processing file /home/airflow/.local/lib/python3.6/site-packages/airflow/example_dags/example_latest_only.py for tasks to queue
[2021-03-12 00:02:44,020] {logging_mixin.py:104} INFO - [2021-03-12 00:02:44,020] {dagbag.py:448} INFO - Filling up the DagBag from /home/airflow/.local/lib/python3.6/site-packages/airflow/example_dags/example_latest_only.py
[2021-03-12 00:02:44,033] {scheduler_job.py:639} INFO - DAG(s) dict_keys(['latest_only']) retrieved from /home/airflow/.local/lib/python3.6/site-packages/airflow/example_dags/example_latest_only.py
[2021-03-12 00:02:44,081] {logging_mixin.py:104} INFO - [2021-03-12 00:02:44,080] {dag.py:1818} INFO - Sync 1 DAGs
[2021-03-12 00:02:44,109] {logging_mixin.py:104} INFO - [2021-03-12 00:02:44,109] {dag.py:2273} INFO - Setting next_dagrun for latest_only to 2021-03-10 00:00:00+00:00
[2021-03-12 00:02:44,122] {scheduler_job.py:190} INFO - Processing /home/airflow/.local/lib/python3.6/site-packages/airflow/example_dags/example_latest_only.py took 0.108 seconds
[2021-03-12 00:03:14,631] {scheduler_job.py:182} INFO - Started process (PID=2071) to work on /home/airflow/.local/lib/python3.6/site-packages/airflow/example_dags/example_latest_only.py
[2021-03-12 00:03:14,634] {scheduler_job.py:629} INFO - Processing file /home/airflow/.local/lib/python3.6/site-packages/airflow/example_dags/example_latest_only.py for tasks to queue
[2021-03-12 00:03:14,638] {logging_mixin.py:104} INFO - [2021-03-12 00:03:14,638] {dagbag.py:448} INFO - Filling up the DagBag from /home/airflow/.local/lib/python3.6/site-packages/airflow/example_dags/example_latest_only.py
[2021-03-12 00:03:14,651] {scheduler_job.py:639} INFO - DAG(s) dict_keys(['latest_only']) retrieved from /home/airflow/.local/lib/python3.6/site-packages/airflow/example_dags/example_latest_only.py
[2021-03-12 00:03:14,686] {logging_mixin.py:104} INFO - [2021-03-12 00:03:14,686] {dag.py:1818} INFO - Sync 1 DAGs
[2021-03-12 00:03:14,704] {logging_mixin.py:104} INFO - [2021-03-12 00:03:14,704] {dag.py:2273} INFO - Setting next_dagrun for latest_only to 2021-03-10 00:00:00+00:00
[2021-03-12 00:03:14,717] {scheduler_job.py:190} INFO - Processing /home/airflow/.local/lib/python3.6/site-packages/airflow/example_dags/example_latest_only.py took 0.091 seconds
[2021-03-12 00:03:45,279] {scheduler_job.py:182} INFO - Started process (PID=2098) to work on /home/airflow/.local/lib/python3.6/site-packages/airflow/example_dags/example_latest_only.py
[2021-03-12 00:03:45,282] {scheduler_job.py:629} INFO - Processing file /home/airflow/.local/lib/python3.6/site-packages/airflow/example_dags/example_latest_only.py for tasks to queue
[2021-03-12 00:03:45,284] {logging_mixin.py:104} INFO - [2021-03-12 00:03:45,284] {dagbag.py:448} INFO - Filling up the DagBag from /home/airflow/.local/lib/python3.6/site-packages/airflow/example_dags/example_latest_only.py
[2021-03-12 00:03:45,324] {scheduler_job.py:639} INFO - DAG(s) dict_keys(['latest_only']) retrieved from /home/airflow/.local/lib/python3.6/site-packages/airflow/example_dags/example_latest_only.py
[2021-03-12 00:03:45,364] {logging_mixin.py:104} INFO - [2021-03-12 00:03:45,364] {dag.py:1818} INFO - Sync 1 DAGs
[2021-03-12 00:03:45,405] {logging_mixin.py:104} INFO - [2021-03-12 00:03:45,405] {dag.py:2273} INFO - Setting next_dagrun for latest_only to 2021-03-10 00:00:00+00:00
[2021-03-12 00:03:45,426] {scheduler_job.py:190} INFO - Processing /home/airflow/.local/lib/python3.6/site-packages/airflow/example_dags/example_latest_only.py took 0.152 seconds
[2021-03-12 00:04:15,919] {scheduler_job.py:182} INFO - Started process (PID=2125) to work on /home/airflow/.local/lib/python3.6/site-packages/airflow/example_dags/example_latest_only.py
[2021-03-12 00:04:15,921] {scheduler_job.py:629} INFO - Processing file /home/airflow/.local/lib/python3.6/site-packages/airflow/example_dags/example_latest_only.py for tasks to queue
[2021-03-12 00:04:15,922] {logging_mixin.py:104} INFO - [2021-03-12 00:04:15,922] {dagbag.py:448} INFO - Filling up the DagBag from /home/airflow/.local/lib/python3.6/site-packages/airflow/example_dags/example_latest_only.py
[2021-03-12 00:04:15,956] {scheduler_job.py:639} INFO - DAG(s) dict_keys(['latest_only']) retrieved from /home/airflow/.local/lib/python3.6/site-packages/airflow/example_dags/example_latest_only.py
[2021-03-12 00:04:15,990] {logging_mixin.py:104} INFO - [2021-03-12 00:04:15,989] {dag.py:1818} INFO - Sync 1 DAGs
[2021-03-12 00:04:16,011] {logging_mixin.py:104} INFO - [2021-03-12 00:04:16,011] {dag.py:2273} INFO - Setting next_dagrun for latest_only to 2021-03-10 00:00:00+00:00
[2021-03-12 00:04:16,023] {scheduler_job.py:190} INFO - Processing /home/airflow/.local/lib/python3.6/site-packages/airflow/example_dags/example_latest_only.py took 0.108 seconds
[2021-03-12 00:04:46,775] {scheduler_job.py:182} INFO - Started process (PID=2152) to work on /home/airflow/.local/lib/python3.6/site-packages/airflow/example_dags/example_latest_only.py
[2021-03-12 00:04:46,777] {scheduler_job.py:629} INFO - Processing file /home/airflow/.local/lib/python3.6/site-packages/airflow/example_dags/example_latest_only.py for tasks to queue
[2021-03-12 00:04:46,778] {logging_mixin.py:104} INFO - [2021-03-12 00:04:46,778] {dagbag.py:448} INFO - Filling up the DagBag from /home/airflow/.local/lib/python3.6/site-packages/airflow/example_dags/example_latest_only.py
[2021-03-12 00:04:46,790] {scheduler_job.py:639} INFO - DAG(s) dict_keys(['latest_only']) retrieved from /home/airflow/.local/lib/python3.6/site-packages/airflow/example_dags/example_latest_only.py
[2021-03-12 00:04:46,812] {logging_mixin.py:104} INFO - [2021-03-12 00:04:46,812] {dag.py:1818} INFO - Sync 1 DAGs
[2021-03-12 00:04:46,832] {logging_mixin.py:104} INFO - [2021-03-12 00:04:46,832] {dag.py:2273} INFO - Setting next_dagrun for latest_only to 2021-03-10 00:00:00+00:00
[2021-03-12 00:04:46,841] {scheduler_job.py:190} INFO - Processing /home/airflow/.local/lib/python3.6/site-packages/airflow/example_dags/example_latest_only.py took 0.070 seconds
[2021-03-12 00:05:17,537] {scheduler_job.py:182} INFO - Started process (PID=2179) to work on /home/airflow/.local/lib/python3.6/site-packages/airflow/example_dags/example_latest_only.py
[2021-03-12 00:05:17,539] {scheduler_job.py:629} INFO - Processing file /home/airflow/.local/lib/python3.6/site-packages/airflow/example_dags/example_latest_only.py for tasks to queue
[2021-03-12 00:05:17,546] {logging_mixin.py:104} INFO - [2021-03-12 00:05:17,545] {dagbag.py:448} INFO - Filling up the DagBag from /home/airflow/.local/lib/python3.6/site-packages/airflow/example_dags/example_latest_only.py
[2021-03-12 00:05:17,562] {scheduler_job.py:639} INFO - DAG(s) dict_keys(['latest_only']) retrieved from /home/airflow/.local/lib/python3.6/site-packages/airflow/example_dags/example_latest_only.py
[2021-03-12 00:05:17,603] {logging_mixin.py:104} INFO - [2021-03-12 00:05:17,603] {dag.py:1818} INFO - Sync 1 DAGs
[2021-03-12 00:05:17,634] {logging_mixin.py:104} INFO - [2021-03-12 00:05:17,634] {dag.py:2273} INFO - Setting next_dagrun for latest_only to 2021-03-10 00:00:00+00:00
[2021-03-12 00:05:17,645] {scheduler_job.py:190} INFO - Processing /home/airflow/.local/lib/python3.6/site-packages/airflow/example_dags/example_latest_only.py took 0.113 seconds
[2021-03-12 00:05:48,224] {scheduler_job.py:182} INFO - Started process (PID=2206) to work on /home/airflow/.local/lib/python3.6/site-packages/airflow/example_dags/example_latest_only.py
[2021-03-12 00:05:48,226] {scheduler_job.py:629} INFO - Processing file /home/airflow/.local/lib/python3.6/site-packages/airflow/example_dags/example_latest_only.py for tasks to queue
[2021-03-12 00:05:48,228] {logging_mixin.py:104} INFO - [2021-03-12 00:05:48,228] {dagbag.py:448} INFO - Filling up the DagBag from /home/airflow/.local/lib/python3.6/site-packages/airflow/example_dags/example_latest_only.py
[2021-03-12 00:05:48,241] {scheduler_job.py:639} INFO - DAG(s) dict_keys(['latest_only']) retrieved from /home/airflow/.local/lib/python3.6/site-packages/airflow/example_dags/example_latest_only.py
[2021-03-12 00:05:48,267] {logging_mixin.py:104} INFO - [2021-03-12 00:05:48,267] {dag.py:1818} INFO - Sync 1 DAGs
[2021-03-12 00:05:48,287] {logging_mixin.py:104} INFO - [2021-03-12 00:05:48,287] {dag.py:2273} INFO - Setting next_dagrun for latest_only to 2021-03-10 00:00:00+00:00
[2021-03-12 00:05:48,298] {scheduler_job.py:190} INFO - Processing /home/airflow/.local/lib/python3.6/site-packages/airflow/example_dags/example_latest_only.py took 0.078 seconds
[2021-03-12 00:06:19,146] {scheduler_job.py:182} INFO - Started process (PID=2233) to work on /home/airflow/.local/lib/python3.6/site-packages/airflow/example_dags/example_latest_only.py
[2021-03-12 00:06:19,148] {scheduler_job.py:629} INFO - Processing file /home/airflow/.local/lib/python3.6/site-packages/airflow/example_dags/example_latest_only.py for tasks to queue
[2021-03-12 00:06:19,150] {logging_mixin.py:104} INFO - [2021-03-12 00:06:19,150] {dagbag.py:448} INFO - Filling up the DagBag from /home/airflow/.local/lib/python3.6/site-packages/airflow/example_dags/example_latest_only.py
[2021-03-12 00:06:19,164] {scheduler_job.py:639} INFO - DAG(s) dict_keys(['latest_only']) retrieved from /home/airflow/.local/lib/python3.6/site-packages/airflow/example_dags/example_latest_only.py
[2021-03-12 00:06:19,191] {logging_mixin.py:104} INFO - [2021-03-12 00:06:19,191] {dag.py:1818} INFO - Sync 1 DAGs
[2021-03-12 00:06:19,207] {logging_mixin.py:104} INFO - [2021-03-12 00:06:19,207] {dag.py:2273} INFO - Setting next_dagrun for latest_only to 2021-03-10 00:00:00+00:00
[2021-03-12 00:06:19,216] {scheduler_job.py:190} INFO - Processing /home/airflow/.local/lib/python3.6/site-packages/airflow/example_dags/example_latest_only.py took 0.073 seconds
[2021-03-12 00:06:49,908] {scheduler_job.py:182} INFO - Started process (PID=2260) to work on /home/airflow/.local/lib/python3.6/site-packages/airflow/example_dags/example_latest_only.py
[2021-03-12 00:06:49,912] {scheduler_job.py:629} INFO - Processing file /home/airflow/.local/lib/python3.6/site-packages/airflow/example_dags/example_latest_only.py for tasks to queue
[2021-03-12 00:06:49,914] {logging_mixin.py:104} INFO - [2021-03-12 00:06:49,913] {dagbag.py:448} INFO - Filling up the DagBag from /home/airflow/.local/lib/python3.6/site-packages/airflow/example_dags/example_latest_only.py
[2021-03-12 00:06:49,927] {scheduler_job.py:639} INFO - DAG(s) dict_keys(['latest_only']) retrieved from /home/airflow/.local/lib/python3.6/site-packages/airflow/example_dags/example_latest_only.py
[2021-03-12 00:06:49,955] {logging_mixin.py:104} INFO - [2021-03-12 00:06:49,955] {dag.py:1818} INFO - Sync 1 DAGs
[2021-03-12 00:06:49,975] {logging_mixin.py:104} INFO - [2021-03-12 00:06:49,975] {dag.py:2273} INFO - Setting next_dagrun for latest_only to 2021-03-10 00:00:00+00:00
[2021-03-12 00:06:49,986] {scheduler_job.py:190} INFO - Processing /home/airflow/.local/lib/python3.6/site-packages/airflow/example_dags/example_latest_only.py took 0.083 seconds
[2021-03-12 00:07:20,673] {scheduler_job.py:182} INFO - Started process (PID=2287) to work on /home/airflow/.local/lib/python3.6/site-packages/airflow/example_dags/example_latest_only.py
[2021-03-12 00:07:20,681] {scheduler_job.py:629} INFO - Processing file /home/airflow/.local/lib/python3.6/site-packages/airflow/example_dags/example_latest_only.py for tasks to queue
[2021-03-12 00:07:20,683] {logging_mixin.py:104} INFO - [2021-03-12 00:07:20,683] {dagbag.py:448} INFO - Filling up the DagBag from /home/airflow/.local/lib/python3.6/site-packages/airflow/example_dags/example_latest_only.py
[2021-03-12 00:07:20,695] {scheduler_job.py:639} INFO - DAG(s) dict_keys(['latest_only']) retrieved from /home/airflow/.local/lib/python3.6/site-packages/airflow/example_dags/example_latest_only.py
[2021-03-12 00:07:20,727] {logging_mixin.py:104} INFO - [2021-03-12 00:07:20,726] {dag.py:1818} INFO - Sync 1 DAGs
[2021-03-12 00:07:20,744] {logging_mixin.py:104} INFO - [2021-03-12 00:07:20,744] {dag.py:2273} INFO - Setting next_dagrun for latest_only to 2021-03-10 00:00:00+00:00
[2021-03-12 00:07:20,754] {scheduler_job.py:190} INFO - Processing /home/airflow/.local/lib/python3.6/site-packages/airflow/example_dags/example_latest_only.py took 0.085 seconds
[2021-03-12 00:07:51,504] {scheduler_job.py:182} INFO - Started process (PID=2314) to work on /home/airflow/.local/lib/python3.6/site-packages/airflow/example_dags/example_latest_only.py
[2021-03-12 00:07:51,506] {scheduler_job.py:629} INFO - Processing file /home/airflow/.local/lib/python3.6/site-packages/airflow/example_dags/example_latest_only.py for tasks to queue
[2021-03-12 00:07:51,507] {logging_mixin.py:104} INFO - [2021-03-12 00:07:51,507] {dagbag.py:448} INFO - Filling up the DagBag from /home/airflow/.local/lib/python3.6/site-packages/airflow/example_dags/example_latest_only.py
[2021-03-12 00:07:51,518] {scheduler_job.py:639} INFO - DAG(s) dict_keys(['latest_only']) retrieved from /home/airflow/.local/lib/python3.6/site-packages/airflow/example_dags/example_latest_only.py
[2021-03-12 00:07:51,549] {logging_mixin.py:104} INFO - [2021-03-12 00:07:51,548] {dag.py:1818} INFO - Sync 1 DAGs
[2021-03-12 00:07:51,572] {logging_mixin.py:104} INFO - [2021-03-12 00:07:51,572] {dag.py:2273} INFO - Setting next_dagrun for latest_only to 2021-03-10 00:00:00+00:00
[2021-03-12 00:07:51,590] {scheduler_job.py:190} INFO - Processing /home/airflow/.local/lib/python3.6/site-packages/airflow/example_dags/example_latest_only.py took 0.090 seconds
[2021-03-12 00:08:22,245] {scheduler_job.py:182} INFO - Started process (PID=2341) to work on /home/airflow/.local/lib/python3.6/site-packages/airflow/example_dags/example_latest_only.py
[2021-03-12 00:08:22,247] {scheduler_job.py:629} INFO - Processing file /home/airflow/.local/lib/python3.6/site-packages/airflow/example_dags/example_latest_only.py for tasks to queue
[2021-03-12 00:08:22,248] {logging_mixin.py:104} INFO - [2021-03-12 00:08:22,248] {dagbag.py:448} INFO - Filling up the DagBag from /home/airflow/.local/lib/python3.6/site-packages/airflow/example_dags/example_latest_only.py
[2021-03-12 00:08:22,259] {scheduler_job.py:639} INFO - DAG(s) dict_keys(['latest_only']) retrieved from /home/airflow/.local/lib/python3.6/site-packages/airflow/example_dags/example_latest_only.py
[2021-03-12 00:08:22,280] {logging_mixin.py:104} INFO - [2021-03-12 00:08:22,280] {dag.py:1818} INFO - Sync 1 DAGs
[2021-03-12 00:08:22,297] {logging_mixin.py:104} INFO - [2021-03-12 00:08:22,297] {dag.py:2273} INFO - Setting next_dagrun for latest_only to 2021-03-10 00:00:00+00:00
[2021-03-12 00:08:22,306] {scheduler_job.py:190} INFO - Processing /home/airflow/.local/lib/python3.6/site-packages/airflow/example_dags/example_latest_only.py took 0.065 seconds
[2021-03-12 00:08:52,818] {scheduler_job.py:182} INFO - Started process (PID=2368) to work on /home/airflow/.local/lib/python3.6/site-packages/airflow/example_dags/example_latest_only.py
[2021-03-12 00:08:52,820] {scheduler_job.py:629} INFO - Processing file /home/airflow/.local/lib/python3.6/site-packages/airflow/example_dags/example_latest_only.py for tasks to queue
[2021-03-12 00:08:52,821] {logging_mixin.py:104} INFO - [2021-03-12 00:08:52,821] {dagbag.py:448} INFO - Filling up the DagBag from /home/airflow/.local/lib/python3.6/site-packages/airflow/example_dags/example_latest_only.py
[2021-03-12 00:08:52,835] {scheduler_job.py:639} INFO - DAG(s) dict_keys(['latest_only']) retrieved from /home/airflow/.local/lib/python3.6/site-packages/airflow/example_dags/example_latest_only.py
[2021-03-12 00:08:52,855] {logging_mixin.py:104} INFO - [2021-03-12 00:08:52,855] {dag.py:1818} INFO - Sync 1 DAGs
[2021-03-12 00:08:52,879] {logging_mixin.py:104} INFO - [2021-03-12 00:08:52,879] {dag.py:2273} INFO - Setting next_dagrun for latest_only to 2021-03-10 00:00:00+00:00
[2021-03-12 00:08:52,891] {scheduler_job.py:190} INFO - Processing /home/airflow/.local/lib/python3.6/site-packages/airflow/example_dags/example_latest_only.py took 0.077 seconds
[2021-03-12 00:09:23,385] {scheduler_job.py:182} INFO - Started process (PID=2395) to work on /home/airflow/.local/lib/python3.6/site-packages/airflow/example_dags/example_latest_only.py
[2021-03-12 00:09:23,387] {scheduler_job.py:629} INFO - Processing file /home/airflow/.local/lib/python3.6/site-packages/airflow/example_dags/example_latest_only.py for tasks to queue
[2021-03-12 00:09:23,388] {logging_mixin.py:104} INFO - [2021-03-12 00:09:23,388] {dagbag.py:448} INFO - Filling up the DagBag from /home/airflow/.local/lib/python3.6/site-packages/airflow/example_dags/example_latest_only.py
[2021-03-12 00:09:23,400] {scheduler_job.py:639} INFO - DAG(s) dict_keys(['latest_only']) retrieved from /home/airflow/.local/lib/python3.6/site-packages/airflow/example_dags/example_latest_only.py
[2021-03-12 00:09:23,426] {logging_mixin.py:104} INFO - [2021-03-12 00:09:23,426] {dag.py:1818} INFO - Sync 1 DAGs
[2021-03-12 00:09:23,448] {logging_mixin.py:104} INFO - [2021-03-12 00:09:23,448] {dag.py:2273} INFO - Setting next_dagrun for latest_only to 2021-03-10 00:00:00+00:00
[2021-03-12 00:09:23,460] {scheduler_job.py:190} INFO - Processing /home/airflow/.local/lib/python3.6/site-packages/airflow/example_dags/example_latest_only.py took 0.081 seconds
[2021-03-12 00:09:54,256] {scheduler_job.py:182} INFO - Started process (PID=2422) to work on /home/airflow/.local/lib/python3.6/site-packages/airflow/example_dags/example_latest_only.py
[2021-03-12 00:09:54,258] {scheduler_job.py:629} INFO - Processing file /home/airflow/.local/lib/python3.6/site-packages/airflow/example_dags/example_latest_only.py for tasks to queue
[2021-03-12 00:09:54,259] {logging_mixin.py:104} INFO - [2021-03-12 00:09:54,259] {dagbag.py:448} INFO - Filling up the DagBag from /home/airflow/.local/lib/python3.6/site-packages/airflow/example_dags/example_latest_only.py
[2021-03-12 00:09:54,269] {scheduler_job.py:639} INFO - DAG(s) dict_keys(['latest_only']) retrieved from /home/airflow/.local/lib/python3.6/site-packages/airflow/example_dags/example_latest_only.py
[2021-03-12 00:09:54,290] {logging_mixin.py:104} INFO - [2021-03-12 00:09:54,290] {dag.py:1818} INFO - Sync 1 DAGs
[2021-03-12 00:09:54,306] {logging_mixin.py:104} INFO - [2021-03-12 00:09:54,306] {dag.py:2273} INFO - Setting next_dagrun for latest_only to 2021-03-10 00:00:00+00:00
[2021-03-12 00:09:54,316] {scheduler_job.py:190} INFO - Processing /home/airflow/.local/lib/python3.6/site-packages/airflow/example_dags/example_latest_only.py took 0.066 seconds
[2021-03-12 00:10:25,176] {scheduler_job.py:182} INFO - Started process (PID=2449) to work on /home/airflow/.local/lib/python3.6/site-packages/airflow/example_dags/example_latest_only.py
[2021-03-12 00:10:25,178] {scheduler_job.py:629} INFO - Processing file /home/airflow/.local/lib/python3.6/site-packages/airflow/example_dags/example_latest_only.py for tasks to queue
[2021-03-12 00:10:25,185] {logging_mixin.py:104} INFO - [2021-03-12 00:10:25,185] {dagbag.py:448} INFO - Filling up the DagBag from /home/airflow/.local/lib/python3.6/site-packages/airflow/example_dags/example_latest_only.py
[2021-03-12 00:10:25,203] {scheduler_job.py:639} INFO - DAG(s) dict_keys(['latest_only']) retrieved from /home/airflow/.local/lib/python3.6/site-packages/airflow/example_dags/example_latest_only.py
[2021-03-12 00:10:25,227] {logging_mixin.py:104} INFO - [2021-03-12 00:10:25,227] {dag.py:1818} INFO - Sync 1 DAGs
[2021-03-12 00:10:25,245] {logging_mixin.py:104} INFO - [2021-03-12 00:10:25,245] {dag.py:2273} INFO - Setting next_dagrun for latest_only to 2021-03-10 00:00:00+00:00
[2021-03-12 00:10:25,260] {scheduler_job.py:190} INFO - Processing /home/airflow/.local/lib/python3.6/site-packages/airflow/example_dags/example_latest_only.py took 0.090 seconds
[2021-03-12 00:10:55,669] {scheduler_job.py:182} INFO - Started process (PID=2476) to work on /home/airflow/.local/lib/python3.6/site-packages/airflow/example_dags/example_latest_only.py
[2021-03-12 00:10:55,671] {scheduler_job.py:629} INFO - Processing file /home/airflow/.local/lib/python3.6/site-packages/airflow/example_dags/example_latest_only.py for tasks to queue
[2021-03-12 00:10:55,672] {logging_mixin.py:104} INFO - [2021-03-12 00:10:55,672] {dagbag.py:448} INFO - Filling up the DagBag from /home/airflow/.local/lib/python3.6/site-packages/airflow/example_dags/example_latest_only.py
[2021-03-12 00:10:55,684] {scheduler_job.py:639} INFO - DAG(s) dict_keys(['latest_only']) retrieved from /home/airflow/.local/lib/python3.6/site-packages/airflow/example_dags/example_latest_only.py
[2021-03-12 00:10:55,708] {logging_mixin.py:104} INFO - [2021-03-12 00:10:55,707] {dag.py:1818} INFO - Sync 1 DAGs
[2021-03-12 00:10:55,728] {logging_mixin.py:104} INFO - [2021-03-12 00:10:55,728] {dag.py:2273} INFO - Setting next_dagrun for latest_only to 2021-03-10 00:00:00+00:00
[2021-03-12 00:10:55,741] {scheduler_job.py:190} INFO - Processing /home/airflow/.local/lib/python3.6/site-packages/airflow/example_dags/example_latest_only.py took 0.076 seconds
[2021-03-12 00:11:26,672] {scheduler_job.py:182} INFO - Started process (PID=2503) to work on /home/airflow/.local/lib/python3.6/site-packages/airflow/example_dags/example_latest_only.py
[2021-03-12 00:11:26,677] {scheduler_job.py:629} INFO - Processing file /home/airflow/.local/lib/python3.6/site-packages/airflow/example_dags/example_latest_only.py for tasks to queue
[2021-03-12 00:11:26,681] {logging_mixin.py:104} INFO - [2021-03-12 00:11:26,680] {dagbag.py:448} INFO - Filling up the DagBag from /home/airflow/.local/lib/python3.6/site-packages/airflow/example_dags/example_latest_only.py
[2021-03-12 00:11:26,710] {scheduler_job.py:639} INFO - DAG(s) dict_keys(['latest_only']) retrieved from /home/airflow/.local/lib/python3.6/site-packages/airflow/example_dags/example_latest_only.py
[2021-03-12 00:11:26,733] {logging_mixin.py:104} INFO - [2021-03-12 00:11:26,733] {dag.py:1818} INFO - Sync 1 DAGs
[2021-03-12 00:11:26,767] {logging_mixin.py:104} INFO - [2021-03-12 00:11:26,767] {dag.py:2273} INFO - Setting next_dagrun for latest_only to 2021-03-10 00:00:00+00:00
[2021-03-12 00:11:26,788] {scheduler_job.py:190} INFO - Processing /home/airflow/.local/lib/python3.6/site-packages/airflow/example_dags/example_latest_only.py took 0.126 seconds
[2021-03-12 00:41:08,332] {scheduler_job.py:182} INFO - Started process (PID=49) to work on /home/airflow/.local/lib/python3.6/site-packages/airflow/example_dags/example_latest_only.py
[2021-03-12 00:41:08,335] {scheduler_job.py:629} INFO - Processing file /home/airflow/.local/lib/python3.6/site-packages/airflow/example_dags/example_latest_only.py for tasks to queue
[2021-03-12 00:41:08,337] {logging_mixin.py:104} INFO - [2021-03-12 00:41:08,336] {dagbag.py:448} INFO - Filling up the DagBag from /home/airflow/.local/lib/python3.6/site-packages/airflow/example_dags/example_latest_only.py
[2021-03-12 00:41:08,376] {scheduler_job.py:639} INFO - DAG(s) dict_keys(['latest_only']) retrieved from /home/airflow/.local/lib/python3.6/site-packages/airflow/example_dags/example_latest_only.py
[2021-03-12 00:41:08,429] {logging_mixin.py:104} INFO - [2021-03-12 00:41:08,428] {dag.py:1818} INFO - Sync 1 DAGs
[2021-03-12 00:41:08,467] {logging_mixin.py:104} INFO - [2021-03-12 00:41:08,463] {dag.py:2273} INFO - Setting next_dagrun for latest_only to 2021-03-10 00:00:00+00:00
[2021-03-12 00:41:08,501] {scheduler_job.py:190} INFO - Processing /home/airflow/.local/lib/python3.6/site-packages/airflow/example_dags/example_latest_only.py took 0.177 seconds
[2021-03-12 00:41:39,218] {scheduler_job.py:182} INFO - Started process (PID=76) to work on /home/airflow/.local/lib/python3.6/site-packages/airflow/example_dags/example_latest_only.py
[2021-03-12 00:41:39,226] {scheduler_job.py:629} INFO - Processing file /home/airflow/.local/lib/python3.6/site-packages/airflow/example_dags/example_latest_only.py for tasks to queue
[2021-03-12 00:41:39,230] {logging_mixin.py:104} INFO - [2021-03-12 00:41:39,230] {dagbag.py:448} INFO - Filling up the DagBag from /home/airflow/.local/lib/python3.6/site-packages/airflow/example_dags/example_latest_only.py
[2021-03-12 00:41:39,243] {scheduler_job.py:639} INFO - DAG(s) dict_keys(['latest_only']) retrieved from /home/airflow/.local/lib/python3.6/site-packages/airflow/example_dags/example_latest_only.py
[2021-03-12 00:41:39,278] {logging_mixin.py:104} INFO - [2021-03-12 00:41:39,278] {dag.py:1818} INFO - Sync 1 DAGs
[2021-03-12 00:41:39,305] {logging_mixin.py:104} INFO - [2021-03-12 00:41:39,305] {dag.py:2273} INFO - Setting next_dagrun for latest_only to 2021-03-10 00:00:00+00:00
[2021-03-12 00:41:39,313] {scheduler_job.py:190} INFO - Processing /home/airflow/.local/lib/python3.6/site-packages/airflow/example_dags/example_latest_only.py took 0.098 seconds
[2021-03-12 00:42:09,938] {scheduler_job.py:182} INFO - Started process (PID=103) to work on /home/airflow/.local/lib/python3.6/site-packages/airflow/example_dags/example_latest_only.py
[2021-03-12 00:42:09,941] {scheduler_job.py:629} INFO - Processing file /home/airflow/.local/lib/python3.6/site-packages/airflow/example_dags/example_latest_only.py for tasks to queue
[2021-03-12 00:42:09,945] {logging_mixin.py:104} INFO - [2021-03-12 00:42:09,944] {dagbag.py:448} INFO - Filling up the DagBag from /home/airflow/.local/lib/python3.6/site-packages/airflow/example_dags/example_latest_only.py
[2021-03-12 00:42:09,964] {scheduler_job.py:639} INFO - DAG(s) dict_keys(['latest_only']) retrieved from /home/airflow/.local/lib/python3.6/site-packages/airflow/example_dags/example_latest_only.py
[2021-03-12 00:42:10,003] {logging_mixin.py:104} INFO - [2021-03-12 00:42:10,003] {dag.py:1818} INFO - Sync 1 DAGs
[2021-03-12 00:42:10,030] {logging_mixin.py:104} INFO - [2021-03-12 00:42:10,029] {dag.py:2273} INFO - Setting next_dagrun for latest_only to 2021-03-10 00:00:00+00:00
[2021-03-12 00:42:10,045] {scheduler_job.py:190} INFO - Processing /home/airflow/.local/lib/python3.6/site-packages/airflow/example_dags/example_latest_only.py took 0.112 seconds
[2021-03-12 00:42:40,791] {scheduler_job.py:182} INFO - Started process (PID=130) to work on /home/airflow/.local/lib/python3.6/site-packages/airflow/example_dags/example_latest_only.py
[2021-03-12 00:42:40,796] {scheduler_job.py:629} INFO - Processing file /home/airflow/.local/lib/python3.6/site-packages/airflow/example_dags/example_latest_only.py for tasks to queue
[2021-03-12 00:42:40,798] {logging_mixin.py:104} INFO - [2021-03-12 00:42:40,798] {dagbag.py:448} INFO - Filling up the DagBag from /home/airflow/.local/lib/python3.6/site-packages/airflow/example_dags/example_latest_only.py
[2021-03-12 00:42:40,816] {scheduler_job.py:639} INFO - DAG(s) dict_keys(['latest_only']) retrieved from /home/airflow/.local/lib/python3.6/site-packages/airflow/example_dags/example_latest_only.py
[2021-03-12 00:42:40,851] {logging_mixin.py:104} INFO - [2021-03-12 00:42:40,851] {dag.py:1818} INFO - Sync 1 DAGs
[2021-03-12 00:42:40,874] {logging_mixin.py:104} INFO - [2021-03-12 00:42:40,874] {dag.py:2273} INFO - Setting next_dagrun for latest_only to 2021-03-10 00:00:00+00:00
[2021-03-12 00:42:40,895] {scheduler_job.py:190} INFO - Processing /home/airflow/.local/lib/python3.6/site-packages/airflow/example_dags/example_latest_only.py took 0.112 seconds
[2021-03-12 00:43:11,867] {scheduler_job.py:182} INFO - Started process (PID=157) to work on /home/airflow/.local/lib/python3.6/site-packages/airflow/example_dags/example_latest_only.py
[2021-03-12 00:43:11,873] {scheduler_job.py:629} INFO - Processing file /home/airflow/.local/lib/python3.6/site-packages/airflow/example_dags/example_latest_only.py for tasks to queue
[2021-03-12 00:43:11,878] {logging_mixin.py:104} INFO - [2021-03-12 00:43:11,877] {dagbag.py:448} INFO - Filling up the DagBag from /home/airflow/.local/lib/python3.6/site-packages/airflow/example_dags/example_latest_only.py
[2021-03-12 00:43:11,912] {scheduler_job.py:639} INFO - DAG(s) dict_keys(['latest_only']) retrieved from /home/airflow/.local/lib/python3.6/site-packages/airflow/example_dags/example_latest_only.py
[2021-03-12 00:43:11,960] {logging_mixin.py:104} INFO - [2021-03-12 00:43:11,960] {dag.py:1818} INFO - Sync 1 DAGs
[2021-03-12 00:43:11,995] {logging_mixin.py:104} INFO - [2021-03-12 00:43:11,995] {dag.py:2273} INFO - Setting next_dagrun for latest_only to 2021-03-10 00:00:00+00:00
[2021-03-12 00:43:12,018] {scheduler_job.py:190} INFO - Processing /home/airflow/.local/lib/python3.6/site-packages/airflow/example_dags/example_latest_only.py took 0.162 seconds
