[2021-03-12 00:00:10,304] {scheduler_job.py:182} INFO - Started process (PID=1905) to work on /home/airflow/.local/lib/python3.6/site-packages/airflow/example_dags/example_trigger_controller_dag.py
[2021-03-12 00:00:10,306] {scheduler_job.py:629} INFO - Processing file /home/airflow/.local/lib/python3.6/site-packages/airflow/example_dags/example_trigger_controller_dag.py for tasks to queue
[2021-03-12 00:00:10,308] {logging_mixin.py:104} INFO - [2021-03-12 00:00:10,308] {dagbag.py:448} INFO - Filling up the DagBag from /home/airflow/.local/lib/python3.6/site-packages/airflow/example_dags/example_trigger_controller_dag.py
[2021-03-12 00:00:10,330] {scheduler_job.py:639} INFO - DAG(s) dict_keys(['example_trigger_controller_dag']) retrieved from /home/airflow/.local/lib/python3.6/site-packages/airflow/example_dags/example_trigger_controller_dag.py
[2021-03-12 00:00:10,364] {logging_mixin.py:104} INFO - [2021-03-12 00:00:10,363] {dag.py:1818} INFO - Sync 1 DAGs
[2021-03-12 00:00:10,383] {logging_mixin.py:104} INFO - [2021-03-12 00:00:10,383] {dag.py:2273} INFO - Setting next_dagrun for example_trigger_controller_dag to 2021-03-10 00:00:00+00:00
[2021-03-12 00:00:10,405] {scheduler_job.py:190} INFO - Processing /home/airflow/.local/lib/python3.6/site-packages/airflow/example_dags/example_trigger_controller_dag.py took 0.104 seconds
[2021-03-12 00:00:41,042] {scheduler_job.py:182} INFO - Started process (PID=1932) to work on /home/airflow/.local/lib/python3.6/site-packages/airflow/example_dags/example_trigger_controller_dag.py
[2021-03-12 00:00:41,044] {scheduler_job.py:629} INFO - Processing file /home/airflow/.local/lib/python3.6/site-packages/airflow/example_dags/example_trigger_controller_dag.py for tasks to queue
[2021-03-12 00:00:41,046] {logging_mixin.py:104} INFO - [2021-03-12 00:00:41,045] {dagbag.py:448} INFO - Filling up the DagBag from /home/airflow/.local/lib/python3.6/site-packages/airflow/example_dags/example_trigger_controller_dag.py
[2021-03-12 00:00:41,065] {scheduler_job.py:639} INFO - DAG(s) dict_keys(['example_trigger_controller_dag']) retrieved from /home/airflow/.local/lib/python3.6/site-packages/airflow/example_dags/example_trigger_controller_dag.py
[2021-03-12 00:00:41,098] {logging_mixin.py:104} INFO - [2021-03-12 00:00:41,098] {dag.py:1818} INFO - Sync 1 DAGs
[2021-03-12 00:00:41,116] {logging_mixin.py:104} INFO - [2021-03-12 00:00:41,116] {dag.py:2273} INFO - Setting next_dagrun for example_trigger_controller_dag to 2021-03-10 00:00:00+00:00
[2021-03-12 00:00:41,126] {scheduler_job.py:190} INFO - Processing /home/airflow/.local/lib/python3.6/site-packages/airflow/example_dags/example_trigger_controller_dag.py took 0.089 seconds
[2021-03-12 00:01:11,786] {scheduler_job.py:182} INFO - Started process (PID=1959) to work on /home/airflow/.local/lib/python3.6/site-packages/airflow/example_dags/example_trigger_controller_dag.py
[2021-03-12 00:01:11,788] {scheduler_job.py:629} INFO - Processing file /home/airflow/.local/lib/python3.6/site-packages/airflow/example_dags/example_trigger_controller_dag.py for tasks to queue
[2021-03-12 00:01:11,789] {logging_mixin.py:104} INFO - [2021-03-12 00:01:11,789] {dagbag.py:448} INFO - Filling up the DagBag from /home/airflow/.local/lib/python3.6/site-packages/airflow/example_dags/example_trigger_controller_dag.py
[2021-03-12 00:01:11,800] {scheduler_job.py:639} INFO - DAG(s) dict_keys(['example_trigger_controller_dag']) retrieved from /home/airflow/.local/lib/python3.6/site-packages/airflow/example_dags/example_trigger_controller_dag.py
[2021-03-12 00:01:11,824] {logging_mixin.py:104} INFO - [2021-03-12 00:01:11,824] {dag.py:1818} INFO - Sync 1 DAGs
[2021-03-12 00:01:11,840] {logging_mixin.py:104} INFO - [2021-03-12 00:01:11,839] {dag.py:2273} INFO - Setting next_dagrun for example_trigger_controller_dag to 2021-03-10 00:00:00+00:00
[2021-03-12 00:01:11,848] {scheduler_job.py:190} INFO - Processing /home/airflow/.local/lib/python3.6/site-packages/airflow/example_dags/example_trigger_controller_dag.py took 0.066 seconds
[2021-03-12 00:01:42,252] {scheduler_job.py:182} INFO - Started process (PID=1986) to work on /home/airflow/.local/lib/python3.6/site-packages/airflow/example_dags/example_trigger_controller_dag.py
[2021-03-12 00:01:42,253] {scheduler_job.py:629} INFO - Processing file /home/airflow/.local/lib/python3.6/site-packages/airflow/example_dags/example_trigger_controller_dag.py for tasks to queue
[2021-03-12 00:01:42,255] {logging_mixin.py:104} INFO - [2021-03-12 00:01:42,255] {dagbag.py:448} INFO - Filling up the DagBag from /home/airflow/.local/lib/python3.6/site-packages/airflow/example_dags/example_trigger_controller_dag.py
[2021-03-12 00:01:42,266] {scheduler_job.py:639} INFO - DAG(s) dict_keys(['example_trigger_controller_dag']) retrieved from /home/airflow/.local/lib/python3.6/site-packages/airflow/example_dags/example_trigger_controller_dag.py
[2021-03-12 00:01:42,289] {logging_mixin.py:104} INFO - [2021-03-12 00:01:42,289] {dag.py:1818} INFO - Sync 1 DAGs
[2021-03-12 00:01:42,310] {logging_mixin.py:104} INFO - [2021-03-12 00:01:42,310] {dag.py:2273} INFO - Setting next_dagrun for example_trigger_controller_dag to 2021-03-10 00:00:00+00:00
[2021-03-12 00:01:42,320] {scheduler_job.py:190} INFO - Processing /home/airflow/.local/lib/python3.6/site-packages/airflow/example_dags/example_trigger_controller_dag.py took 0.072 seconds
[2021-03-12 00:02:12,958] {scheduler_job.py:182} INFO - Started process (PID=2013) to work on /home/airflow/.local/lib/python3.6/site-packages/airflow/example_dags/example_trigger_controller_dag.py
[2021-03-12 00:02:12,961] {scheduler_job.py:629} INFO - Processing file /home/airflow/.local/lib/python3.6/site-packages/airflow/example_dags/example_trigger_controller_dag.py for tasks to queue
[2021-03-12 00:02:12,967] {logging_mixin.py:104} INFO - [2021-03-12 00:02:12,966] {dagbag.py:448} INFO - Filling up the DagBag from /home/airflow/.local/lib/python3.6/site-packages/airflow/example_dags/example_trigger_controller_dag.py
[2021-03-12 00:02:12,982] {scheduler_job.py:639} INFO - DAG(s) dict_keys(['example_trigger_controller_dag']) retrieved from /home/airflow/.local/lib/python3.6/site-packages/airflow/example_dags/example_trigger_controller_dag.py
[2021-03-12 00:02:13,011] {logging_mixin.py:104} INFO - [2021-03-12 00:02:13,011] {dag.py:1818} INFO - Sync 1 DAGs
[2021-03-12 00:02:13,028] {logging_mixin.py:104} INFO - [2021-03-12 00:02:13,028] {dag.py:2273} INFO - Setting next_dagrun for example_trigger_controller_dag to 2021-03-10 00:00:00+00:00
[2021-03-12 00:02:13,045] {scheduler_job.py:190} INFO - Processing /home/airflow/.local/lib/python3.6/site-packages/airflow/example_dags/example_trigger_controller_dag.py took 0.091 seconds
[2021-03-12 00:02:43,636] {scheduler_job.py:182} INFO - Started process (PID=2040) to work on /home/airflow/.local/lib/python3.6/site-packages/airflow/example_dags/example_trigger_controller_dag.py
[2021-03-12 00:02:43,637] {scheduler_job.py:629} INFO - Processing file /home/airflow/.local/lib/python3.6/site-packages/airflow/example_dags/example_trigger_controller_dag.py for tasks to queue
[2021-03-12 00:02:43,639] {logging_mixin.py:104} INFO - [2021-03-12 00:02:43,639] {dagbag.py:448} INFO - Filling up the DagBag from /home/airflow/.local/lib/python3.6/site-packages/airflow/example_dags/example_trigger_controller_dag.py
[2021-03-12 00:02:43,649] {scheduler_job.py:639} INFO - DAG(s) dict_keys(['example_trigger_controller_dag']) retrieved from /home/airflow/.local/lib/python3.6/site-packages/airflow/example_dags/example_trigger_controller_dag.py
[2021-03-12 00:02:43,669] {logging_mixin.py:104} INFO - [2021-03-12 00:02:43,669] {dag.py:1818} INFO - Sync 1 DAGs
[2021-03-12 00:02:43,686] {logging_mixin.py:104} INFO - [2021-03-12 00:02:43,686] {dag.py:2273} INFO - Setting next_dagrun for example_trigger_controller_dag to 2021-03-10 00:00:00+00:00
[2021-03-12 00:02:43,697] {scheduler_job.py:190} INFO - Processing /home/airflow/.local/lib/python3.6/site-packages/airflow/example_dags/example_trigger_controller_dag.py took 0.065 seconds
[2021-03-12 00:03:14,363] {scheduler_job.py:182} INFO - Started process (PID=2067) to work on /home/airflow/.local/lib/python3.6/site-packages/airflow/example_dags/example_trigger_controller_dag.py
[2021-03-12 00:03:14,366] {scheduler_job.py:629} INFO - Processing file /home/airflow/.local/lib/python3.6/site-packages/airflow/example_dags/example_trigger_controller_dag.py for tasks to queue
[2021-03-12 00:03:14,368] {logging_mixin.py:104} INFO - [2021-03-12 00:03:14,368] {dagbag.py:448} INFO - Filling up the DagBag from /home/airflow/.local/lib/python3.6/site-packages/airflow/example_dags/example_trigger_controller_dag.py
[2021-03-12 00:03:14,387] {scheduler_job.py:639} INFO - DAG(s) dict_keys(['example_trigger_controller_dag']) retrieved from /home/airflow/.local/lib/python3.6/site-packages/airflow/example_dags/example_trigger_controller_dag.py
[2021-03-12 00:03:14,422] {logging_mixin.py:104} INFO - [2021-03-12 00:03:14,422] {dag.py:1818} INFO - Sync 1 DAGs
[2021-03-12 00:03:14,453] {logging_mixin.py:104} INFO - [2021-03-12 00:03:14,453] {dag.py:2273} INFO - Setting next_dagrun for example_trigger_controller_dag to 2021-03-10 00:00:00+00:00
[2021-03-12 00:03:14,466] {scheduler_job.py:190} INFO - Processing /home/airflow/.local/lib/python3.6/site-packages/airflow/example_dags/example_trigger_controller_dag.py took 0.109 seconds
[2021-03-12 00:03:45,025] {scheduler_job.py:182} INFO - Started process (PID=2094) to work on /home/airflow/.local/lib/python3.6/site-packages/airflow/example_dags/example_trigger_controller_dag.py
[2021-03-12 00:03:45,027] {scheduler_job.py:629} INFO - Processing file /home/airflow/.local/lib/python3.6/site-packages/airflow/example_dags/example_trigger_controller_dag.py for tasks to queue
[2021-03-12 00:03:45,029] {logging_mixin.py:104} INFO - [2021-03-12 00:03:45,029] {dagbag.py:448} INFO - Filling up the DagBag from /home/airflow/.local/lib/python3.6/site-packages/airflow/example_dags/example_trigger_controller_dag.py
[2021-03-12 00:03:45,056] {scheduler_job.py:639} INFO - DAG(s) dict_keys(['example_trigger_controller_dag']) retrieved from /home/airflow/.local/lib/python3.6/site-packages/airflow/example_dags/example_trigger_controller_dag.py
[2021-03-12 00:03:45,094] {logging_mixin.py:104} INFO - [2021-03-12 00:03:45,094] {dag.py:1818} INFO - Sync 1 DAGs
[2021-03-12 00:03:45,122] {logging_mixin.py:104} INFO - [2021-03-12 00:03:45,122] {dag.py:2273} INFO - Setting next_dagrun for example_trigger_controller_dag to 2021-03-10 00:00:00+00:00
[2021-03-12 00:03:45,134] {scheduler_job.py:190} INFO - Processing /home/airflow/.local/lib/python3.6/site-packages/airflow/example_dags/example_trigger_controller_dag.py took 0.114 seconds
[2021-03-12 00:04:15,659] {scheduler_job.py:182} INFO - Started process (PID=2121) to work on /home/airflow/.local/lib/python3.6/site-packages/airflow/example_dags/example_trigger_controller_dag.py
[2021-03-12 00:04:15,661] {scheduler_job.py:629} INFO - Processing file /home/airflow/.local/lib/python3.6/site-packages/airflow/example_dags/example_trigger_controller_dag.py for tasks to queue
[2021-03-12 00:04:15,663] {logging_mixin.py:104} INFO - [2021-03-12 00:04:15,663] {dagbag.py:448} INFO - Filling up the DagBag from /home/airflow/.local/lib/python3.6/site-packages/airflow/example_dags/example_trigger_controller_dag.py
[2021-03-12 00:04:15,681] {scheduler_job.py:639} INFO - DAG(s) dict_keys(['example_trigger_controller_dag']) retrieved from /home/airflow/.local/lib/python3.6/site-packages/airflow/example_dags/example_trigger_controller_dag.py
[2021-03-12 00:04:15,714] {logging_mixin.py:104} INFO - [2021-03-12 00:04:15,714] {dag.py:1818} INFO - Sync 1 DAGs
[2021-03-12 00:04:15,734] {logging_mixin.py:104} INFO - [2021-03-12 00:04:15,734] {dag.py:2273} INFO - Setting next_dagrun for example_trigger_controller_dag to 2021-03-10 00:00:00+00:00
[2021-03-12 00:04:15,742] {scheduler_job.py:190} INFO - Processing /home/airflow/.local/lib/python3.6/site-packages/airflow/example_dags/example_trigger_controller_dag.py took 0.088 seconds
[2021-03-12 00:04:46,535] {scheduler_job.py:182} INFO - Started process (PID=2148) to work on /home/airflow/.local/lib/python3.6/site-packages/airflow/example_dags/example_trigger_controller_dag.py
[2021-03-12 00:04:46,538] {scheduler_job.py:629} INFO - Processing file /home/airflow/.local/lib/python3.6/site-packages/airflow/example_dags/example_trigger_controller_dag.py for tasks to queue
[2021-03-12 00:04:46,540] {logging_mixin.py:104} INFO - [2021-03-12 00:04:46,540] {dagbag.py:448} INFO - Filling up the DagBag from /home/airflow/.local/lib/python3.6/site-packages/airflow/example_dags/example_trigger_controller_dag.py
[2021-03-12 00:04:46,559] {scheduler_job.py:639} INFO - DAG(s) dict_keys(['example_trigger_controller_dag']) retrieved from /home/airflow/.local/lib/python3.6/site-packages/airflow/example_dags/example_trigger_controller_dag.py
[2021-03-12 00:04:46,595] {logging_mixin.py:104} INFO - [2021-03-12 00:04:46,595] {dag.py:1818} INFO - Sync 1 DAGs
[2021-03-12 00:04:46,618] {logging_mixin.py:104} INFO - [2021-03-12 00:04:46,618] {dag.py:2273} INFO - Setting next_dagrun for example_trigger_controller_dag to 2021-03-10 00:00:00+00:00
[2021-03-12 00:04:46,631] {scheduler_job.py:190} INFO - Processing /home/airflow/.local/lib/python3.6/site-packages/airflow/example_dags/example_trigger_controller_dag.py took 0.100 seconds
[2021-03-12 00:05:17,242] {scheduler_job.py:182} INFO - Started process (PID=2175) to work on /home/airflow/.local/lib/python3.6/site-packages/airflow/example_dags/example_trigger_controller_dag.py
[2021-03-12 00:05:17,244] {scheduler_job.py:629} INFO - Processing file /home/airflow/.local/lib/python3.6/site-packages/airflow/example_dags/example_trigger_controller_dag.py for tasks to queue
[2021-03-12 00:05:17,245] {logging_mixin.py:104} INFO - [2021-03-12 00:05:17,245] {dagbag.py:448} INFO - Filling up the DagBag from /home/airflow/.local/lib/python3.6/site-packages/airflow/example_dags/example_trigger_controller_dag.py
[2021-03-12 00:05:17,266] {scheduler_job.py:639} INFO - DAG(s) dict_keys(['example_trigger_controller_dag']) retrieved from /home/airflow/.local/lib/python3.6/site-packages/airflow/example_dags/example_trigger_controller_dag.py
[2021-03-12 00:05:17,308] {logging_mixin.py:104} INFO - [2021-03-12 00:05:17,308] {dag.py:1818} INFO - Sync 1 DAGs
[2021-03-12 00:05:17,335] {logging_mixin.py:104} INFO - [2021-03-12 00:05:17,335] {dag.py:2273} INFO - Setting next_dagrun for example_trigger_controller_dag to 2021-03-10 00:00:00+00:00
[2021-03-12 00:05:17,347] {scheduler_job.py:190} INFO - Processing /home/airflow/.local/lib/python3.6/site-packages/airflow/example_dags/example_trigger_controller_dag.py took 0.112 seconds
[2021-03-12 00:05:48,021] {scheduler_job.py:182} INFO - Started process (PID=2202) to work on /home/airflow/.local/lib/python3.6/site-packages/airflow/example_dags/example_trigger_controller_dag.py
[2021-03-12 00:05:48,024] {scheduler_job.py:629} INFO - Processing file /home/airflow/.local/lib/python3.6/site-packages/airflow/example_dags/example_trigger_controller_dag.py for tasks to queue
[2021-03-12 00:05:48,026] {logging_mixin.py:104} INFO - [2021-03-12 00:05:48,026] {dagbag.py:448} INFO - Filling up the DagBag from /home/airflow/.local/lib/python3.6/site-packages/airflow/example_dags/example_trigger_controller_dag.py
[2021-03-12 00:05:48,044] {scheduler_job.py:639} INFO - DAG(s) dict_keys(['example_trigger_controller_dag']) retrieved from /home/airflow/.local/lib/python3.6/site-packages/airflow/example_dags/example_trigger_controller_dag.py
[2021-03-12 00:05:48,073] {logging_mixin.py:104} INFO - [2021-03-12 00:05:48,073] {dag.py:1818} INFO - Sync 1 DAGs
[2021-03-12 00:05:48,091] {logging_mixin.py:104} INFO - [2021-03-12 00:05:48,091] {dag.py:2273} INFO - Setting next_dagrun for example_trigger_controller_dag to 2021-03-10 00:00:00+00:00
[2021-03-12 00:05:48,099] {scheduler_job.py:190} INFO - Processing /home/airflow/.local/lib/python3.6/site-packages/airflow/example_dags/example_trigger_controller_dag.py took 0.082 seconds
[2021-03-12 00:06:18,963] {scheduler_job.py:182} INFO - Started process (PID=2229) to work on /home/airflow/.local/lib/python3.6/site-packages/airflow/example_dags/example_trigger_controller_dag.py
[2021-03-12 00:06:18,965] {scheduler_job.py:629} INFO - Processing file /home/airflow/.local/lib/python3.6/site-packages/airflow/example_dags/example_trigger_controller_dag.py for tasks to queue
[2021-03-12 00:06:18,966] {logging_mixin.py:104} INFO - [2021-03-12 00:06:18,966] {dagbag.py:448} INFO - Filling up the DagBag from /home/airflow/.local/lib/python3.6/site-packages/airflow/example_dags/example_trigger_controller_dag.py
[2021-03-12 00:06:18,980] {scheduler_job.py:639} INFO - DAG(s) dict_keys(['example_trigger_controller_dag']) retrieved from /home/airflow/.local/lib/python3.6/site-packages/airflow/example_dags/example_trigger_controller_dag.py
[2021-03-12 00:06:19,007] {logging_mixin.py:104} INFO - [2021-03-12 00:06:19,007] {dag.py:1818} INFO - Sync 1 DAGs
[2021-03-12 00:06:19,024] {logging_mixin.py:104} INFO - [2021-03-12 00:06:19,024] {dag.py:2273} INFO - Setting next_dagrun for example_trigger_controller_dag to 2021-03-10 00:00:00+00:00
[2021-03-12 00:06:19,033] {scheduler_job.py:190} INFO - Processing /home/airflow/.local/lib/python3.6/site-packages/airflow/example_dags/example_trigger_controller_dag.py took 0.074 seconds
[2021-03-12 00:06:49,679] {scheduler_job.py:182} INFO - Started process (PID=2256) to work on /home/airflow/.local/lib/python3.6/site-packages/airflow/example_dags/example_trigger_controller_dag.py
[2021-03-12 00:06:49,683] {scheduler_job.py:629} INFO - Processing file /home/airflow/.local/lib/python3.6/site-packages/airflow/example_dags/example_trigger_controller_dag.py for tasks to queue
[2021-03-12 00:06:49,685] {logging_mixin.py:104} INFO - [2021-03-12 00:06:49,685] {dagbag.py:448} INFO - Filling up the DagBag from /home/airflow/.local/lib/python3.6/site-packages/airflow/example_dags/example_trigger_controller_dag.py
[2021-03-12 00:06:49,702] {scheduler_job.py:639} INFO - DAG(s) dict_keys(['example_trigger_controller_dag']) retrieved from /home/airflow/.local/lib/python3.6/site-packages/airflow/example_dags/example_trigger_controller_dag.py
[2021-03-12 00:06:49,744] {logging_mixin.py:104} INFO - [2021-03-12 00:06:49,744] {dag.py:1818} INFO - Sync 1 DAGs
[2021-03-12 00:06:49,763] {logging_mixin.py:104} INFO - [2021-03-12 00:06:49,763] {dag.py:2273} INFO - Setting next_dagrun for example_trigger_controller_dag to 2021-03-10 00:00:00+00:00
[2021-03-12 00:06:49,779] {scheduler_job.py:190} INFO - Processing /home/airflow/.local/lib/python3.6/site-packages/airflow/example_dags/example_trigger_controller_dag.py took 0.104 seconds
[2021-03-12 00:07:20,458] {scheduler_job.py:182} INFO - Started process (PID=2283) to work on /home/airflow/.local/lib/python3.6/site-packages/airflow/example_dags/example_trigger_controller_dag.py
[2021-03-12 00:07:20,460] {scheduler_job.py:629} INFO - Processing file /home/airflow/.local/lib/python3.6/site-packages/airflow/example_dags/example_trigger_controller_dag.py for tasks to queue
[2021-03-12 00:07:20,462] {logging_mixin.py:104} INFO - [2021-03-12 00:07:20,462] {dagbag.py:448} INFO - Filling up the DagBag from /home/airflow/.local/lib/python3.6/site-packages/airflow/example_dags/example_trigger_controller_dag.py
[2021-03-12 00:07:20,474] {scheduler_job.py:639} INFO - DAG(s) dict_keys(['example_trigger_controller_dag']) retrieved from /home/airflow/.local/lib/python3.6/site-packages/airflow/example_dags/example_trigger_controller_dag.py
[2021-03-12 00:07:20,503] {logging_mixin.py:104} INFO - [2021-03-12 00:07:20,503] {dag.py:1818} INFO - Sync 1 DAGs
[2021-03-12 00:07:20,521] {logging_mixin.py:104} INFO - [2021-03-12 00:07:20,521] {dag.py:2273} INFO - Setting next_dagrun for example_trigger_controller_dag to 2021-03-10 00:00:00+00:00
[2021-03-12 00:07:20,530] {scheduler_job.py:190} INFO - Processing /home/airflow/.local/lib/python3.6/site-packages/airflow/example_dags/example_trigger_controller_dag.py took 0.076 seconds
[2021-03-12 00:07:51,318] {scheduler_job.py:182} INFO - Started process (PID=2310) to work on /home/airflow/.local/lib/python3.6/site-packages/airflow/example_dags/example_trigger_controller_dag.py
[2021-03-12 00:07:51,320] {scheduler_job.py:629} INFO - Processing file /home/airflow/.local/lib/python3.6/site-packages/airflow/example_dags/example_trigger_controller_dag.py for tasks to queue
[2021-03-12 00:07:51,321] {logging_mixin.py:104} INFO - [2021-03-12 00:07:51,321] {dagbag.py:448} INFO - Filling up the DagBag from /home/airflow/.local/lib/python3.6/site-packages/airflow/example_dags/example_trigger_controller_dag.py
[2021-03-12 00:07:51,332] {scheduler_job.py:639} INFO - DAG(s) dict_keys(['example_trigger_controller_dag']) retrieved from /home/airflow/.local/lib/python3.6/site-packages/airflow/example_dags/example_trigger_controller_dag.py
[2021-03-12 00:07:51,355] {logging_mixin.py:104} INFO - [2021-03-12 00:07:51,355] {dag.py:1818} INFO - Sync 1 DAGs
[2021-03-12 00:07:51,378] {logging_mixin.py:104} INFO - [2021-03-12 00:07:51,378] {dag.py:2273} INFO - Setting next_dagrun for example_trigger_controller_dag to 2021-03-10 00:00:00+00:00
[2021-03-12 00:07:51,387] {scheduler_job.py:190} INFO - Processing /home/airflow/.local/lib/python3.6/site-packages/airflow/example_dags/example_trigger_controller_dag.py took 0.073 seconds
[2021-03-12 00:08:21,924] {scheduler_job.py:182} INFO - Started process (PID=2337) to work on /home/airflow/.local/lib/python3.6/site-packages/airflow/example_dags/example_trigger_controller_dag.py
[2021-03-12 00:08:21,926] {scheduler_job.py:629} INFO - Processing file /home/airflow/.local/lib/python3.6/site-packages/airflow/example_dags/example_trigger_controller_dag.py for tasks to queue
[2021-03-12 00:08:21,927] {logging_mixin.py:104} INFO - [2021-03-12 00:08:21,927] {dagbag.py:448} INFO - Filling up the DagBag from /home/airflow/.local/lib/python3.6/site-packages/airflow/example_dags/example_trigger_controller_dag.py
[2021-03-12 00:08:21,940] {scheduler_job.py:639} INFO - DAG(s) dict_keys(['example_trigger_controller_dag']) retrieved from /home/airflow/.local/lib/python3.6/site-packages/airflow/example_dags/example_trigger_controller_dag.py
[2021-03-12 00:08:21,963] {logging_mixin.py:104} INFO - [2021-03-12 00:08:21,963] {dag.py:1818} INFO - Sync 1 DAGs
[2021-03-12 00:08:21,983] {logging_mixin.py:104} INFO - [2021-03-12 00:08:21,983] {dag.py:2273} INFO - Setting next_dagrun for example_trigger_controller_dag to 2021-03-10 00:00:00+00:00
[2021-03-12 00:08:21,994] {scheduler_job.py:190} INFO - Processing /home/airflow/.local/lib/python3.6/site-packages/airflow/example_dags/example_trigger_controller_dag.py took 0.073 seconds
[2021-03-12 00:08:52,617] {scheduler_job.py:182} INFO - Started process (PID=2364) to work on /home/airflow/.local/lib/python3.6/site-packages/airflow/example_dags/example_trigger_controller_dag.py
[2021-03-12 00:08:52,619] {scheduler_job.py:629} INFO - Processing file /home/airflow/.local/lib/python3.6/site-packages/airflow/example_dags/example_trigger_controller_dag.py for tasks to queue
[2021-03-12 00:08:52,621] {logging_mixin.py:104} INFO - [2021-03-12 00:08:52,621] {dagbag.py:448} INFO - Filling up the DagBag from /home/airflow/.local/lib/python3.6/site-packages/airflow/example_dags/example_trigger_controller_dag.py
[2021-03-12 00:08:52,635] {scheduler_job.py:639} INFO - DAG(s) dict_keys(['example_trigger_controller_dag']) retrieved from /home/airflow/.local/lib/python3.6/site-packages/airflow/example_dags/example_trigger_controller_dag.py
[2021-03-12 00:08:52,665] {logging_mixin.py:104} INFO - [2021-03-12 00:08:52,665] {dag.py:1818} INFO - Sync 1 DAGs
[2021-03-12 00:08:52,681] {logging_mixin.py:104} INFO - [2021-03-12 00:08:52,681] {dag.py:2273} INFO - Setting next_dagrun for example_trigger_controller_dag to 2021-03-10 00:00:00+00:00
[2021-03-12 00:08:52,690] {scheduler_job.py:190} INFO - Processing /home/airflow/.local/lib/python3.6/site-packages/airflow/example_dags/example_trigger_controller_dag.py took 0.080 seconds
[2021-03-12 00:09:23,126] {scheduler_job.py:182} INFO - Started process (PID=2391) to work on /home/airflow/.local/lib/python3.6/site-packages/airflow/example_dags/example_trigger_controller_dag.py
[2021-03-12 00:09:23,128] {scheduler_job.py:629} INFO - Processing file /home/airflow/.local/lib/python3.6/site-packages/airflow/example_dags/example_trigger_controller_dag.py for tasks to queue
[2021-03-12 00:09:23,129] {logging_mixin.py:104} INFO - [2021-03-12 00:09:23,129] {dagbag.py:448} INFO - Filling up the DagBag from /home/airflow/.local/lib/python3.6/site-packages/airflow/example_dags/example_trigger_controller_dag.py
[2021-03-12 00:09:23,141] {scheduler_job.py:639} INFO - DAG(s) dict_keys(['example_trigger_controller_dag']) retrieved from /home/airflow/.local/lib/python3.6/site-packages/airflow/example_dags/example_trigger_controller_dag.py
[2021-03-12 00:09:23,165] {logging_mixin.py:104} INFO - [2021-03-12 00:09:23,165] {dag.py:1818} INFO - Sync 1 DAGs
[2021-03-12 00:09:23,187] {logging_mixin.py:104} INFO - [2021-03-12 00:09:23,187] {dag.py:2273} INFO - Setting next_dagrun for example_trigger_controller_dag to 2021-03-10 00:00:00+00:00
[2021-03-12 00:09:23,198] {scheduler_job.py:190} INFO - Processing /home/airflow/.local/lib/python3.6/site-packages/airflow/example_dags/example_trigger_controller_dag.py took 0.076 seconds
[2021-03-12 00:09:54,071] {scheduler_job.py:182} INFO - Started process (PID=2418) to work on /home/airflow/.local/lib/python3.6/site-packages/airflow/example_dags/example_trigger_controller_dag.py
[2021-03-12 00:09:54,073] {scheduler_job.py:629} INFO - Processing file /home/airflow/.local/lib/python3.6/site-packages/airflow/example_dags/example_trigger_controller_dag.py for tasks to queue
[2021-03-12 00:09:54,074] {logging_mixin.py:104} INFO - [2021-03-12 00:09:54,074] {dagbag.py:448} INFO - Filling up the DagBag from /home/airflow/.local/lib/python3.6/site-packages/airflow/example_dags/example_trigger_controller_dag.py
[2021-03-12 00:09:54,087] {scheduler_job.py:639} INFO - DAG(s) dict_keys(['example_trigger_controller_dag']) retrieved from /home/airflow/.local/lib/python3.6/site-packages/airflow/example_dags/example_trigger_controller_dag.py
[2021-03-12 00:09:54,111] {logging_mixin.py:104} INFO - [2021-03-12 00:09:54,111] {dag.py:1818} INFO - Sync 1 DAGs
[2021-03-12 00:09:54,134] {logging_mixin.py:104} INFO - [2021-03-12 00:09:54,134] {dag.py:2273} INFO - Setting next_dagrun for example_trigger_controller_dag to 2021-03-10 00:00:00+00:00
[2021-03-12 00:09:54,143] {scheduler_job.py:190} INFO - Processing /home/airflow/.local/lib/python3.6/site-packages/airflow/example_dags/example_trigger_controller_dag.py took 0.077 seconds
[2021-03-12 00:10:24,958] {scheduler_job.py:182} INFO - Started process (PID=2445) to work on /home/airflow/.local/lib/python3.6/site-packages/airflow/example_dags/example_trigger_controller_dag.py
[2021-03-12 00:10:24,960] {scheduler_job.py:629} INFO - Processing file /home/airflow/.local/lib/python3.6/site-packages/airflow/example_dags/example_trigger_controller_dag.py for tasks to queue
[2021-03-12 00:10:24,962] {logging_mixin.py:104} INFO - [2021-03-12 00:10:24,962] {dagbag.py:448} INFO - Filling up the DagBag from /home/airflow/.local/lib/python3.6/site-packages/airflow/example_dags/example_trigger_controller_dag.py
[2021-03-12 00:10:24,974] {scheduler_job.py:639} INFO - DAG(s) dict_keys(['example_trigger_controller_dag']) retrieved from /home/airflow/.local/lib/python3.6/site-packages/airflow/example_dags/example_trigger_controller_dag.py
[2021-03-12 00:10:25,010] {logging_mixin.py:104} INFO - [2021-03-12 00:10:25,010] {dag.py:1818} INFO - Sync 1 DAGs
[2021-03-12 00:10:25,030] {logging_mixin.py:104} INFO - [2021-03-12 00:10:25,030] {dag.py:2273} INFO - Setting next_dagrun for example_trigger_controller_dag to 2021-03-10 00:00:00+00:00
[2021-03-12 00:10:25,041] {scheduler_job.py:190} INFO - Processing /home/airflow/.local/lib/python3.6/site-packages/airflow/example_dags/example_trigger_controller_dag.py took 0.087 seconds
[2021-03-12 00:10:55,464] {scheduler_job.py:182} INFO - Started process (PID=2472) to work on /home/airflow/.local/lib/python3.6/site-packages/airflow/example_dags/example_trigger_controller_dag.py
[2021-03-12 00:10:55,473] {scheduler_job.py:629} INFO - Processing file /home/airflow/.local/lib/python3.6/site-packages/airflow/example_dags/example_trigger_controller_dag.py for tasks to queue
[2021-03-12 00:10:55,475] {logging_mixin.py:104} INFO - [2021-03-12 00:10:55,475] {dagbag.py:448} INFO - Filling up the DagBag from /home/airflow/.local/lib/python3.6/site-packages/airflow/example_dags/example_trigger_controller_dag.py
[2021-03-12 00:10:55,490] {scheduler_job.py:639} INFO - DAG(s) dict_keys(['example_trigger_controller_dag']) retrieved from /home/airflow/.local/lib/python3.6/site-packages/airflow/example_dags/example_trigger_controller_dag.py
[2021-03-12 00:10:55,524] {logging_mixin.py:104} INFO - [2021-03-12 00:10:55,524] {dag.py:1818} INFO - Sync 1 DAGs
[2021-03-12 00:10:55,543] {logging_mixin.py:104} INFO - [2021-03-12 00:10:55,543] {dag.py:2273} INFO - Setting next_dagrun for example_trigger_controller_dag to 2021-03-10 00:00:00+00:00
[2021-03-12 00:10:55,554] {scheduler_job.py:190} INFO - Processing /home/airflow/.local/lib/python3.6/site-packages/airflow/example_dags/example_trigger_controller_dag.py took 0.096 seconds
[2021-03-12 00:11:26,196] {scheduler_job.py:182} INFO - Started process (PID=2499) to work on /home/airflow/.local/lib/python3.6/site-packages/airflow/example_dags/example_trigger_controller_dag.py
[2021-03-12 00:11:26,198] {scheduler_job.py:629} INFO - Processing file /home/airflow/.local/lib/python3.6/site-packages/airflow/example_dags/example_trigger_controller_dag.py for tasks to queue
[2021-03-12 00:11:26,200] {logging_mixin.py:104} INFO - [2021-03-12 00:11:26,200] {dagbag.py:448} INFO - Filling up the DagBag from /home/airflow/.local/lib/python3.6/site-packages/airflow/example_dags/example_trigger_controller_dag.py
[2021-03-12 00:11:26,223] {scheduler_job.py:639} INFO - DAG(s) dict_keys(['example_trigger_controller_dag']) retrieved from /home/airflow/.local/lib/python3.6/site-packages/airflow/example_dags/example_trigger_controller_dag.py
[2021-03-12 00:11:26,260] {logging_mixin.py:104} INFO - [2021-03-12 00:11:26,260] {dag.py:1818} INFO - Sync 1 DAGs
[2021-03-12 00:11:26,328] {logging_mixin.py:104} INFO - [2021-03-12 00:11:26,328] {dag.py:2273} INFO - Setting next_dagrun for example_trigger_controller_dag to 2021-03-10 00:00:00+00:00
[2021-03-12 00:11:26,352] {scheduler_job.py:190} INFO - Processing /home/airflow/.local/lib/python3.6/site-packages/airflow/example_dags/example_trigger_controller_dag.py took 0.160 seconds
[2021-03-12 00:41:04,282] {scheduler_job.py:182} INFO - Started process (PID=29) to work on /home/airflow/.local/lib/python3.6/site-packages/airflow/example_dags/example_trigger_controller_dag.py
[2021-03-12 00:41:04,308] {scheduler_job.py:629} INFO - Processing file /home/airflow/.local/lib/python3.6/site-packages/airflow/example_dags/example_trigger_controller_dag.py for tasks to queue
[2021-03-12 00:41:04,316] {logging_mixin.py:104} INFO - [2021-03-12 00:41:04,316] {dagbag.py:448} INFO - Filling up the DagBag from /home/airflow/.local/lib/python3.6/site-packages/airflow/example_dags/example_trigger_controller_dag.py
[2021-03-12 00:41:04,401] {scheduler_job.py:639} INFO - DAG(s) dict_keys(['example_trigger_controller_dag']) retrieved from /home/airflow/.local/lib/python3.6/site-packages/airflow/example_dags/example_trigger_controller_dag.py
[2021-03-12 00:41:04,579] {logging_mixin.py:104} INFO - [2021-03-12 00:41:04,579] {dag.py:1818} INFO - Sync 1 DAGs
[2021-03-12 00:41:04,649] {logging_mixin.py:104} INFO - [2021-03-12 00:41:04,648] {dag.py:2273} INFO - Setting next_dagrun for example_trigger_controller_dag to 2021-03-10 00:00:00+00:00
[2021-03-12 00:41:04,697] {scheduler_job.py:190} INFO - Processing /home/airflow/.local/lib/python3.6/site-packages/airflow/example_dags/example_trigger_controller_dag.py took 0.423 seconds
[2021-03-12 00:41:35,076] {scheduler_job.py:182} INFO - Started process (PID=56) to work on /home/airflow/.local/lib/python3.6/site-packages/airflow/example_dags/example_trigger_controller_dag.py
[2021-03-12 00:41:35,079] {scheduler_job.py:629} INFO - Processing file /home/airflow/.local/lib/python3.6/site-packages/airflow/example_dags/example_trigger_controller_dag.py for tasks to queue
[2021-03-12 00:41:35,087] {logging_mixin.py:104} INFO - [2021-03-12 00:41:35,086] {dagbag.py:448} INFO - Filling up the DagBag from /home/airflow/.local/lib/python3.6/site-packages/airflow/example_dags/example_trigger_controller_dag.py
[2021-03-12 00:41:35,099] {scheduler_job.py:639} INFO - DAG(s) dict_keys(['example_trigger_controller_dag']) retrieved from /home/airflow/.local/lib/python3.6/site-packages/airflow/example_dags/example_trigger_controller_dag.py
[2021-03-12 00:41:35,129] {logging_mixin.py:104} INFO - [2021-03-12 00:41:35,129] {dag.py:1818} INFO - Sync 1 DAGs
[2021-03-12 00:41:35,145] {logging_mixin.py:104} INFO - [2021-03-12 00:41:35,145] {dag.py:2273} INFO - Setting next_dagrun for example_trigger_controller_dag to 2021-03-10 00:00:00+00:00
[2021-03-12 00:41:35,154] {scheduler_job.py:190} INFO - Processing /home/airflow/.local/lib/python3.6/site-packages/airflow/example_dags/example_trigger_controller_dag.py took 0.081 seconds
[2021-03-12 00:42:05,720] {scheduler_job.py:182} INFO - Started process (PID=83) to work on /home/airflow/.local/lib/python3.6/site-packages/airflow/example_dags/example_trigger_controller_dag.py
[2021-03-12 00:42:05,723] {scheduler_job.py:629} INFO - Processing file /home/airflow/.local/lib/python3.6/site-packages/airflow/example_dags/example_trigger_controller_dag.py for tasks to queue
[2021-03-12 00:42:05,725] {logging_mixin.py:104} INFO - [2021-03-12 00:42:05,724] {dagbag.py:448} INFO - Filling up the DagBag from /home/airflow/.local/lib/python3.6/site-packages/airflow/example_dags/example_trigger_controller_dag.py
[2021-03-12 00:42:05,738] {scheduler_job.py:639} INFO - DAG(s) dict_keys(['example_trigger_controller_dag']) retrieved from /home/airflow/.local/lib/python3.6/site-packages/airflow/example_dags/example_trigger_controller_dag.py
[2021-03-12 00:42:05,789] {logging_mixin.py:104} INFO - [2021-03-12 00:42:05,789] {dag.py:1818} INFO - Sync 1 DAGs
[2021-03-12 00:42:05,816] {logging_mixin.py:104} INFO - [2021-03-12 00:42:05,816] {dag.py:2273} INFO - Setting next_dagrun for example_trigger_controller_dag to 2021-03-10 00:00:00+00:00
[2021-03-12 00:42:05,832] {scheduler_job.py:190} INFO - Processing /home/airflow/.local/lib/python3.6/site-packages/airflow/example_dags/example_trigger_controller_dag.py took 0.116 seconds
[2021-03-12 00:42:36,459] {scheduler_job.py:182} INFO - Started process (PID=110) to work on /home/airflow/.local/lib/python3.6/site-packages/airflow/example_dags/example_trigger_controller_dag.py
[2021-03-12 00:42:36,461] {scheduler_job.py:629} INFO - Processing file /home/airflow/.local/lib/python3.6/site-packages/airflow/example_dags/example_trigger_controller_dag.py for tasks to queue
[2021-03-12 00:42:36,462] {logging_mixin.py:104} INFO - [2021-03-12 00:42:36,462] {dagbag.py:448} INFO - Filling up the DagBag from /home/airflow/.local/lib/python3.6/site-packages/airflow/example_dags/example_trigger_controller_dag.py
[2021-03-12 00:42:36,474] {scheduler_job.py:639} INFO - DAG(s) dict_keys(['example_trigger_controller_dag']) retrieved from /home/airflow/.local/lib/python3.6/site-packages/airflow/example_dags/example_trigger_controller_dag.py
[2021-03-12 00:42:36,510] {logging_mixin.py:104} INFO - [2021-03-12 00:42:36,510] {dag.py:1818} INFO - Sync 1 DAGs
[2021-03-12 00:42:36,533] {logging_mixin.py:104} INFO - [2021-03-12 00:42:36,532] {dag.py:2273} INFO - Setting next_dagrun for example_trigger_controller_dag to 2021-03-10 00:00:00+00:00
[2021-03-12 00:42:36,545] {scheduler_job.py:190} INFO - Processing /home/airflow/.local/lib/python3.6/site-packages/airflow/example_dags/example_trigger_controller_dag.py took 0.090 seconds
[2021-03-12 00:43:07,397] {scheduler_job.py:182} INFO - Started process (PID=137) to work on /home/airflow/.local/lib/python3.6/site-packages/airflow/example_dags/example_trigger_controller_dag.py
[2021-03-12 00:43:07,399] {scheduler_job.py:629} INFO - Processing file /home/airflow/.local/lib/python3.6/site-packages/airflow/example_dags/example_trigger_controller_dag.py for tasks to queue
[2021-03-12 00:43:07,401] {logging_mixin.py:104} INFO - [2021-03-12 00:43:07,401] {dagbag.py:448} INFO - Filling up the DagBag from /home/airflow/.local/lib/python3.6/site-packages/airflow/example_dags/example_trigger_controller_dag.py
[2021-03-12 00:43:07,432] {scheduler_job.py:639} INFO - DAG(s) dict_keys(['example_trigger_controller_dag']) retrieved from /home/airflow/.local/lib/python3.6/site-packages/airflow/example_dags/example_trigger_controller_dag.py
[2021-03-12 00:43:07,457] {logging_mixin.py:104} INFO - [2021-03-12 00:43:07,457] {dag.py:1818} INFO - Sync 1 DAGs
[2021-03-12 00:43:07,480] {logging_mixin.py:104} INFO - [2021-03-12 00:43:07,480] {dag.py:2273} INFO - Setting next_dagrun for example_trigger_controller_dag to 2021-03-10 00:00:00+00:00
[2021-03-12 00:43:07,496] {scheduler_job.py:190} INFO - Processing /home/airflow/.local/lib/python3.6/site-packages/airflow/example_dags/example_trigger_controller_dag.py took 0.104 seconds
