[2021-03-12 00:00:14,976] {scheduler_job.py:182} INFO - Started process (PID=1915) to work on /home/airflow/.local/lib/python3.6/site-packages/airflow/example_dags/example_trigger_target_dag.py
[2021-03-12 00:00:14,979] {scheduler_job.py:629} INFO - Processing file /home/airflow/.local/lib/python3.6/site-packages/airflow/example_dags/example_trigger_target_dag.py for tasks to queue
[2021-03-12 00:00:14,980] {logging_mixin.py:104} INFO - [2021-03-12 00:00:14,980] {dagbag.py:448} INFO - Filling up the DagBag from /home/airflow/.local/lib/python3.6/site-packages/airflow/example_dags/example_trigger_target_dag.py
[2021-03-12 00:00:14,999] {scheduler_job.py:639} INFO - DAG(s) dict_keys(['example_trigger_target_dag']) retrieved from /home/airflow/.local/lib/python3.6/site-packages/airflow/example_dags/example_trigger_target_dag.py
[2021-03-12 00:00:15,044] {logging_mixin.py:104} INFO - [2021-03-12 00:00:15,043] {dag.py:1818} INFO - Sync 1 DAGs
[2021-03-12 00:00:15,066] {logging_mixin.py:104} INFO - [2021-03-12 00:00:15,066] {dag.py:2273} INFO - Setting next_dagrun for example_trigger_target_dag to None
[2021-03-12 00:00:15,083] {scheduler_job.py:190} INFO - Processing /home/airflow/.local/lib/python3.6/site-packages/airflow/example_dags/example_trigger_target_dag.py took 0.114 seconds
[2021-03-12 00:00:45,677] {scheduler_job.py:182} INFO - Started process (PID=1942) to work on /home/airflow/.local/lib/python3.6/site-packages/airflow/example_dags/example_trigger_target_dag.py
[2021-03-12 00:00:45,678] {scheduler_job.py:629} INFO - Processing file /home/airflow/.local/lib/python3.6/site-packages/airflow/example_dags/example_trigger_target_dag.py for tasks to queue
[2021-03-12 00:00:45,680] {logging_mixin.py:104} INFO - [2021-03-12 00:00:45,680] {dagbag.py:448} INFO - Filling up the DagBag from /home/airflow/.local/lib/python3.6/site-packages/airflow/example_dags/example_trigger_target_dag.py
[2021-03-12 00:00:45,694] {scheduler_job.py:639} INFO - DAG(s) dict_keys(['example_trigger_target_dag']) retrieved from /home/airflow/.local/lib/python3.6/site-packages/airflow/example_dags/example_trigger_target_dag.py
[2021-03-12 00:00:45,716] {logging_mixin.py:104} INFO - [2021-03-12 00:00:45,716] {dag.py:1818} INFO - Sync 1 DAGs
[2021-03-12 00:00:45,732] {logging_mixin.py:104} INFO - [2021-03-12 00:00:45,732] {dag.py:2273} INFO - Setting next_dagrun for example_trigger_target_dag to None
[2021-03-12 00:00:45,742] {scheduler_job.py:190} INFO - Processing /home/airflow/.local/lib/python3.6/site-packages/airflow/example_dags/example_trigger_target_dag.py took 0.069 seconds
[2021-03-12 00:01:16,298] {scheduler_job.py:182} INFO - Started process (PID=1969) to work on /home/airflow/.local/lib/python3.6/site-packages/airflow/example_dags/example_trigger_target_dag.py
[2021-03-12 00:01:16,299] {scheduler_job.py:629} INFO - Processing file /home/airflow/.local/lib/python3.6/site-packages/airflow/example_dags/example_trigger_target_dag.py for tasks to queue
[2021-03-12 00:01:16,301] {logging_mixin.py:104} INFO - [2021-03-12 00:01:16,301] {dagbag.py:448} INFO - Filling up the DagBag from /home/airflow/.local/lib/python3.6/site-packages/airflow/example_dags/example_trigger_target_dag.py
[2021-03-12 00:01:16,314] {scheduler_job.py:639} INFO - DAG(s) dict_keys(['example_trigger_target_dag']) retrieved from /home/airflow/.local/lib/python3.6/site-packages/airflow/example_dags/example_trigger_target_dag.py
[2021-03-12 00:01:16,335] {logging_mixin.py:104} INFO - [2021-03-12 00:01:16,335] {dag.py:1818} INFO - Sync 1 DAGs
[2021-03-12 00:01:16,354] {logging_mixin.py:104} INFO - [2021-03-12 00:01:16,354] {dag.py:2273} INFO - Setting next_dagrun for example_trigger_target_dag to None
[2021-03-12 00:01:16,363] {scheduler_job.py:190} INFO - Processing /home/airflow/.local/lib/python3.6/site-packages/airflow/example_dags/example_trigger_target_dag.py took 0.069 seconds
[2021-03-12 00:01:46,921] {scheduler_job.py:182} INFO - Started process (PID=1996) to work on /home/airflow/.local/lib/python3.6/site-packages/airflow/example_dags/example_trigger_target_dag.py
[2021-03-12 00:01:46,923] {scheduler_job.py:629} INFO - Processing file /home/airflow/.local/lib/python3.6/site-packages/airflow/example_dags/example_trigger_target_dag.py for tasks to queue
[2021-03-12 00:01:46,925] {logging_mixin.py:104} INFO - [2021-03-12 00:01:46,925] {dagbag.py:448} INFO - Filling up the DagBag from /home/airflow/.local/lib/python3.6/site-packages/airflow/example_dags/example_trigger_target_dag.py
[2021-03-12 00:01:46,937] {scheduler_job.py:639} INFO - DAG(s) dict_keys(['example_trigger_target_dag']) retrieved from /home/airflow/.local/lib/python3.6/site-packages/airflow/example_dags/example_trigger_target_dag.py
[2021-03-12 00:01:46,965] {logging_mixin.py:104} INFO - [2021-03-12 00:01:46,965] {dag.py:1818} INFO - Sync 1 DAGs
[2021-03-12 00:01:46,983] {logging_mixin.py:104} INFO - [2021-03-12 00:01:46,983] {dag.py:2273} INFO - Setting next_dagrun for example_trigger_target_dag to None
[2021-03-12 00:01:46,999] {scheduler_job.py:190} INFO - Processing /home/airflow/.local/lib/python3.6/site-packages/airflow/example_dags/example_trigger_target_dag.py took 0.082 seconds
[2021-03-12 00:02:17,523] {scheduler_job.py:182} INFO - Started process (PID=2023) to work on /home/airflow/.local/lib/python3.6/site-packages/airflow/example_dags/example_trigger_target_dag.py
[2021-03-12 00:02:17,525] {scheduler_job.py:629} INFO - Processing file /home/airflow/.local/lib/python3.6/site-packages/airflow/example_dags/example_trigger_target_dag.py for tasks to queue
[2021-03-12 00:02:17,527] {logging_mixin.py:104} INFO - [2021-03-12 00:02:17,527] {dagbag.py:448} INFO - Filling up the DagBag from /home/airflow/.local/lib/python3.6/site-packages/airflow/example_dags/example_trigger_target_dag.py
[2021-03-12 00:02:17,541] {scheduler_job.py:639} INFO - DAG(s) dict_keys(['example_trigger_target_dag']) retrieved from /home/airflow/.local/lib/python3.6/site-packages/airflow/example_dags/example_trigger_target_dag.py
[2021-03-12 00:02:17,568] {logging_mixin.py:104} INFO - [2021-03-12 00:02:17,568] {dag.py:1818} INFO - Sync 1 DAGs
[2021-03-12 00:02:17,589] {logging_mixin.py:104} INFO - [2021-03-12 00:02:17,589] {dag.py:2273} INFO - Setting next_dagrun for example_trigger_target_dag to None
[2021-03-12 00:02:17,600] {scheduler_job.py:190} INFO - Processing /home/airflow/.local/lib/python3.6/site-packages/airflow/example_dags/example_trigger_target_dag.py took 0.082 seconds
[2021-03-12 00:02:48,269] {scheduler_job.py:182} INFO - Started process (PID=2050) to work on /home/airflow/.local/lib/python3.6/site-packages/airflow/example_dags/example_trigger_target_dag.py
[2021-03-12 00:02:48,273] {scheduler_job.py:629} INFO - Processing file /home/airflow/.local/lib/python3.6/site-packages/airflow/example_dags/example_trigger_target_dag.py for tasks to queue
[2021-03-12 00:02:48,274] {logging_mixin.py:104} INFO - [2021-03-12 00:02:48,274] {dagbag.py:448} INFO - Filling up the DagBag from /home/airflow/.local/lib/python3.6/site-packages/airflow/example_dags/example_trigger_target_dag.py
[2021-03-12 00:02:48,294] {scheduler_job.py:639} INFO - DAG(s) dict_keys(['example_trigger_target_dag']) retrieved from /home/airflow/.local/lib/python3.6/site-packages/airflow/example_dags/example_trigger_target_dag.py
[2021-03-12 00:02:48,317] {logging_mixin.py:104} INFO - [2021-03-12 00:02:48,317] {dag.py:1818} INFO - Sync 1 DAGs
[2021-03-12 00:02:48,333] {logging_mixin.py:104} INFO - [2021-03-12 00:02:48,333] {dag.py:2273} INFO - Setting next_dagrun for example_trigger_target_dag to None
[2021-03-12 00:02:48,344] {scheduler_job.py:190} INFO - Processing /home/airflow/.local/lib/python3.6/site-packages/airflow/example_dags/example_trigger_target_dag.py took 0.080 seconds
[2021-03-12 00:03:18,984] {scheduler_job.py:182} INFO - Started process (PID=2077) to work on /home/airflow/.local/lib/python3.6/site-packages/airflow/example_dags/example_trigger_target_dag.py
[2021-03-12 00:03:18,986] {scheduler_job.py:629} INFO - Processing file /home/airflow/.local/lib/python3.6/site-packages/airflow/example_dags/example_trigger_target_dag.py for tasks to queue
[2021-03-12 00:03:18,989] {logging_mixin.py:104} INFO - [2021-03-12 00:03:18,989] {dagbag.py:448} INFO - Filling up the DagBag from /home/airflow/.local/lib/python3.6/site-packages/airflow/example_dags/example_trigger_target_dag.py
[2021-03-12 00:03:19,004] {scheduler_job.py:639} INFO - DAG(s) dict_keys(['example_trigger_target_dag']) retrieved from /home/airflow/.local/lib/python3.6/site-packages/airflow/example_dags/example_trigger_target_dag.py
[2021-03-12 00:03:19,037] {logging_mixin.py:104} INFO - [2021-03-12 00:03:19,037] {dag.py:1818} INFO - Sync 1 DAGs
[2021-03-12 00:03:19,054] {logging_mixin.py:104} INFO - [2021-03-12 00:03:19,053] {dag.py:2273} INFO - Setting next_dagrun for example_trigger_target_dag to None
[2021-03-12 00:03:19,066] {scheduler_job.py:190} INFO - Processing /home/airflow/.local/lib/python3.6/site-packages/airflow/example_dags/example_trigger_target_dag.py took 0.087 seconds
[2021-03-12 00:03:49,723] {scheduler_job.py:182} INFO - Started process (PID=2104) to work on /home/airflow/.local/lib/python3.6/site-packages/airflow/example_dags/example_trigger_target_dag.py
[2021-03-12 00:03:49,729] {scheduler_job.py:629} INFO - Processing file /home/airflow/.local/lib/python3.6/site-packages/airflow/example_dags/example_trigger_target_dag.py for tasks to queue
[2021-03-12 00:03:49,733] {logging_mixin.py:104} INFO - [2021-03-12 00:03:49,733] {dagbag.py:448} INFO - Filling up the DagBag from /home/airflow/.local/lib/python3.6/site-packages/airflow/example_dags/example_trigger_target_dag.py
[2021-03-12 00:03:49,750] {scheduler_job.py:639} INFO - DAG(s) dict_keys(['example_trigger_target_dag']) retrieved from /home/airflow/.local/lib/python3.6/site-packages/airflow/example_dags/example_trigger_target_dag.py
[2021-03-12 00:03:49,788] {logging_mixin.py:104} INFO - [2021-03-12 00:03:49,787] {dag.py:1818} INFO - Sync 1 DAGs
[2021-03-12 00:03:49,805] {logging_mixin.py:104} INFO - [2021-03-12 00:03:49,805] {dag.py:2273} INFO - Setting next_dagrun for example_trigger_target_dag to None
[2021-03-12 00:03:49,816] {scheduler_job.py:190} INFO - Processing /home/airflow/.local/lib/python3.6/site-packages/airflow/example_dags/example_trigger_target_dag.py took 0.097 seconds
[2021-03-12 00:04:20,364] {scheduler_job.py:182} INFO - Started process (PID=2131) to work on /home/airflow/.local/lib/python3.6/site-packages/airflow/example_dags/example_trigger_target_dag.py
[2021-03-12 00:04:20,366] {scheduler_job.py:629} INFO - Processing file /home/airflow/.local/lib/python3.6/site-packages/airflow/example_dags/example_trigger_target_dag.py for tasks to queue
[2021-03-12 00:04:20,368] {logging_mixin.py:104} INFO - [2021-03-12 00:04:20,367] {dagbag.py:448} INFO - Filling up the DagBag from /home/airflow/.local/lib/python3.6/site-packages/airflow/example_dags/example_trigger_target_dag.py
[2021-03-12 00:04:20,380] {scheduler_job.py:639} INFO - DAG(s) dict_keys(['example_trigger_target_dag']) retrieved from /home/airflow/.local/lib/python3.6/site-packages/airflow/example_dags/example_trigger_target_dag.py
[2021-03-12 00:04:20,403] {logging_mixin.py:104} INFO - [2021-03-12 00:04:20,403] {dag.py:1818} INFO - Sync 1 DAGs
[2021-03-12 00:04:20,420] {logging_mixin.py:104} INFO - [2021-03-12 00:04:20,420] {dag.py:2273} INFO - Setting next_dagrun for example_trigger_target_dag to None
[2021-03-12 00:04:20,430] {scheduler_job.py:190} INFO - Processing /home/airflow/.local/lib/python3.6/site-packages/airflow/example_dags/example_trigger_target_dag.py took 0.069 seconds
[2021-03-12 00:04:51,056] {scheduler_job.py:182} INFO - Started process (PID=2158) to work on /home/airflow/.local/lib/python3.6/site-packages/airflow/example_dags/example_trigger_target_dag.py
[2021-03-12 00:04:51,065] {scheduler_job.py:629} INFO - Processing file /home/airflow/.local/lib/python3.6/site-packages/airflow/example_dags/example_trigger_target_dag.py for tasks to queue
[2021-03-12 00:04:51,066] {logging_mixin.py:104} INFO - [2021-03-12 00:04:51,066] {dagbag.py:448} INFO - Filling up the DagBag from /home/airflow/.local/lib/python3.6/site-packages/airflow/example_dags/example_trigger_target_dag.py
[2021-03-12 00:04:51,091] {scheduler_job.py:639} INFO - DAG(s) dict_keys(['example_trigger_target_dag']) retrieved from /home/airflow/.local/lib/python3.6/site-packages/airflow/example_dags/example_trigger_target_dag.py
[2021-03-12 00:04:51,117] {logging_mixin.py:104} INFO - [2021-03-12 00:04:51,116] {dag.py:1818} INFO - Sync 1 DAGs
[2021-03-12 00:04:51,131] {logging_mixin.py:104} INFO - [2021-03-12 00:04:51,131] {dag.py:2273} INFO - Setting next_dagrun for example_trigger_target_dag to None
[2021-03-12 00:04:51,141] {scheduler_job.py:190} INFO - Processing /home/airflow/.local/lib/python3.6/site-packages/airflow/example_dags/example_trigger_target_dag.py took 0.089 seconds
[2021-03-12 00:05:21,909] {scheduler_job.py:182} INFO - Started process (PID=2185) to work on /home/airflow/.local/lib/python3.6/site-packages/airflow/example_dags/example_trigger_target_dag.py
[2021-03-12 00:05:21,911] {scheduler_job.py:629} INFO - Processing file /home/airflow/.local/lib/python3.6/site-packages/airflow/example_dags/example_trigger_target_dag.py for tasks to queue
[2021-03-12 00:05:21,915] {logging_mixin.py:104} INFO - [2021-03-12 00:05:21,915] {dagbag.py:448} INFO - Filling up the DagBag from /home/airflow/.local/lib/python3.6/site-packages/airflow/example_dags/example_trigger_target_dag.py
[2021-03-12 00:05:21,936] {scheduler_job.py:639} INFO - DAG(s) dict_keys(['example_trigger_target_dag']) retrieved from /home/airflow/.local/lib/python3.6/site-packages/airflow/example_dags/example_trigger_target_dag.py
[2021-03-12 00:05:21,962] {logging_mixin.py:104} INFO - [2021-03-12 00:05:21,962] {dag.py:1818} INFO - Sync 1 DAGs
[2021-03-12 00:05:21,980] {logging_mixin.py:104} INFO - [2021-03-12 00:05:21,980] {dag.py:2273} INFO - Setting next_dagrun for example_trigger_target_dag to None
[2021-03-12 00:05:21,994] {scheduler_job.py:190} INFO - Processing /home/airflow/.local/lib/python3.6/site-packages/airflow/example_dags/example_trigger_target_dag.py took 0.089 seconds
[2021-03-12 00:05:52,733] {scheduler_job.py:182} INFO - Started process (PID=2212) to work on /home/airflow/.local/lib/python3.6/site-packages/airflow/example_dags/example_trigger_target_dag.py
[2021-03-12 00:05:52,740] {scheduler_job.py:629} INFO - Processing file /home/airflow/.local/lib/python3.6/site-packages/airflow/example_dags/example_trigger_target_dag.py for tasks to queue
[2021-03-12 00:05:52,744] {logging_mixin.py:104} INFO - [2021-03-12 00:05:52,744] {dagbag.py:448} INFO - Filling up the DagBag from /home/airflow/.local/lib/python3.6/site-packages/airflow/example_dags/example_trigger_target_dag.py
[2021-03-12 00:05:52,775] {scheduler_job.py:639} INFO - DAG(s) dict_keys(['example_trigger_target_dag']) retrieved from /home/airflow/.local/lib/python3.6/site-packages/airflow/example_dags/example_trigger_target_dag.py
[2021-03-12 00:05:52,840] {logging_mixin.py:104} INFO - [2021-03-12 00:05:52,840] {dag.py:1818} INFO - Sync 1 DAGs
[2021-03-12 00:05:52,872] {logging_mixin.py:104} INFO - [2021-03-12 00:05:52,872] {dag.py:2273} INFO - Setting next_dagrun for example_trigger_target_dag to None
[2021-03-12 00:05:52,889] {scheduler_job.py:190} INFO - Processing /home/airflow/.local/lib/python3.6/site-packages/airflow/example_dags/example_trigger_target_dag.py took 0.163 seconds
[2021-03-12 00:06:23,486] {scheduler_job.py:182} INFO - Started process (PID=2239) to work on /home/airflow/.local/lib/python3.6/site-packages/airflow/example_dags/example_trigger_target_dag.py
[2021-03-12 00:06:23,488] {scheduler_job.py:629} INFO - Processing file /home/airflow/.local/lib/python3.6/site-packages/airflow/example_dags/example_trigger_target_dag.py for tasks to queue
[2021-03-12 00:06:23,490] {logging_mixin.py:104} INFO - [2021-03-12 00:06:23,489] {dagbag.py:448} INFO - Filling up the DagBag from /home/airflow/.local/lib/python3.6/site-packages/airflow/example_dags/example_trigger_target_dag.py
[2021-03-12 00:06:23,504] {scheduler_job.py:639} INFO - DAG(s) dict_keys(['example_trigger_target_dag']) retrieved from /home/airflow/.local/lib/python3.6/site-packages/airflow/example_dags/example_trigger_target_dag.py
[2021-03-12 00:06:23,529] {logging_mixin.py:104} INFO - [2021-03-12 00:06:23,529] {dag.py:1818} INFO - Sync 1 DAGs
[2021-03-12 00:06:23,550] {logging_mixin.py:104} INFO - [2021-03-12 00:06:23,550] {dag.py:2273} INFO - Setting next_dagrun for example_trigger_target_dag to None
[2021-03-12 00:06:23,562] {scheduler_job.py:190} INFO - Processing /home/airflow/.local/lib/python3.6/site-packages/airflow/example_dags/example_trigger_target_dag.py took 0.080 seconds
[2021-03-12 00:06:54,300] {scheduler_job.py:182} INFO - Started process (PID=2266) to work on /home/airflow/.local/lib/python3.6/site-packages/airflow/example_dags/example_trigger_target_dag.py
[2021-03-12 00:06:54,301] {scheduler_job.py:629} INFO - Processing file /home/airflow/.local/lib/python3.6/site-packages/airflow/example_dags/example_trigger_target_dag.py for tasks to queue
[2021-03-12 00:06:54,304] {logging_mixin.py:104} INFO - [2021-03-12 00:06:54,303] {dagbag.py:448} INFO - Filling up the DagBag from /home/airflow/.local/lib/python3.6/site-packages/airflow/example_dags/example_trigger_target_dag.py
[2021-03-12 00:06:54,317] {scheduler_job.py:639} INFO - DAG(s) dict_keys(['example_trigger_target_dag']) retrieved from /home/airflow/.local/lib/python3.6/site-packages/airflow/example_dags/example_trigger_target_dag.py
[2021-03-12 00:06:54,337] {logging_mixin.py:104} INFO - [2021-03-12 00:06:54,337] {dag.py:1818} INFO - Sync 1 DAGs
[2021-03-12 00:06:54,354] {logging_mixin.py:104} INFO - [2021-03-12 00:06:54,354] {dag.py:2273} INFO - Setting next_dagrun for example_trigger_target_dag to None
[2021-03-12 00:06:54,364] {scheduler_job.py:190} INFO - Processing /home/airflow/.local/lib/python3.6/site-packages/airflow/example_dags/example_trigger_target_dag.py took 0.068 seconds
[2021-03-12 00:07:25,185] {scheduler_job.py:182} INFO - Started process (PID=2293) to work on /home/airflow/.local/lib/python3.6/site-packages/airflow/example_dags/example_trigger_target_dag.py
[2021-03-12 00:07:25,187] {scheduler_job.py:629} INFO - Processing file /home/airflow/.local/lib/python3.6/site-packages/airflow/example_dags/example_trigger_target_dag.py for tasks to queue
[2021-03-12 00:07:25,189] {logging_mixin.py:104} INFO - [2021-03-12 00:07:25,188] {dagbag.py:448} INFO - Filling up the DagBag from /home/airflow/.local/lib/python3.6/site-packages/airflow/example_dags/example_trigger_target_dag.py
[2021-03-12 00:07:25,202] {scheduler_job.py:639} INFO - DAG(s) dict_keys(['example_trigger_target_dag']) retrieved from /home/airflow/.local/lib/python3.6/site-packages/airflow/example_dags/example_trigger_target_dag.py
[2021-03-12 00:07:25,222] {logging_mixin.py:104} INFO - [2021-03-12 00:07:25,222] {dag.py:1818} INFO - Sync 1 DAGs
[2021-03-12 00:07:25,239] {logging_mixin.py:104} INFO - [2021-03-12 00:07:25,239] {dag.py:2273} INFO - Setting next_dagrun for example_trigger_target_dag to None
[2021-03-12 00:07:25,248] {scheduler_job.py:190} INFO - Processing /home/airflow/.local/lib/python3.6/site-packages/airflow/example_dags/example_trigger_target_dag.py took 0.068 seconds
[2021-03-12 00:07:55,866] {scheduler_job.py:182} INFO - Started process (PID=2320) to work on /home/airflow/.local/lib/python3.6/site-packages/airflow/example_dags/example_trigger_target_dag.py
[2021-03-12 00:07:55,868] {scheduler_job.py:629} INFO - Processing file /home/airflow/.local/lib/python3.6/site-packages/airflow/example_dags/example_trigger_target_dag.py for tasks to queue
[2021-03-12 00:07:55,870] {logging_mixin.py:104} INFO - [2021-03-12 00:07:55,870] {dagbag.py:448} INFO - Filling up the DagBag from /home/airflow/.local/lib/python3.6/site-packages/airflow/example_dags/example_trigger_target_dag.py
[2021-03-12 00:07:55,883] {scheduler_job.py:639} INFO - DAG(s) dict_keys(['example_trigger_target_dag']) retrieved from /home/airflow/.local/lib/python3.6/site-packages/airflow/example_dags/example_trigger_target_dag.py
[2021-03-12 00:07:55,905] {logging_mixin.py:104} INFO - [2021-03-12 00:07:55,905] {dag.py:1818} INFO - Sync 1 DAGs
[2021-03-12 00:07:55,921] {logging_mixin.py:104} INFO - [2021-03-12 00:07:55,921] {dag.py:2273} INFO - Setting next_dagrun for example_trigger_target_dag to None
[2021-03-12 00:07:55,930] {scheduler_job.py:190} INFO - Processing /home/airflow/.local/lib/python3.6/site-packages/airflow/example_dags/example_trigger_target_dag.py took 0.069 seconds
[2021-03-12 00:08:26,490] {scheduler_job.py:182} INFO - Started process (PID=2347) to work on /home/airflow/.local/lib/python3.6/site-packages/airflow/example_dags/example_trigger_target_dag.py
[2021-03-12 00:08:26,493] {scheduler_job.py:629} INFO - Processing file /home/airflow/.local/lib/python3.6/site-packages/airflow/example_dags/example_trigger_target_dag.py for tasks to queue
[2021-03-12 00:08:26,494] {logging_mixin.py:104} INFO - [2021-03-12 00:08:26,494] {dagbag.py:448} INFO - Filling up the DagBag from /home/airflow/.local/lib/python3.6/site-packages/airflow/example_dags/example_trigger_target_dag.py
[2021-03-12 00:08:26,510] {scheduler_job.py:639} INFO - DAG(s) dict_keys(['example_trigger_target_dag']) retrieved from /home/airflow/.local/lib/python3.6/site-packages/airflow/example_dags/example_trigger_target_dag.py
[2021-03-12 00:08:26,536] {logging_mixin.py:104} INFO - [2021-03-12 00:08:26,536] {dag.py:1818} INFO - Sync 1 DAGs
[2021-03-12 00:08:26,564] {logging_mixin.py:104} INFO - [2021-03-12 00:08:26,564] {dag.py:2273} INFO - Setting next_dagrun for example_trigger_target_dag to None
[2021-03-12 00:08:26,582] {scheduler_job.py:190} INFO - Processing /home/airflow/.local/lib/python3.6/site-packages/airflow/example_dags/example_trigger_target_dag.py took 0.096 seconds
[2021-03-12 00:08:57,110] {scheduler_job.py:182} INFO - Started process (PID=2374) to work on /home/airflow/.local/lib/python3.6/site-packages/airflow/example_dags/example_trigger_target_dag.py
[2021-03-12 00:08:57,113] {scheduler_job.py:629} INFO - Processing file /home/airflow/.local/lib/python3.6/site-packages/airflow/example_dags/example_trigger_target_dag.py for tasks to queue
[2021-03-12 00:08:57,115] {logging_mixin.py:104} INFO - [2021-03-12 00:08:57,114] {dagbag.py:448} INFO - Filling up the DagBag from /home/airflow/.local/lib/python3.6/site-packages/airflow/example_dags/example_trigger_target_dag.py
[2021-03-12 00:08:57,139] {scheduler_job.py:639} INFO - DAG(s) dict_keys(['example_trigger_target_dag']) retrieved from /home/airflow/.local/lib/python3.6/site-packages/airflow/example_dags/example_trigger_target_dag.py
[2021-03-12 00:08:57,169] {logging_mixin.py:104} INFO - [2021-03-12 00:08:57,169] {dag.py:1818} INFO - Sync 1 DAGs
[2021-03-12 00:08:57,194] {logging_mixin.py:104} INFO - [2021-03-12 00:08:57,194] {dag.py:2273} INFO - Setting next_dagrun for example_trigger_target_dag to None
[2021-03-12 00:08:57,209] {scheduler_job.py:190} INFO - Processing /home/airflow/.local/lib/python3.6/site-packages/airflow/example_dags/example_trigger_target_dag.py took 0.104 seconds
[2021-03-12 00:09:27,732] {scheduler_job.py:182} INFO - Started process (PID=2401) to work on /home/airflow/.local/lib/python3.6/site-packages/airflow/example_dags/example_trigger_target_dag.py
[2021-03-12 00:09:27,735] {scheduler_job.py:629} INFO - Processing file /home/airflow/.local/lib/python3.6/site-packages/airflow/example_dags/example_trigger_target_dag.py for tasks to queue
[2021-03-12 00:09:27,736] {logging_mixin.py:104} INFO - [2021-03-12 00:09:27,736] {dagbag.py:448} INFO - Filling up the DagBag from /home/airflow/.local/lib/python3.6/site-packages/airflow/example_dags/example_trigger_target_dag.py
[2021-03-12 00:09:27,755] {scheduler_job.py:639} INFO - DAG(s) dict_keys(['example_trigger_target_dag']) retrieved from /home/airflow/.local/lib/python3.6/site-packages/airflow/example_dags/example_trigger_target_dag.py
[2021-03-12 00:09:27,811] {logging_mixin.py:104} INFO - [2021-03-12 00:09:27,811] {dag.py:1818} INFO - Sync 1 DAGs
[2021-03-12 00:09:27,841] {logging_mixin.py:104} INFO - [2021-03-12 00:09:27,841] {dag.py:2273} INFO - Setting next_dagrun for example_trigger_target_dag to None
[2021-03-12 00:09:27,862] {scheduler_job.py:190} INFO - Processing /home/airflow/.local/lib/python3.6/site-packages/airflow/example_dags/example_trigger_target_dag.py took 0.136 seconds
[2021-03-12 00:09:58,794] {scheduler_job.py:182} INFO - Started process (PID=2428) to work on /home/airflow/.local/lib/python3.6/site-packages/airflow/example_dags/example_trigger_target_dag.py
[2021-03-12 00:09:58,801] {scheduler_job.py:629} INFO - Processing file /home/airflow/.local/lib/python3.6/site-packages/airflow/example_dags/example_trigger_target_dag.py for tasks to queue
[2021-03-12 00:09:58,807] {logging_mixin.py:104} INFO - [2021-03-12 00:09:58,807] {dagbag.py:448} INFO - Filling up the DagBag from /home/airflow/.local/lib/python3.6/site-packages/airflow/example_dags/example_trigger_target_dag.py
[2021-03-12 00:09:58,863] {scheduler_job.py:639} INFO - DAG(s) dict_keys(['example_trigger_target_dag']) retrieved from /home/airflow/.local/lib/python3.6/site-packages/airflow/example_dags/example_trigger_target_dag.py
[2021-03-12 00:09:58,916] {logging_mixin.py:104} INFO - [2021-03-12 00:09:58,915] {dag.py:1818} INFO - Sync 1 DAGs
[2021-03-12 00:09:58,944] {logging_mixin.py:104} INFO - [2021-03-12 00:09:58,944] {dag.py:2273} INFO - Setting next_dagrun for example_trigger_target_dag to None
[2021-03-12 00:09:58,959] {scheduler_job.py:190} INFO - Processing /home/airflow/.local/lib/python3.6/site-packages/airflow/example_dags/example_trigger_target_dag.py took 0.179 seconds
[2021-03-12 00:10:29,453] {scheduler_job.py:182} INFO - Started process (PID=2455) to work on /home/airflow/.local/lib/python3.6/site-packages/airflow/example_dags/example_trigger_target_dag.py
[2021-03-12 00:10:29,455] {scheduler_job.py:629} INFO - Processing file /home/airflow/.local/lib/python3.6/site-packages/airflow/example_dags/example_trigger_target_dag.py for tasks to queue
[2021-03-12 00:10:29,457] {logging_mixin.py:104} INFO - [2021-03-12 00:10:29,457] {dagbag.py:448} INFO - Filling up the DagBag from /home/airflow/.local/lib/python3.6/site-packages/airflow/example_dags/example_trigger_target_dag.py
[2021-03-12 00:10:29,472] {scheduler_job.py:639} INFO - DAG(s) dict_keys(['example_trigger_target_dag']) retrieved from /home/airflow/.local/lib/python3.6/site-packages/airflow/example_dags/example_trigger_target_dag.py
[2021-03-12 00:10:29,503] {logging_mixin.py:104} INFO - [2021-03-12 00:10:29,503] {dag.py:1818} INFO - Sync 1 DAGs
[2021-03-12 00:10:29,523] {logging_mixin.py:104} INFO - [2021-03-12 00:10:29,523] {dag.py:2273} INFO - Setting next_dagrun for example_trigger_target_dag to None
[2021-03-12 00:10:29,545] {scheduler_job.py:190} INFO - Processing /home/airflow/.local/lib/python3.6/site-packages/airflow/example_dags/example_trigger_target_dag.py took 0.097 seconds
[2021-03-12 00:11:00,042] {scheduler_job.py:182} INFO - Started process (PID=2482) to work on /home/airflow/.local/lib/python3.6/site-packages/airflow/example_dags/example_trigger_target_dag.py
[2021-03-12 00:11:00,044] {scheduler_job.py:629} INFO - Processing file /home/airflow/.local/lib/python3.6/site-packages/airflow/example_dags/example_trigger_target_dag.py for tasks to queue
[2021-03-12 00:11:00,045] {logging_mixin.py:104} INFO - [2021-03-12 00:11:00,045] {dagbag.py:448} INFO - Filling up the DagBag from /home/airflow/.local/lib/python3.6/site-packages/airflow/example_dags/example_trigger_target_dag.py
[2021-03-12 00:11:00,059] {scheduler_job.py:639} INFO - DAG(s) dict_keys(['example_trigger_target_dag']) retrieved from /home/airflow/.local/lib/python3.6/site-packages/airflow/example_dags/example_trigger_target_dag.py
[2021-03-12 00:11:00,082] {logging_mixin.py:104} INFO - [2021-03-12 00:11:00,082] {dag.py:1818} INFO - Sync 1 DAGs
[2021-03-12 00:11:00,100] {logging_mixin.py:104} INFO - [2021-03-12 00:11:00,100] {dag.py:2273} INFO - Setting next_dagrun for example_trigger_target_dag to None
[2021-03-12 00:11:00,110] {scheduler_job.py:190} INFO - Processing /home/airflow/.local/lib/python3.6/site-packages/airflow/example_dags/example_trigger_target_dag.py took 0.073 seconds
[2021-03-12 00:11:31,114] {scheduler_job.py:182} INFO - Started process (PID=2509) to work on /home/airflow/.local/lib/python3.6/site-packages/airflow/example_dags/example_trigger_target_dag.py
[2021-03-12 00:11:31,122] {scheduler_job.py:629} INFO - Processing file /home/airflow/.local/lib/python3.6/site-packages/airflow/example_dags/example_trigger_target_dag.py for tasks to queue
[2021-03-12 00:11:31,123] {logging_mixin.py:104} INFO - [2021-03-12 00:11:31,123] {dagbag.py:448} INFO - Filling up the DagBag from /home/airflow/.local/lib/python3.6/site-packages/airflow/example_dags/example_trigger_target_dag.py
[2021-03-12 00:11:31,138] {scheduler_job.py:639} INFO - DAG(s) dict_keys(['example_trigger_target_dag']) retrieved from /home/airflow/.local/lib/python3.6/site-packages/airflow/example_dags/example_trigger_target_dag.py
[2021-03-12 00:11:31,165] {logging_mixin.py:104} INFO - [2021-03-12 00:11:31,165] {dag.py:1818} INFO - Sync 1 DAGs
[2021-03-12 00:11:31,191] {logging_mixin.py:104} INFO - [2021-03-12 00:11:31,190] {dag.py:2273} INFO - Setting next_dagrun for example_trigger_target_dag to None
[2021-03-12 00:11:31,209] {scheduler_job.py:190} INFO - Processing /home/airflow/.local/lib/python3.6/site-packages/airflow/example_dags/example_trigger_target_dag.py took 0.099 seconds
[2021-03-12 00:41:04,771] {scheduler_job.py:182} INFO - Started process (PID=31) to work on /home/airflow/.local/lib/python3.6/site-packages/airflow/example_dags/example_trigger_target_dag.py
[2021-03-12 00:41:04,774] {scheduler_job.py:629} INFO - Processing file /home/airflow/.local/lib/python3.6/site-packages/airflow/example_dags/example_trigger_target_dag.py for tasks to queue
[2021-03-12 00:41:04,778] {logging_mixin.py:104} INFO - [2021-03-12 00:41:04,778] {dagbag.py:448} INFO - Filling up the DagBag from /home/airflow/.local/lib/python3.6/site-packages/airflow/example_dags/example_trigger_target_dag.py
[2021-03-12 00:41:04,841] {scheduler_job.py:639} INFO - DAG(s) dict_keys(['example_trigger_target_dag']) retrieved from /home/airflow/.local/lib/python3.6/site-packages/airflow/example_dags/example_trigger_target_dag.py
[2021-03-12 00:41:04,906] {logging_mixin.py:104} INFO - [2021-03-12 00:41:04,906] {dag.py:1818} INFO - Sync 1 DAGs
[2021-03-12 00:41:04,965] {logging_mixin.py:104} INFO - [2021-03-12 00:41:04,965] {dag.py:2273} INFO - Setting next_dagrun for example_trigger_target_dag to None
[2021-03-12 00:41:04,989] {scheduler_job.py:190} INFO - Processing /home/airflow/.local/lib/python3.6/site-packages/airflow/example_dags/example_trigger_target_dag.py took 0.228 seconds
[2021-03-12 00:41:35,174] {scheduler_job.py:182} INFO - Started process (PID=58) to work on /home/airflow/.local/lib/python3.6/site-packages/airflow/example_dags/example_trigger_target_dag.py
[2021-03-12 00:41:35,177] {scheduler_job.py:629} INFO - Processing file /home/airflow/.local/lib/python3.6/site-packages/airflow/example_dags/example_trigger_target_dag.py for tasks to queue
[2021-03-12 00:41:35,179] {logging_mixin.py:104} INFO - [2021-03-12 00:41:35,178] {dagbag.py:448} INFO - Filling up the DagBag from /home/airflow/.local/lib/python3.6/site-packages/airflow/example_dags/example_trigger_target_dag.py
[2021-03-12 00:41:35,197] {scheduler_job.py:639} INFO - DAG(s) dict_keys(['example_trigger_target_dag']) retrieved from /home/airflow/.local/lib/python3.6/site-packages/airflow/example_dags/example_trigger_target_dag.py
[2021-03-12 00:41:35,234] {logging_mixin.py:104} INFO - [2021-03-12 00:41:35,234] {dag.py:1818} INFO - Sync 1 DAGs
[2021-03-12 00:41:35,252] {logging_mixin.py:104} INFO - [2021-03-12 00:41:35,252] {dag.py:2273} INFO - Setting next_dagrun for example_trigger_target_dag to None
[2021-03-12 00:41:35,261] {scheduler_job.py:190} INFO - Processing /home/airflow/.local/lib/python3.6/site-packages/airflow/example_dags/example_trigger_target_dag.py took 0.092 seconds
[2021-03-12 00:42:05,866] {scheduler_job.py:182} INFO - Started process (PID=85) to work on /home/airflow/.local/lib/python3.6/site-packages/airflow/example_dags/example_trigger_target_dag.py
[2021-03-12 00:42:05,868] {scheduler_job.py:629} INFO - Processing file /home/airflow/.local/lib/python3.6/site-packages/airflow/example_dags/example_trigger_target_dag.py for tasks to queue
[2021-03-12 00:42:05,870] {logging_mixin.py:104} INFO - [2021-03-12 00:42:05,870] {dagbag.py:448} INFO - Filling up the DagBag from /home/airflow/.local/lib/python3.6/site-packages/airflow/example_dags/example_trigger_target_dag.py
[2021-03-12 00:42:05,889] {scheduler_job.py:639} INFO - DAG(s) dict_keys(['example_trigger_target_dag']) retrieved from /home/airflow/.local/lib/python3.6/site-packages/airflow/example_dags/example_trigger_target_dag.py
[2021-03-12 00:42:05,913] {logging_mixin.py:104} INFO - [2021-03-12 00:42:05,913] {dag.py:1818} INFO - Sync 1 DAGs
[2021-03-12 00:42:05,930] {logging_mixin.py:104} INFO - [2021-03-12 00:42:05,930] {dag.py:2273} INFO - Setting next_dagrun for example_trigger_target_dag to None
[2021-03-12 00:42:05,944] {scheduler_job.py:190} INFO - Processing /home/airflow/.local/lib/python3.6/site-packages/airflow/example_dags/example_trigger_target_dag.py took 0.084 seconds
[2021-03-12 00:42:36,571] {scheduler_job.py:182} INFO - Started process (PID=112) to work on /home/airflow/.local/lib/python3.6/site-packages/airflow/example_dags/example_trigger_target_dag.py
[2021-03-12 00:42:36,573] {scheduler_job.py:629} INFO - Processing file /home/airflow/.local/lib/python3.6/site-packages/airflow/example_dags/example_trigger_target_dag.py for tasks to queue
[2021-03-12 00:42:36,574] {logging_mixin.py:104} INFO - [2021-03-12 00:42:36,574] {dagbag.py:448} INFO - Filling up the DagBag from /home/airflow/.local/lib/python3.6/site-packages/airflow/example_dags/example_trigger_target_dag.py
[2021-03-12 00:42:36,593] {scheduler_job.py:639} INFO - DAG(s) dict_keys(['example_trigger_target_dag']) retrieved from /home/airflow/.local/lib/python3.6/site-packages/airflow/example_dags/example_trigger_target_dag.py
[2021-03-12 00:42:36,624] {logging_mixin.py:104} INFO - [2021-03-12 00:42:36,624] {dag.py:1818} INFO - Sync 1 DAGs
[2021-03-12 00:42:36,655] {logging_mixin.py:104} INFO - [2021-03-12 00:42:36,655] {dag.py:2273} INFO - Setting next_dagrun for example_trigger_target_dag to None
[2021-03-12 00:42:36,666] {scheduler_job.py:190} INFO - Processing /home/airflow/.local/lib/python3.6/site-packages/airflow/example_dags/example_trigger_target_dag.py took 0.099 seconds
[2021-03-12 00:43:07,541] {scheduler_job.py:182} INFO - Started process (PID=139) to work on /home/airflow/.local/lib/python3.6/site-packages/airflow/example_dags/example_trigger_target_dag.py
[2021-03-12 00:43:07,543] {scheduler_job.py:629} INFO - Processing file /home/airflow/.local/lib/python3.6/site-packages/airflow/example_dags/example_trigger_target_dag.py for tasks to queue
[2021-03-12 00:43:07,545] {logging_mixin.py:104} INFO - [2021-03-12 00:43:07,544] {dagbag.py:448} INFO - Filling up the DagBag from /home/airflow/.local/lib/python3.6/site-packages/airflow/example_dags/example_trigger_target_dag.py
[2021-03-12 00:43:07,565] {scheduler_job.py:639} INFO - DAG(s) dict_keys(['example_trigger_target_dag']) retrieved from /home/airflow/.local/lib/python3.6/site-packages/airflow/example_dags/example_trigger_target_dag.py
[2021-03-12 00:43:07,615] {logging_mixin.py:104} INFO - [2021-03-12 00:43:07,615] {dag.py:1818} INFO - Sync 1 DAGs
[2021-03-12 00:43:07,639] {logging_mixin.py:104} INFO - [2021-03-12 00:43:07,639] {dag.py:2273} INFO - Setting next_dagrun for example_trigger_target_dag to None
[2021-03-12 00:43:07,649] {scheduler_job.py:190} INFO - Processing /home/airflow/.local/lib/python3.6/site-packages/airflow/example_dags/example_trigger_target_dag.py took 0.119 seconds
