[2021-03-12 00:00:07,700] {scheduler_job.py:182} INFO - Started process (PID=1897) to work on /home/airflow/.local/lib/python3.6/site-packages/airflow/example_dags/tutorial.py
[2021-03-12 00:00:07,702] {scheduler_job.py:629} INFO - Processing file /home/airflow/.local/lib/python3.6/site-packages/airflow/example_dags/tutorial.py for tasks to queue
[2021-03-12 00:00:07,704] {logging_mixin.py:104} INFO - [2021-03-12 00:00:07,704] {dagbag.py:448} INFO - Filling up the DagBag from /home/airflow/.local/lib/python3.6/site-packages/airflow/example_dags/tutorial.py
[2021-03-12 00:00:07,719] {scheduler_job.py:639} INFO - DAG(s) dict_keys(['tutorial']) retrieved from /home/airflow/.local/lib/python3.6/site-packages/airflow/example_dags/tutorial.py
[2021-03-12 00:00:07,756] {logging_mixin.py:104} INFO - [2021-03-12 00:00:07,755] {dag.py:1818} INFO - Sync 1 DAGs
[2021-03-12 00:00:07,777] {logging_mixin.py:104} INFO - [2021-03-12 00:00:07,777] {dag.py:2273} INFO - Setting next_dagrun for tutorial to 2021-03-10 00:00:00+00:00
[2021-03-12 00:00:07,789] {scheduler_job.py:190} INFO - Processing /home/airflow/.local/lib/python3.6/site-packages/airflow/example_dags/tutorial.py took 0.093 seconds
[2021-03-12 00:00:38,554] {scheduler_job.py:182} INFO - Started process (PID=1924) to work on /home/airflow/.local/lib/python3.6/site-packages/airflow/example_dags/tutorial.py
[2021-03-12 00:00:38,555] {scheduler_job.py:629} INFO - Processing file /home/airflow/.local/lib/python3.6/site-packages/airflow/example_dags/tutorial.py for tasks to queue
[2021-03-12 00:00:38,557] {logging_mixin.py:104} INFO - [2021-03-12 00:00:38,556] {dagbag.py:448} INFO - Filling up the DagBag from /home/airflow/.local/lib/python3.6/site-packages/airflow/example_dags/tutorial.py
[2021-03-12 00:00:38,567] {scheduler_job.py:639} INFO - DAG(s) dict_keys(['tutorial']) retrieved from /home/airflow/.local/lib/python3.6/site-packages/airflow/example_dags/tutorial.py
[2021-03-12 00:00:38,594] {logging_mixin.py:104} INFO - [2021-03-12 00:00:38,593] {dag.py:1818} INFO - Sync 1 DAGs
[2021-03-12 00:00:38,610] {logging_mixin.py:104} INFO - [2021-03-12 00:00:38,610] {dag.py:2273} INFO - Setting next_dagrun for tutorial to 2021-03-10 00:00:00+00:00
[2021-03-12 00:00:38,620] {scheduler_job.py:190} INFO - Processing /home/airflow/.local/lib/python3.6/site-packages/airflow/example_dags/tutorial.py took 0.071 seconds
[2021-03-12 00:01:09,237] {scheduler_job.py:182} INFO - Started process (PID=1951) to work on /home/airflow/.local/lib/python3.6/site-packages/airflow/example_dags/tutorial.py
[2021-03-12 00:01:09,240] {scheduler_job.py:629} INFO - Processing file /home/airflow/.local/lib/python3.6/site-packages/airflow/example_dags/tutorial.py for tasks to queue
[2021-03-12 00:01:09,243] {logging_mixin.py:104} INFO - [2021-03-12 00:01:09,243] {dagbag.py:448} INFO - Filling up the DagBag from /home/airflow/.local/lib/python3.6/site-packages/airflow/example_dags/tutorial.py
[2021-03-12 00:01:09,256] {scheduler_job.py:639} INFO - DAG(s) dict_keys(['tutorial']) retrieved from /home/airflow/.local/lib/python3.6/site-packages/airflow/example_dags/tutorial.py
[2021-03-12 00:01:09,289] {logging_mixin.py:104} INFO - [2021-03-12 00:01:09,289] {dag.py:1818} INFO - Sync 1 DAGs
[2021-03-12 00:01:09,310] {logging_mixin.py:104} INFO - [2021-03-12 00:01:09,310] {dag.py:2273} INFO - Setting next_dagrun for tutorial to 2021-03-10 00:00:00+00:00
[2021-03-12 00:01:09,320] {scheduler_job.py:190} INFO - Processing /home/airflow/.local/lib/python3.6/site-packages/airflow/example_dags/tutorial.py took 0.089 seconds
[2021-03-12 00:01:39,713] {scheduler_job.py:182} INFO - Started process (PID=1978) to work on /home/airflow/.local/lib/python3.6/site-packages/airflow/example_dags/tutorial.py
[2021-03-12 00:01:39,715] {scheduler_job.py:629} INFO - Processing file /home/airflow/.local/lib/python3.6/site-packages/airflow/example_dags/tutorial.py for tasks to queue
[2021-03-12 00:01:39,716] {logging_mixin.py:104} INFO - [2021-03-12 00:01:39,716] {dagbag.py:448} INFO - Filling up the DagBag from /home/airflow/.local/lib/python3.6/site-packages/airflow/example_dags/tutorial.py
[2021-03-12 00:01:39,728] {scheduler_job.py:639} INFO - DAG(s) dict_keys(['tutorial']) retrieved from /home/airflow/.local/lib/python3.6/site-packages/airflow/example_dags/tutorial.py
[2021-03-12 00:01:39,754] {logging_mixin.py:104} INFO - [2021-03-12 00:01:39,754] {dag.py:1818} INFO - Sync 1 DAGs
[2021-03-12 00:01:39,799] {logging_mixin.py:104} INFO - [2021-03-12 00:01:39,799] {dag.py:2273} INFO - Setting next_dagrun for tutorial to 2021-03-10 00:00:00+00:00
[2021-03-12 00:01:39,812] {scheduler_job.py:190} INFO - Processing /home/airflow/.local/lib/python3.6/site-packages/airflow/example_dags/tutorial.py took 0.103 seconds
[2021-03-12 00:02:10,387] {scheduler_job.py:182} INFO - Started process (PID=2005) to work on /home/airflow/.local/lib/python3.6/site-packages/airflow/example_dags/tutorial.py
[2021-03-12 00:02:10,390] {scheduler_job.py:629} INFO - Processing file /home/airflow/.local/lib/python3.6/site-packages/airflow/example_dags/tutorial.py for tasks to queue
[2021-03-12 00:02:10,391] {logging_mixin.py:104} INFO - [2021-03-12 00:02:10,391] {dagbag.py:448} INFO - Filling up the DagBag from /home/airflow/.local/lib/python3.6/site-packages/airflow/example_dags/tutorial.py
[2021-03-12 00:02:10,403] {scheduler_job.py:639} INFO - DAG(s) dict_keys(['tutorial']) retrieved from /home/airflow/.local/lib/python3.6/site-packages/airflow/example_dags/tutorial.py
[2021-03-12 00:02:10,430] {logging_mixin.py:104} INFO - [2021-03-12 00:02:10,430] {dag.py:1818} INFO - Sync 1 DAGs
[2021-03-12 00:02:10,450] {logging_mixin.py:104} INFO - [2021-03-12 00:02:10,450] {dag.py:2273} INFO - Setting next_dagrun for tutorial to 2021-03-10 00:00:00+00:00
[2021-03-12 00:02:10,464] {scheduler_job.py:190} INFO - Processing /home/airflow/.local/lib/python3.6/site-packages/airflow/example_dags/tutorial.py took 0.081 seconds
[2021-03-12 00:02:41,079] {scheduler_job.py:182} INFO - Started process (PID=2032) to work on /home/airflow/.local/lib/python3.6/site-packages/airflow/example_dags/tutorial.py
[2021-03-12 00:02:41,081] {scheduler_job.py:629} INFO - Processing file /home/airflow/.local/lib/python3.6/site-packages/airflow/example_dags/tutorial.py for tasks to queue
[2021-03-12 00:02:41,084] {logging_mixin.py:104} INFO - [2021-03-12 00:02:41,084] {dagbag.py:448} INFO - Filling up the DagBag from /home/airflow/.local/lib/python3.6/site-packages/airflow/example_dags/tutorial.py
[2021-03-12 00:02:41,097] {scheduler_job.py:639} INFO - DAG(s) dict_keys(['tutorial']) retrieved from /home/airflow/.local/lib/python3.6/site-packages/airflow/example_dags/tutorial.py
[2021-03-12 00:02:41,127] {logging_mixin.py:104} INFO - [2021-03-12 00:02:41,126] {dag.py:1818} INFO - Sync 1 DAGs
[2021-03-12 00:02:41,147] {logging_mixin.py:104} INFO - [2021-03-12 00:02:41,147] {dag.py:2273} INFO - Setting next_dagrun for tutorial to 2021-03-10 00:00:00+00:00
[2021-03-12 00:02:41,160] {scheduler_job.py:190} INFO - Processing /home/airflow/.local/lib/python3.6/site-packages/airflow/example_dags/tutorial.py took 0.085 seconds
[2021-03-12 00:03:11,813] {scheduler_job.py:182} INFO - Started process (PID=2059) to work on /home/airflow/.local/lib/python3.6/site-packages/airflow/example_dags/tutorial.py
[2021-03-12 00:03:11,815] {scheduler_job.py:629} INFO - Processing file /home/airflow/.local/lib/python3.6/site-packages/airflow/example_dags/tutorial.py for tasks to queue
[2021-03-12 00:03:11,816] {logging_mixin.py:104} INFO - [2021-03-12 00:03:11,816] {dagbag.py:448} INFO - Filling up the DagBag from /home/airflow/.local/lib/python3.6/site-packages/airflow/example_dags/tutorial.py
[2021-03-12 00:03:11,826] {scheduler_job.py:639} INFO - DAG(s) dict_keys(['tutorial']) retrieved from /home/airflow/.local/lib/python3.6/site-packages/airflow/example_dags/tutorial.py
[2021-03-12 00:03:11,854] {logging_mixin.py:104} INFO - [2021-03-12 00:03:11,854] {dag.py:1818} INFO - Sync 1 DAGs
[2021-03-12 00:03:11,870] {logging_mixin.py:104} INFO - [2021-03-12 00:03:11,870] {dag.py:2273} INFO - Setting next_dagrun for tutorial to 2021-03-10 00:00:00+00:00
[2021-03-12 00:03:11,879] {scheduler_job.py:190} INFO - Processing /home/airflow/.local/lib/python3.6/site-packages/airflow/example_dags/tutorial.py took 0.070 seconds
[2021-03-12 00:03:42,581] {scheduler_job.py:182} INFO - Started process (PID=2086) to work on /home/airflow/.local/lib/python3.6/site-packages/airflow/example_dags/tutorial.py
[2021-03-12 00:03:42,587] {scheduler_job.py:629} INFO - Processing file /home/airflow/.local/lib/python3.6/site-packages/airflow/example_dags/tutorial.py for tasks to queue
[2021-03-12 00:03:42,589] {logging_mixin.py:104} INFO - [2021-03-12 00:03:42,589] {dagbag.py:448} INFO - Filling up the DagBag from /home/airflow/.local/lib/python3.6/site-packages/airflow/example_dags/tutorial.py
[2021-03-12 00:03:42,603] {scheduler_job.py:639} INFO - DAG(s) dict_keys(['tutorial']) retrieved from /home/airflow/.local/lib/python3.6/site-packages/airflow/example_dags/tutorial.py
[2021-03-12 00:03:42,625] {logging_mixin.py:104} INFO - [2021-03-12 00:03:42,625] {dag.py:1818} INFO - Sync 1 DAGs
[2021-03-12 00:03:42,641] {logging_mixin.py:104} INFO - [2021-03-12 00:03:42,641] {dag.py:2273} INFO - Setting next_dagrun for tutorial to 2021-03-10 00:00:00+00:00
[2021-03-12 00:03:42,651] {scheduler_job.py:190} INFO - Processing /home/airflow/.local/lib/python3.6/site-packages/airflow/example_dags/tutorial.py took 0.077 seconds
[2021-03-12 00:04:13,184] {scheduler_job.py:182} INFO - Started process (PID=2113) to work on /home/airflow/.local/lib/python3.6/site-packages/airflow/example_dags/tutorial.py
[2021-03-12 00:04:13,186] {scheduler_job.py:629} INFO - Processing file /home/airflow/.local/lib/python3.6/site-packages/airflow/example_dags/tutorial.py for tasks to queue
[2021-03-12 00:04:13,188] {logging_mixin.py:104} INFO - [2021-03-12 00:04:13,188] {dagbag.py:448} INFO - Filling up the DagBag from /home/airflow/.local/lib/python3.6/site-packages/airflow/example_dags/tutorial.py
[2021-03-12 00:04:13,204] {scheduler_job.py:639} INFO - DAG(s) dict_keys(['tutorial']) retrieved from /home/airflow/.local/lib/python3.6/site-packages/airflow/example_dags/tutorial.py
[2021-03-12 00:04:13,235] {logging_mixin.py:104} INFO - [2021-03-12 00:04:13,234] {dag.py:1818} INFO - Sync 1 DAGs
[2021-03-12 00:04:13,253] {logging_mixin.py:104} INFO - [2021-03-12 00:04:13,253] {dag.py:2273} INFO - Setting next_dagrun for tutorial to 2021-03-10 00:00:00+00:00
[2021-03-12 00:04:13,273] {scheduler_job.py:190} INFO - Processing /home/airflow/.local/lib/python3.6/site-packages/airflow/example_dags/tutorial.py took 0.095 seconds
[2021-03-12 00:04:43,885] {scheduler_job.py:182} INFO - Started process (PID=2140) to work on /home/airflow/.local/lib/python3.6/site-packages/airflow/example_dags/tutorial.py
[2021-03-12 00:04:43,887] {scheduler_job.py:629} INFO - Processing file /home/airflow/.local/lib/python3.6/site-packages/airflow/example_dags/tutorial.py for tasks to queue
[2021-03-12 00:04:43,889] {logging_mixin.py:104} INFO - [2021-03-12 00:04:43,889] {dagbag.py:448} INFO - Filling up the DagBag from /home/airflow/.local/lib/python3.6/site-packages/airflow/example_dags/tutorial.py
[2021-03-12 00:04:43,899] {scheduler_job.py:639} INFO - DAG(s) dict_keys(['tutorial']) retrieved from /home/airflow/.local/lib/python3.6/site-packages/airflow/example_dags/tutorial.py
[2021-03-12 00:04:43,921] {logging_mixin.py:104} INFO - [2021-03-12 00:04:43,921] {dag.py:1818} INFO - Sync 1 DAGs
[2021-03-12 00:04:43,937] {logging_mixin.py:104} INFO - [2021-03-12 00:04:43,937] {dag.py:2273} INFO - Setting next_dagrun for tutorial to 2021-03-10 00:00:00+00:00
[2021-03-12 00:04:43,946] {scheduler_job.py:190} INFO - Processing /home/airflow/.local/lib/python3.6/site-packages/airflow/example_dags/tutorial.py took 0.066 seconds
[2021-03-12 00:05:14,697] {scheduler_job.py:182} INFO - Started process (PID=2167) to work on /home/airflow/.local/lib/python3.6/site-packages/airflow/example_dags/tutorial.py
[2021-03-12 00:05:14,699] {scheduler_job.py:629} INFO - Processing file /home/airflow/.local/lib/python3.6/site-packages/airflow/example_dags/tutorial.py for tasks to queue
[2021-03-12 00:05:14,701] {logging_mixin.py:104} INFO - [2021-03-12 00:05:14,701] {dagbag.py:448} INFO - Filling up the DagBag from /home/airflow/.local/lib/python3.6/site-packages/airflow/example_dags/tutorial.py
[2021-03-12 00:05:14,711] {scheduler_job.py:639} INFO - DAG(s) dict_keys(['tutorial']) retrieved from /home/airflow/.local/lib/python3.6/site-packages/airflow/example_dags/tutorial.py
[2021-03-12 00:05:14,734] {logging_mixin.py:104} INFO - [2021-03-12 00:05:14,734] {dag.py:1818} INFO - Sync 1 DAGs
[2021-03-12 00:05:14,750] {logging_mixin.py:104} INFO - [2021-03-12 00:05:14,750] {dag.py:2273} INFO - Setting next_dagrun for tutorial to 2021-03-10 00:00:00+00:00
[2021-03-12 00:05:14,759] {scheduler_job.py:190} INFO - Processing /home/airflow/.local/lib/python3.6/site-packages/airflow/example_dags/tutorial.py took 0.066 seconds
[2021-03-12 00:05:45,492] {scheduler_job.py:182} INFO - Started process (PID=2194) to work on /home/airflow/.local/lib/python3.6/site-packages/airflow/example_dags/tutorial.py
[2021-03-12 00:05:45,495] {scheduler_job.py:629} INFO - Processing file /home/airflow/.local/lib/python3.6/site-packages/airflow/example_dags/tutorial.py for tasks to queue
[2021-03-12 00:05:45,497] {logging_mixin.py:104} INFO - [2021-03-12 00:05:45,497] {dagbag.py:448} INFO - Filling up the DagBag from /home/airflow/.local/lib/python3.6/site-packages/airflow/example_dags/tutorial.py
[2021-03-12 00:05:45,509] {scheduler_job.py:639} INFO - DAG(s) dict_keys(['tutorial']) retrieved from /home/airflow/.local/lib/python3.6/site-packages/airflow/example_dags/tutorial.py
[2021-03-12 00:05:45,534] {logging_mixin.py:104} INFO - [2021-03-12 00:05:45,534] {dag.py:1818} INFO - Sync 1 DAGs
[2021-03-12 00:05:45,550] {logging_mixin.py:104} INFO - [2021-03-12 00:05:45,550] {dag.py:2273} INFO - Setting next_dagrun for tutorial to 2021-03-10 00:00:00+00:00
[2021-03-12 00:05:45,560] {scheduler_job.py:190} INFO - Processing /home/airflow/.local/lib/python3.6/site-packages/airflow/example_dags/tutorial.py took 0.072 seconds
[2021-03-12 00:06:16,415] {scheduler_job.py:182} INFO - Started process (PID=2221) to work on /home/airflow/.local/lib/python3.6/site-packages/airflow/example_dags/tutorial.py
[2021-03-12 00:06:16,416] {scheduler_job.py:629} INFO - Processing file /home/airflow/.local/lib/python3.6/site-packages/airflow/example_dags/tutorial.py for tasks to queue
[2021-03-12 00:06:16,418] {logging_mixin.py:104} INFO - [2021-03-12 00:06:16,418] {dagbag.py:448} INFO - Filling up the DagBag from /home/airflow/.local/lib/python3.6/site-packages/airflow/example_dags/tutorial.py
[2021-03-12 00:06:16,429] {scheduler_job.py:639} INFO - DAG(s) dict_keys(['tutorial']) retrieved from /home/airflow/.local/lib/python3.6/site-packages/airflow/example_dags/tutorial.py
[2021-03-12 00:06:16,454] {logging_mixin.py:104} INFO - [2021-03-12 00:06:16,454] {dag.py:1818} INFO - Sync 1 DAGs
[2021-03-12 00:06:16,477] {logging_mixin.py:104} INFO - [2021-03-12 00:06:16,477] {dag.py:2273} INFO - Setting next_dagrun for tutorial to 2021-03-10 00:00:00+00:00
[2021-03-12 00:06:16,492] {scheduler_job.py:190} INFO - Processing /home/airflow/.local/lib/python3.6/site-packages/airflow/example_dags/tutorial.py took 0.082 seconds
[2021-03-12 00:06:47,007] {scheduler_job.py:182} INFO - Started process (PID=2248) to work on /home/airflow/.local/lib/python3.6/site-packages/airflow/example_dags/tutorial.py
[2021-03-12 00:06:47,008] {scheduler_job.py:629} INFO - Processing file /home/airflow/.local/lib/python3.6/site-packages/airflow/example_dags/tutorial.py for tasks to queue
[2021-03-12 00:06:47,010] {logging_mixin.py:104} INFO - [2021-03-12 00:06:47,010] {dagbag.py:448} INFO - Filling up the DagBag from /home/airflow/.local/lib/python3.6/site-packages/airflow/example_dags/tutorial.py
[2021-03-12 00:06:47,023] {scheduler_job.py:639} INFO - DAG(s) dict_keys(['tutorial']) retrieved from /home/airflow/.local/lib/python3.6/site-packages/airflow/example_dags/tutorial.py
[2021-03-12 00:06:47,051] {logging_mixin.py:104} INFO - [2021-03-12 00:06:47,051] {dag.py:1818} INFO - Sync 1 DAGs
[2021-03-12 00:06:47,071] {logging_mixin.py:104} INFO - [2021-03-12 00:06:47,071] {dag.py:2273} INFO - Setting next_dagrun for tutorial to 2021-03-10 00:00:00+00:00
[2021-03-12 00:06:47,082] {scheduler_job.py:190} INFO - Processing /home/airflow/.local/lib/python3.6/site-packages/airflow/example_dags/tutorial.py took 0.079 seconds
[2021-03-12 00:07:17,835] {scheduler_job.py:182} INFO - Started process (PID=2275) to work on /home/airflow/.local/lib/python3.6/site-packages/airflow/example_dags/tutorial.py
[2021-03-12 00:07:17,839] {scheduler_job.py:629} INFO - Processing file /home/airflow/.local/lib/python3.6/site-packages/airflow/example_dags/tutorial.py for tasks to queue
[2021-03-12 00:07:17,841] {logging_mixin.py:104} INFO - [2021-03-12 00:07:17,841] {dagbag.py:448} INFO - Filling up the DagBag from /home/airflow/.local/lib/python3.6/site-packages/airflow/example_dags/tutorial.py
[2021-03-12 00:07:17,854] {scheduler_job.py:639} INFO - DAG(s) dict_keys(['tutorial']) retrieved from /home/airflow/.local/lib/python3.6/site-packages/airflow/example_dags/tutorial.py
[2021-03-12 00:07:17,880] {logging_mixin.py:104} INFO - [2021-03-12 00:07:17,880] {dag.py:1818} INFO - Sync 1 DAGs
[2021-03-12 00:07:17,902] {logging_mixin.py:104} INFO - [2021-03-12 00:07:17,902] {dag.py:2273} INFO - Setting next_dagrun for tutorial to 2021-03-10 00:00:00+00:00
[2021-03-12 00:07:17,912] {scheduler_job.py:190} INFO - Processing /home/airflow/.local/lib/python3.6/site-packages/airflow/example_dags/tutorial.py took 0.081 seconds
[2021-03-12 00:07:48,696] {scheduler_job.py:182} INFO - Started process (PID=2302) to work on /home/airflow/.local/lib/python3.6/site-packages/airflow/example_dags/tutorial.py
[2021-03-12 00:07:48,699] {scheduler_job.py:629} INFO - Processing file /home/airflow/.local/lib/python3.6/site-packages/airflow/example_dags/tutorial.py for tasks to queue
[2021-03-12 00:07:48,700] {logging_mixin.py:104} INFO - [2021-03-12 00:07:48,700] {dagbag.py:448} INFO - Filling up the DagBag from /home/airflow/.local/lib/python3.6/site-packages/airflow/example_dags/tutorial.py
[2021-03-12 00:07:48,710] {scheduler_job.py:639} INFO - DAG(s) dict_keys(['tutorial']) retrieved from /home/airflow/.local/lib/python3.6/site-packages/airflow/example_dags/tutorial.py
[2021-03-12 00:07:48,741] {logging_mixin.py:104} INFO - [2021-03-12 00:07:48,741] {dag.py:1818} INFO - Sync 1 DAGs
[2021-03-12 00:07:48,764] {logging_mixin.py:104} INFO - [2021-03-12 00:07:48,763] {dag.py:2273} INFO - Setting next_dagrun for tutorial to 2021-03-10 00:00:00+00:00
[2021-03-12 00:07:48,779] {scheduler_job.py:190} INFO - Processing /home/airflow/.local/lib/python3.6/site-packages/airflow/example_dags/tutorial.py took 0.087 seconds
[2021-03-12 00:08:19,367] {scheduler_job.py:182} INFO - Started process (PID=2329) to work on /home/airflow/.local/lib/python3.6/site-packages/airflow/example_dags/tutorial.py
[2021-03-12 00:08:19,370] {scheduler_job.py:629} INFO - Processing file /home/airflow/.local/lib/python3.6/site-packages/airflow/example_dags/tutorial.py for tasks to queue
[2021-03-12 00:08:19,372] {logging_mixin.py:104} INFO - [2021-03-12 00:08:19,372] {dagbag.py:448} INFO - Filling up the DagBag from /home/airflow/.local/lib/python3.6/site-packages/airflow/example_dags/tutorial.py
[2021-03-12 00:08:19,387] {scheduler_job.py:639} INFO - DAG(s) dict_keys(['tutorial']) retrieved from /home/airflow/.local/lib/python3.6/site-packages/airflow/example_dags/tutorial.py
[2021-03-12 00:08:19,419] {logging_mixin.py:104} INFO - [2021-03-12 00:08:19,419] {dag.py:1818} INFO - Sync 1 DAGs
[2021-03-12 00:08:19,439] {logging_mixin.py:104} INFO - [2021-03-12 00:08:19,439] {dag.py:2273} INFO - Setting next_dagrun for tutorial to 2021-03-10 00:00:00+00:00
[2021-03-12 00:08:19,453] {scheduler_job.py:190} INFO - Processing /home/airflow/.local/lib/python3.6/site-packages/airflow/example_dags/tutorial.py took 0.093 seconds
[2021-03-12 00:08:50,072] {scheduler_job.py:182} INFO - Started process (PID=2356) to work on /home/airflow/.local/lib/python3.6/site-packages/airflow/example_dags/tutorial.py
[2021-03-12 00:08:50,074] {scheduler_job.py:629} INFO - Processing file /home/airflow/.local/lib/python3.6/site-packages/airflow/example_dags/tutorial.py for tasks to queue
[2021-03-12 00:08:50,076] {logging_mixin.py:104} INFO - [2021-03-12 00:08:50,076] {dagbag.py:448} INFO - Filling up the DagBag from /home/airflow/.local/lib/python3.6/site-packages/airflow/example_dags/tutorial.py
[2021-03-12 00:08:50,092] {scheduler_job.py:639} INFO - DAG(s) dict_keys(['tutorial']) retrieved from /home/airflow/.local/lib/python3.6/site-packages/airflow/example_dags/tutorial.py
[2021-03-12 00:08:50,122] {logging_mixin.py:104} INFO - [2021-03-12 00:08:50,122] {dag.py:1818} INFO - Sync 1 DAGs
[2021-03-12 00:08:50,142] {logging_mixin.py:104} INFO - [2021-03-12 00:08:50,142] {dag.py:2273} INFO - Setting next_dagrun for tutorial to 2021-03-10 00:00:00+00:00
[2021-03-12 00:08:50,157] {scheduler_job.py:190} INFO - Processing /home/airflow/.local/lib/python3.6/site-packages/airflow/example_dags/tutorial.py took 0.090 seconds
[2021-03-12 00:09:20,601] {scheduler_job.py:182} INFO - Started process (PID=2383) to work on /home/airflow/.local/lib/python3.6/site-packages/airflow/example_dags/tutorial.py
[2021-03-12 00:09:20,604] {scheduler_job.py:629} INFO - Processing file /home/airflow/.local/lib/python3.6/site-packages/airflow/example_dags/tutorial.py for tasks to queue
[2021-03-12 00:09:20,607] {logging_mixin.py:104} INFO - [2021-03-12 00:09:20,606] {dagbag.py:448} INFO - Filling up the DagBag from /home/airflow/.local/lib/python3.6/site-packages/airflow/example_dags/tutorial.py
[2021-03-12 00:09:20,617] {scheduler_job.py:639} INFO - DAG(s) dict_keys(['tutorial']) retrieved from /home/airflow/.local/lib/python3.6/site-packages/airflow/example_dags/tutorial.py
[2021-03-12 00:09:20,642] {logging_mixin.py:104} INFO - [2021-03-12 00:09:20,642] {dag.py:1818} INFO - Sync 1 DAGs
[2021-03-12 00:09:20,659] {logging_mixin.py:104} INFO - [2021-03-12 00:09:20,659] {dag.py:2273} INFO - Setting next_dagrun for tutorial to 2021-03-10 00:00:00+00:00
[2021-03-12 00:09:20,669] {scheduler_job.py:190} INFO - Processing /home/airflow/.local/lib/python3.6/site-packages/airflow/example_dags/tutorial.py took 0.072 seconds
[2021-03-12 00:09:51,295] {scheduler_job.py:182} INFO - Started process (PID=2410) to work on /home/airflow/.local/lib/python3.6/site-packages/airflow/example_dags/tutorial.py
[2021-03-12 00:09:51,297] {scheduler_job.py:629} INFO - Processing file /home/airflow/.local/lib/python3.6/site-packages/airflow/example_dags/tutorial.py for tasks to queue
[2021-03-12 00:09:51,299] {logging_mixin.py:104} INFO - [2021-03-12 00:09:51,299] {dagbag.py:448} INFO - Filling up the DagBag from /home/airflow/.local/lib/python3.6/site-packages/airflow/example_dags/tutorial.py
[2021-03-12 00:09:51,312] {scheduler_job.py:639} INFO - DAG(s) dict_keys(['tutorial']) retrieved from /home/airflow/.local/lib/python3.6/site-packages/airflow/example_dags/tutorial.py
[2021-03-12 00:09:51,336] {logging_mixin.py:104} INFO - [2021-03-12 00:09:51,336] {dag.py:1818} INFO - Sync 1 DAGs
[2021-03-12 00:09:51,354] {logging_mixin.py:104} INFO - [2021-03-12 00:09:51,354] {dag.py:2273} INFO - Setting next_dagrun for tutorial to 2021-03-10 00:00:00+00:00
[2021-03-12 00:09:51,365] {scheduler_job.py:190} INFO - Processing /home/airflow/.local/lib/python3.6/site-packages/airflow/example_dags/tutorial.py took 0.073 seconds
[2021-03-12 00:10:21,527] {scheduler_job.py:182} INFO - Started process (PID=2437) to work on /home/airflow/.local/lib/python3.6/site-packages/airflow/example_dags/tutorial.py
[2021-03-12 00:10:21,529] {scheduler_job.py:629} INFO - Processing file /home/airflow/.local/lib/python3.6/site-packages/airflow/example_dags/tutorial.py for tasks to queue
[2021-03-12 00:10:21,531] {logging_mixin.py:104} INFO - [2021-03-12 00:10:21,531] {dagbag.py:448} INFO - Filling up the DagBag from /home/airflow/.local/lib/python3.6/site-packages/airflow/example_dags/tutorial.py
[2021-03-12 00:10:21,543] {scheduler_job.py:639} INFO - DAG(s) dict_keys(['tutorial']) retrieved from /home/airflow/.local/lib/python3.6/site-packages/airflow/example_dags/tutorial.py
[2021-03-12 00:10:21,567] {logging_mixin.py:104} INFO - [2021-03-12 00:10:21,567] {dag.py:1818} INFO - Sync 1 DAGs
[2021-03-12 00:10:21,583] {logging_mixin.py:104} INFO - [2021-03-12 00:10:21,583] {dag.py:2273} INFO - Setting next_dagrun for tutorial to 2021-03-10 00:00:00+00:00
[2021-03-12 00:10:21,593] {scheduler_job.py:190} INFO - Processing /home/airflow/.local/lib/python3.6/site-packages/airflow/example_dags/tutorial.py took 0.071 seconds
[2021-03-12 00:10:51,861] {scheduler_job.py:182} INFO - Started process (PID=2462) to work on /home/airflow/.local/lib/python3.6/site-packages/airflow/example_dags/tutorial.py
[2021-03-12 00:10:51,863] {scheduler_job.py:629} INFO - Processing file /home/airflow/.local/lib/python3.6/site-packages/airflow/example_dags/tutorial.py for tasks to queue
[2021-03-12 00:10:51,865] {logging_mixin.py:104} INFO - [2021-03-12 00:10:51,865] {dagbag.py:448} INFO - Filling up the DagBag from /home/airflow/.local/lib/python3.6/site-packages/airflow/example_dags/tutorial.py
[2021-03-12 00:10:51,878] {scheduler_job.py:639} INFO - DAG(s) dict_keys(['tutorial']) retrieved from /home/airflow/.local/lib/python3.6/site-packages/airflow/example_dags/tutorial.py
[2021-03-12 00:10:51,904] {logging_mixin.py:104} INFO - [2021-03-12 00:10:51,904] {dag.py:1818} INFO - Sync 1 DAGs
[2021-03-12 00:10:51,922] {logging_mixin.py:104} INFO - [2021-03-12 00:10:51,922] {dag.py:2273} INFO - Setting next_dagrun for tutorial to 2021-03-10 00:00:00+00:00
[2021-03-12 00:10:51,933] {scheduler_job.py:190} INFO - Processing /home/airflow/.local/lib/python3.6/site-packages/airflow/example_dags/tutorial.py took 0.076 seconds
[2021-03-12 00:11:22,492] {scheduler_job.py:182} INFO - Started process (PID=2489) to work on /home/airflow/.local/lib/python3.6/site-packages/airflow/example_dags/tutorial.py
[2021-03-12 00:11:22,494] {scheduler_job.py:629} INFO - Processing file /home/airflow/.local/lib/python3.6/site-packages/airflow/example_dags/tutorial.py for tasks to queue
[2021-03-12 00:11:22,497] {logging_mixin.py:104} INFO - [2021-03-12 00:11:22,497] {dagbag.py:448} INFO - Filling up the DagBag from /home/airflow/.local/lib/python3.6/site-packages/airflow/example_dags/tutorial.py
[2021-03-12 00:11:22,516] {scheduler_job.py:639} INFO - DAG(s) dict_keys(['tutorial']) retrieved from /home/airflow/.local/lib/python3.6/site-packages/airflow/example_dags/tutorial.py
[2021-03-12 00:11:22,548] {logging_mixin.py:104} INFO - [2021-03-12 00:11:22,548] {dag.py:1818} INFO - Sync 1 DAGs
[2021-03-12 00:11:22,567] {logging_mixin.py:104} INFO - [2021-03-12 00:11:22,566] {dag.py:2273} INFO - Setting next_dagrun for tutorial to 2021-03-10 00:00:00+00:00
[2021-03-12 00:11:22,577] {scheduler_job.py:190} INFO - Processing /home/airflow/.local/lib/python3.6/site-packages/airflow/example_dags/tutorial.py took 0.091 seconds
[2021-03-12 00:41:06,676] {scheduler_job.py:182} INFO - Started process (PID=39) to work on /home/airflow/.local/lib/python3.6/site-packages/airflow/example_dags/tutorial.py
[2021-03-12 00:41:06,701] {scheduler_job.py:629} INFO - Processing file /home/airflow/.local/lib/python3.6/site-packages/airflow/example_dags/tutorial.py for tasks to queue
[2021-03-12 00:41:06,703] {logging_mixin.py:104} INFO - [2021-03-12 00:41:06,703] {dagbag.py:448} INFO - Filling up the DagBag from /home/airflow/.local/lib/python3.6/site-packages/airflow/example_dags/tutorial.py
[2021-03-12 00:41:06,741] {scheduler_job.py:639} INFO - DAG(s) dict_keys(['tutorial']) retrieved from /home/airflow/.local/lib/python3.6/site-packages/airflow/example_dags/tutorial.py
[2021-03-12 00:41:06,819] {logging_mixin.py:104} INFO - [2021-03-12 00:41:06,819] {dag.py:1818} INFO - Sync 1 DAGs
[2021-03-12 00:41:06,858] {logging_mixin.py:104} INFO - [2021-03-12 00:41:06,858] {dag.py:2273} INFO - Setting next_dagrun for tutorial to 2021-03-12 00:00:00+00:00
[2021-03-12 00:41:06,952] {scheduler_job.py:190} INFO - Processing /home/airflow/.local/lib/python3.6/site-packages/airflow/example_dags/tutorial.py took 0.325 seconds
[2021-03-12 00:41:37,570] {scheduler_job.py:182} INFO - Started process (PID=65) to work on /home/airflow/.local/lib/python3.6/site-packages/airflow/example_dags/tutorial.py
[2021-03-12 00:41:37,573] {scheduler_job.py:629} INFO - Processing file /home/airflow/.local/lib/python3.6/site-packages/airflow/example_dags/tutorial.py for tasks to queue
[2021-03-12 00:41:37,580] {logging_mixin.py:104} INFO - [2021-03-12 00:41:37,579] {dagbag.py:448} INFO - Filling up the DagBag from /home/airflow/.local/lib/python3.6/site-packages/airflow/example_dags/tutorial.py
[2021-03-12 00:41:37,599] {scheduler_job.py:639} INFO - DAG(s) dict_keys(['tutorial']) retrieved from /home/airflow/.local/lib/python3.6/site-packages/airflow/example_dags/tutorial.py
[2021-03-12 00:41:37,633] {logging_mixin.py:104} INFO - [2021-03-12 00:41:37,633] {dag.py:1818} INFO - Sync 1 DAGs
[2021-03-12 00:41:37,655] {logging_mixin.py:104} INFO - [2021-03-12 00:41:37,655] {dag.py:2273} INFO - Setting next_dagrun for tutorial to 2021-03-12 00:00:00+00:00
[2021-03-12 00:41:37,681] {scheduler_job.py:190} INFO - Processing /home/airflow/.local/lib/python3.6/site-packages/airflow/example_dags/tutorial.py took 0.117 seconds
[2021-03-12 00:42:08,308] {scheduler_job.py:182} INFO - Started process (PID=94) to work on /home/airflow/.local/lib/python3.6/site-packages/airflow/example_dags/tutorial.py
[2021-03-12 00:42:08,312] {scheduler_job.py:629} INFO - Processing file /home/airflow/.local/lib/python3.6/site-packages/airflow/example_dags/tutorial.py for tasks to queue
[2021-03-12 00:42:08,314] {logging_mixin.py:104} INFO - [2021-03-12 00:42:08,314] {dagbag.py:448} INFO - Filling up the DagBag from /home/airflow/.local/lib/python3.6/site-packages/airflow/example_dags/tutorial.py
[2021-03-12 00:42:08,334] {scheduler_job.py:639} INFO - DAG(s) dict_keys(['tutorial']) retrieved from /home/airflow/.local/lib/python3.6/site-packages/airflow/example_dags/tutorial.py
[2021-03-12 00:42:08,372] {logging_mixin.py:104} INFO - [2021-03-12 00:42:08,372] {dag.py:1818} INFO - Sync 1 DAGs
[2021-03-12 00:42:08,391] {logging_mixin.py:104} INFO - [2021-03-12 00:42:08,391] {dag.py:2273} INFO - Setting next_dagrun for tutorial to 2021-03-12 00:00:00+00:00
[2021-03-12 00:42:08,402] {scheduler_job.py:190} INFO - Processing /home/airflow/.local/lib/python3.6/site-packages/airflow/example_dags/tutorial.py took 0.099 seconds
[2021-03-12 00:42:38,971] {scheduler_job.py:182} INFO - Started process (PID=119) to work on /home/airflow/.local/lib/python3.6/site-packages/airflow/example_dags/tutorial.py
[2021-03-12 00:42:38,974] {scheduler_job.py:629} INFO - Processing file /home/airflow/.local/lib/python3.6/site-packages/airflow/example_dags/tutorial.py for tasks to queue
[2021-03-12 00:42:38,976] {logging_mixin.py:104} INFO - [2021-03-12 00:42:38,975] {dagbag.py:448} INFO - Filling up the DagBag from /home/airflow/.local/lib/python3.6/site-packages/airflow/example_dags/tutorial.py
[2021-03-12 00:42:38,988] {scheduler_job.py:639} INFO - DAG(s) dict_keys(['tutorial']) retrieved from /home/airflow/.local/lib/python3.6/site-packages/airflow/example_dags/tutorial.py
[2021-03-12 00:42:39,014] {logging_mixin.py:104} INFO - [2021-03-12 00:42:39,014] {dag.py:1818} INFO - Sync 1 DAGs
[2021-03-12 00:42:39,031] {logging_mixin.py:104} INFO - [2021-03-12 00:42:39,031] {dag.py:2273} INFO - Setting next_dagrun for tutorial to 2021-03-12 00:00:00+00:00
[2021-03-12 00:42:39,042] {scheduler_job.py:190} INFO - Processing /home/airflow/.local/lib/python3.6/site-packages/airflow/example_dags/tutorial.py took 0.077 seconds
[2021-03-12 00:43:09,932] {scheduler_job.py:182} INFO - Started process (PID=146) to work on /home/airflow/.local/lib/python3.6/site-packages/airflow/example_dags/tutorial.py
[2021-03-12 00:43:09,940] {scheduler_job.py:629} INFO - Processing file /home/airflow/.local/lib/python3.6/site-packages/airflow/example_dags/tutorial.py for tasks to queue
[2021-03-12 00:43:09,947] {logging_mixin.py:104} INFO - [2021-03-12 00:43:09,947] {dagbag.py:448} INFO - Filling up the DagBag from /home/airflow/.local/lib/python3.6/site-packages/airflow/example_dags/tutorial.py
[2021-03-12 00:43:09,982] {scheduler_job.py:639} INFO - DAG(s) dict_keys(['tutorial']) retrieved from /home/airflow/.local/lib/python3.6/site-packages/airflow/example_dags/tutorial.py
[2021-03-12 00:43:10,017] {logging_mixin.py:104} INFO - [2021-03-12 00:43:10,017] {dag.py:1818} INFO - Sync 1 DAGs
[2021-03-12 00:43:10,038] {logging_mixin.py:104} INFO - [2021-03-12 00:43:10,037] {dag.py:2273} INFO - Setting next_dagrun for tutorial to 2021-03-12 00:00:00+00:00
[2021-03-12 00:43:10,050] {scheduler_job.py:190} INFO - Processing /home/airflow/.local/lib/python3.6/site-packages/airflow/example_dags/tutorial.py took 0.123 seconds
