[2021-03-12 00:00:13,807] {scheduler_job.py:182} INFO - Started process (PID=1912) to work on /home/airflow/.local/lib/python3.6/site-packages/airflow/example_dags/tutorial_etl_dag.py
[2021-03-12 00:00:13,811] {scheduler_job.py:629} INFO - Processing file /home/airflow/.local/lib/python3.6/site-packages/airflow/example_dags/tutorial_etl_dag.py for tasks to queue
[2021-03-12 00:00:13,814] {logging_mixin.py:104} INFO - [2021-03-12 00:00:13,813] {dagbag.py:448} INFO - Filling up the DagBag from /home/airflow/.local/lib/python3.6/site-packages/airflow/example_dags/tutorial_etl_dag.py
[2021-03-12 00:00:13,834] {scheduler_job.py:639} INFO - DAG(s) dict_keys(['tutorial_etl_dag']) retrieved from /home/airflow/.local/lib/python3.6/site-packages/airflow/example_dags/tutorial_etl_dag.py
[2021-03-12 00:00:13,875] {logging_mixin.py:104} INFO - [2021-03-12 00:00:13,875] {dag.py:1818} INFO - Sync 1 DAGs
[2021-03-12 00:00:13,905] {logging_mixin.py:104} INFO - [2021-03-12 00:00:13,905] {dag.py:2273} INFO - Setting next_dagrun for tutorial_etl_dag to None
[2021-03-12 00:00:13,916] {scheduler_job.py:190} INFO - Processing /home/airflow/.local/lib/python3.6/site-packages/airflow/example_dags/tutorial_etl_dag.py took 0.117 seconds
[2021-03-12 00:00:44,556] {scheduler_job.py:182} INFO - Started process (PID=1939) to work on /home/airflow/.local/lib/python3.6/site-packages/airflow/example_dags/tutorial_etl_dag.py
[2021-03-12 00:00:44,558] {scheduler_job.py:629} INFO - Processing file /home/airflow/.local/lib/python3.6/site-packages/airflow/example_dags/tutorial_etl_dag.py for tasks to queue
[2021-03-12 00:00:44,559] {logging_mixin.py:104} INFO - [2021-03-12 00:00:44,559] {dagbag.py:448} INFO - Filling up the DagBag from /home/airflow/.local/lib/python3.6/site-packages/airflow/example_dags/tutorial_etl_dag.py
[2021-03-12 00:00:44,574] {scheduler_job.py:639} INFO - DAG(s) dict_keys(['tutorial_etl_dag']) retrieved from /home/airflow/.local/lib/python3.6/site-packages/airflow/example_dags/tutorial_etl_dag.py
[2021-03-12 00:00:44,601] {logging_mixin.py:104} INFO - [2021-03-12 00:00:44,601] {dag.py:1818} INFO - Sync 1 DAGs
[2021-03-12 00:00:44,617] {logging_mixin.py:104} INFO - [2021-03-12 00:00:44,616] {dag.py:2273} INFO - Setting next_dagrun for tutorial_etl_dag to None
[2021-03-12 00:00:44,626] {scheduler_job.py:190} INFO - Processing /home/airflow/.local/lib/python3.6/site-packages/airflow/example_dags/tutorial_etl_dag.py took 0.074 seconds
[2021-03-12 00:01:15,168] {scheduler_job.py:182} INFO - Started process (PID=1966) to work on /home/airflow/.local/lib/python3.6/site-packages/airflow/example_dags/tutorial_etl_dag.py
[2021-03-12 00:01:15,170] {scheduler_job.py:629} INFO - Processing file /home/airflow/.local/lib/python3.6/site-packages/airflow/example_dags/tutorial_etl_dag.py for tasks to queue
[2021-03-12 00:01:15,172] {logging_mixin.py:104} INFO - [2021-03-12 00:01:15,172] {dagbag.py:448} INFO - Filling up the DagBag from /home/airflow/.local/lib/python3.6/site-packages/airflow/example_dags/tutorial_etl_dag.py
[2021-03-12 00:01:15,195] {scheduler_job.py:639} INFO - DAG(s) dict_keys(['tutorial_etl_dag']) retrieved from /home/airflow/.local/lib/python3.6/site-packages/airflow/example_dags/tutorial_etl_dag.py
[2021-03-12 00:01:15,219] {logging_mixin.py:104} INFO - [2021-03-12 00:01:15,219] {dag.py:1818} INFO - Sync 1 DAGs
[2021-03-12 00:01:15,238] {logging_mixin.py:104} INFO - [2021-03-12 00:01:15,238] {dag.py:2273} INFO - Setting next_dagrun for tutorial_etl_dag to None
[2021-03-12 00:01:15,252] {scheduler_job.py:190} INFO - Processing /home/airflow/.local/lib/python3.6/site-packages/airflow/example_dags/tutorial_etl_dag.py took 0.087 seconds
[2021-03-12 00:01:45,774] {scheduler_job.py:182} INFO - Started process (PID=1993) to work on /home/airflow/.local/lib/python3.6/site-packages/airflow/example_dags/tutorial_etl_dag.py
[2021-03-12 00:01:45,776] {scheduler_job.py:629} INFO - Processing file /home/airflow/.local/lib/python3.6/site-packages/airflow/example_dags/tutorial_etl_dag.py for tasks to queue
[2021-03-12 00:01:45,777] {logging_mixin.py:104} INFO - [2021-03-12 00:01:45,777] {dagbag.py:448} INFO - Filling up the DagBag from /home/airflow/.local/lib/python3.6/site-packages/airflow/example_dags/tutorial_etl_dag.py
[2021-03-12 00:01:45,798] {scheduler_job.py:639} INFO - DAG(s) dict_keys(['tutorial_etl_dag']) retrieved from /home/airflow/.local/lib/python3.6/site-packages/airflow/example_dags/tutorial_etl_dag.py
[2021-03-12 00:01:45,833] {logging_mixin.py:104} INFO - [2021-03-12 00:01:45,833] {dag.py:1818} INFO - Sync 1 DAGs
[2021-03-12 00:01:45,852] {logging_mixin.py:104} INFO - [2021-03-12 00:01:45,852] {dag.py:2273} INFO - Setting next_dagrun for tutorial_etl_dag to None
[2021-03-12 00:01:45,863] {scheduler_job.py:190} INFO - Processing /home/airflow/.local/lib/python3.6/site-packages/airflow/example_dags/tutorial_etl_dag.py took 0.094 seconds
[2021-03-12 00:02:16,397] {scheduler_job.py:182} INFO - Started process (PID=2020) to work on /home/airflow/.local/lib/python3.6/site-packages/airflow/example_dags/tutorial_etl_dag.py
[2021-03-12 00:02:16,401] {scheduler_job.py:629} INFO - Processing file /home/airflow/.local/lib/python3.6/site-packages/airflow/example_dags/tutorial_etl_dag.py for tasks to queue
[2021-03-12 00:02:16,403] {logging_mixin.py:104} INFO - [2021-03-12 00:02:16,403] {dagbag.py:448} INFO - Filling up the DagBag from /home/airflow/.local/lib/python3.6/site-packages/airflow/example_dags/tutorial_etl_dag.py
[2021-03-12 00:02:16,418] {scheduler_job.py:639} INFO - DAG(s) dict_keys(['tutorial_etl_dag']) retrieved from /home/airflow/.local/lib/python3.6/site-packages/airflow/example_dags/tutorial_etl_dag.py
[2021-03-12 00:02:16,439] {logging_mixin.py:104} INFO - [2021-03-12 00:02:16,439] {dag.py:1818} INFO - Sync 1 DAGs
[2021-03-12 00:02:16,459] {logging_mixin.py:104} INFO - [2021-03-12 00:02:16,458] {dag.py:2273} INFO - Setting next_dagrun for tutorial_etl_dag to None
[2021-03-12 00:02:16,476] {scheduler_job.py:190} INFO - Processing /home/airflow/.local/lib/python3.6/site-packages/airflow/example_dags/tutorial_etl_dag.py took 0.083 seconds
[2021-03-12 00:02:47,144] {scheduler_job.py:182} INFO - Started process (PID=2047) to work on /home/airflow/.local/lib/python3.6/site-packages/airflow/example_dags/tutorial_etl_dag.py
[2021-03-12 00:02:47,148] {scheduler_job.py:629} INFO - Processing file /home/airflow/.local/lib/python3.6/site-packages/airflow/example_dags/tutorial_etl_dag.py for tasks to queue
[2021-03-12 00:02:47,150] {logging_mixin.py:104} INFO - [2021-03-12 00:02:47,150] {dagbag.py:448} INFO - Filling up the DagBag from /home/airflow/.local/lib/python3.6/site-packages/airflow/example_dags/tutorial_etl_dag.py
[2021-03-12 00:02:47,163] {scheduler_job.py:639} INFO - DAG(s) dict_keys(['tutorial_etl_dag']) retrieved from /home/airflow/.local/lib/python3.6/site-packages/airflow/example_dags/tutorial_etl_dag.py
[2021-03-12 00:02:47,188] {logging_mixin.py:104} INFO - [2021-03-12 00:02:47,187] {dag.py:1818} INFO - Sync 1 DAGs
[2021-03-12 00:02:47,209] {logging_mixin.py:104} INFO - [2021-03-12 00:02:47,209] {dag.py:2273} INFO - Setting next_dagrun for tutorial_etl_dag to None
[2021-03-12 00:02:47,226] {scheduler_job.py:190} INFO - Processing /home/airflow/.local/lib/python3.6/site-packages/airflow/example_dags/tutorial_etl_dag.py took 0.086 seconds
[2021-03-12 00:03:17,855] {scheduler_job.py:182} INFO - Started process (PID=2074) to work on /home/airflow/.local/lib/python3.6/site-packages/airflow/example_dags/tutorial_etl_dag.py
[2021-03-12 00:03:17,864] {scheduler_job.py:629} INFO - Processing file /home/airflow/.local/lib/python3.6/site-packages/airflow/example_dags/tutorial_etl_dag.py for tasks to queue
[2021-03-12 00:03:17,866] {logging_mixin.py:104} INFO - [2021-03-12 00:03:17,865] {dagbag.py:448} INFO - Filling up the DagBag from /home/airflow/.local/lib/python3.6/site-packages/airflow/example_dags/tutorial_etl_dag.py
[2021-03-12 00:03:17,884] {scheduler_job.py:639} INFO - DAG(s) dict_keys(['tutorial_etl_dag']) retrieved from /home/airflow/.local/lib/python3.6/site-packages/airflow/example_dags/tutorial_etl_dag.py
[2021-03-12 00:03:17,908] {logging_mixin.py:104} INFO - [2021-03-12 00:03:17,908] {dag.py:1818} INFO - Sync 1 DAGs
[2021-03-12 00:03:17,924] {logging_mixin.py:104} INFO - [2021-03-12 00:03:17,924] {dag.py:2273} INFO - Setting next_dagrun for tutorial_etl_dag to None
[2021-03-12 00:03:17,938] {scheduler_job.py:190} INFO - Processing /home/airflow/.local/lib/python3.6/site-packages/airflow/example_dags/tutorial_etl_dag.py took 0.089 seconds
[2021-03-12 00:03:48,610] {scheduler_job.py:182} INFO - Started process (PID=2101) to work on /home/airflow/.local/lib/python3.6/site-packages/airflow/example_dags/tutorial_etl_dag.py
[2021-03-12 00:03:48,613] {scheduler_job.py:629} INFO - Processing file /home/airflow/.local/lib/python3.6/site-packages/airflow/example_dags/tutorial_etl_dag.py for tasks to queue
[2021-03-12 00:03:48,615] {logging_mixin.py:104} INFO - [2021-03-12 00:03:48,614] {dagbag.py:448} INFO - Filling up the DagBag from /home/airflow/.local/lib/python3.6/site-packages/airflow/example_dags/tutorial_etl_dag.py
[2021-03-12 00:03:48,628] {scheduler_job.py:639} INFO - DAG(s) dict_keys(['tutorial_etl_dag']) retrieved from /home/airflow/.local/lib/python3.6/site-packages/airflow/example_dags/tutorial_etl_dag.py
[2021-03-12 00:03:48,648] {logging_mixin.py:104} INFO - [2021-03-12 00:03:48,648] {dag.py:1818} INFO - Sync 1 DAGs
[2021-03-12 00:03:48,672] {logging_mixin.py:104} INFO - [2021-03-12 00:03:48,672] {dag.py:2273} INFO - Setting next_dagrun for tutorial_etl_dag to None
[2021-03-12 00:03:48,680] {scheduler_job.py:190} INFO - Processing /home/airflow/.local/lib/python3.6/site-packages/airflow/example_dags/tutorial_etl_dag.py took 0.074 seconds
[2021-03-12 00:04:19,220] {scheduler_job.py:182} INFO - Started process (PID=2128) to work on /home/airflow/.local/lib/python3.6/site-packages/airflow/example_dags/tutorial_etl_dag.py
[2021-03-12 00:04:19,222] {scheduler_job.py:629} INFO - Processing file /home/airflow/.local/lib/python3.6/site-packages/airflow/example_dags/tutorial_etl_dag.py for tasks to queue
[2021-03-12 00:04:19,224] {logging_mixin.py:104} INFO - [2021-03-12 00:04:19,224] {dagbag.py:448} INFO - Filling up the DagBag from /home/airflow/.local/lib/python3.6/site-packages/airflow/example_dags/tutorial_etl_dag.py
[2021-03-12 00:04:19,242] {scheduler_job.py:639} INFO - DAG(s) dict_keys(['tutorial_etl_dag']) retrieved from /home/airflow/.local/lib/python3.6/site-packages/airflow/example_dags/tutorial_etl_dag.py
[2021-03-12 00:04:19,279] {logging_mixin.py:104} INFO - [2021-03-12 00:04:19,279] {dag.py:1818} INFO - Sync 1 DAGs
[2021-03-12 00:04:19,300] {logging_mixin.py:104} INFO - [2021-03-12 00:04:19,300] {dag.py:2273} INFO - Setting next_dagrun for tutorial_etl_dag to None
[2021-03-12 00:04:19,311] {scheduler_job.py:190} INFO - Processing /home/airflow/.local/lib/python3.6/site-packages/airflow/example_dags/tutorial_etl_dag.py took 0.096 seconds
[2021-03-12 00:04:49,941] {scheduler_job.py:182} INFO - Started process (PID=2155) to work on /home/airflow/.local/lib/python3.6/site-packages/airflow/example_dags/tutorial_etl_dag.py
[2021-03-12 00:04:49,943] {scheduler_job.py:629} INFO - Processing file /home/airflow/.local/lib/python3.6/site-packages/airflow/example_dags/tutorial_etl_dag.py for tasks to queue
[2021-03-12 00:04:49,947] {logging_mixin.py:104} INFO - [2021-03-12 00:04:49,946] {dagbag.py:448} INFO - Filling up the DagBag from /home/airflow/.local/lib/python3.6/site-packages/airflow/example_dags/tutorial_etl_dag.py
[2021-03-12 00:04:49,966] {scheduler_job.py:639} INFO - DAG(s) dict_keys(['tutorial_etl_dag']) retrieved from /home/airflow/.local/lib/python3.6/site-packages/airflow/example_dags/tutorial_etl_dag.py
[2021-03-12 00:04:49,990] {logging_mixin.py:104} INFO - [2021-03-12 00:04:49,989] {dag.py:1818} INFO - Sync 1 DAGs
[2021-03-12 00:04:50,011] {logging_mixin.py:104} INFO - [2021-03-12 00:04:50,011] {dag.py:2273} INFO - Setting next_dagrun for tutorial_etl_dag to None
[2021-03-12 00:04:50,020] {scheduler_job.py:190} INFO - Processing /home/airflow/.local/lib/python3.6/site-packages/airflow/example_dags/tutorial_etl_dag.py took 0.084 seconds
[2021-03-12 00:05:20,773] {scheduler_job.py:182} INFO - Started process (PID=2182) to work on /home/airflow/.local/lib/python3.6/site-packages/airflow/example_dags/tutorial_etl_dag.py
[2021-03-12 00:05:20,775] {scheduler_job.py:629} INFO - Processing file /home/airflow/.local/lib/python3.6/site-packages/airflow/example_dags/tutorial_etl_dag.py for tasks to queue
[2021-03-12 00:05:20,776] {logging_mixin.py:104} INFO - [2021-03-12 00:05:20,776] {dagbag.py:448} INFO - Filling up the DagBag from /home/airflow/.local/lib/python3.6/site-packages/airflow/example_dags/tutorial_etl_dag.py
[2021-03-12 00:05:20,807] {scheduler_job.py:639} INFO - DAG(s) dict_keys(['tutorial_etl_dag']) retrieved from /home/airflow/.local/lib/python3.6/site-packages/airflow/example_dags/tutorial_etl_dag.py
[2021-03-12 00:05:20,839] {logging_mixin.py:104} INFO - [2021-03-12 00:05:20,839] {dag.py:1818} INFO - Sync 1 DAGs
[2021-03-12 00:05:20,858] {logging_mixin.py:104} INFO - [2021-03-12 00:05:20,855] {dag.py:2273} INFO - Setting next_dagrun for tutorial_etl_dag to None
[2021-03-12 00:05:20,870] {scheduler_job.py:190} INFO - Processing /home/airflow/.local/lib/python3.6/site-packages/airflow/example_dags/tutorial_etl_dag.py took 0.101 seconds
[2021-03-12 00:05:51,525] {scheduler_job.py:182} INFO - Started process (PID=2209) to work on /home/airflow/.local/lib/python3.6/site-packages/airflow/example_dags/tutorial_etl_dag.py
[2021-03-12 00:05:51,529] {scheduler_job.py:629} INFO - Processing file /home/airflow/.local/lib/python3.6/site-packages/airflow/example_dags/tutorial_etl_dag.py for tasks to queue
[2021-03-12 00:05:51,531] {logging_mixin.py:104} INFO - [2021-03-12 00:05:51,531] {dagbag.py:448} INFO - Filling up the DagBag from /home/airflow/.local/lib/python3.6/site-packages/airflow/example_dags/tutorial_etl_dag.py
[2021-03-12 00:05:51,571] {scheduler_job.py:639} INFO - DAG(s) dict_keys(['tutorial_etl_dag']) retrieved from /home/airflow/.local/lib/python3.6/site-packages/airflow/example_dags/tutorial_etl_dag.py
[2021-03-12 00:05:51,615] {logging_mixin.py:104} INFO - [2021-03-12 00:05:51,615] {dag.py:1818} INFO - Sync 1 DAGs
[2021-03-12 00:05:51,639] {logging_mixin.py:104} INFO - [2021-03-12 00:05:51,639] {dag.py:2273} INFO - Setting next_dagrun for tutorial_etl_dag to None
[2021-03-12 00:05:51,667] {scheduler_job.py:190} INFO - Processing /home/airflow/.local/lib/python3.6/site-packages/airflow/example_dags/tutorial_etl_dag.py took 0.147 seconds
[2021-03-12 00:06:22,357] {scheduler_job.py:182} INFO - Started process (PID=2236) to work on /home/airflow/.local/lib/python3.6/site-packages/airflow/example_dags/tutorial_etl_dag.py
[2021-03-12 00:06:22,360] {scheduler_job.py:629} INFO - Processing file /home/airflow/.local/lib/python3.6/site-packages/airflow/example_dags/tutorial_etl_dag.py for tasks to queue
[2021-03-12 00:06:22,363] {logging_mixin.py:104} INFO - [2021-03-12 00:06:22,362] {dagbag.py:448} INFO - Filling up the DagBag from /home/airflow/.local/lib/python3.6/site-packages/airflow/example_dags/tutorial_etl_dag.py
[2021-03-12 00:06:22,386] {scheduler_job.py:639} INFO - DAG(s) dict_keys(['tutorial_etl_dag']) retrieved from /home/airflow/.local/lib/python3.6/site-packages/airflow/example_dags/tutorial_etl_dag.py
[2021-03-12 00:06:22,410] {logging_mixin.py:104} INFO - [2021-03-12 00:06:22,410] {dag.py:1818} INFO - Sync 1 DAGs
[2021-03-12 00:06:22,430] {logging_mixin.py:104} INFO - [2021-03-12 00:06:22,429] {dag.py:2273} INFO - Setting next_dagrun for tutorial_etl_dag to None
[2021-03-12 00:06:22,443] {scheduler_job.py:190} INFO - Processing /home/airflow/.local/lib/python3.6/site-packages/airflow/example_dags/tutorial_etl_dag.py took 0.091 seconds
[2021-03-12 00:06:53,151] {scheduler_job.py:182} INFO - Started process (PID=2263) to work on /home/airflow/.local/lib/python3.6/site-packages/airflow/example_dags/tutorial_etl_dag.py
[2021-03-12 00:06:53,154] {scheduler_job.py:629} INFO - Processing file /home/airflow/.local/lib/python3.6/site-packages/airflow/example_dags/tutorial_etl_dag.py for tasks to queue
[2021-03-12 00:06:53,157] {logging_mixin.py:104} INFO - [2021-03-12 00:06:53,156] {dagbag.py:448} INFO - Filling up the DagBag from /home/airflow/.local/lib/python3.6/site-packages/airflow/example_dags/tutorial_etl_dag.py
[2021-03-12 00:06:53,177] {scheduler_job.py:639} INFO - DAG(s) dict_keys(['tutorial_etl_dag']) retrieved from /home/airflow/.local/lib/python3.6/site-packages/airflow/example_dags/tutorial_etl_dag.py
[2021-03-12 00:06:53,214] {logging_mixin.py:104} INFO - [2021-03-12 00:06:53,213] {dag.py:1818} INFO - Sync 1 DAGs
[2021-03-12 00:06:53,247] {logging_mixin.py:104} INFO - [2021-03-12 00:06:53,247] {dag.py:2273} INFO - Setting next_dagrun for tutorial_etl_dag to None
[2021-03-12 00:06:53,260] {scheduler_job.py:190} INFO - Processing /home/airflow/.local/lib/python3.6/site-packages/airflow/example_dags/tutorial_etl_dag.py took 0.116 seconds
[2021-03-12 00:07:24,008] {scheduler_job.py:182} INFO - Started process (PID=2290) to work on /home/airflow/.local/lib/python3.6/site-packages/airflow/example_dags/tutorial_etl_dag.py
[2021-03-12 00:07:24,014] {scheduler_job.py:629} INFO - Processing file /home/airflow/.local/lib/python3.6/site-packages/airflow/example_dags/tutorial_etl_dag.py for tasks to queue
[2021-03-12 00:07:24,016] {logging_mixin.py:104} INFO - [2021-03-12 00:07:24,015] {dagbag.py:448} INFO - Filling up the DagBag from /home/airflow/.local/lib/python3.6/site-packages/airflow/example_dags/tutorial_etl_dag.py
[2021-03-12 00:07:24,042] {scheduler_job.py:639} INFO - DAG(s) dict_keys(['tutorial_etl_dag']) retrieved from /home/airflow/.local/lib/python3.6/site-packages/airflow/example_dags/tutorial_etl_dag.py
[2021-03-12 00:07:24,080] {logging_mixin.py:104} INFO - [2021-03-12 00:07:24,080] {dag.py:1818} INFO - Sync 1 DAGs
[2021-03-12 00:07:24,119] {logging_mixin.py:104} INFO - [2021-03-12 00:07:24,119] {dag.py:2273} INFO - Setting next_dagrun for tutorial_etl_dag to None
[2021-03-12 00:07:24,138] {scheduler_job.py:190} INFO - Processing /home/airflow/.local/lib/python3.6/site-packages/airflow/example_dags/tutorial_etl_dag.py took 0.134 seconds
[2021-03-12 00:07:54,735] {scheduler_job.py:182} INFO - Started process (PID=2317) to work on /home/airflow/.local/lib/python3.6/site-packages/airflow/example_dags/tutorial_etl_dag.py
[2021-03-12 00:07:54,737] {scheduler_job.py:629} INFO - Processing file /home/airflow/.local/lib/python3.6/site-packages/airflow/example_dags/tutorial_etl_dag.py for tasks to queue
[2021-03-12 00:07:54,739] {logging_mixin.py:104} INFO - [2021-03-12 00:07:54,738] {dagbag.py:448} INFO - Filling up the DagBag from /home/airflow/.local/lib/python3.6/site-packages/airflow/example_dags/tutorial_etl_dag.py
[2021-03-12 00:07:54,758] {scheduler_job.py:639} INFO - DAG(s) dict_keys(['tutorial_etl_dag']) retrieved from /home/airflow/.local/lib/python3.6/site-packages/airflow/example_dags/tutorial_etl_dag.py
[2021-03-12 00:07:54,784] {logging_mixin.py:104} INFO - [2021-03-12 00:07:54,783] {dag.py:1818} INFO - Sync 1 DAGs
[2021-03-12 00:07:54,806] {logging_mixin.py:104} INFO - [2021-03-12 00:07:54,806] {dag.py:2273} INFO - Setting next_dagrun for tutorial_etl_dag to None
[2021-03-12 00:07:54,816] {scheduler_job.py:190} INFO - Processing /home/airflow/.local/lib/python3.6/site-packages/airflow/example_dags/tutorial_etl_dag.py took 0.084 seconds
[2021-03-12 00:08:25,374] {scheduler_job.py:182} INFO - Started process (PID=2344) to work on /home/airflow/.local/lib/python3.6/site-packages/airflow/example_dags/tutorial_etl_dag.py
[2021-03-12 00:08:25,376] {scheduler_job.py:629} INFO - Processing file /home/airflow/.local/lib/python3.6/site-packages/airflow/example_dags/tutorial_etl_dag.py for tasks to queue
[2021-03-12 00:08:25,378] {logging_mixin.py:104} INFO - [2021-03-12 00:08:25,377] {dagbag.py:448} INFO - Filling up the DagBag from /home/airflow/.local/lib/python3.6/site-packages/airflow/example_dags/tutorial_etl_dag.py
[2021-03-12 00:08:25,392] {scheduler_job.py:639} INFO - DAG(s) dict_keys(['tutorial_etl_dag']) retrieved from /home/airflow/.local/lib/python3.6/site-packages/airflow/example_dags/tutorial_etl_dag.py
[2021-03-12 00:08:25,421] {logging_mixin.py:104} INFO - [2021-03-12 00:08:25,421] {dag.py:1818} INFO - Sync 1 DAGs
[2021-03-12 00:08:25,439] {logging_mixin.py:104} INFO - [2021-03-12 00:08:25,439] {dag.py:2273} INFO - Setting next_dagrun for tutorial_etl_dag to None
[2021-03-12 00:08:25,449] {scheduler_job.py:190} INFO - Processing /home/airflow/.local/lib/python3.6/site-packages/airflow/example_dags/tutorial_etl_dag.py took 0.079 seconds
[2021-03-12 00:08:55,999] {scheduler_job.py:182} INFO - Started process (PID=2371) to work on /home/airflow/.local/lib/python3.6/site-packages/airflow/example_dags/tutorial_etl_dag.py
[2021-03-12 00:08:56,002] {scheduler_job.py:629} INFO - Processing file /home/airflow/.local/lib/python3.6/site-packages/airflow/example_dags/tutorial_etl_dag.py for tasks to queue
[2021-03-12 00:08:56,003] {logging_mixin.py:104} INFO - [2021-03-12 00:08:56,003] {dagbag.py:448} INFO - Filling up the DagBag from /home/airflow/.local/lib/python3.6/site-packages/airflow/example_dags/tutorial_etl_dag.py
[2021-03-12 00:08:56,019] {scheduler_job.py:639} INFO - DAG(s) dict_keys(['tutorial_etl_dag']) retrieved from /home/airflow/.local/lib/python3.6/site-packages/airflow/example_dags/tutorial_etl_dag.py
[2021-03-12 00:08:56,045] {logging_mixin.py:104} INFO - [2021-03-12 00:08:56,044] {dag.py:1818} INFO - Sync 1 DAGs
[2021-03-12 00:08:56,060] {logging_mixin.py:104} INFO - [2021-03-12 00:08:56,060] {dag.py:2273} INFO - Setting next_dagrun for tutorial_etl_dag to None
[2021-03-12 00:08:56,069] {scheduler_job.py:190} INFO - Processing /home/airflow/.local/lib/python3.6/site-packages/airflow/example_dags/tutorial_etl_dag.py took 0.073 seconds
[2021-03-12 00:09:26,597] {scheduler_job.py:182} INFO - Started process (PID=2398) to work on /home/airflow/.local/lib/python3.6/site-packages/airflow/example_dags/tutorial_etl_dag.py
[2021-03-12 00:09:26,599] {scheduler_job.py:629} INFO - Processing file /home/airflow/.local/lib/python3.6/site-packages/airflow/example_dags/tutorial_etl_dag.py for tasks to queue
[2021-03-12 00:09:26,600] {logging_mixin.py:104} INFO - [2021-03-12 00:09:26,599] {dagbag.py:448} INFO - Filling up the DagBag from /home/airflow/.local/lib/python3.6/site-packages/airflow/example_dags/tutorial_etl_dag.py
[2021-03-12 00:09:26,615] {scheduler_job.py:639} INFO - DAG(s) dict_keys(['tutorial_etl_dag']) retrieved from /home/airflow/.local/lib/python3.6/site-packages/airflow/example_dags/tutorial_etl_dag.py
[2021-03-12 00:09:26,642] {logging_mixin.py:104} INFO - [2021-03-12 00:09:26,642] {dag.py:1818} INFO - Sync 1 DAGs
[2021-03-12 00:09:26,669] {logging_mixin.py:104} INFO - [2021-03-12 00:09:26,669] {dag.py:2273} INFO - Setting next_dagrun for tutorial_etl_dag to None
[2021-03-12 00:09:26,679] {scheduler_job.py:190} INFO - Processing /home/airflow/.local/lib/python3.6/site-packages/airflow/example_dags/tutorial_etl_dag.py took 0.086 seconds
[2021-03-12 00:09:57,546] {scheduler_job.py:182} INFO - Started process (PID=2425) to work on /home/airflow/.local/lib/python3.6/site-packages/airflow/example_dags/tutorial_etl_dag.py
[2021-03-12 00:09:57,548] {scheduler_job.py:629} INFO - Processing file /home/airflow/.local/lib/python3.6/site-packages/airflow/example_dags/tutorial_etl_dag.py for tasks to queue
[2021-03-12 00:09:57,551] {logging_mixin.py:104} INFO - [2021-03-12 00:09:57,551] {dagbag.py:448} INFO - Filling up the DagBag from /home/airflow/.local/lib/python3.6/site-packages/airflow/example_dags/tutorial_etl_dag.py
[2021-03-12 00:09:57,570] {scheduler_job.py:639} INFO - DAG(s) dict_keys(['tutorial_etl_dag']) retrieved from /home/airflow/.local/lib/python3.6/site-packages/airflow/example_dags/tutorial_etl_dag.py
[2021-03-12 00:09:57,606] {logging_mixin.py:104} INFO - [2021-03-12 00:09:57,605] {dag.py:1818} INFO - Sync 1 DAGs
[2021-03-12 00:09:57,655] {logging_mixin.py:104} INFO - [2021-03-12 00:09:57,654] {dag.py:2273} INFO - Setting next_dagrun for tutorial_etl_dag to None
[2021-03-12 00:09:57,680] {scheduler_job.py:190} INFO - Processing /home/airflow/.local/lib/python3.6/site-packages/airflow/example_dags/tutorial_etl_dag.py took 0.137 seconds
[2021-03-12 00:10:28,419] {scheduler_job.py:182} INFO - Started process (PID=2452) to work on /home/airflow/.local/lib/python3.6/site-packages/airflow/example_dags/tutorial_etl_dag.py
[2021-03-12 00:10:28,424] {scheduler_job.py:629} INFO - Processing file /home/airflow/.local/lib/python3.6/site-packages/airflow/example_dags/tutorial_etl_dag.py for tasks to queue
[2021-03-12 00:10:28,426] {logging_mixin.py:104} INFO - [2021-03-12 00:10:28,426] {dagbag.py:448} INFO - Filling up the DagBag from /home/airflow/.local/lib/python3.6/site-packages/airflow/example_dags/tutorial_etl_dag.py
[2021-03-12 00:10:28,453] {scheduler_job.py:639} INFO - DAG(s) dict_keys(['tutorial_etl_dag']) retrieved from /home/airflow/.local/lib/python3.6/site-packages/airflow/example_dags/tutorial_etl_dag.py
[2021-03-12 00:10:28,499] {logging_mixin.py:104} INFO - [2021-03-12 00:10:28,499] {dag.py:1818} INFO - Sync 1 DAGs
[2021-03-12 00:10:28,517] {logging_mixin.py:104} INFO - [2021-03-12 00:10:28,517] {dag.py:2273} INFO - Setting next_dagrun for tutorial_etl_dag to None
[2021-03-12 00:10:28,525] {scheduler_job.py:190} INFO - Processing /home/airflow/.local/lib/python3.6/site-packages/airflow/example_dags/tutorial_etl_dag.py took 0.122 seconds
[2021-03-12 00:10:58,901] {scheduler_job.py:182} INFO - Started process (PID=2479) to work on /home/airflow/.local/lib/python3.6/site-packages/airflow/example_dags/tutorial_etl_dag.py
[2021-03-12 00:10:58,903] {scheduler_job.py:629} INFO - Processing file /home/airflow/.local/lib/python3.6/site-packages/airflow/example_dags/tutorial_etl_dag.py for tasks to queue
[2021-03-12 00:10:58,904] {logging_mixin.py:104} INFO - [2021-03-12 00:10:58,904] {dagbag.py:448} INFO - Filling up the DagBag from /home/airflow/.local/lib/python3.6/site-packages/airflow/example_dags/tutorial_etl_dag.py
[2021-03-12 00:10:58,920] {scheduler_job.py:639} INFO - DAG(s) dict_keys(['tutorial_etl_dag']) retrieved from /home/airflow/.local/lib/python3.6/site-packages/airflow/example_dags/tutorial_etl_dag.py
[2021-03-12 00:10:58,951] {logging_mixin.py:104} INFO - [2021-03-12 00:10:58,950] {dag.py:1818} INFO - Sync 1 DAGs
[2021-03-12 00:10:58,969] {logging_mixin.py:104} INFO - [2021-03-12 00:10:58,969] {dag.py:2273} INFO - Setting next_dagrun for tutorial_etl_dag to None
[2021-03-12 00:10:58,980] {scheduler_job.py:190} INFO - Processing /home/airflow/.local/lib/python3.6/site-packages/airflow/example_dags/tutorial_etl_dag.py took 0.085 seconds
[2021-03-12 00:11:29,959] {scheduler_job.py:182} INFO - Started process (PID=2506) to work on /home/airflow/.local/lib/python3.6/site-packages/airflow/example_dags/tutorial_etl_dag.py
[2021-03-12 00:11:29,961] {scheduler_job.py:629} INFO - Processing file /home/airflow/.local/lib/python3.6/site-packages/airflow/example_dags/tutorial_etl_dag.py for tasks to queue
[2021-03-12 00:11:29,963] {logging_mixin.py:104} INFO - [2021-03-12 00:11:29,963] {dagbag.py:448} INFO - Filling up the DagBag from /home/airflow/.local/lib/python3.6/site-packages/airflow/example_dags/tutorial_etl_dag.py
[2021-03-12 00:11:29,985] {scheduler_job.py:639} INFO - DAG(s) dict_keys(['tutorial_etl_dag']) retrieved from /home/airflow/.local/lib/python3.6/site-packages/airflow/example_dags/tutorial_etl_dag.py
[2021-03-12 00:11:30,022] {logging_mixin.py:104} INFO - [2021-03-12 00:11:30,022] {dag.py:1818} INFO - Sync 1 DAGs
[2021-03-12 00:11:30,049] {logging_mixin.py:104} INFO - [2021-03-12 00:11:30,049] {dag.py:2273} INFO - Setting next_dagrun for tutorial_etl_dag to None
[2021-03-12 00:11:30,067] {scheduler_job.py:190} INFO - Processing /home/airflow/.local/lib/python3.6/site-packages/airflow/example_dags/tutorial_etl_dag.py took 0.113 seconds
[2021-03-12 00:41:06,023] {scheduler_job.py:182} INFO - Started process (PID=37) to work on /home/airflow/.local/lib/python3.6/site-packages/airflow/example_dags/tutorial_etl_dag.py
[2021-03-12 00:41:06,041] {scheduler_job.py:629} INFO - Processing file /home/airflow/.local/lib/python3.6/site-packages/airflow/example_dags/tutorial_etl_dag.py for tasks to queue
[2021-03-12 00:41:06,052] {logging_mixin.py:104} INFO - [2021-03-12 00:41:06,051] {dagbag.py:448} INFO - Filling up the DagBag from /home/airflow/.local/lib/python3.6/site-packages/airflow/example_dags/tutorial_etl_dag.py
[2021-03-12 00:41:06,118] {scheduler_job.py:639} INFO - DAG(s) dict_keys(['tutorial_etl_dag']) retrieved from /home/airflow/.local/lib/python3.6/site-packages/airflow/example_dags/tutorial_etl_dag.py
[2021-03-12 00:41:06,237] {logging_mixin.py:104} INFO - [2021-03-12 00:41:06,236] {dag.py:1818} INFO - Sync 1 DAGs
[2021-03-12 00:41:06,373] {logging_mixin.py:104} INFO - [2021-03-12 00:41:06,373] {dag.py:2273} INFO - Setting next_dagrun for tutorial_etl_dag to None
[2021-03-12 00:41:06,497] {scheduler_job.py:190} INFO - Processing /home/airflow/.local/lib/python3.6/site-packages/airflow/example_dags/tutorial_etl_dag.py took 0.479 seconds
[2021-03-12 00:41:36,559] {scheduler_job.py:182} INFO - Started process (PID=64) to work on /home/airflow/.local/lib/python3.6/site-packages/airflow/example_dags/tutorial_etl_dag.py
[2021-03-12 00:41:36,562] {scheduler_job.py:629} INFO - Processing file /home/airflow/.local/lib/python3.6/site-packages/airflow/example_dags/tutorial_etl_dag.py for tasks to queue
[2021-03-12 00:41:36,565] {logging_mixin.py:104} INFO - [2021-03-12 00:41:36,564] {dagbag.py:448} INFO - Filling up the DagBag from /home/airflow/.local/lib/python3.6/site-packages/airflow/example_dags/tutorial_etl_dag.py
[2021-03-12 00:41:36,584] {scheduler_job.py:639} INFO - DAG(s) dict_keys(['tutorial_etl_dag']) retrieved from /home/airflow/.local/lib/python3.6/site-packages/airflow/example_dags/tutorial_etl_dag.py
[2021-03-12 00:41:36,606] {logging_mixin.py:104} INFO - [2021-03-12 00:41:36,606] {dag.py:1818} INFO - Sync 1 DAGs
[2021-03-12 00:41:36,621] {logging_mixin.py:104} INFO - [2021-03-12 00:41:36,621] {dag.py:2273} INFO - Setting next_dagrun for tutorial_etl_dag to None
[2021-03-12 00:41:36,630] {scheduler_job.py:190} INFO - Processing /home/airflow/.local/lib/python3.6/site-packages/airflow/example_dags/tutorial_etl_dag.py took 0.074 seconds
[2021-03-12 00:42:06,898] {scheduler_job.py:182} INFO - Started process (PID=87) to work on /home/airflow/.local/lib/python3.6/site-packages/airflow/example_dags/tutorial_etl_dag.py
[2021-03-12 00:42:06,904] {scheduler_job.py:629} INFO - Processing file /home/airflow/.local/lib/python3.6/site-packages/airflow/example_dags/tutorial_etl_dag.py for tasks to queue
[2021-03-12 00:42:06,906] {logging_mixin.py:104} INFO - [2021-03-12 00:42:06,906] {dagbag.py:448} INFO - Filling up the DagBag from /home/airflow/.local/lib/python3.6/site-packages/airflow/example_dags/tutorial_etl_dag.py
[2021-03-12 00:42:06,921] {scheduler_job.py:639} INFO - DAG(s) dict_keys(['tutorial_etl_dag']) retrieved from /home/airflow/.local/lib/python3.6/site-packages/airflow/example_dags/tutorial_etl_dag.py
[2021-03-12 00:42:06,946] {logging_mixin.py:104} INFO - [2021-03-12 00:42:06,945] {dag.py:1818} INFO - Sync 1 DAGs
[2021-03-12 00:42:06,964] {logging_mixin.py:104} INFO - [2021-03-12 00:42:06,964] {dag.py:2273} INFO - Setting next_dagrun for tutorial_etl_dag to None
[2021-03-12 00:42:06,977] {scheduler_job.py:190} INFO - Processing /home/airflow/.local/lib/python3.6/site-packages/airflow/example_dags/tutorial_etl_dag.py took 0.083 seconds
[2021-03-12 00:42:37,669] {scheduler_job.py:182} INFO - Started process (PID=114) to work on /home/airflow/.local/lib/python3.6/site-packages/airflow/example_dags/tutorial_etl_dag.py
[2021-03-12 00:42:37,671] {scheduler_job.py:629} INFO - Processing file /home/airflow/.local/lib/python3.6/site-packages/airflow/example_dags/tutorial_etl_dag.py for tasks to queue
[2021-03-12 00:42:37,672] {logging_mixin.py:104} INFO - [2021-03-12 00:42:37,672] {dagbag.py:448} INFO - Filling up the DagBag from /home/airflow/.local/lib/python3.6/site-packages/airflow/example_dags/tutorial_etl_dag.py
[2021-03-12 00:42:37,690] {scheduler_job.py:639} INFO - DAG(s) dict_keys(['tutorial_etl_dag']) retrieved from /home/airflow/.local/lib/python3.6/site-packages/airflow/example_dags/tutorial_etl_dag.py
[2021-03-12 00:42:37,715] {logging_mixin.py:104} INFO - [2021-03-12 00:42:37,715] {dag.py:1818} INFO - Sync 1 DAGs
[2021-03-12 00:42:37,736] {logging_mixin.py:104} INFO - [2021-03-12 00:42:37,736] {dag.py:2273} INFO - Setting next_dagrun for tutorial_etl_dag to None
[2021-03-12 00:42:37,744] {scheduler_job.py:190} INFO - Processing /home/airflow/.local/lib/python3.6/site-packages/airflow/example_dags/tutorial_etl_dag.py took 0.079 seconds
[2021-03-12 00:43:08,641] {scheduler_job.py:182} INFO - Started process (PID=141) to work on /home/airflow/.local/lib/python3.6/site-packages/airflow/example_dags/tutorial_etl_dag.py
[2021-03-12 00:43:08,643] {scheduler_job.py:629} INFO - Processing file /home/airflow/.local/lib/python3.6/site-packages/airflow/example_dags/tutorial_etl_dag.py for tasks to queue
[2021-03-12 00:43:08,645] {logging_mixin.py:104} INFO - [2021-03-12 00:43:08,645] {dagbag.py:448} INFO - Filling up the DagBag from /home/airflow/.local/lib/python3.6/site-packages/airflow/example_dags/tutorial_etl_dag.py
[2021-03-12 00:43:08,660] {scheduler_job.py:639} INFO - DAG(s) dict_keys(['tutorial_etl_dag']) retrieved from /home/airflow/.local/lib/python3.6/site-packages/airflow/example_dags/tutorial_etl_dag.py
[2021-03-12 00:43:08,684] {logging_mixin.py:104} INFO - [2021-03-12 00:43:08,684] {dag.py:1818} INFO - Sync 1 DAGs
[2021-03-12 00:43:08,707] {logging_mixin.py:104} INFO - [2021-03-12 00:43:08,707] {dag.py:2273} INFO - Setting next_dagrun for tutorial_etl_dag to None
[2021-03-12 00:43:08,719] {scheduler_job.py:190} INFO - Processing /home/airflow/.local/lib/python3.6/site-packages/airflow/example_dags/tutorial_etl_dag.py took 0.083 seconds
