[2021-03-12 00:49:47,031] {taskinstance.py:851} INFO - Dependencies all met for <TaskInstance: xcom-example.extract_from_db 2021-03-12T00:49:45.305899+00:00 [queued]>
[2021-03-12 00:49:47,045] {taskinstance.py:851} INFO - Dependencies all met for <TaskInstance: xcom-example.extract_from_db 2021-03-12T00:49:45.305899+00:00 [queued]>
[2021-03-12 00:49:47,046] {taskinstance.py:1042} INFO - 
--------------------------------------------------------------------------------
[2021-03-12 00:49:47,047] {taskinstance.py:1043} INFO - Starting attempt 1 of 2
[2021-03-12 00:49:47,047] {taskinstance.py:1044} INFO - 
--------------------------------------------------------------------------------
[2021-03-12 00:49:47,057] {taskinstance.py:1063} INFO - Executing <Task(PythonOperator): extract_from_db> on 2021-03-12T00:49:45.305899+00:00
[2021-03-12 00:49:47,062] {standard_task_runner.py:52} INFO - Started process 39 to run task
[2021-03-12 00:49:47,068] {standard_task_runner.py:76} INFO - Running: ['airflow', 'tasks', 'run', 'xcom-example', 'extract_from_db', '2021-03-12T00:49:45.305899+00:00', '--job-id', '2', '--pool', 'default_pool', '--raw', '--subdir', 'DAGS_FOLDER/airflow-xcom-example.py', '--cfg-path', '/tmp/tmpwkwhx9ao', '--error-file', '/tmp/tmptarwju36']
[2021-03-12 00:49:47,069] {standard_task_runner.py:77} INFO - Job 2: Subtask extract_from_db
[2021-03-12 00:49:47,128] {logging_mixin.py:104} INFO - Running <TaskInstance: xcom-example.extract_from_db 2021-03-12T00:49:45.305899+00:00 [running]> on host db69dbb545d0
[2021-03-12 00:49:47,178] {taskinstance.py:1257} INFO - Exporting the following env vars:
AIRFLOW_CTX_DAG_EMAIL=tom.karaffa@deep-labs.com
AIRFLOW_CTX_DAG_OWNER=tom.karaffa
AIRFLOW_CTX_DAG_ID=xcom-example
AIRFLOW_CTX_TASK_ID=extract_from_db
AIRFLOW_CTX_EXECUTION_DATE=2021-03-12T00:49:45.305899+00:00
AIRFLOW_CTX_DAG_RUN_ID=manual__2021-03-12T00:49:45.305899+00:00
[2021-03-12 00:49:47,226] {python.py:118} INFO - Done. Returned value was: None
[2021-03-12 00:49:47,249] {taskinstance.py:1166} INFO - Marking task as SUCCESS. dag_id=xcom-example, task_id=extract_from_db, execution_date=20210312T004945, start_date=20210312T004947, end_date=20210312T004947
[2021-03-12 00:49:47,287] {taskinstance.py:1220} INFO - 1 downstream tasks scheduled from follow-on schedule check
[2021-03-12 00:49:47,325] {local_task_job.py:146} INFO - Task exited with return code 0
