[2021-03-11 23:35:34,096] {taskinstance.py:851} INFO - Dependencies all met for <TaskInstance: example_xcom.puller 2021-03-09T00:00:00+00:00 [queued]>
[2021-03-11 23:35:34,179] {taskinstance.py:851} INFO - Dependencies all met for <TaskInstance: example_xcom.puller 2021-03-09T00:00:00+00:00 [queued]>
[2021-03-11 23:35:34,180] {taskinstance.py:1042} INFO - 
--------------------------------------------------------------------------------
[2021-03-11 23:35:34,183] {taskinstance.py:1043} INFO - Starting attempt 1 of 1
[2021-03-11 23:35:34,185] {taskinstance.py:1044} INFO - 
--------------------------------------------------------------------------------
[2021-03-11 23:35:34,215] {taskinstance.py:1063} INFO - Executing <Task(PythonOperator): puller> on 2021-03-09T00:00:00+00:00
[2021-03-11 23:35:34,222] {standard_task_runner.py:52} INFO - Started process 52 to run task
[2021-03-11 23:35:34,231] {standard_task_runner.py:76} INFO - Running: ['airflow', 'tasks', 'run', 'example_xcom', 'puller', '2021-03-09T00:00:00+00:00', '--job-id', '7', '--pool', 'default_pool', '--raw', '--subdir', '/home/airflow/.local/lib/python3.6/site-packages/airflow/example_dags/example_xcom.py', '--cfg-path', '/tmp/tmpym7duipr', '--error-file', '/tmp/tmpuquyzler']
[2021-03-11 23:35:34,235] {standard_task_runner.py:77} INFO - Job 7: Subtask puller
[2021-03-11 23:35:34,326] {logging_mixin.py:104} INFO - Running <TaskInstance: example_xcom.puller 2021-03-09T00:00:00+00:00 [running]> on host 7d27dd48eb07
[2021-03-11 23:35:34,406] {taskinstance.py:1257} INFO - Exporting the following env vars:
AIRFLOW_CTX_DAG_OWNER=airflow
AIRFLOW_CTX_DAG_ID=example_xcom
AIRFLOW_CTX_TASK_ID=puller
AIRFLOW_CTX_EXECUTION_DATE=2021-03-09T00:00:00+00:00
AIRFLOW_CTX_DAG_RUN_ID=scheduled__2021-03-09T00:00:00+00:00
[2021-03-11 23:35:34,450] {python.py:118} INFO - Done. Returned value was: None
[2021-03-11 23:35:34,469] {taskinstance.py:1166} INFO - Marking task as SUCCESS. dag_id=example_xcom, task_id=puller, execution_date=20210309T000000, start_date=20210311T233534, end_date=20210311T233534
[2021-03-11 23:35:34,529] {taskinstance.py:1220} INFO - 0 downstream tasks scheduled from follow-on schedule check
[2021-03-11 23:35:34,577] {local_task_job.py:146} INFO - Task exited with return code 0
