[2021-03-12 16:51:01,423] {taskinstance.py:851} INFO - Dependencies all met for <TaskInstance: xcom-example.double_values 2021-03-12T16:45:57.518048+00:00 [queued]>
[2021-03-12 16:51:01,437] {taskinstance.py:851} INFO - Dependencies all met for <TaskInstance: xcom-example.double_values 2021-03-12T16:45:57.518048+00:00 [queued]>
[2021-03-12 16:51:01,438] {taskinstance.py:1042} INFO - 
--------------------------------------------------------------------------------
[2021-03-12 16:51:01,438] {taskinstance.py:1043} INFO - Starting attempt 1 of 2
[2021-03-12 16:51:01,439] {taskinstance.py:1044} INFO - 
--------------------------------------------------------------------------------
[2021-03-12 16:51:01,446] {taskinstance.py:1063} INFO - Executing <Task(PythonOperator): double_values> on 2021-03-12T16:45:57.518048+00:00
[2021-03-12 16:51:01,453] {standard_task_runner.py:52} INFO - Started process 50 to run task
[2021-03-12 16:51:01,458] {standard_task_runner.py:76} INFO - Running: ['airflow', 'tasks', 'run', 'xcom-example', 'double_values', '2021-03-12T16:45:57.518048+00:00', '--job-id', '8', '--pool', 'default_pool', '--raw', '--subdir', 'DAGS_FOLDER/airflow-xcom-example.py', '--cfg-path', '/tmp/tmp2qbah00n', '--error-file', '/tmp/tmpjxc227s7']
[2021-03-12 16:51:01,459] {standard_task_runner.py:77} INFO - Job 8: Subtask double_values
[2021-03-12 16:51:01,507] {logging_mixin.py:104} INFO - Running <TaskInstance: xcom-example.double_values 2021-03-12T16:45:57.518048+00:00 [running]> on host c9789e4b240e
[2021-03-12 16:51:01,541] {taskinstance.py:1257} INFO - Exporting the following env vars:
AIRFLOW_CTX_DAG_EMAIL=tom.karaffa@deep-labs.com
AIRFLOW_CTX_DAG_OWNER=tom.karaffa
AIRFLOW_CTX_DAG_ID=xcom-example
AIRFLOW_CTX_TASK_ID=double_values
AIRFLOW_CTX_EXECUTION_DATE=2021-03-12T16:45:57.518048+00:00
AIRFLOW_CTX_DAG_RUN_ID=manual__2021-03-12T16:45:57.518048+00:00
[2021-03-12 16:51:01,561] {python.py:118} INFO - Done. Returned value was: None
[2021-03-12 16:51:01,571] {taskinstance.py:1166} INFO - Marking task as SUCCESS. dag_id=xcom-example, task_id=double_values, execution_date=20210312T164557, start_date=20210312T165101, end_date=20210312T165101
[2021-03-12 16:51:01,600] {taskinstance.py:1220} INFO - 1 downstream tasks scheduled from follow-on schedule check
[2021-03-12 16:51:01,633] {local_task_job.py:146} INFO - Task exited with return code 0
