[2021-03-11 23:20:28,183] {taskinstance.py:851} INFO - Dependencies all met for <TaskInstance: tutorial.sleep 2021-03-11T23:20:24.980401+00:00 [queued]>
[2021-03-11 23:20:28,220] {taskinstance.py:851} INFO - Dependencies all met for <TaskInstance: tutorial.sleep 2021-03-11T23:20:24.980401+00:00 [queued]>
[2021-03-11 23:20:28,221] {taskinstance.py:1042} INFO - 
--------------------------------------------------------------------------------
[2021-03-11 23:20:28,223] {taskinstance.py:1043} INFO - Starting attempt 1 of 4
[2021-03-11 23:20:28,224] {taskinstance.py:1044} INFO - 
--------------------------------------------------------------------------------
[2021-03-11 23:20:28,249] {taskinstance.py:1063} INFO - Executing <Task(BashOperator): sleep> on 2021-03-11T23:20:24.980401+00:00
[2021-03-11 23:20:28,260] {standard_task_runner.py:52} INFO - Started process 44 to run task
[2021-03-11 23:20:28,281] {standard_task_runner.py:76} INFO - Running: ['airflow', 'tasks', 'run', 'tutorial', 'sleep', '2021-03-11T23:20:24.980401+00:00', '--job-id', '31', '--pool', 'default_pool', '--raw', '--subdir', '/home/airflow/.local/lib/python3.6/site-packages/airflow/example_dags/tutorial.py', '--cfg-path', '/tmp/tmpl2navcuy', '--error-file', '/tmp/tmpdun9zwgi']
[2021-03-11 23:20:28,286] {standard_task_runner.py:77} INFO - Job 31: Subtask sleep
[2021-03-11 23:20:28,401] {logging_mixin.py:104} INFO - Running <TaskInstance: tutorial.sleep 2021-03-11T23:20:24.980401+00:00 [running]> on host 480c7f8c856c
[2021-03-11 23:20:28,483] {taskinstance.py:1257} INFO - Exporting the following env vars:
AIRFLOW_CTX_DAG_EMAIL=airflow@example.com
AIRFLOW_CTX_DAG_OWNER=airflow
AIRFLOW_CTX_DAG_ID=tutorial
AIRFLOW_CTX_TASK_ID=sleep
AIRFLOW_CTX_EXECUTION_DATE=2021-03-11T23:20:24.980401+00:00
AIRFLOW_CTX_DAG_RUN_ID=manual__2021-03-11T23:20:24.980401+00:00
[2021-03-11 23:20:28,485] {bash.py:135} INFO - Tmp dir root location: 
 /tmp
[2021-03-11 23:20:28,488] {bash.py:158} INFO - Running command: sleep 5
[2021-03-11 23:20:28,504] {bash.py:169} INFO - Output:
[2021-03-11 23:20:33,509] {bash.py:177} INFO - Command exited with return code 0
[2021-03-11 23:20:33,545] {taskinstance.py:1166} INFO - Marking task as SUCCESS. dag_id=tutorial, task_id=sleep, execution_date=20210311T232024, start_date=20210311T232028, end_date=20210311T232033
[2021-03-11 23:20:33,576] {taskinstance.py:1220} INFO - 0 downstream tasks scheduled from follow-on schedule check
[2021-03-11 23:20:33,625] {local_task_job.py:146} INFO - Task exited with return code 0
