[2021-03-11 23:20:26,407] {taskinstance.py:851} INFO - Dependencies all met for <TaskInstance: tutorial.print_date 2021-03-11T23:20:24.980401+00:00 [queued]>
[2021-03-11 23:20:26,438] {taskinstance.py:851} INFO - Dependencies all met for <TaskInstance: tutorial.print_date 2021-03-11T23:20:24.980401+00:00 [queued]>
[2021-03-11 23:20:26,439] {taskinstance.py:1042} INFO - 
--------------------------------------------------------------------------------
[2021-03-11 23:20:26,440] {taskinstance.py:1043} INFO - Starting attempt 1 of 2
[2021-03-11 23:20:26,442] {taskinstance.py:1044} INFO - 
--------------------------------------------------------------------------------
[2021-03-11 23:20:26,463] {taskinstance.py:1063} INFO - Executing <Task(BashOperator): print_date> on 2021-03-11T23:20:24.980401+00:00
[2021-03-11 23:20:26,470] {standard_task_runner.py:52} INFO - Started process 40 to run task
[2021-03-11 23:20:26,478] {standard_task_runner.py:76} INFO - Running: ['airflow', 'tasks', 'run', 'tutorial', 'print_date', '2021-03-11T23:20:24.980401+00:00', '--job-id', '30', '--pool', 'default_pool', '--raw', '--subdir', '/home/airflow/.local/lib/python3.6/site-packages/airflow/example_dags/tutorial.py', '--cfg-path', '/tmp/tmpz9_awaey', '--error-file', '/tmp/tmp_y3010kl']
[2021-03-11 23:20:26,480] {standard_task_runner.py:77} INFO - Job 30: Subtask print_date
[2021-03-11 23:20:26,561] {logging_mixin.py:104} INFO - Running <TaskInstance: tutorial.print_date 2021-03-11T23:20:24.980401+00:00 [running]> on host 480c7f8c856c
[2021-03-11 23:20:26,627] {taskinstance.py:1257} INFO - Exporting the following env vars:
AIRFLOW_CTX_DAG_EMAIL=airflow@example.com
AIRFLOW_CTX_DAG_OWNER=airflow
AIRFLOW_CTX_DAG_ID=tutorial
AIRFLOW_CTX_TASK_ID=print_date
AIRFLOW_CTX_EXECUTION_DATE=2021-03-11T23:20:24.980401+00:00
AIRFLOW_CTX_DAG_RUN_ID=manual__2021-03-11T23:20:24.980401+00:00
[2021-03-11 23:20:26,630] {bash.py:135} INFO - Tmp dir root location: 
 /tmp
[2021-03-11 23:20:26,632] {bash.py:158} INFO - Running command: date
[2021-03-11 23:20:26,648] {bash.py:169} INFO - Output:
[2021-03-11 23:20:26,650] {bash.py:173} INFO - Thu Mar 11 23:20:26 UTC 2021
[2021-03-11 23:20:26,651] {bash.py:177} INFO - Command exited with return code 0
[2021-03-11 23:20:26,714] {taskinstance.py:1166} INFO - Marking task as SUCCESS. dag_id=tutorial, task_id=print_date, execution_date=20210311T232024, start_date=20210311T232026, end_date=20210311T232026
[2021-03-11 23:20:26,765] {taskinstance.py:1220} INFO - 2 downstream tasks scheduled from follow-on schedule check
[2021-03-11 23:20:26,827] {local_task_job.py:146} INFO - Task exited with return code 0
