[2021-03-11 20:18:35,021] {taskinstance.py:851} INFO - Dependencies all met for <TaskInstance: example_xcom_args.print_value 2021-03-11T20:18:32.348744+00:00 [queued]>
[2021-03-11 20:18:35,036] {taskinstance.py:851} INFO - Dependencies all met for <TaskInstance: example_xcom_args.print_value 2021-03-11T20:18:32.348744+00:00 [queued]>
[2021-03-11 20:18:35,037] {taskinstance.py:1042} INFO - 
--------------------------------------------------------------------------------
[2021-03-11 20:18:35,038] {taskinstance.py:1043} INFO - Starting attempt 1 of 1
[2021-03-11 20:18:35,039] {taskinstance.py:1044} INFO - 
--------------------------------------------------------------------------------
[2021-03-11 20:18:35,048] {taskinstance.py:1063} INFO - Executing <Task(_PythonDecoratedOperator): print_value> on 2021-03-11T20:18:32.348744+00:00
[2021-03-11 20:18:35,053] {standard_task_runner.py:52} INFO - Started process 47 to run task
[2021-03-11 20:18:35,057] {standard_task_runner.py:76} INFO - Running: ['airflow', 'tasks', 'run', 'example_xcom_args', 'print_value', '2021-03-11T20:18:32.348744+00:00', '--job-id', '14', '--pool', 'default_pool', '--raw', '--subdir', '/home/airflow/.local/lib/python3.6/site-packages/airflow/example_dags/example_xcomargs.py', '--cfg-path', '/tmp/tmpnxrcg55_', '--error-file', '/tmp/tmpu4kvc43v']
[2021-03-11 20:18:35,058] {standard_task_runner.py:77} INFO - Job 14: Subtask print_value
[2021-03-11 20:18:35,103] {logging_mixin.py:104} INFO - Running <TaskInstance: example_xcom_args.print_value 2021-03-11T20:18:32.348744+00:00 [running]> on host c5b43799858a
[2021-03-11 20:18:35,161] {taskinstance.py:1257} INFO - Exporting the following env vars:
AIRFLOW_CTX_DAG_OWNER=airflow
AIRFLOW_CTX_DAG_ID=example_xcom_args
AIRFLOW_CTX_TASK_ID=print_value
AIRFLOW_CTX_EXECUTION_DATE=2021-03-11T20:18:32.348744+00:00
AIRFLOW_CTX_DAG_RUN_ID=manual__2021-03-11T20:18:32.348744+00:00
[2021-03-11 20:18:35,163] {example_xcomargs.py:39} INFO - The knights of Ni say: Bring me a shrubbery! (at 2021-03-11T20:18:32.348744+00:00)
[2021-03-11 20:18:35,175] {taskinstance.py:1166} INFO - Marking task as SUCCESS. dag_id=example_xcom_args, task_id=print_value, execution_date=20210311T201832, start_date=20210311T201835, end_date=20210311T201835
[2021-03-11 20:18:35,206] {taskinstance.py:1220} INFO - 0 downstream tasks scheduled from follow-on schedule check
[2021-03-11 20:18:35,233] {local_task_job.py:146} INFO - Task exited with return code 0
