[2021-03-11 23:36:00,237] {taskinstance.py:851} INFO - Dependencies all met for <TaskInstance: example_xcom_args_with_operators.d 2021-03-11T23:35:53.366019+00:00 [queued]>
[2021-03-11 23:36:00,265] {taskinstance.py:851} INFO - Dependencies all met for <TaskInstance: example_xcom_args_with_operators.d 2021-03-11T23:35:53.366019+00:00 [queued]>
[2021-03-11 23:36:00,266] {taskinstance.py:1042} INFO - 
--------------------------------------------------------------------------------
[2021-03-11 23:36:00,268] {taskinstance.py:1043} INFO - Starting attempt 1 of 1
[2021-03-11 23:36:00,270] {taskinstance.py:1044} INFO - 
--------------------------------------------------------------------------------
[2021-03-11 23:36:00,292] {taskinstance.py:1063} INFO - Executing <Task(BashOperator): d> on 2021-03-11T23:35:53.366019+00:00
[2021-03-11 23:36:00,302] {standard_task_runner.py:52} INFO - Started process 65 to run task
[2021-03-11 23:36:00,333] {standard_task_runner.py:76} INFO - Running: ['airflow', 'tasks', 'run', 'example_xcom_args_with_operators', 'd', '2021-03-11T23:35:53.366019+00:00', '--job-id', '13', '--pool', 'default_pool', '--raw', '--subdir', '/home/airflow/.local/lib/python3.6/site-packages/airflow/example_dags/example_xcomargs.py', '--cfg-path', '/tmp/tmpafsrv77w', '--error-file', '/tmp/tmpzpssrt3q']
[2021-03-11 23:36:00,340] {standard_task_runner.py:77} INFO - Job 13: Subtask d
[2021-03-11 23:36:00,497] {logging_mixin.py:104} INFO - Running <TaskInstance: example_xcom_args_with_operators.d 2021-03-11T23:35:53.366019+00:00 [running]> on host 7d27dd48eb07
[2021-03-11 23:36:00,823] {taskinstance.py:1257} INFO - Exporting the following env vars:
AIRFLOW_CTX_DAG_OWNER=airflow
AIRFLOW_CTX_DAG_ID=example_xcom_args_with_operators
AIRFLOW_CTX_TASK_ID=d
AIRFLOW_CTX_EXECUTION_DATE=2021-03-11T23:35:53.366019+00:00
AIRFLOW_CTX_DAG_RUN_ID=manual__2021-03-11T23:35:53.366019+00:00
[2021-03-11 23:36:00,854] {bash.py:135} INFO - Tmp dir root location: 
 /tmp
[2021-03-11 23:36:00,859] {bash.py:158} INFO - Running command: echo c
[2021-03-11 23:36:00,938] {bash.py:169} INFO - Output:
[2021-03-11 23:36:00,973] {bash.py:173} INFO - c
[2021-03-11 23:36:00,977] {bash.py:177} INFO - Command exited with return code 0
[2021-03-11 23:36:01,153] {taskinstance.py:1166} INFO - Marking task as SUCCESS. dag_id=example_xcom_args_with_operators, task_id=d, execution_date=20210311T233553, start_date=20210311T233600, end_date=20210311T233601
[2021-03-11 23:36:01,349] {taskinstance.py:1220} INFO - 0 downstream tasks scheduled from follow-on schedule check
[2021-03-11 23:36:01,388] {local_task_job.py:146} INFO - Task exited with return code 0
