[2021-03-11 23:43:44,971] {taskinstance.py:851} INFO - Dependencies all met for <TaskInstance: xcom-example.extract_from_db 2021-03-11T23:43:43.375911+00:00 [queued]>
[2021-03-11 23:43:45,003] {taskinstance.py:851} INFO - Dependencies all met for <TaskInstance: xcom-example.extract_from_db 2021-03-11T23:43:43.375911+00:00 [queued]>
[2021-03-11 23:43:45,004] {taskinstance.py:1042} INFO - 
--------------------------------------------------------------------------------
[2021-03-11 23:43:45,005] {taskinstance.py:1043} INFO - Starting attempt 1 of 2
[2021-03-11 23:43:45,007] {taskinstance.py:1044} INFO - 
--------------------------------------------------------------------------------
[2021-03-11 23:43:45,026] {taskinstance.py:1063} INFO - Executing <Task(PythonOperator): extract_from_db> on 2021-03-11T23:43:43.375911+00:00
[2021-03-11 23:43:45,038] {standard_task_runner.py:52} INFO - Started process 74 to run task
[2021-03-11 23:43:45,045] {standard_task_runner.py:76} INFO - Running: ['airflow', 'tasks', 'run', 'xcom-example', 'extract_from_db', '2021-03-11T23:43:43.375911+00:00', '--job-id', '17', '--pool', 'default_pool', '--raw', '--subdir', 'DAGS_FOLDER/airflow-xcom-example.py', '--cfg-path', '/tmp/tmphj2x51fq', '--error-file', '/tmp/tmp_pscwlcd']
[2021-03-11 23:43:45,048] {standard_task_runner.py:77} INFO - Job 17: Subtask extract_from_db
[2021-03-11 23:43:45,142] {logging_mixin.py:104} INFO - Running <TaskInstance: xcom-example.extract_from_db 2021-03-11T23:43:43.375911+00:00 [running]> on host 7d27dd48eb07
[2021-03-11 23:43:45,235] {taskinstance.py:1257} INFO - Exporting the following env vars:
AIRFLOW_CTX_DAG_EMAIL=tom.karaffa@deep-labs.com
AIRFLOW_CTX_DAG_OWNER=tom.karaffa
AIRFLOW_CTX_DAG_ID=xcom-example
AIRFLOW_CTX_TASK_ID=extract_from_db
AIRFLOW_CTX_EXECUTION_DATE=2021-03-11T23:43:43.375911+00:00
AIRFLOW_CTX_DAG_RUN_ID=manual__2021-03-11T23:43:43.375911+00:00
[2021-03-11 23:43:45,255] {taskinstance.py:1455} ERROR - name 'result' is not defined
Traceback (most recent call last):
  File "/home/airflow/.local/lib/python3.6/site-packages/airflow/models/taskinstance.py", line 1112, in _run_raw_task
    self._prepare_and_execute_task_with_callbacks(context, task)
  File "/home/airflow/.local/lib/python3.6/site-packages/airflow/models/taskinstance.py", line 1285, in _prepare_and_execute_task_with_callbacks
    result = self._execute_task(context, task_copy)
  File "/home/airflow/.local/lib/python3.6/site-packages/airflow/models/taskinstance.py", line 1315, in _execute_task
    result = task_copy.execute(context=context)
  File "/home/airflow/.local/lib/python3.6/site-packages/airflow/operators/python.py", line 117, in execute
    return_value = self.execute_callable()
  File "/home/airflow/.local/lib/python3.6/site-packages/airflow/operators/python.py", line 128, in execute_callable
    return self.python_callable(*self.op_args, **self.op_kwargs)
  File "/opt/airflow/dags/airflow-xcom-example.py", line 45, in extract_from_db
    json_results = [list(row) for row in result]
NameError: name 'result' is not defined
[2021-03-11 23:43:45,261] {taskinstance.py:1503} INFO - Marking task as UP_FOR_RETRY. dag_id=xcom-example, task_id=extract_from_db, execution_date=20210311T234343, start_date=20210311T234344, end_date=20210311T234345
[2021-03-11 23:43:45,305] {local_task_job.py:146} INFO - Task exited with return code 1
