[2021-03-11 23:48:45,821] {taskinstance.py:851} INFO - Dependencies all met for <TaskInstance: xcom-example.extract_from_db 2021-03-11T23:43:43.375911+00:00 [queued]>
[2021-03-11 23:48:45,837] {taskinstance.py:851} INFO - Dependencies all met for <TaskInstance: xcom-example.extract_from_db 2021-03-11T23:43:43.375911+00:00 [queued]>
[2021-03-11 23:48:45,838] {taskinstance.py:1042} INFO - 
--------------------------------------------------------------------------------
[2021-03-11 23:48:45,839] {taskinstance.py:1043} INFO - Starting attempt 2 of 2
[2021-03-11 23:48:45,839] {taskinstance.py:1044} INFO - 
--------------------------------------------------------------------------------
[2021-03-11 23:48:45,848] {taskinstance.py:1063} INFO - Executing <Task(PythonOperator): extract_from_db> on 2021-03-11T23:43:43.375911+00:00
[2021-03-11 23:48:45,865] {standard_task_runner.py:76} INFO - Running: ['airflow', 'tasks', 'run', 'xcom-example', 'extract_from_db', '2021-03-11T23:43:43.375911+00:00', '--job-id', '27', '--pool', 'default_pool', '--raw', '--subdir', 'DAGS_FOLDER/airflow-xcom-example.py', '--cfg-path', '/tmp/tmpooph755n', '--error-file', '/tmp/tmpkluzzpuy']
[2021-03-11 23:48:45,866] {standard_task_runner.py:77} INFO - Job 27: Subtask extract_from_db
[2021-03-11 23:48:45,860] {standard_task_runner.py:52} INFO - Started process 94 to run task
[2021-03-11 23:48:45,925] {logging_mixin.py:104} INFO - Running <TaskInstance: xcom-example.extract_from_db 2021-03-11T23:43:43.375911+00:00 [running]> on host 7d27dd48eb07
[2021-03-11 23:48:45,963] {taskinstance.py:1257} INFO - Exporting the following env vars:
AIRFLOW_CTX_DAG_EMAIL=tom.karaffa@deep-labs.com
AIRFLOW_CTX_DAG_OWNER=tom.karaffa
AIRFLOW_CTX_DAG_ID=xcom-example
AIRFLOW_CTX_TASK_ID=extract_from_db
AIRFLOW_CTX_EXECUTION_DATE=2021-03-11T23:43:43.375911+00:00
AIRFLOW_CTX_DAG_RUN_ID=manual__2021-03-11T23:43:43.375911+00:00
[2021-03-11 23:48:45,987] {python.py:118} INFO - Done. Returned value was: None
[2021-03-11 23:48:46,005] {taskinstance.py:1166} INFO - Marking task as SUCCESS. dag_id=xcom-example, task_id=extract_from_db, execution_date=20210311T234343, start_date=20210311T234845, end_date=20210311T234846
[2021-03-11 23:48:46,038] {taskinstance.py:1220} INFO - 1 downstream tasks scheduled from follow-on schedule check
[2021-03-11 23:48:46,083] {local_task_job.py:146} INFO - Task exited with return code 0
