[2021-03-11 23:47:15,081] {taskinstance.py:851} INFO - Dependencies all met for <TaskInstance: xcom-example.extract_from_db 2021-03-11T23:47:13.206884+00:00 [queued]>
[2021-03-11 23:47:15,107] {taskinstance.py:851} INFO - Dependencies all met for <TaskInstance: xcom-example.extract_from_db 2021-03-11T23:47:13.206884+00:00 [queued]>
[2021-03-11 23:47:15,108] {taskinstance.py:1042} INFO - 
--------------------------------------------------------------------------------
[2021-03-11 23:47:15,109] {taskinstance.py:1043} INFO - Starting attempt 1 of 2
[2021-03-11 23:47:15,110] {taskinstance.py:1044} INFO - 
--------------------------------------------------------------------------------
[2021-03-11 23:47:15,129] {taskinstance.py:1063} INFO - Executing <Task(PythonOperator): extract_from_db> on 2021-03-11T23:47:13.206884+00:00
[2021-03-11 23:47:15,135] {standard_task_runner.py:52} INFO - Started process 88 to run task
[2021-03-11 23:47:15,156] {standard_task_runner.py:76} INFO - Running: ['airflow', 'tasks', 'run', 'xcom-example', 'extract_from_db', '2021-03-11T23:47:13.206884+00:00', '--job-id', '24', '--pool', 'default_pool', '--raw', '--subdir', 'DAGS_FOLDER/airflow-xcom-example.py', '--cfg-path', '/tmp/tmp_yyj0r9_', '--error-file', '/tmp/tmp4fpgzvma']
[2021-03-11 23:47:15,162] {standard_task_runner.py:77} INFO - Job 24: Subtask extract_from_db
[2021-03-11 23:47:15,244] {logging_mixin.py:104} INFO - Running <TaskInstance: xcom-example.extract_from_db 2021-03-11T23:47:13.206884+00:00 [running]> on host 7d27dd48eb07
[2021-03-11 23:47:15,320] {taskinstance.py:1257} INFO - Exporting the following env vars:
AIRFLOW_CTX_DAG_EMAIL=tom.karaffa@deep-labs.com
AIRFLOW_CTX_DAG_OWNER=tom.karaffa
AIRFLOW_CTX_DAG_ID=xcom-example
AIRFLOW_CTX_TASK_ID=extract_from_db
AIRFLOW_CTX_EXECUTION_DATE=2021-03-11T23:47:13.206884+00:00
AIRFLOW_CTX_DAG_RUN_ID=manual__2021-03-11T23:47:13.206884+00:00
[2021-03-11 23:47:15,367] {python.py:118} INFO - Done. Returned value was: None
[2021-03-11 23:47:15,394] {taskinstance.py:1166} INFO - Marking task as SUCCESS. dag_id=xcom-example, task_id=extract_from_db, execution_date=20210311T234713, start_date=20210311T234715, end_date=20210311T234715
[2021-03-11 23:47:15,480] {taskinstance.py:1220} INFO - 1 downstream tasks scheduled from follow-on schedule check
[2021-03-11 23:47:15,511] {local_task_job.py:146} INFO - Task exited with return code 0
