[2021-03-18 17:05:10,907] {dag_processing.py:590} INFO - Processing files using up to 2 processes at a time 
[2021-03-18 17:05:10,910] {dag_processing.py:591} INFO - Process each file at most once every 30 seconds
[2021-03-18 17:05:10,915] {dag_processing.py:593} INFO - Checking for new files in /opt/airflow/dags every 300 seconds
[2021-03-18 17:05:10,918] {dag_processing.py:731} INFO - Searching for files in /opt/airflow/dags
[2021-03-18 17:05:10,947] {dag_processing.py:734} INFO - There are 1 files in /opt/airflow/dags
[2021-03-18 17:05:11,084] {dag_processing.py:1071} INFO - Finding 'running' jobs without a recent heartbeat
[2021-03-18 17:05:11,090] {dag_processing.py:1075} INFO - Failing jobs without heartbeat after 2021-03-18 17:00:11.090804+00:00
[2021-03-18 17:05:11,265] {dag_processing.py:838} INFO - 
================================================================================
DAG File Processing Stats

File Path                                    PID  Runtime      # DAGs    # Errors  Last Runtime    Last Run
-----------------------------------------  -----  ---------  --------  ----------  --------------  ----------
/opt/airflow/dags/airflow-xcom-example.py     23  0.18s             0           0
================================================================================
[2021-03-18 17:05:21,286] {dag_processing.py:1071} INFO - Finding 'running' jobs without a recent heartbeat
[2021-03-18 17:05:21,288] {dag_processing.py:1075} INFO - Failing jobs without heartbeat after 2021-03-18 17:00:21.288694+00:00
[2021-03-18 17:05:31,311] {dag_processing.py:1071} INFO - Finding 'running' jobs without a recent heartbeat
[2021-03-18 17:05:31,313] {dag_processing.py:1075} INFO - Failing jobs without heartbeat after 2021-03-18 17:00:31.313448+00:00
[2021-03-18 17:05:41,345] {dag_processing.py:1071} INFO - Finding 'running' jobs without a recent heartbeat
[2021-03-18 17:05:41,346] {dag_processing.py:1075} INFO - Failing jobs without heartbeat after 2021-03-18 17:00:41.346642+00:00
[2021-03-18 17:05:41,354] {dag_processing.py:838} INFO - 
================================================================================
DAG File Processing Stats

File Path                                  PID    Runtime      # DAGs    # Errors  Last Runtime    Last Run
-----------------------------------------  -----  ---------  --------  ----------  --------------  -------------------
/opt/airflow/dags/airflow-xcom-example.py                           1           0  0.60s           2021-03-18T17:05:11
================================================================================
[2021-03-18 17:05:51,765] {dag_processing.py:1071} INFO - Finding 'running' jobs without a recent heartbeat
[2021-03-18 17:05:51,767] {dag_processing.py:1075} INFO - Failing jobs without heartbeat after 2021-03-18 17:00:51.767290+00:00
[2021-03-18 17:06:01,796] {dag_processing.py:1071} INFO - Finding 'running' jobs without a recent heartbeat
[2021-03-18 17:06:01,799] {dag_processing.py:1075} INFO - Failing jobs without heartbeat after 2021-03-18 17:01:01.799761+00:00
[2021-03-18 17:06:11,848] {dag_processing.py:1071} INFO - Finding 'running' jobs without a recent heartbeat
[2021-03-18 17:06:11,851] {dag_processing.py:1075} INFO - Failing jobs without heartbeat after 2021-03-18 17:01:11.851124+00:00
[2021-03-18 17:06:11,865] {dag_processing.py:838} INFO - 
================================================================================
DAG File Processing Stats

File Path                                    PID  Runtime      # DAGs    # Errors  Last Runtime    Last Run
-----------------------------------------  -----  ---------  --------  ----------  --------------  -------------------
/opt/airflow/dags/airflow-xcom-example.py     25  0.00s             1           0  0.09s           2021-03-18T17:05:41
================================================================================
[2021-03-18 17:06:21,917] {dag_processing.py:1071} INFO - Finding 'running' jobs without a recent heartbeat
[2021-03-18 17:06:21,922] {dag_processing.py:1075} INFO - Failing jobs without heartbeat after 2021-03-18 17:01:21.922175+00:00
[2021-03-18 17:06:31,956] {dag_processing.py:1071} INFO - Finding 'running' jobs without a recent heartbeat
[2021-03-18 17:06:31,959] {dag_processing.py:1075} INFO - Failing jobs without heartbeat after 2021-03-18 17:01:31.959166+00:00
[2021-03-18 17:06:41,992] {dag_processing.py:1071} INFO - Finding 'running' jobs without a recent heartbeat
[2021-03-18 17:06:41,997] {dag_processing.py:1075} INFO - Failing jobs without heartbeat after 2021-03-18 17:01:41.997835+00:00
[2021-03-18 17:06:42,015] {dag_processing.py:838} INFO - 
================================================================================
DAG File Processing Stats

File Path                                    PID  Runtime      # DAGs    # Errors  Last Runtime    Last Run
-----------------------------------------  -----  ---------  --------  ----------  --------------  -------------------
/opt/airflow/dags/airflow-xcom-example.py     26  0.00s             1           0  0.09s           2021-03-18T17:06:11
================================================================================
[2021-03-18 17:06:52,043] {dag_processing.py:1071} INFO - Finding 'running' jobs without a recent heartbeat
[2021-03-18 17:06:52,045] {dag_processing.py:1075} INFO - Failing jobs without heartbeat after 2021-03-18 17:01:52.045752+00:00
[2021-03-18 17:07:02,075] {dag_processing.py:1071} INFO - Finding 'running' jobs without a recent heartbeat
[2021-03-18 17:07:02,077] {dag_processing.py:1075} INFO - Failing jobs without heartbeat after 2021-03-18 17:02:02.077197+00:00
[2021-03-18 17:07:12,103] {dag_processing.py:1071} INFO - Finding 'running' jobs without a recent heartbeat
[2021-03-18 17:07:12,104] {dag_processing.py:1075} INFO - Failing jobs without heartbeat after 2021-03-18 17:02:12.104824+00:00
[2021-03-18 17:07:12,115] {dag_processing.py:838} INFO - 
================================================================================
DAG File Processing Stats

File Path                                    PID  Runtime      # DAGs    # Errors  Last Runtime    Last Run
-----------------------------------------  -----  ---------  --------  ----------  --------------  -------------------
/opt/airflow/dags/airflow-xcom-example.py     27  0.00s             1           0  0.08s           2021-03-18T17:06:42
================================================================================
[2021-03-18 17:07:22,162] {dag_processing.py:1071} INFO - Finding 'running' jobs without a recent heartbeat
[2021-03-18 17:07:22,164] {dag_processing.py:1075} INFO - Failing jobs without heartbeat after 2021-03-18 17:02:22.164141+00:00
[2021-03-18 17:07:32,188] {dag_processing.py:1071} INFO - Finding 'running' jobs without a recent heartbeat
[2021-03-18 17:07:32,190] {dag_processing.py:1075} INFO - Failing jobs without heartbeat after 2021-03-18 17:02:32.190164+00:00
[2021-03-18 17:07:42,224] {dag_processing.py:1071} INFO - Finding 'running' jobs without a recent heartbeat
[2021-03-18 17:07:42,226] {dag_processing.py:1075} INFO - Failing jobs without heartbeat after 2021-03-18 17:02:42.226514+00:00
[2021-03-18 17:07:42,236] {dag_processing.py:838} INFO - 
================================================================================
DAG File Processing Stats

File Path                                    PID  Runtime      # DAGs    # Errors  Last Runtime    Last Run
-----------------------------------------  -----  ---------  --------  ----------  --------------  -------------------
/opt/airflow/dags/airflow-xcom-example.py     28  0.00s             1           0  0.09s           2021-03-18T17:07:12
================================================================================
[2021-03-18 17:07:52,289] {dag_processing.py:1071} INFO - Finding 'running' jobs without a recent heartbeat
[2021-03-18 17:07:52,294] {dag_processing.py:1075} INFO - Failing jobs without heartbeat after 2021-03-18 17:02:52.294298+00:00
[2021-03-18 17:08:02,327] {dag_processing.py:1071} INFO - Finding 'running' jobs without a recent heartbeat
[2021-03-18 17:08:02,334] {dag_processing.py:1075} INFO - Failing jobs without heartbeat after 2021-03-18 17:03:02.334204+00:00
[2021-03-18 17:08:12,369] {dag_processing.py:1071} INFO - Finding 'running' jobs without a recent heartbeat
[2021-03-18 17:08:12,373] {dag_processing.py:1075} INFO - Failing jobs without heartbeat after 2021-03-18 17:03:12.373867+00:00
[2021-03-18 17:08:12,389] {dag_processing.py:838} INFO - 
================================================================================
DAG File Processing Stats

File Path                                    PID  Runtime      # DAGs    # Errors  Last Runtime    Last Run
-----------------------------------------  -----  ---------  --------  ----------  --------------  -------------------
/opt/airflow/dags/airflow-xcom-example.py     29  0.00s             1           0  0.09s           2021-03-18T17:07:42
================================================================================
[2021-03-18 17:08:22,416] {dag_processing.py:1071} INFO - Finding 'running' jobs without a recent heartbeat
[2021-03-18 17:08:22,417] {dag_processing.py:1075} INFO - Failing jobs without heartbeat after 2021-03-18 17:03:22.417900+00:00
[2021-03-18 17:08:32,445] {dag_processing.py:1071} INFO - Finding 'running' jobs without a recent heartbeat
[2021-03-18 17:08:32,447] {dag_processing.py:1075} INFO - Failing jobs without heartbeat after 2021-03-18 17:03:32.447322+00:00
[2021-03-18 17:08:42,484] {dag_processing.py:1071} INFO - Finding 'running' jobs without a recent heartbeat
[2021-03-18 17:08:42,485] {dag_processing.py:1075} INFO - Failing jobs without heartbeat after 2021-03-18 17:03:42.485771+00:00
[2021-03-18 17:08:42,495] {dag_processing.py:838} INFO - 
================================================================================
DAG File Processing Stats

File Path                                    PID  Runtime      # DAGs    # Errors  Last Runtime    Last Run
-----------------------------------------  -----  ---------  --------  ----------  --------------  -------------------
/opt/airflow/dags/airflow-xcom-example.py     30  0.00s             1           0  0.08s           2021-03-18T17:08:12
================================================================================
[2021-03-18 17:08:52,547] {dag_processing.py:1071} INFO - Finding 'running' jobs without a recent heartbeat
[2021-03-18 17:08:52,552] {dag_processing.py:1075} INFO - Failing jobs without heartbeat after 2021-03-18 17:03:52.552035+00:00
[2021-03-18 17:09:02,587] {dag_processing.py:1071} INFO - Finding 'running' jobs without a recent heartbeat
[2021-03-18 17:09:02,588] {dag_processing.py:1075} INFO - Failing jobs without heartbeat after 2021-03-18 17:04:02.588543+00:00
[2021-03-18 17:09:12,622] {dag_processing.py:1071} INFO - Finding 'running' jobs without a recent heartbeat
[2021-03-18 17:09:12,624] {dag_processing.py:1075} INFO - Failing jobs without heartbeat after 2021-03-18 17:04:12.623949+00:00
[2021-03-18 17:09:12,636] {dag_processing.py:838} INFO - 
================================================================================
DAG File Processing Stats

File Path                                    PID  Runtime      # DAGs    # Errors  Last Runtime    Last Run
-----------------------------------------  -----  ---------  --------  ----------  --------------  -------------------
/opt/airflow/dags/airflow-xcom-example.py     31  0.00s             1           0  0.10s           2021-03-18T17:08:42
================================================================================
[2021-03-18 17:09:22,677] {dag_processing.py:1071} INFO - Finding 'running' jobs without a recent heartbeat
[2021-03-18 17:09:22,681] {dag_processing.py:1075} INFO - Failing jobs without heartbeat after 2021-03-18 17:04:22.681125+00:00
[2021-03-18 17:09:32,720] {dag_processing.py:1071} INFO - Finding 'running' jobs without a recent heartbeat
[2021-03-18 17:09:32,725] {dag_processing.py:1075} INFO - Failing jobs without heartbeat after 2021-03-18 17:04:32.725316+00:00
[2021-03-18 17:09:42,762] {dag_processing.py:1071} INFO - Finding 'running' jobs without a recent heartbeat
[2021-03-18 17:09:42,767] {dag_processing.py:1075} INFO - Failing jobs without heartbeat after 2021-03-18 17:04:42.766928+00:00
[2021-03-18 17:09:42,784] {dag_processing.py:838} INFO - 
================================================================================
DAG File Processing Stats

File Path                                    PID  Runtime      # DAGs    # Errors  Last Runtime    Last Run
-----------------------------------------  -----  ---------  --------  ----------  --------------  -------------------
/opt/airflow/dags/airflow-xcom-example.py     32  0.00s             1           0  0.12s           2021-03-18T17:09:12
================================================================================
[2021-03-18 17:09:52,847] {dag_processing.py:1071} INFO - Finding 'running' jobs without a recent heartbeat
[2021-03-18 17:09:52,851] {dag_processing.py:1075} INFO - Failing jobs without heartbeat after 2021-03-18 17:04:52.851057+00:00
[2021-03-18 17:10:02,883] {dag_processing.py:1071} INFO - Finding 'running' jobs without a recent heartbeat
[2021-03-18 17:10:02,886] {dag_processing.py:1075} INFO - Failing jobs without heartbeat after 2021-03-18 17:05:02.886765+00:00
[2021-03-18 17:10:11,912] {dag_processing.py:731} INFO - Searching for files in /opt/airflow/dags
[2021-03-18 17:10:11,926] {dag_processing.py:734} INFO - There are 1 files in /opt/airflow/dags
[2021-03-18 17:10:12,939] {dag_processing.py:1071} INFO - Finding 'running' jobs without a recent heartbeat
[2021-03-18 17:10:12,942] {dag_processing.py:1075} INFO - Failing jobs without heartbeat after 2021-03-18 17:05:12.942111+00:00
[2021-03-18 17:10:12,957] {dag_processing.py:838} INFO - 
================================================================================
DAG File Processing Stats

File Path                                    PID  Runtime      # DAGs    # Errors  Last Runtime    Last Run
-----------------------------------------  -----  ---------  --------  ----------  --------------  -------------------
/opt/airflow/dags/airflow-xcom-example.py     33  0.00s             1           0  0.09s           2021-03-18T17:09:42
================================================================================
[2021-03-18 17:10:22,989] {dag_processing.py:1071} INFO - Finding 'running' jobs without a recent heartbeat
[2021-03-18 17:10:22,994] {dag_processing.py:1075} INFO - Failing jobs without heartbeat after 2021-03-18 17:05:22.994487+00:00
[2021-03-18 17:10:33,037] {dag_processing.py:1071} INFO - Finding 'running' jobs without a recent heartbeat
[2021-03-18 17:10:33,038] {dag_processing.py:1075} INFO - Failing jobs without heartbeat after 2021-03-18 17:05:33.038821+00:00
[2021-03-18 17:10:43,074] {dag_processing.py:1071} INFO - Finding 'running' jobs without a recent heartbeat
[2021-03-18 17:10:43,077] {dag_processing.py:1075} INFO - Failing jobs without heartbeat after 2021-03-18 17:05:43.077218+00:00
[2021-03-18 17:10:43,091] {dag_processing.py:838} INFO - 
================================================================================
DAG File Processing Stats

File Path                                    PID  Runtime      # DAGs    # Errors  Last Runtime    Last Run
-----------------------------------------  -----  ---------  --------  ----------  --------------  -------------------
/opt/airflow/dags/airflow-xcom-example.py     34  0.00s             1           0  0.09s           2021-03-18T17:10:13
================================================================================
[2021-03-18 17:10:53,142] {dag_processing.py:1071} INFO - Finding 'running' jobs without a recent heartbeat
[2021-03-18 17:10:53,147] {dag_processing.py:1075} INFO - Failing jobs without heartbeat after 2021-03-18 17:05:53.147424+00:00
[2021-03-18 17:11:03,183] {dag_processing.py:1071} INFO - Finding 'running' jobs without a recent heartbeat
[2021-03-18 17:11:03,185] {dag_processing.py:1075} INFO - Failing jobs without heartbeat after 2021-03-18 17:06:03.185081+00:00
[2021-03-18 17:11:13,227] {dag_processing.py:1071} INFO - Finding 'running' jobs without a recent heartbeat
[2021-03-18 17:11:13,231] {dag_processing.py:1075} INFO - Failing jobs without heartbeat after 2021-03-18 17:06:13.231215+00:00
[2021-03-18 17:11:13,247] {dag_processing.py:838} INFO - 
================================================================================
DAG File Processing Stats

File Path                                    PID  Runtime      # DAGs    # Errors  Last Runtime    Last Run
-----------------------------------------  -----  ---------  --------  ----------  --------------  -------------------
/opt/airflow/dags/airflow-xcom-example.py     35  0.00s             1           0  0.09s           2021-03-18T17:10:43
================================================================================
[2021-03-18 17:11:23,274] {dag_processing.py:1071} INFO - Finding 'running' jobs without a recent heartbeat
[2021-03-18 17:11:23,277] {dag_processing.py:1075} INFO - Failing jobs without heartbeat after 2021-03-18 17:06:23.277251+00:00
[2021-03-18 17:11:33,311] {dag_processing.py:1071} INFO - Finding 'running' jobs without a recent heartbeat
[2021-03-18 17:11:33,312] {dag_processing.py:1075} INFO - Failing jobs without heartbeat after 2021-03-18 17:06:33.312882+00:00
[2021-03-18 17:11:43,345] {dag_processing.py:1071} INFO - Finding 'running' jobs without a recent heartbeat
[2021-03-18 17:11:43,348] {dag_processing.py:1075} INFO - Failing jobs without heartbeat after 2021-03-18 17:06:43.348849+00:00
[2021-03-18 17:11:43,364] {dag_processing.py:838} INFO - 
================================================================================
DAG File Processing Stats

File Path                                    PID  Runtime      # DAGs    # Errors  Last Runtime    Last Run
-----------------------------------------  -----  ---------  --------  ----------  --------------  -------------------
/opt/airflow/dags/airflow-xcom-example.py     36  0.00s             1           0  0.09s           2021-03-18T17:11:13
================================================================================
[2021-03-18 17:11:53,408] {dag_processing.py:1071} INFO - Finding 'running' jobs without a recent heartbeat
[2021-03-18 17:11:53,410] {dag_processing.py:1075} INFO - Failing jobs without heartbeat after 2021-03-18 17:06:53.410493+00:00
[2021-03-18 17:12:03,442] {dag_processing.py:1071} INFO - Finding 'running' jobs without a recent heartbeat
[2021-03-18 17:12:03,444] {dag_processing.py:1075} INFO - Failing jobs without heartbeat after 2021-03-18 17:07:03.444305+00:00
[2021-03-18 17:12:13,475] {dag_processing.py:1071} INFO - Finding 'running' jobs without a recent heartbeat
[2021-03-18 17:12:13,479] {dag_processing.py:1075} INFO - Failing jobs without heartbeat after 2021-03-18 17:07:13.479609+00:00
[2021-03-18 17:12:13,496] {dag_processing.py:838} INFO - 
================================================================================
DAG File Processing Stats

File Path                                    PID  Runtime      # DAGs    # Errors  Last Runtime    Last Run
-----------------------------------------  -----  ---------  --------  ----------  --------------  -------------------
/opt/airflow/dags/airflow-xcom-example.py     37  0.00s             1           0  0.09s           2021-03-18T17:11:43
================================================================================
[2021-03-18 17:12:23,537] {dag_processing.py:1071} INFO - Finding 'running' jobs without a recent heartbeat
[2021-03-18 17:12:23,544] {dag_processing.py:1075} INFO - Failing jobs without heartbeat after 2021-03-18 17:07:23.544222+00:00
[2021-03-18 17:12:33,579] {dag_processing.py:1071} INFO - Finding 'running' jobs without a recent heartbeat
[2021-03-18 17:12:33,581] {dag_processing.py:1075} INFO - Failing jobs without heartbeat after 2021-03-18 17:07:33.581357+00:00
[2021-03-18 17:12:43,621] {dag_processing.py:1071} INFO - Finding 'running' jobs without a recent heartbeat
[2021-03-18 17:12:43,626] {dag_processing.py:1075} INFO - Failing jobs without heartbeat after 2021-03-18 17:07:43.626056+00:00
[2021-03-18 17:12:43,646] {dag_processing.py:838} INFO - 
================================================================================
DAG File Processing Stats

File Path                                    PID  Runtime      # DAGs    # Errors  Last Runtime    Last Run
-----------------------------------------  -----  ---------  --------  ----------  --------------  -------------------
/opt/airflow/dags/airflow-xcom-example.py     38  0.01s             1           0  0.09s           2021-03-18T17:12:13
================================================================================
[2021-03-18 17:12:53,695] {dag_processing.py:1071} INFO - Finding 'running' jobs without a recent heartbeat
[2021-03-18 17:12:53,697] {dag_processing.py:1075} INFO - Failing jobs without heartbeat after 2021-03-18 17:07:53.697902+00:00
[2021-03-18 17:13:03,728] {dag_processing.py:1071} INFO - Finding 'running' jobs without a recent heartbeat
[2021-03-18 17:13:03,731] {dag_processing.py:1075} INFO - Failing jobs without heartbeat after 2021-03-18 17:08:03.731291+00:00
[2021-03-18 17:25:37,828] {dag_processing.py:590} INFO - Processing files using up to 2 processes at a time 
[2021-03-18 17:25:37,843] {dag_processing.py:591} INFO - Process each file at most once every 30 seconds
[2021-03-18 17:25:37,845] {dag_processing.py:593} INFO - Checking for new files in /opt/airflow/dags every 300 seconds
[2021-03-18 17:25:37,847] {dag_processing.py:731} INFO - Searching for files in /opt/airflow/dags
[2021-03-18 17:25:37,868] {dag_processing.py:734} INFO - There are 1 files in /opt/airflow/dags
[2021-03-18 17:25:38,000] {dag_processing.py:1071} INFO - Finding 'running' jobs without a recent heartbeat
[2021-03-18 17:25:38,004] {dag_processing.py:1075} INFO - Failing jobs without heartbeat after 2021-03-18 17:20:38.004545+00:00
[2021-03-18 17:25:38,194] {dag_processing.py:838} INFO - 
================================================================================
DAG File Processing Stats

File Path                                    PID  Runtime      # DAGs    # Errors  Last Runtime    Last Run
-----------------------------------------  -----  ---------  --------  ----------  --------------  ----------
/opt/airflow/dags/airflow-xcom-example.py     22  0.19s             0           0
================================================================================
[2021-03-18 17:25:48,231] {dag_processing.py:1071} INFO - Finding 'running' jobs without a recent heartbeat
[2021-03-18 17:25:48,233] {dag_processing.py:1075} INFO - Failing jobs without heartbeat after 2021-03-18 17:20:48.233545+00:00
[2021-03-18 17:25:58,256] {dag_processing.py:1071} INFO - Finding 'running' jobs without a recent heartbeat
[2021-03-18 17:25:58,260] {dag_processing.py:1075} INFO - Failing jobs without heartbeat after 2021-03-18 17:20:58.260660+00:00
[2021-03-18 17:26:08,296] {dag_processing.py:1071} INFO - Finding 'running' jobs without a recent heartbeat
[2021-03-18 17:26:08,299] {dag_processing.py:1075} INFO - Failing jobs without heartbeat after 2021-03-18 17:21:08.299453+00:00
[2021-03-18 17:26:08,309] {dag_processing.py:838} INFO - 
================================================================================
DAG File Processing Stats

File Path                                  PID    Runtime      # DAGs    # Errors  Last Runtime    Last Run
-----------------------------------------  -----  ---------  --------  ----------  --------------  -------------------
/opt/airflow/dags/airflow-xcom-example.py                           1           0  0.49s           2021-03-18T17:25:38
================================================================================
[2021-03-18 17:26:18,565] {dag_processing.py:1071} INFO - Finding 'running' jobs without a recent heartbeat
[2021-03-18 17:26:18,569] {dag_processing.py:1075} INFO - Failing jobs without heartbeat after 2021-03-18 17:21:18.568850+00:00
[2021-03-18 17:26:28,608] {dag_processing.py:1071} INFO - Finding 'running' jobs without a recent heartbeat
[2021-03-18 17:26:28,611] {dag_processing.py:1075} INFO - Failing jobs without heartbeat after 2021-03-18 17:21:28.610917+00:00
[2021-03-18 17:26:38,642] {dag_processing.py:1071} INFO - Finding 'running' jobs without a recent heartbeat
[2021-03-18 17:26:38,644] {dag_processing.py:1075} INFO - Failing jobs without heartbeat after 2021-03-18 17:21:38.644601+00:00
[2021-03-18 17:26:38,657] {dag_processing.py:838} INFO - 
================================================================================
DAG File Processing Stats

File Path                                    PID  Runtime      # DAGs    # Errors  Last Runtime    Last Run
-----------------------------------------  -----  ---------  --------  ----------  --------------  -------------------
/opt/airflow/dags/airflow-xcom-example.py     24  0.00s             1           0  0.11s           2021-03-18T17:26:08
================================================================================
[2021-03-18 17:26:48,719] {dag_processing.py:1071} INFO - Finding 'running' jobs without a recent heartbeat
[2021-03-18 17:26:48,721] {dag_processing.py:1075} INFO - Failing jobs without heartbeat after 2021-03-18 17:21:48.721350+00:00
[2021-03-18 17:26:58,751] {dag_processing.py:1071} INFO - Finding 'running' jobs without a recent heartbeat
[2021-03-18 17:26:58,753] {dag_processing.py:1075} INFO - Failing jobs without heartbeat after 2021-03-18 17:21:58.753342+00:00
[2021-03-18 17:27:08,789] {dag_processing.py:1071} INFO - Finding 'running' jobs without a recent heartbeat
[2021-03-18 17:27:08,794] {dag_processing.py:1075} INFO - Failing jobs without heartbeat after 2021-03-18 17:22:08.794557+00:00
[2021-03-18 17:27:08,811] {dag_processing.py:838} INFO - 
================================================================================
DAG File Processing Stats

File Path                                    PID  Runtime      # DAGs    # Errors  Last Runtime    Last Run
-----------------------------------------  -----  ---------  --------  ----------  --------------  -------------------
/opt/airflow/dags/airflow-xcom-example.py     25  0.00s             1           0  0.09s           2021-03-18T17:26:38
================================================================================
[2021-03-18 17:27:18,842] {dag_processing.py:1071} INFO - Finding 'running' jobs without a recent heartbeat
[2021-03-18 17:27:18,846] {dag_processing.py:1075} INFO - Failing jobs without heartbeat after 2021-03-18 17:22:18.846191+00:00
[2021-03-18 17:27:28,888] {dag_processing.py:1071} INFO - Finding 'running' jobs without a recent heartbeat
[2021-03-18 17:27:28,890] {dag_processing.py:1075} INFO - Failing jobs without heartbeat after 2021-03-18 17:22:28.890604+00:00
[2021-03-18 17:27:38,917] {dag_processing.py:1071} INFO - Finding 'running' jobs without a recent heartbeat
[2021-03-18 17:27:38,919] {dag_processing.py:1075} INFO - Failing jobs without heartbeat after 2021-03-18 17:22:38.919361+00:00
[2021-03-18 17:27:38,931] {dag_processing.py:838} INFO - 
================================================================================
DAG File Processing Stats

File Path                                    PID  Runtime      # DAGs    # Errors  Last Runtime    Last Run
-----------------------------------------  -----  ---------  --------  ----------  --------------  -------------------
/opt/airflow/dags/airflow-xcom-example.py     26  0.00s             1           0  0.09s           2021-03-18T17:27:08
================================================================================
[2021-03-18 17:27:48,965] {dag_processing.py:1071} INFO - Finding 'running' jobs without a recent heartbeat
[2021-03-18 17:27:48,967] {dag_processing.py:1075} INFO - Failing jobs without heartbeat after 2021-03-18 17:22:48.967252+00:00
[2021-03-18 17:27:59,000] {dag_processing.py:1071} INFO - Finding 'running' jobs without a recent heartbeat
[2021-03-18 17:27:59,003] {dag_processing.py:1075} INFO - Failing jobs without heartbeat after 2021-03-18 17:22:59.002991+00:00
[2021-03-18 17:28:09,037] {dag_processing.py:1071} INFO - Finding 'running' jobs without a recent heartbeat
[2021-03-18 17:28:09,042] {dag_processing.py:1075} INFO - Failing jobs without heartbeat after 2021-03-18 17:23:09.041932+00:00
[2021-03-18 17:28:09,053] {dag_processing.py:838} INFO - 
================================================================================
DAG File Processing Stats

File Path                                  PID    Runtime      # DAGs    # Errors  Last Runtime    Last Run
-----------------------------------------  -----  ---------  --------  ----------  --------------  -------------------
/opt/airflow/dags/airflow-xcom-example.py                           1           0  0.15s           2021-03-18T17:27:39
================================================================================
[2021-03-18 17:28:19,164] {dag_processing.py:1071} INFO - Finding 'running' jobs without a recent heartbeat
[2021-03-18 17:28:19,167] {dag_processing.py:1075} INFO - Failing jobs without heartbeat after 2021-03-18 17:23:19.167641+00:00
[2021-03-18 17:28:29,198] {dag_processing.py:1071} INFO - Finding 'running' jobs without a recent heartbeat
[2021-03-18 17:28:29,200] {dag_processing.py:1075} INFO - Failing jobs without heartbeat after 2021-03-18 17:23:29.200705+00:00
[2021-03-18 17:28:39,226] {dag_processing.py:1071} INFO - Finding 'running' jobs without a recent heartbeat
[2021-03-18 17:28:39,229] {dag_processing.py:1075} INFO - Failing jobs without heartbeat after 2021-03-18 17:23:39.229404+00:00
[2021-03-18 17:28:39,252] {dag_processing.py:838} INFO - 
================================================================================
DAG File Processing Stats

File Path                                    PID  Runtime      # DAGs    # Errors  Last Runtime    Last Run
-----------------------------------------  -----  ---------  --------  ----------  --------------  -------------------
/opt/airflow/dags/airflow-xcom-example.py     28  0.00s             1           0  0.10s           2021-03-18T17:28:09
================================================================================
[2021-03-18 17:28:49,303] {dag_processing.py:1071} INFO - Finding 'running' jobs without a recent heartbeat
[2021-03-18 17:28:49,307] {dag_processing.py:1075} INFO - Failing jobs without heartbeat after 2021-03-18 17:23:49.307248+00:00
[2021-03-18 17:28:59,338] {dag_processing.py:1071} INFO - Finding 'running' jobs without a recent heartbeat
[2021-03-18 17:28:59,340] {dag_processing.py:1075} INFO - Failing jobs without heartbeat after 2021-03-18 17:23:59.340073+00:00
[2021-03-18 17:29:09,373] {dag_processing.py:1071} INFO - Finding 'running' jobs without a recent heartbeat
[2021-03-18 17:29:09,375] {dag_processing.py:1075} INFO - Failing jobs without heartbeat after 2021-03-18 17:24:09.375712+00:00
[2021-03-18 17:29:09,388] {dag_processing.py:838} INFO - 
================================================================================
DAG File Processing Stats

File Path                                    PID  Runtime      # DAGs    # Errors  Last Runtime    Last Run
-----------------------------------------  -----  ---------  --------  ----------  --------------  -------------------
/opt/airflow/dags/airflow-xcom-example.py     29  0.00s             1           0  0.10s           2021-03-18T17:28:39
================================================================================
[2021-03-18 17:29:19,431] {dag_processing.py:1071} INFO - Finding 'running' jobs without a recent heartbeat
[2021-03-18 17:29:19,434] {dag_processing.py:1075} INFO - Failing jobs without heartbeat after 2021-03-18 17:24:19.434797+00:00
[2021-03-18 17:29:29,668] {dag_processing.py:1071} INFO - Finding 'running' jobs without a recent heartbeat
[2021-03-18 17:29:29,671] {dag_processing.py:1075} INFO - Failing jobs without heartbeat after 2021-03-18 17:24:29.671814+00:00
[2021-03-18 17:29:39,702] {dag_processing.py:1071} INFO - Finding 'running' jobs without a recent heartbeat
[2021-03-18 17:29:39,704] {dag_processing.py:1075} INFO - Failing jobs without heartbeat after 2021-03-18 17:24:39.704622+00:00
[2021-03-18 17:29:39,721] {dag_processing.py:838} INFO - 
================================================================================
DAG File Processing Stats

File Path                                    PID  Runtime      # DAGs    # Errors  Last Runtime    Last Run
-----------------------------------------  -----  ---------  --------  ----------  --------------  -------------------
/opt/airflow/dags/airflow-xcom-example.py     30  0.00s             1           0  0.10s           2021-03-18T17:29:09
================================================================================
[2021-03-18 17:29:49,759] {dag_processing.py:1071} INFO - Finding 'running' jobs without a recent heartbeat
[2021-03-18 17:29:49,762] {dag_processing.py:1075} INFO - Failing jobs without heartbeat after 2021-03-18 17:24:49.762826+00:00
[2021-03-18 17:29:59,795] {dag_processing.py:1071} INFO - Finding 'running' jobs without a recent heartbeat
[2021-03-18 17:29:59,798] {dag_processing.py:1075} INFO - Failing jobs without heartbeat after 2021-03-18 17:24:59.798142+00:00
[2021-03-18 17:30:09,829] {dag_processing.py:1071} INFO - Finding 'running' jobs without a recent heartbeat
[2021-03-18 17:30:09,832] {dag_processing.py:1075} INFO - Failing jobs without heartbeat after 2021-03-18 17:25:09.832078+00:00
[2021-03-18 17:30:09,848] {dag_processing.py:838} INFO - 
================================================================================
DAG File Processing Stats

File Path                                    PID  Runtime      # DAGs    # Errors  Last Runtime    Last Run
-----------------------------------------  -----  ---------  --------  ----------  --------------  -------------------
/opt/airflow/dags/airflow-xcom-example.py     31  0.00s             1           0  0.11s           2021-03-18T17:29:39
================================================================================
[2021-03-18 17:30:19,912] {dag_processing.py:1071} INFO - Finding 'running' jobs without a recent heartbeat
[2021-03-18 17:30:19,916] {dag_processing.py:1075} INFO - Failing jobs without heartbeat after 2021-03-18 17:25:19.916055+00:00
[2021-03-18 17:30:29,951] {dag_processing.py:1071} INFO - Finding 'running' jobs without a recent heartbeat
[2021-03-18 17:30:29,954] {dag_processing.py:1075} INFO - Failing jobs without heartbeat after 2021-03-18 17:25:29.954025+00:00
[2021-03-18 17:30:37,985] {dag_processing.py:731} INFO - Searching for files in /opt/airflow/dags
[2021-03-18 17:30:37,993] {dag_processing.py:734} INFO - There are 1 files in /opt/airflow/dags
[2021-03-18 17:30:40,007] {dag_processing.py:1071} INFO - Finding 'running' jobs without a recent heartbeat
[2021-03-18 17:30:40,013] {dag_processing.py:1075} INFO - Failing jobs without heartbeat after 2021-03-18 17:25:40.013850+00:00
[2021-03-18 17:30:40,027] {dag_processing.py:838} INFO - 
================================================================================
DAG File Processing Stats

File Path                                    PID  Runtime      # DAGs    # Errors  Last Runtime    Last Run
-----------------------------------------  -----  ---------  --------  ----------  --------------  -------------------
/opt/airflow/dags/airflow-xcom-example.py     32  0.00s             1           0  0.12s           2021-03-18T17:30:09
================================================================================
[2021-03-18 17:30:50,062] {dag_processing.py:1071} INFO - Finding 'running' jobs without a recent heartbeat
[2021-03-18 17:30:50,064] {dag_processing.py:1075} INFO - Failing jobs without heartbeat after 2021-03-18 17:25:50.064431+00:00
[2021-03-18 17:31:00,096] {dag_processing.py:1071} INFO - Finding 'running' jobs without a recent heartbeat
[2021-03-18 17:31:00,100] {dag_processing.py:1075} INFO - Failing jobs without heartbeat after 2021-03-18 17:26:00.100112+00:00
[2021-03-18 17:31:10,131] {dag_processing.py:1071} INFO - Finding 'running' jobs without a recent heartbeat
[2021-03-18 17:31:10,134] {dag_processing.py:1075} INFO - Failing jobs without heartbeat after 2021-03-18 17:26:10.134048+00:00
[2021-03-18 17:31:10,140] {dag_processing.py:838} INFO - 
================================================================================
DAG File Processing Stats

File Path                                  PID    Runtime      # DAGs    # Errors  Last Runtime    Last Run
-----------------------------------------  -----  ---------  --------  ----------  --------------  -------------------
/opt/airflow/dags/airflow-xcom-example.py                           1           0  0.22s           2021-03-18T17:30:40
================================================================================
[2021-03-18 17:31:20,323] {dag_processing.py:1071} INFO - Finding 'running' jobs without a recent heartbeat
[2021-03-18 17:31:20,325] {dag_processing.py:1075} INFO - Failing jobs without heartbeat after 2021-03-18 17:26:20.325652+00:00
[2021-03-18 17:31:30,359] {dag_processing.py:1071} INFO - Finding 'running' jobs without a recent heartbeat
[2021-03-18 17:31:30,362] {dag_processing.py:1075} INFO - Failing jobs without heartbeat after 2021-03-18 17:26:30.362160+00:00
[2021-03-18 17:31:40,387] {dag_processing.py:1071} INFO - Finding 'running' jobs without a recent heartbeat
[2021-03-18 17:31:40,389] {dag_processing.py:1075} INFO - Failing jobs without heartbeat after 2021-03-18 17:26:40.389155+00:00
[2021-03-18 17:31:40,394] {dag_processing.py:838} INFO - 
================================================================================
DAG File Processing Stats

File Path                                  PID    Runtime      # DAGs    # Errors  Last Runtime    Last Run
-----------------------------------------  -----  ---------  --------  ----------  --------------  -------------------
/opt/airflow/dags/airflow-xcom-example.py                           1           0  0.13s           2021-03-18T17:31:10
================================================================================
[2021-03-18 17:31:50,516] {dag_processing.py:1071} INFO - Finding 'running' jobs without a recent heartbeat
[2021-03-18 17:31:50,518] {dag_processing.py:1075} INFO - Failing jobs without heartbeat after 2021-03-18 17:26:50.518859+00:00
[2021-03-18 17:32:00,553] {dag_processing.py:1071} INFO - Finding 'running' jobs without a recent heartbeat
[2021-03-18 17:32:00,554] {dag_processing.py:1075} INFO - Failing jobs without heartbeat after 2021-03-18 17:27:00.554573+00:00
[2021-03-18 17:32:10,585] {dag_processing.py:1071} INFO - Finding 'running' jobs without a recent heartbeat
[2021-03-18 17:32:10,589] {dag_processing.py:1075} INFO - Failing jobs without heartbeat after 2021-03-18 17:27:10.589137+00:00
[2021-03-18 17:32:10,605] {dag_processing.py:838} INFO - 
================================================================================
DAG File Processing Stats

File Path                                    PID  Runtime      # DAGs    # Errors  Last Runtime    Last Run
-----------------------------------------  -----  ---------  --------  ----------  --------------  -------------------
/opt/airflow/dags/airflow-xcom-example.py     35  0.00s             1           0  0.10s           2021-03-18T17:31:40
================================================================================
[2021-03-18 17:32:20,679] {dag_processing.py:1071} INFO - Finding 'running' jobs without a recent heartbeat
[2021-03-18 17:32:20,683] {dag_processing.py:1075} INFO - Failing jobs without heartbeat after 2021-03-18 17:27:20.682910+00:00
[2021-03-18 17:32:30,723] {dag_processing.py:1071} INFO - Finding 'running' jobs without a recent heartbeat
[2021-03-18 17:32:30,725] {dag_processing.py:1075} INFO - Failing jobs without heartbeat after 2021-03-18 17:27:30.725381+00:00
[2021-03-18 17:32:40,751] {dag_processing.py:1071} INFO - Finding 'running' jobs without a recent heartbeat
[2021-03-18 17:32:40,755] {dag_processing.py:1075} INFO - Failing jobs without heartbeat after 2021-03-18 17:27:40.754999+00:00
[2021-03-18 17:32:40,773] {dag_processing.py:838} INFO - 
================================================================================
DAG File Processing Stats

File Path                                    PID  Runtime      # DAGs    # Errors  Last Runtime    Last Run
-----------------------------------------  -----  ---------  --------  ----------  --------------  -------------------
/opt/airflow/dags/airflow-xcom-example.py     36  0.01s             1           0  0.09s           2021-03-18T17:32:10
================================================================================
[2021-03-18 17:32:50,804] {dag_processing.py:1071} INFO - Finding 'running' jobs without a recent heartbeat
[2021-03-18 17:32:50,807] {dag_processing.py:1075} INFO - Failing jobs without heartbeat after 2021-03-18 17:27:50.807528+00:00
[2021-03-18 17:33:00,843] {dag_processing.py:1071} INFO - Finding 'running' jobs without a recent heartbeat
[2021-03-18 17:33:00,847] {dag_processing.py:1075} INFO - Failing jobs without heartbeat after 2021-03-18 17:28:00.847645+00:00
[2021-03-18 17:33:10,884] {dag_processing.py:1071} INFO - Finding 'running' jobs without a recent heartbeat
[2021-03-18 17:33:10,886] {dag_processing.py:1075} INFO - Failing jobs without heartbeat after 2021-03-18 17:28:10.886333+00:00
[2021-03-18 17:33:10,896] {dag_processing.py:838} INFO - 
================================================================================
DAG File Processing Stats

File Path                                    PID  Runtime      # DAGs    # Errors  Last Runtime    Last Run
-----------------------------------------  -----  ---------  --------  ----------  --------------  -------------------
/opt/airflow/dags/airflow-xcom-example.py     37  0.00s             1           0  0.12s           2021-03-18T17:32:40
================================================================================
[2021-03-18 17:33:20,976] {dag_processing.py:1071} INFO - Finding 'running' jobs without a recent heartbeat
[2021-03-18 17:33:20,978] {dag_processing.py:1075} INFO - Failing jobs without heartbeat after 2021-03-18 17:28:20.978083+00:00
[2021-03-18 17:33:31,025] {dag_processing.py:1071} INFO - Finding 'running' jobs without a recent heartbeat
[2021-03-18 17:33:31,029] {dag_processing.py:1075} INFO - Failing jobs without heartbeat after 2021-03-18 17:28:31.029706+00:00
[2021-03-18 17:33:41,060] {dag_processing.py:1071} INFO - Finding 'running' jobs without a recent heartbeat
[2021-03-18 17:33:41,063] {dag_processing.py:1075} INFO - Failing jobs without heartbeat after 2021-03-18 17:28:41.063118+00:00
[2021-03-18 17:33:41,079] {dag_processing.py:838} INFO - 
================================================================================
DAG File Processing Stats

File Path                                    PID  Runtime      # DAGs    # Errors  Last Runtime    Last Run
-----------------------------------------  -----  ---------  --------  ----------  --------------  -------------------
/opt/airflow/dags/airflow-xcom-example.py     38  0.00s             1           0  0.10s           2021-03-18T17:33:10
================================================================================
[2021-03-18 17:33:51,121] {dag_processing.py:1071} INFO - Finding 'running' jobs without a recent heartbeat
[2021-03-18 17:33:51,125] {dag_processing.py:1075} INFO - Failing jobs without heartbeat after 2021-03-18 17:28:51.125770+00:00
[2021-03-18 17:34:01,171] {dag_processing.py:1071} INFO - Finding 'running' jobs without a recent heartbeat
[2021-03-18 17:34:01,174] {dag_processing.py:1075} INFO - Failing jobs without heartbeat after 2021-03-18 17:29:01.174923+00:00
[2021-03-18 17:34:11,213] {dag_processing.py:1071} INFO - Finding 'running' jobs without a recent heartbeat
[2021-03-18 17:34:11,218] {dag_processing.py:1075} INFO - Failing jobs without heartbeat after 2021-03-18 17:29:11.218542+00:00
[2021-03-18 17:34:11,245] {dag_processing.py:838} INFO - 
================================================================================
DAG File Processing Stats

File Path                                    PID  Runtime      # DAGs    # Errors  Last Runtime    Last Run
-----------------------------------------  -----  ---------  --------  ----------  --------------  -------------------
/opt/airflow/dags/airflow-xcom-example.py     39  0.00s             1           0  0.13s           2021-03-18T17:33:41
================================================================================
[2021-03-18 17:34:21,293] {dag_processing.py:1071} INFO - Finding 'running' jobs without a recent heartbeat
[2021-03-18 17:34:21,298] {dag_processing.py:1075} INFO - Failing jobs without heartbeat after 2021-03-18 17:29:21.298683+00:00
[2021-03-18 17:34:31,329] {dag_processing.py:1071} INFO - Finding 'running' jobs without a recent heartbeat
[2021-03-18 17:34:31,331] {dag_processing.py:1075} INFO - Failing jobs without heartbeat after 2021-03-18 17:29:31.331353+00:00
[2021-03-18 17:34:41,367] {dag_processing.py:1071} INFO - Finding 'running' jobs without a recent heartbeat
[2021-03-18 17:34:41,370] {dag_processing.py:1075} INFO - Failing jobs without heartbeat after 2021-03-18 17:29:41.370378+00:00
[2021-03-18 17:34:41,391] {dag_processing.py:838} INFO - 
================================================================================
DAG File Processing Stats

File Path                                    PID  Runtime      # DAGs    # Errors  Last Runtime    Last Run
-----------------------------------------  -----  ---------  --------  ----------  --------------  -------------------
/opt/airflow/dags/airflow-xcom-example.py     40  0.01s             1           0  0.12s           2021-03-18T17:34:11
================================================================================
[2021-03-18 17:34:51,443] {dag_processing.py:1071} INFO - Finding 'running' jobs without a recent heartbeat
[2021-03-18 17:34:51,444] {dag_processing.py:1075} INFO - Failing jobs without heartbeat after 2021-03-18 17:29:51.444764+00:00
[2021-03-18 17:35:01,476] {dag_processing.py:1071} INFO - Finding 'running' jobs without a recent heartbeat
[2021-03-18 17:35:01,477] {dag_processing.py:1075} INFO - Failing jobs without heartbeat after 2021-03-18 17:30:01.477878+00:00
[2021-03-18 17:35:11,503] {dag_processing.py:1071} INFO - Finding 'running' jobs without a recent heartbeat
[2021-03-18 17:35:11,505] {dag_processing.py:1075} INFO - Failing jobs without heartbeat after 2021-03-18 17:30:11.505713+00:00
[2021-03-18 17:35:11,515] {dag_processing.py:838} INFO - 
================================================================================
DAG File Processing Stats

File Path                                  PID    Runtime      # DAGs    # Errors  Last Runtime    Last Run
-----------------------------------------  -----  ---------  --------  ----------  --------------  -------------------
/opt/airflow/dags/airflow-xcom-example.py                           1           0  0.18s           2021-03-18T17:34:41
================================================================================
[2021-03-18 17:35:21,647] {dag_processing.py:1071} INFO - Finding 'running' jobs without a recent heartbeat
[2021-03-18 17:35:21,649] {dag_processing.py:1075} INFO - Failing jobs without heartbeat after 2021-03-18 17:30:21.649587+00:00
[2021-03-18 17:35:31,678] {dag_processing.py:1071} INFO - Finding 'running' jobs without a recent heartbeat
[2021-03-18 17:35:31,681] {dag_processing.py:1075} INFO - Failing jobs without heartbeat after 2021-03-18 17:30:31.681300+00:00
[2021-03-18 17:35:38,707] {dag_processing.py:731} INFO - Searching for files in /opt/airflow/dags
[2021-03-18 17:35:38,713] {dag_processing.py:734} INFO - There are 1 files in /opt/airflow/dags
[2021-03-18 17:35:41,730] {dag_processing.py:1071} INFO - Finding 'running' jobs without a recent heartbeat
[2021-03-18 17:35:41,732] {dag_processing.py:1075} INFO - Failing jobs without heartbeat after 2021-03-18 17:30:41.732229+00:00
[2021-03-18 17:35:41,743] {dag_processing.py:838} INFO - 
================================================================================
DAG File Processing Stats

File Path                                    PID  Runtime      # DAGs    # Errors  Last Runtime    Last Run
-----------------------------------------  -----  ---------  --------  ----------  --------------  -------------------
/opt/airflow/dags/airflow-xcom-example.py     42  0.00s             1           0  0.12s           2021-03-18T17:35:11
================================================================================
[2021-03-18 17:35:51,821] {dag_processing.py:1071} INFO - Finding 'running' jobs without a recent heartbeat
[2021-03-18 17:35:51,823] {dag_processing.py:1075} INFO - Failing jobs without heartbeat after 2021-03-18 17:30:51.823281+00:00
[2021-03-18 17:36:01,855] {dag_processing.py:1071} INFO - Finding 'running' jobs without a recent heartbeat
[2021-03-18 17:36:01,857] {dag_processing.py:1075} INFO - Failing jobs without heartbeat after 2021-03-18 17:31:01.857732+00:00
[2021-03-18 17:36:11,897] {dag_processing.py:1071} INFO - Finding 'running' jobs without a recent heartbeat
[2021-03-18 17:36:11,899] {dag_processing.py:1075} INFO - Failing jobs without heartbeat after 2021-03-18 17:31:11.899765+00:00
[2021-03-18 17:36:11,912] {dag_processing.py:838} INFO - 
================================================================================
DAG File Processing Stats

File Path                                    PID  Runtime      # DAGs    # Errors  Last Runtime    Last Run
-----------------------------------------  -----  ---------  --------  ----------  --------------  -------------------
/opt/airflow/dags/airflow-xcom-example.py     43  0.01s             1           0  0.09s           2021-03-18T17:35:41
================================================================================
[2021-03-18 17:36:21,936] {dag_processing.py:1071} INFO - Finding 'running' jobs without a recent heartbeat
[2021-03-18 17:36:21,947] {dag_processing.py:1075} INFO - Failing jobs without heartbeat after 2021-03-18 17:31:21.946951+00:00
[2021-03-18 17:36:31,983] {dag_processing.py:1071} INFO - Finding 'running' jobs without a recent heartbeat
[2021-03-18 17:36:31,985] {dag_processing.py:1075} INFO - Failing jobs without heartbeat after 2021-03-18 17:31:31.985527+00:00
[2021-03-18 17:36:42,010] {dag_processing.py:1071} INFO - Finding 'running' jobs without a recent heartbeat
[2021-03-18 17:36:42,012] {dag_processing.py:1075} INFO - Failing jobs without heartbeat after 2021-03-18 17:31:42.012372+00:00
[2021-03-18 17:36:42,028] {dag_processing.py:838} INFO - 
================================================================================
DAG File Processing Stats

File Path                                    PID  Runtime      # DAGs    # Errors  Last Runtime    Last Run
-----------------------------------------  -----  ---------  --------  ----------  --------------  -------------------
/opt/airflow/dags/airflow-xcom-example.py     44  0.00s             1           0  0.11s           2021-03-18T17:36:12
================================================================================
[2021-03-18 17:36:52,087] {dag_processing.py:1071} INFO - Finding 'running' jobs without a recent heartbeat
[2021-03-18 17:36:52,088] {dag_processing.py:1075} INFO - Failing jobs without heartbeat after 2021-03-18 17:31:52.088876+00:00
[2021-03-18 17:37:02,116] {dag_processing.py:1071} INFO - Finding 'running' jobs without a recent heartbeat
[2021-03-18 17:37:02,117] {dag_processing.py:1075} INFO - Failing jobs without heartbeat after 2021-03-18 17:32:02.117845+00:00
[2021-03-18 17:37:12,142] {dag_processing.py:1071} INFO - Finding 'running' jobs without a recent heartbeat
[2021-03-18 17:37:12,145] {dag_processing.py:1075} INFO - Failing jobs without heartbeat after 2021-03-18 17:32:12.145430+00:00
[2021-03-18 17:37:12,153] {dag_processing.py:838} INFO - 
================================================================================
DAG File Processing Stats

File Path                                  PID    Runtime      # DAGs    # Errors  Last Runtime    Last Run
-----------------------------------------  -----  ---------  --------  ----------  --------------  -------------------
/opt/airflow/dags/airflow-xcom-example.py                           1           0  0.21s           2021-03-18T17:36:42
================================================================================
[2021-03-18 17:37:22,315] {dag_processing.py:1071} INFO - Finding 'running' jobs without a recent heartbeat
[2021-03-18 17:37:22,317] {dag_processing.py:1075} INFO - Failing jobs without heartbeat after 2021-03-18 17:32:22.317711+00:00
[2021-03-18 17:37:32,349] {dag_processing.py:1071} INFO - Finding 'running' jobs without a recent heartbeat
[2021-03-18 17:37:32,354] {dag_processing.py:1075} INFO - Failing jobs without heartbeat after 2021-03-18 17:32:32.354367+00:00
[2021-03-18 17:37:42,392] {dag_processing.py:1071} INFO - Finding 'running' jobs without a recent heartbeat
[2021-03-18 17:37:42,394] {dag_processing.py:1075} INFO - Failing jobs without heartbeat after 2021-03-18 17:32:42.394212+00:00
[2021-03-18 17:37:42,403] {dag_processing.py:838} INFO - 
================================================================================
DAG File Processing Stats

File Path                                    PID  Runtime      # DAGs    # Errors  Last Runtime    Last Run
-----------------------------------------  -----  ---------  --------  ----------  --------------  -------------------
/opt/airflow/dags/airflow-xcom-example.py     46  0.00s             1           0  0.10s           2021-03-18T17:37:12
================================================================================
[2021-03-18 17:37:52,463] {dag_processing.py:1071} INFO - Finding 'running' jobs without a recent heartbeat
[2021-03-18 17:37:52,467] {dag_processing.py:1075} INFO - Failing jobs without heartbeat after 2021-03-18 17:32:52.467494+00:00
[2021-03-18 17:38:02,504] {dag_processing.py:1071} INFO - Finding 'running' jobs without a recent heartbeat
[2021-03-18 17:38:02,508] {dag_processing.py:1075} INFO - Failing jobs without heartbeat after 2021-03-18 17:33:02.507992+00:00
[2021-03-18 17:38:12,545] {dag_processing.py:1071} INFO - Finding 'running' jobs without a recent heartbeat
[2021-03-18 17:38:12,547] {dag_processing.py:1075} INFO - Failing jobs without heartbeat after 2021-03-18 17:33:12.547235+00:00
[2021-03-18 17:38:12,558] {dag_processing.py:838} INFO - 
================================================================================
DAG File Processing Stats

File Path                                    PID  Runtime      # DAGs    # Errors  Last Runtime    Last Run
-----------------------------------------  -----  ---------  --------  ----------  --------------  -------------------
/opt/airflow/dags/airflow-xcom-example.py     47  0.00s             1           0  0.09s           2021-03-18T17:37:42
================================================================================
[2021-03-18 17:38:22,592] {dag_processing.py:1071} INFO - Finding 'running' jobs without a recent heartbeat
[2021-03-18 17:38:22,597] {dag_processing.py:1075} INFO - Failing jobs without heartbeat after 2021-03-18 17:33:22.597742+00:00
[2021-03-18 17:38:32,628] {dag_processing.py:1071} INFO - Finding 'running' jobs without a recent heartbeat
[2021-03-18 17:38:32,632] {dag_processing.py:1075} INFO - Failing jobs without heartbeat after 2021-03-18 17:33:32.632699+00:00
[2021-03-18 17:38:42,668] {dag_processing.py:1071} INFO - Finding 'running' jobs without a recent heartbeat
[2021-03-18 17:38:42,670] {dag_processing.py:1075} INFO - Failing jobs without heartbeat after 2021-03-18 17:33:42.670663+00:00
[2021-03-18 17:38:42,681] {dag_processing.py:838} INFO - 
================================================================================
DAG File Processing Stats

File Path                                    PID  Runtime      # DAGs    # Errors  Last Runtime    Last Run
-----------------------------------------  -----  ---------  --------  ----------  --------------  -------------------
/opt/airflow/dags/airflow-xcom-example.py     48  0.00s             1           0  0.09s           2021-03-18T17:38:12
================================================================================
[2021-03-18 17:38:52,718] {dag_processing.py:1071} INFO - Finding 'running' jobs without a recent heartbeat
[2021-03-18 17:38:52,722] {dag_processing.py:1075} INFO - Failing jobs without heartbeat after 2021-03-18 17:33:52.722335+00:00
[2021-03-18 17:39:02,759] {dag_processing.py:1071} INFO - Finding 'running' jobs without a recent heartbeat
[2021-03-18 17:39:02,764] {dag_processing.py:1075} INFO - Failing jobs without heartbeat after 2021-03-18 17:34:02.764079+00:00
[2021-03-18 17:39:12,797] {dag_processing.py:1071} INFO - Finding 'running' jobs without a recent heartbeat
[2021-03-18 17:39:12,798] {dag_processing.py:1075} INFO - Failing jobs without heartbeat after 2021-03-18 17:34:12.798770+00:00
[2021-03-18 17:39:12,809] {dag_processing.py:838} INFO - 
================================================================================
DAG File Processing Stats

File Path                                    PID  Runtime      # DAGs    # Errors  Last Runtime    Last Run
-----------------------------------------  -----  ---------  --------  ----------  --------------  -------------------
/opt/airflow/dags/airflow-xcom-example.py     49  0.00s             1           0  0.09s           2021-03-18T17:38:42
================================================================================
[2021-03-18 17:39:22,857] {dag_processing.py:1071} INFO - Finding 'running' jobs without a recent heartbeat
[2021-03-18 17:39:22,859] {dag_processing.py:1075} INFO - Failing jobs without heartbeat after 2021-03-18 17:34:22.859579+00:00
