[2021-03-12 16:46:36,441] {taskinstance.py:851} INFO - Dependencies all met for <TaskInstance: xcom-example.extract_from_db 2021-03-12T16:46:35.662485+00:00 [queued]>
[2021-03-12 16:46:36,463] {taskinstance.py:851} INFO - Dependencies all met for <TaskInstance: xcom-example.extract_from_db 2021-03-12T16:46:35.662485+00:00 [queued]>
[2021-03-12 16:46:36,465] {taskinstance.py:1042} INFO - 
--------------------------------------------------------------------------------
[2021-03-12 16:46:36,465] {taskinstance.py:1043} INFO - Starting attempt 1 of 2
[2021-03-12 16:46:36,467] {taskinstance.py:1044} INFO - 
--------------------------------------------------------------------------------
[2021-03-12 16:46:36,480] {taskinstance.py:1063} INFO - Executing <Task(PythonOperator): extract_from_db> on 2021-03-12T16:46:35.662485+00:00
[2021-03-12 16:46:36,488] {standard_task_runner.py:52} INFO - Started process 42 to run task
[2021-03-12 16:46:36,493] {standard_task_runner.py:76} INFO - Running: ['airflow', 'tasks', 'run', 'xcom-example', 'extract_from_db', '2021-03-12T16:46:35.662485+00:00', '--job-id', '4', '--pool', 'default_pool', '--raw', '--subdir', 'DAGS_FOLDER/airflow-xcom-example.py', '--cfg-path', '/tmp/tmpx7qu7exu', '--error-file', '/tmp/tmpwre0gjcw']
[2021-03-12 16:46:36,495] {standard_task_runner.py:77} INFO - Job 4: Subtask extract_from_db
[2021-03-12 16:46:36,549] {logging_mixin.py:104} INFO - Running <TaskInstance: xcom-example.extract_from_db 2021-03-12T16:46:35.662485+00:00 [running]> on host c9789e4b240e
[2021-03-12 16:46:36,595] {taskinstance.py:1257} INFO - Exporting the following env vars:
AIRFLOW_CTX_DAG_EMAIL=tom.karaffa@deep-labs.com
AIRFLOW_CTX_DAG_OWNER=tom.karaffa
AIRFLOW_CTX_DAG_ID=xcom-example
AIRFLOW_CTX_TASK_ID=extract_from_db
AIRFLOW_CTX_EXECUTION_DATE=2021-03-12T16:46:35.662485+00:00
AIRFLOW_CTX_DAG_RUN_ID=manual__2021-03-12T16:46:35.662485+00:00
[2021-03-12 16:46:36,626] {python.py:118} INFO - Done. Returned value was: None
[2021-03-12 16:46:36,641] {taskinstance.py:1166} INFO - Marking task as SUCCESS. dag_id=xcom-example, task_id=extract_from_db, execution_date=20210312T164635, start_date=20210312T164636, end_date=20210312T164636
[2021-03-12 16:46:36,679] {taskinstance.py:1220} INFO - 1 downstream tasks scheduled from follow-on schedule check
[2021-03-12 16:46:36,711] {local_task_job.py:146} INFO - Task exited with return code 0
