[2021-03-11 23:45:02,860] {taskinstance.py:851} INFO - Dependencies all met for <TaskInstance: xcom-example.load_into_db 2021-03-11T23:44:57.568096+00:00 [queued]>
[2021-03-11 23:45:02,901] {taskinstance.py:851} INFO - Dependencies all met for <TaskInstance: xcom-example.load_into_db 2021-03-11T23:44:57.568096+00:00 [queued]>
[2021-03-11 23:45:02,902] {taskinstance.py:1042} INFO - 
--------------------------------------------------------------------------------
[2021-03-11 23:45:02,903] {taskinstance.py:1043} INFO - Starting attempt 1 of 2
[2021-03-11 23:45:02,904] {taskinstance.py:1044} INFO - 
--------------------------------------------------------------------------------
[2021-03-11 23:45:02,925] {taskinstance.py:1063} INFO - Executing <Task(PythonOperator): load_into_db> on 2021-03-11T23:44:57.568096+00:00
[2021-03-11 23:45:02,939] {standard_task_runner.py:76} INFO - Running: ['airflow', 'tasks', 'run', 'xcom-example', 'load_into_db', '2021-03-11T23:44:57.568096+00:00', '--job-id', '23', '--pool', 'default_pool', '--raw', '--subdir', 'DAGS_FOLDER/airflow-xcom-example.py', '--cfg-path', '/tmp/tmpjqt2fjgw', '--error-file', '/tmp/tmpnpcvewzl']
[2021-03-11 23:45:02,942] {standard_task_runner.py:77} INFO - Job 23: Subtask load_into_db
[2021-03-11 23:45:02,932] {standard_task_runner.py:52} INFO - Started process 86 to run task
[2021-03-11 23:45:03,018] {logging_mixin.py:104} INFO - Running <TaskInstance: xcom-example.load_into_db 2021-03-11T23:44:57.568096+00:00 [running]> on host 7d27dd48eb07
[2021-03-11 23:45:03,067] {taskinstance.py:1257} INFO - Exporting the following env vars:
AIRFLOW_CTX_DAG_EMAIL=tom.karaffa@deep-labs.com
AIRFLOW_CTX_DAG_OWNER=tom.karaffa
AIRFLOW_CTX_DAG_ID=xcom-example
AIRFLOW_CTX_TASK_ID=load_into_db
AIRFLOW_CTX_EXECUTION_DATE=2021-03-11T23:44:57.568096+00:00
AIRFLOW_CTX_DAG_RUN_ID=manual__2021-03-11T23:44:57.568096+00:00
[2021-03-11 23:45:03,114] {python.py:118} INFO - Done. Returned value was: None
[2021-03-11 23:45:03,134] {taskinstance.py:1166} INFO - Marking task as SUCCESS. dag_id=xcom-example, task_id=load_into_db, execution_date=20210311T234457, start_date=20210311T234502, end_date=20210311T234503
[2021-03-11 23:45:03,178] {taskinstance.py:1220} INFO - 0 downstream tasks scheduled from follow-on schedule check
[2021-03-11 23:45:03,205] {local_task_job.py:146} INFO - Task exited with return code 0
