[2021-03-12 00:13:02,205] {taskinstance.py:851} INFO - Dependencies all met for <TaskInstance: xcom-example.double_values 2021-03-12T00:13:00.807410+00:00 [queued]>
[2021-03-12 00:13:02,228] {taskinstance.py:851} INFO - Dependencies all met for <TaskInstance: xcom-example.double_values 2021-03-12T00:13:00.807410+00:00 [queued]>
[2021-03-12 00:13:02,229] {taskinstance.py:1042} INFO - 
--------------------------------------------------------------------------------
[2021-03-12 00:13:02,229] {taskinstance.py:1043} INFO - Starting attempt 1 of 2
[2021-03-12 00:13:02,230] {taskinstance.py:1044} INFO - 
--------------------------------------------------------------------------------
[2021-03-12 00:13:02,237] {taskinstance.py:1063} INFO - Executing <Task(PythonOperator): double_values> on 2021-03-12T00:13:00.807410+00:00
[2021-03-12 00:13:02,241] {standard_task_runner.py:52} INFO - Started process 48 to run task
[2021-03-12 00:13:02,245] {standard_task_runner.py:76} INFO - Running: ['airflow', 'tasks', 'run', 'xcom-example', 'double_values', '2021-03-12T00:13:00.807410+00:00', '--job-id', '39', '--pool', 'default_pool', '--raw', '--subdir', 'DAGS_FOLDER/airflow-xcom-example.py', '--cfg-path', '/tmp/tmpdggnw2s3', '--error-file', '/tmp/tmpi5reskzp']
[2021-03-12 00:13:02,246] {standard_task_runner.py:77} INFO - Job 39: Subtask double_values
[2021-03-12 00:13:02,292] {logging_mixin.py:104} INFO - Running <TaskInstance: xcom-example.double_values 2021-03-12T00:13:00.807410+00:00 [running]> on host 529cfb9a3d0d
[2021-03-12 00:13:02,329] {taskinstance.py:1257} INFO - Exporting the following env vars:
AIRFLOW_CTX_DAG_EMAIL=tom.karaffa@deep-labs.com
AIRFLOW_CTX_DAG_OWNER=tom.karaffa
AIRFLOW_CTX_DAG_ID=xcom-example
AIRFLOW_CTX_TASK_ID=double_values
AIRFLOW_CTX_EXECUTION_DATE=2021-03-12T00:13:00.807410+00:00
AIRFLOW_CTX_DAG_RUN_ID=manual__2021-03-12T00:13:00.807410+00:00
[2021-03-12 00:13:02,349] {python.py:118} INFO - Done. Returned value was: None
[2021-03-12 00:13:02,366] {taskinstance.py:1166} INFO - Marking task as SUCCESS. dag_id=xcom-example, task_id=double_values, execution_date=20210312T001300, start_date=20210312T001302, end_date=20210312T001302
[2021-03-12 00:13:02,394] {taskinstance.py:1220} INFO - 1 downstream tasks scheduled from follow-on schedule check
[2021-03-12 00:13:02,424] {local_task_job.py:146} INFO - Task exited with return code 0
