[2021-03-12 16:52:49,627] {taskinstance.py:851} INFO - Dependencies all met for <TaskInstance: xcom-example.extract_from_db 2021-03-12T16:52:48.752809+00:00 [queued]>
[2021-03-12 16:52:49,657] {taskinstance.py:851} INFO - Dependencies all met for <TaskInstance: xcom-example.extract_from_db 2021-03-12T16:52:48.752809+00:00 [queued]>
[2021-03-12 16:52:49,660] {taskinstance.py:1042} INFO - 
--------------------------------------------------------------------------------
[2021-03-12 16:52:49,661] {taskinstance.py:1043} INFO - Starting attempt 1 of 2
[2021-03-12 16:52:49,662] {taskinstance.py:1044} INFO - 
--------------------------------------------------------------------------------
[2021-03-12 16:52:49,677] {taskinstance.py:1063} INFO - Executing <Task(PythonOperator): extract_from_db> on 2021-03-12T16:52:48.752809+00:00
[2021-03-12 16:52:49,686] {standard_task_runner.py:76} INFO - Running: ['airflow', 'tasks', 'run', 'xcom-example', 'extract_from_db', '2021-03-12T16:52:48.752809+00:00', '--job-id', '11', '--pool', 'default_pool', '--raw', '--subdir', 'DAGS_FOLDER/airflow-xcom-example.py', '--cfg-path', '/tmp/tmpv6f0_v9a', '--error-file', '/tmp/tmpi7rkcmdi']
[2021-03-12 16:52:49,682] {standard_task_runner.py:52} INFO - Started process 56 to run task
[2021-03-12 16:52:49,688] {standard_task_runner.py:77} INFO - Job 11: Subtask extract_from_db
[2021-03-12 16:52:49,739] {logging_mixin.py:104} INFO - Running <TaskInstance: xcom-example.extract_from_db 2021-03-12T16:52:48.752809+00:00 [running]> on host c9789e4b240e
[2021-03-12 16:52:49,791] {taskinstance.py:1257} INFO - Exporting the following env vars:
AIRFLOW_CTX_DAG_EMAIL=tom.karaffa@deep-labs.com
AIRFLOW_CTX_DAG_OWNER=tom.karaffa
AIRFLOW_CTX_DAG_ID=xcom-example
AIRFLOW_CTX_TASK_ID=extract_from_db
AIRFLOW_CTX_EXECUTION_DATE=2021-03-12T16:52:48.752809+00:00
AIRFLOW_CTX_DAG_RUN_ID=manual__2021-03-12T16:52:48.752809+00:00
[2021-03-12 16:52:49,815] {python.py:118} INFO - Done. Returned value was: None
[2021-03-12 16:52:49,824] {taskinstance.py:1166} INFO - Marking task as SUCCESS. dag_id=xcom-example, task_id=extract_from_db, execution_date=20210312T165248, start_date=20210312T165249, end_date=20210312T165249
[2021-03-12 16:52:49,866] {taskinstance.py:1220} INFO - 1 downstream tasks scheduled from follow-on schedule check
[2021-03-12 16:52:49,912] {local_task_job.py:146} INFO - Task exited with return code 0
