[2021-03-18 17:26:25,056] {taskinstance.py:851} INFO - Dependencies all met for <TaskInstance: xcom-example.double_values 2021-03-18T17:26:20.257470+00:00 [queued]>
[2021-03-18 17:26:25,081] {taskinstance.py:851} INFO - Dependencies all met for <TaskInstance: xcom-example.double_values 2021-03-18T17:26:20.257470+00:00 [queued]>
[2021-03-18 17:26:25,084] {taskinstance.py:1042} INFO - 
--------------------------------------------------------------------------------
[2021-03-18 17:26:25,086] {taskinstance.py:1043} INFO - Starting attempt 1 of 2
[2021-03-18 17:26:25,096] {taskinstance.py:1044} INFO - 
--------------------------------------------------------------------------------
[2021-03-18 17:26:25,111] {taskinstance.py:1063} INFO - Executing <Task(PythonOperator): double_values> on 2021-03-18T17:26:20.257470+00:00
[2021-03-18 17:26:25,124] {standard_task_runner.py:76} INFO - Running: ['airflow', 'tasks', 'run', 'xcom-example', 'double_values', '2021-03-18T17:26:20.257470+00:00', '--job-id', '3', '--pool', 'default_pool', '--raw', '--subdir', 'DAGS_FOLDER/airflow-xcom-example.py', '--cfg-path', '/tmp/tmpe4vznv8i', '--error-file', '/tmp/tmpxhozbbr7']
[2021-03-18 17:26:25,119] {standard_task_runner.py:52} INFO - Started process 41 to run task
[2021-03-18 17:26:25,126] {standard_task_runner.py:77} INFO - Job 3: Subtask double_values
[2021-03-18 17:26:25,184] {logging_mixin.py:104} INFO - Running <TaskInstance: xcom-example.double_values 2021-03-18T17:26:20.257470+00:00 [running]> on host c98c5c7ad3ed
[2021-03-18 17:26:25,225] {taskinstance.py:1257} INFO - Exporting the following env vars:
AIRFLOW_CTX_DAG_EMAIL=tom.karaffa@deep-labs.com
AIRFLOW_CTX_DAG_OWNER=tom.karaffa
AIRFLOW_CTX_DAG_ID=xcom-example
AIRFLOW_CTX_TASK_ID=double_values
AIRFLOW_CTX_EXECUTION_DATE=2021-03-18T17:26:20.257470+00:00
AIRFLOW_CTX_DAG_RUN_ID=manual__2021-03-18T17:26:20.257470+00:00
[2021-03-18 17:26:25,247] {python.py:118} INFO - Done. Returned value was: None
[2021-03-18 17:26:25,264] {taskinstance.py:1166} INFO - Marking task as SUCCESS. dag_id=xcom-example, task_id=double_values, execution_date=20210318T172620, start_date=20210318T172625, end_date=20210318T172625
[2021-03-18 17:26:25,297] {taskinstance.py:1220} INFO - 1 downstream tasks scheduled from follow-on schedule check
[2021-03-18 17:26:25,345] {local_task_job.py:146} INFO - Task exited with return code 0
