[2021-03-11 23:35:32,421] {taskinstance.py:851} INFO - Dependencies all met for <TaskInstance: example_xcom.push_by_returning 2021-03-09T00:00:00+00:00 [queued]>
[2021-03-11 23:35:32,443] {taskinstance.py:851} INFO - Dependencies all met for <TaskInstance: example_xcom.push_by_returning 2021-03-09T00:00:00+00:00 [queued]>
[2021-03-11 23:35:32,445] {taskinstance.py:1042} INFO - 
--------------------------------------------------------------------------------
[2021-03-11 23:35:32,446] {taskinstance.py:1043} INFO - Starting attempt 1 of 1
[2021-03-11 23:35:32,447] {taskinstance.py:1044} INFO - 
--------------------------------------------------------------------------------
[2021-03-11 23:35:32,464] {taskinstance.py:1063} INFO - Executing <Task(PythonOperator): push_by_returning> on 2021-03-09T00:00:00+00:00
[2021-03-11 23:35:32,472] {standard_task_runner.py:52} INFO - Started process 50 to run task
[2021-03-11 23:35:32,476] {standard_task_runner.py:76} INFO - Running: ['airflow', 'tasks', 'run', 'example_xcom', 'push_by_returning', '2021-03-09T00:00:00+00:00', '--job-id', '6', '--pool', 'default_pool', '--raw', '--subdir', '/home/airflow/.local/lib/python3.6/site-packages/airflow/example_dags/example_xcom.py', '--cfg-path', '/tmp/tmpi4bt0m4q', '--error-file', '/tmp/tmpvwt40wtf']
[2021-03-11 23:35:32,478] {standard_task_runner.py:77} INFO - Job 6: Subtask push_by_returning
[2021-03-11 23:35:32,529] {logging_mixin.py:104} INFO - Running <TaskInstance: example_xcom.push_by_returning 2021-03-09T00:00:00+00:00 [running]> on host 7d27dd48eb07
[2021-03-11 23:35:32,567] {taskinstance.py:1257} INFO - Exporting the following env vars:
AIRFLOW_CTX_DAG_OWNER=airflow
AIRFLOW_CTX_DAG_ID=example_xcom
AIRFLOW_CTX_TASK_ID=push_by_returning
AIRFLOW_CTX_EXECUTION_DATE=2021-03-09T00:00:00+00:00
AIRFLOW_CTX_DAG_RUN_ID=scheduled__2021-03-09T00:00:00+00:00
[2021-03-11 23:35:32,568] {python.py:118} INFO - Done. Returned value was: {'a': 'b'}
[2021-03-11 23:35:32,590] {taskinstance.py:1166} INFO - Marking task as SUCCESS. dag_id=example_xcom, task_id=push_by_returning, execution_date=20210309T000000, start_date=20210311T233532, end_date=20210311T233532
[2021-03-11 23:35:32,616] {taskinstance.py:1220} INFO - 1 downstream tasks scheduled from follow-on schedule check
[2021-03-11 23:35:32,654] {local_task_job.py:146} INFO - Task exited with return code 0
