[2021-03-11 20:18:41,844] {taskinstance.py:851} INFO - Dependencies all met for <TaskInstance: example_xcom_args_with_operators.print_value__1 2021-03-11T20:18:38.021147+00:00 [queued]>
[2021-03-11 20:18:41,883] {taskinstance.py:851} INFO - Dependencies all met for <TaskInstance: example_xcom_args_with_operators.print_value__1 2021-03-11T20:18:38.021147+00:00 [queued]>
[2021-03-11 20:18:41,885] {taskinstance.py:1042} INFO - 
--------------------------------------------------------------------------------
[2021-03-11 20:18:41,887] {taskinstance.py:1043} INFO - Starting attempt 1 of 1
[2021-03-11 20:18:41,888] {taskinstance.py:1044} INFO - 
--------------------------------------------------------------------------------
[2021-03-11 20:18:41,916] {taskinstance.py:1063} INFO - Executing <Task(_PythonDecoratedOperator): print_value__1> on 2021-03-11T20:18:38.021147+00:00
[2021-03-11 20:18:41,924] {standard_task_runner.py:52} INFO - Started process 54 to run task
[2021-03-11 20:18:41,930] {standard_task_runner.py:76} INFO - Running: ['airflow', 'tasks', 'run', 'example_xcom_args_with_operators', 'print_value__1', '2021-03-11T20:18:38.021147+00:00', '--job-id', '17', '--pool', 'default_pool', '--raw', '--subdir', '/home/airflow/.local/lib/python3.6/site-packages/airflow/example_dags/example_xcomargs.py', '--cfg-path', '/tmp/tmpveo7s62q', '--error-file', '/tmp/tmpwmph500g']
[2021-03-11 20:18:41,934] {standard_task_runner.py:77} INFO - Job 17: Subtask print_value__1
[2021-03-11 20:18:42,004] {logging_mixin.py:104} INFO - Running <TaskInstance: example_xcom_args_with_operators.print_value__1 2021-03-11T20:18:38.021147+00:00 [running]> on host c5b43799858a
[2021-03-11 20:18:42,061] {taskinstance.py:1257} INFO - Exporting the following env vars:
AIRFLOW_CTX_DAG_OWNER=airflow
AIRFLOW_CTX_DAG_ID=example_xcom_args_with_operators
AIRFLOW_CTX_TASK_ID=print_value__1
AIRFLOW_CTX_EXECUTION_DATE=2021-03-11T20:18:38.021147+00:00
AIRFLOW_CTX_DAG_RUN_ID=manual__2021-03-11T20:18:38.021147+00:00
[2021-03-11 20:18:42,065] {example_xcomargs.py:39} INFO - The knights of Ni say: second! (at 2021-03-11T20:18:38.021147+00:00)
[2021-03-11 20:18:42,080] {taskinstance.py:1166} INFO - Marking task as SUCCESS. dag_id=example_xcom_args_with_operators, task_id=print_value__1, execution_date=20210311T201838, start_date=20210311T201841, end_date=20210311T201842
[2021-03-11 20:18:42,118] {taskinstance.py:1220} INFO - 1 downstream tasks scheduled from follow-on schedule check
[2021-03-11 20:18:42,149] {local_task_job.py:146} INFO - Task exited with return code 0
