[2021-03-12 16:52:04,134] {taskinstance.py:851} INFO - Dependencies all met for <TaskInstance: xcom-example.extract_from_db 2021-03-12T16:52:03.144072+00:00 [queued]>
[2021-03-12 16:52:04,169] {taskinstance.py:851} INFO - Dependencies all met for <TaskInstance: xcom-example.extract_from_db 2021-03-12T16:52:03.144072+00:00 [queued]>
[2021-03-12 16:52:04,170] {taskinstance.py:1042} INFO - 
--------------------------------------------------------------------------------
[2021-03-12 16:52:04,171] {taskinstance.py:1043} INFO - Starting attempt 1 of 2
[2021-03-12 16:52:04,172] {taskinstance.py:1044} INFO - 
--------------------------------------------------------------------------------
[2021-03-12 16:52:04,185] {taskinstance.py:1063} INFO - Executing <Task(PythonOperator): extract_from_db> on 2021-03-12T16:52:03.144072+00:00
[2021-03-12 16:52:04,191] {standard_task_runner.py:52} INFO - Started process 54 to run task
[2021-03-12 16:52:04,196] {standard_task_runner.py:76} INFO - Running: ['airflow', 'tasks', 'run', 'xcom-example', 'extract_from_db', '2021-03-12T16:52:03.144072+00:00', '--job-id', '10', '--pool', 'default_pool', '--raw', '--subdir', 'DAGS_FOLDER/airflow-xcom-example.py', '--cfg-path', '/tmp/tmp41au5fwr', '--error-file', '/tmp/tmpen__o_5_']
[2021-03-12 16:52:04,204] {standard_task_runner.py:77} INFO - Job 10: Subtask extract_from_db
[2021-03-12 16:52:04,254] {logging_mixin.py:104} INFO - Running <TaskInstance: xcom-example.extract_from_db 2021-03-12T16:52:03.144072+00:00 [running]> on host c9789e4b240e
[2021-03-12 16:52:04,335] {taskinstance.py:1257} INFO - Exporting the following env vars:
AIRFLOW_CTX_DAG_EMAIL=tom.karaffa@deep-labs.com
AIRFLOW_CTX_DAG_OWNER=tom.karaffa
AIRFLOW_CTX_DAG_ID=xcom-example
AIRFLOW_CTX_TASK_ID=extract_from_db
AIRFLOW_CTX_EXECUTION_DATE=2021-03-12T16:52:03.144072+00:00
AIRFLOW_CTX_DAG_RUN_ID=manual__2021-03-12T16:52:03.144072+00:00
[2021-03-12 16:52:04,338] {taskinstance.py:1455} ERROR - name 'get_current_context' is not defined
Traceback (most recent call last):
  File "/home/airflow/.local/lib/python3.6/site-packages/airflow/models/taskinstance.py", line 1112, in _run_raw_task
    self._prepare_and_execute_task_with_callbacks(context, task)
  File "/home/airflow/.local/lib/python3.6/site-packages/airflow/models/taskinstance.py", line 1285, in _prepare_and_execute_task_with_callbacks
    result = self._execute_task(context, task_copy)
  File "/home/airflow/.local/lib/python3.6/site-packages/airflow/models/taskinstance.py", line 1315, in _execute_task
    result = task_copy.execute(context=context)
  File "/home/airflow/.local/lib/python3.6/site-packages/airflow/operators/python.py", line 117, in execute
    return_value = self.execute_callable()
  File "/home/airflow/.local/lib/python3.6/site-packages/airflow/operators/python.py", line 128, in execute_callable
    return self.python_callable(*self.op_args, **self.op_kwargs)
  File "/opt/airflow/dags/airflow-xcom-example.py", line 39, in extract_from_db
    context = get_current_context()
NameError: name 'get_current_context' is not defined
[2021-03-12 16:52:04,343] {taskinstance.py:1503} INFO - Marking task as UP_FOR_RETRY. dag_id=xcom-example, task_id=extract_from_db, execution_date=20210312T165203, start_date=20210312T165204, end_date=20210312T165204
[2021-03-12 16:52:04,379] {local_task_job.py:146} INFO - Task exited with return code 1
