[2021-03-11 23:20:28,499] {taskinstance.py:851} INFO - Dependencies all met for <TaskInstance: tutorial.templated 2021-03-11T23:20:24.980401+00:00 [queued]>
[2021-03-11 23:20:28,551] {taskinstance.py:851} INFO - Dependencies all met for <TaskInstance: tutorial.templated 2021-03-11T23:20:24.980401+00:00 [queued]>
[2021-03-11 23:20:28,552] {taskinstance.py:1042} INFO - 
--------------------------------------------------------------------------------
[2021-03-11 23:20:28,554] {taskinstance.py:1043} INFO - Starting attempt 1 of 2
[2021-03-11 23:20:28,555] {taskinstance.py:1044} INFO - 
--------------------------------------------------------------------------------
[2021-03-11 23:20:28,572] {taskinstance.py:1063} INFO - Executing <Task(BashOperator): templated> on 2021-03-11T23:20:24.980401+00:00
[2021-03-11 23:20:28,585] {standard_task_runner.py:52} INFO - Started process 46 to run task
[2021-03-11 23:20:28,595] {standard_task_runner.py:76} INFO - Running: ['airflow', 'tasks', 'run', 'tutorial', 'templated', '2021-03-11T23:20:24.980401+00:00', '--job-id', '32', '--pool', 'default_pool', '--raw', '--subdir', '/home/airflow/.local/lib/python3.6/site-packages/airflow/example_dags/tutorial.py', '--cfg-path', '/tmp/tmpq1qecjpf', '--error-file', '/tmp/tmpi_tl6128']
[2021-03-11 23:20:28,597] {standard_task_runner.py:77} INFO - Job 32: Subtask templated
[2021-03-11 23:20:28,695] {logging_mixin.py:104} INFO - Running <TaskInstance: tutorial.templated 2021-03-11T23:20:24.980401+00:00 [running]> on host 480c7f8c856c
[2021-03-11 23:20:28,760] {taskinstance.py:1257} INFO - Exporting the following env vars:
AIRFLOW_CTX_DAG_EMAIL=airflow@example.com
AIRFLOW_CTX_DAG_OWNER=airflow
AIRFLOW_CTX_DAG_ID=tutorial
AIRFLOW_CTX_TASK_ID=templated
AIRFLOW_CTX_EXECUTION_DATE=2021-03-11T23:20:24.980401+00:00
AIRFLOW_CTX_DAG_RUN_ID=manual__2021-03-11T23:20:24.980401+00:00
[2021-03-11 23:20:28,763] {bash.py:135} INFO - Tmp dir root location: 
 /tmp
[2021-03-11 23:20:28,765] {bash.py:158} INFO - Running command: 

    echo "2021-03-11"
    echo "2021-03-18"
    echo "Parameter I passed in"

    echo "2021-03-11"
    echo "2021-03-18"
    echo "Parameter I passed in"

    echo "2021-03-11"
    echo "2021-03-18"
    echo "Parameter I passed in"

    echo "2021-03-11"
    echo "2021-03-18"
    echo "Parameter I passed in"

    echo "2021-03-11"
    echo "2021-03-18"
    echo "Parameter I passed in"

[2021-03-11 23:20:28,782] {bash.py:169} INFO - Output:
[2021-03-11 23:20:28,784] {bash.py:173} INFO - 2021-03-11
[2021-03-11 23:20:28,785] {bash.py:173} INFO - 2021-03-18
[2021-03-11 23:20:28,786] {bash.py:173} INFO - Parameter I passed in
[2021-03-11 23:20:28,787] {bash.py:173} INFO - 2021-03-11
[2021-03-11 23:20:28,788] {bash.py:173} INFO - 2021-03-18
[2021-03-11 23:20:28,789] {bash.py:173} INFO - Parameter I passed in
[2021-03-11 23:20:28,790] {bash.py:173} INFO - 2021-03-11
[2021-03-11 23:20:28,791] {bash.py:173} INFO - 2021-03-18
[2021-03-11 23:20:28,792] {bash.py:173} INFO - Parameter I passed in
[2021-03-11 23:20:28,796] {bash.py:173} INFO - 2021-03-11
[2021-03-11 23:20:28,798] {bash.py:173} INFO - 2021-03-18
[2021-03-11 23:20:28,799] {bash.py:173} INFO - Parameter I passed in
[2021-03-11 23:20:28,801] {bash.py:173} INFO - 2021-03-11
[2021-03-11 23:20:28,802] {bash.py:173} INFO - 2021-03-18
[2021-03-11 23:20:28,804] {bash.py:173} INFO - Parameter I passed in
[2021-03-11 23:20:28,805] {bash.py:177} INFO - Command exited with return code 0
[2021-03-11 23:20:28,841] {taskinstance.py:1166} INFO - Marking task as SUCCESS. dag_id=tutorial, task_id=templated, execution_date=20210311T232024, start_date=20210311T232028, end_date=20210311T232028
[2021-03-11 23:20:28,870] {taskinstance.py:1220} INFO - 0 downstream tasks scheduled from follow-on schedule check
[2021-03-11 23:20:28,894] {local_task_job.py:146} INFO - Task exited with return code 0
