[2021-03-12 00:13:03,484] {taskinstance.py:851} INFO - Dependencies all met for <TaskInstance: xcom-example.load_into_db 2021-03-12T00:13:00.807410+00:00 [queued]>
[2021-03-12 00:13:03,520] {taskinstance.py:851} INFO - Dependencies all met for <TaskInstance: xcom-example.load_into_db 2021-03-12T00:13:00.807410+00:00 [queued]>
[2021-03-12 00:13:03,522] {taskinstance.py:1042} INFO - 
--------------------------------------------------------------------------------
[2021-03-12 00:13:03,522] {taskinstance.py:1043} INFO - Starting attempt 1 of 2
[2021-03-12 00:13:03,523] {taskinstance.py:1044} INFO - 
--------------------------------------------------------------------------------
[2021-03-12 00:13:03,534] {taskinstance.py:1063} INFO - Executing <Task(PythonOperator): load_into_db> on 2021-03-12T00:13:00.807410+00:00
[2021-03-12 00:13:03,543] {standard_task_runner.py:52} INFO - Started process 50 to run task
[2021-03-12 00:13:03,549] {standard_task_runner.py:76} INFO - Running: ['airflow', 'tasks', 'run', 'xcom-example', 'load_into_db', '2021-03-12T00:13:00.807410+00:00', '--job-id', '40', '--pool', 'default_pool', '--raw', '--subdir', 'DAGS_FOLDER/airflow-xcom-example.py', '--cfg-path', '/tmp/tmp1t7y30p6', '--error-file', '/tmp/tmple5kyo70']
[2021-03-12 00:13:03,559] {standard_task_runner.py:77} INFO - Job 40: Subtask load_into_db
[2021-03-12 00:13:03,625] {logging_mixin.py:104} INFO - Running <TaskInstance: xcom-example.load_into_db 2021-03-12T00:13:00.807410+00:00 [running]> on host 529cfb9a3d0d
[2021-03-12 00:13:03,688] {taskinstance.py:1257} INFO - Exporting the following env vars:
AIRFLOW_CTX_DAG_EMAIL=tom.karaffa@deep-labs.com
AIRFLOW_CTX_DAG_OWNER=tom.karaffa
AIRFLOW_CTX_DAG_ID=xcom-example
AIRFLOW_CTX_TASK_ID=load_into_db
AIRFLOW_CTX_EXECUTION_DATE=2021-03-12T00:13:00.807410+00:00
AIRFLOW_CTX_DAG_RUN_ID=manual__2021-03-12T00:13:00.807410+00:00
[2021-03-12 00:13:03,738] {python.py:118} INFO - Done. Returned value was: None
[2021-03-12 00:13:03,759] {taskinstance.py:1166} INFO - Marking task as SUCCESS. dag_id=xcom-example, task_id=load_into_db, execution_date=20210312T001300, start_date=20210312T001303, end_date=20210312T001303
[2021-03-12 00:13:03,808] {taskinstance.py:1220} INFO - 0 downstream tasks scheduled from follow-on schedule check
[2021-03-12 00:13:03,855] {local_task_job.py:146} INFO - Task exited with return code 0
