[2021-03-11 20:18:34,006] {taskinstance.py:851} INFO - Dependencies all met for <TaskInstance: example_xcom_args.generate_value 2021-03-11T20:18:32.348744+00:00 [queued]>
[2021-03-11 20:18:34,040] {taskinstance.py:851} INFO - Dependencies all met for <TaskInstance: example_xcom_args.generate_value 2021-03-11T20:18:32.348744+00:00 [queued]>
[2021-03-11 20:18:34,042] {taskinstance.py:1042} INFO - 
--------------------------------------------------------------------------------
[2021-03-11 20:18:34,043] {taskinstance.py:1043} INFO - Starting attempt 1 of 1
[2021-03-11 20:18:34,044] {taskinstance.py:1044} INFO - 
--------------------------------------------------------------------------------
[2021-03-11 20:18:34,061] {taskinstance.py:1063} INFO - Executing <Task(PythonOperator): generate_value> on 2021-03-11T20:18:32.348744+00:00
[2021-03-11 20:18:34,083] {standard_task_runner.py:76} INFO - Running: ['airflow', 'tasks', 'run', 'example_xcom_args', 'generate_value', '2021-03-11T20:18:32.348744+00:00', '--job-id', '13', '--pool', 'default_pool', '--raw', '--subdir', '/home/airflow/.local/lib/python3.6/site-packages/airflow/example_dags/example_xcomargs.py', '--cfg-path', '/tmp/tmpkjrlibho', '--error-file', '/tmp/tmp_pb4q8nd']
[2021-03-11 20:18:34,086] {standard_task_runner.py:77} INFO - Job 13: Subtask generate_value
[2021-03-11 20:18:34,069] {standard_task_runner.py:52} INFO - Started process 45 to run task
[2021-03-11 20:18:34,217] {logging_mixin.py:104} INFO - Running <TaskInstance: example_xcom_args.generate_value 2021-03-11T20:18:32.348744+00:00 [running]> on host c5b43799858a
[2021-03-11 20:18:34,284] {taskinstance.py:1257} INFO - Exporting the following env vars:
AIRFLOW_CTX_DAG_OWNER=airflow
AIRFLOW_CTX_DAG_ID=example_xcom_args
AIRFLOW_CTX_TASK_ID=generate_value
AIRFLOW_CTX_EXECUTION_DATE=2021-03-11T20:18:32.348744+00:00
AIRFLOW_CTX_DAG_RUN_ID=manual__2021-03-11T20:18:32.348744+00:00
[2021-03-11 20:18:34,287] {python.py:118} INFO - Done. Returned value was: Bring me a shrubbery!
[2021-03-11 20:18:34,322] {taskinstance.py:1166} INFO - Marking task as SUCCESS. dag_id=example_xcom_args, task_id=generate_value, execution_date=20210311T201832, start_date=20210311T201834, end_date=20210311T201834
[2021-03-11 20:18:34,398] {taskinstance.py:1220} INFO - 1 downstream tasks scheduled from follow-on schedule check
[2021-03-11 20:18:34,440] {local_task_job.py:146} INFO - Task exited with return code 0
