[2021-03-12 16:53:00,030] {taskinstance.py:851} INFO - Dependencies all met for <TaskInstance: xcom-example.load_into_db 2021-03-12T16:52:56.493701+00:00 [queued]>
[2021-03-12 16:53:00,044] {taskinstance.py:851} INFO - Dependencies all met for <TaskInstance: xcom-example.load_into_db 2021-03-12T16:52:56.493701+00:00 [queued]>
[2021-03-12 16:53:00,044] {taskinstance.py:1042} INFO - 
--------------------------------------------------------------------------------
[2021-03-12 16:53:00,045] {taskinstance.py:1043} INFO - Starting attempt 1 of 2
[2021-03-12 16:53:00,045] {taskinstance.py:1044} INFO - 
--------------------------------------------------------------------------------
[2021-03-12 16:53:00,054] {taskinstance.py:1063} INFO - Executing <Task(PythonOperator): load_into_db> on 2021-03-12T16:52:56.493701+00:00
[2021-03-12 16:53:00,063] {standard_task_runner.py:76} INFO - Running: ['airflow', 'tasks', 'run', 'xcom-example', 'load_into_db', '2021-03-12T16:52:56.493701+00:00', '--job-id', '16', '--pool', 'default_pool', '--raw', '--subdir', 'DAGS_FOLDER/airflow-xcom-example.py', '--cfg-path', '/tmp/tmpiwef38pk', '--error-file', '/tmp/tmpvvn_um4u']
[2021-03-12 16:53:00,059] {standard_task_runner.py:52} INFO - Started process 66 to run task
[2021-03-12 16:53:00,064] {standard_task_runner.py:77} INFO - Job 16: Subtask load_into_db
[2021-03-12 16:53:00,104] {logging_mixin.py:104} INFO - Running <TaskInstance: xcom-example.load_into_db 2021-03-12T16:52:56.493701+00:00 [running]> on host c9789e4b240e
[2021-03-12 16:53:00,146] {taskinstance.py:1257} INFO - Exporting the following env vars:
AIRFLOW_CTX_DAG_EMAIL=tom.karaffa@deep-labs.com
AIRFLOW_CTX_DAG_OWNER=tom.karaffa
AIRFLOW_CTX_DAG_ID=xcom-example
AIRFLOW_CTX_TASK_ID=load_into_db
AIRFLOW_CTX_EXECUTION_DATE=2021-03-12T16:52:56.493701+00:00
AIRFLOW_CTX_DAG_RUN_ID=manual__2021-03-12T16:52:56.493701+00:00
[2021-03-12 16:53:00,165] {python.py:118} INFO - Done. Returned value was: None
[2021-03-12 16:53:00,174] {taskinstance.py:1166} INFO - Marking task as SUCCESS. dag_id=xcom-example, task_id=load_into_db, execution_date=20210312T165256, start_date=20210312T165300, end_date=20210312T165300
[2021-03-12 16:53:00,205] {taskinstance.py:1220} INFO - 0 downstream tasks scheduled from follow-on schedule check
[2021-03-12 16:53:00,240] {local_task_job.py:146} INFO - Task exited with return code 0
