[2021-03-11 23:11:01,093] {taskinstance.py:851} INFO - Dependencies all met for <TaskInstance: tutorial.templated 2021-03-11T23:10:57.615950+00:00 [queued]>
[2021-03-11 23:11:01,130] {taskinstance.py:851} INFO - Dependencies all met for <TaskInstance: tutorial.templated 2021-03-11T23:10:57.615950+00:00 [queued]>
[2021-03-11 23:11:01,133] {taskinstance.py:1042} INFO - 
--------------------------------------------------------------------------------
[2021-03-11 23:11:01,135] {taskinstance.py:1043} INFO - Starting attempt 1 of 2
[2021-03-11 23:11:01,137] {taskinstance.py:1044} INFO - 
--------------------------------------------------------------------------------
[2021-03-11 23:11:01,172] {taskinstance.py:1063} INFO - Executing <Task(BashOperator): templated> on 2021-03-11T23:10:57.615950+00:00
[2021-03-11 23:11:01,180] {standard_task_runner.py:52} INFO - Started process 46 to run task
[2021-03-11 23:11:01,198] {standard_task_runner.py:76} INFO - Running: ['airflow', 'tasks', 'run', 'tutorial', 'templated', '2021-03-11T23:10:57.615950+00:00', '--job-id', '25', '--pool', 'default_pool', '--raw', '--subdir', '/home/airflow/.local/lib/python3.6/site-packages/airflow/example_dags/tutorial.py', '--cfg-path', '/tmp/tmp5yujsxvh', '--error-file', '/tmp/tmp29393cg8']
[2021-03-11 23:11:01,203] {standard_task_runner.py:77} INFO - Job 25: Subtask templated
[2021-03-11 23:11:01,331] {logging_mixin.py:104} INFO - Running <TaskInstance: tutorial.templated 2021-03-11T23:10:57.615950+00:00 [running]> on host c76a06009557
[2021-03-11 23:11:01,424] {taskinstance.py:1257} INFO - Exporting the following env vars:
AIRFLOW_CTX_DAG_EMAIL=airflow@example.com
AIRFLOW_CTX_DAG_OWNER=airflow
AIRFLOW_CTX_DAG_ID=tutorial
AIRFLOW_CTX_TASK_ID=templated
AIRFLOW_CTX_EXECUTION_DATE=2021-03-11T23:10:57.615950+00:00
AIRFLOW_CTX_DAG_RUN_ID=manual__2021-03-11T23:10:57.615950+00:00
[2021-03-11 23:11:01,428] {bash.py:135} INFO - Tmp dir root location: 
 /tmp
[2021-03-11 23:11:01,432] {bash.py:158} INFO - Running command: 

    echo "2021-03-11"
    echo "2021-03-18"
    echo "Parameter I passed in"

    echo "2021-03-11"
    echo "2021-03-18"
    echo "Parameter I passed in"

    echo "2021-03-11"
    echo "2021-03-18"
    echo "Parameter I passed in"

    echo "2021-03-11"
    echo "2021-03-18"
    echo "Parameter I passed in"

    echo "2021-03-11"
    echo "2021-03-18"
    echo "Parameter I passed in"

[2021-03-11 23:11:01,448] {bash.py:169} INFO - Output:
[2021-03-11 23:11:01,451] {bash.py:173} INFO - 2021-03-11
[2021-03-11 23:11:01,455] {bash.py:173} INFO - 2021-03-18
[2021-03-11 23:11:01,458] {bash.py:173} INFO - Parameter I passed in
[2021-03-11 23:11:01,462] {bash.py:173} INFO - 2021-03-11
[2021-03-11 23:11:01,463] {bash.py:173} INFO - 2021-03-18
[2021-03-11 23:11:01,464] {bash.py:173} INFO - Parameter I passed in
[2021-03-11 23:11:01,465] {bash.py:173} INFO - 2021-03-11
[2021-03-11 23:11:01,467] {bash.py:173} INFO - 2021-03-18
[2021-03-11 23:11:01,468] {bash.py:173} INFO - Parameter I passed in
[2021-03-11 23:11:01,469] {bash.py:173} INFO - 2021-03-11
[2021-03-11 23:11:01,470] {bash.py:173} INFO - 2021-03-18
[2021-03-11 23:11:01,471] {bash.py:173} INFO - Parameter I passed in
[2021-03-11 23:11:01,472] {bash.py:173} INFO - 2021-03-11
[2021-03-11 23:11:01,472] {bash.py:173} INFO - 2021-03-18
[2021-03-11 23:11:01,473] {bash.py:173} INFO - Parameter I passed in
[2021-03-11 23:11:01,474] {bash.py:177} INFO - Command exited with return code 0
[2021-03-11 23:11:01,506] {taskinstance.py:1166} INFO - Marking task as SUCCESS. dag_id=tutorial, task_id=templated, execution_date=20210311T231057, start_date=20210311T231101, end_date=20210311T231101
[2021-03-11 23:11:01,533] {taskinstance.py:1220} INFO - 0 downstream tasks scheduled from follow-on schedule check
[2021-03-11 23:11:01,551] {local_task_job.py:146} INFO - Task exited with return code 0
