[2021-03-12 00:20:52,720] {taskinstance.py:851} INFO - Dependencies all met for <TaskInstance: tutorial.sleep 2021-03-11T00:00:00+00:00 [queued]>
[2021-03-12 00:20:52,789] {taskinstance.py:851} INFO - Dependencies all met for <TaskInstance: tutorial.sleep 2021-03-11T00:00:00+00:00 [queued]>
[2021-03-12 00:20:52,798] {taskinstance.py:1042} INFO - 
--------------------------------------------------------------------------------
[2021-03-12 00:20:52,799] {taskinstance.py:1043} INFO - Starting attempt 1 of 4
[2021-03-12 00:20:52,800] {taskinstance.py:1044} INFO - 
--------------------------------------------------------------------------------
[2021-03-12 00:20:52,854] {taskinstance.py:1063} INFO - Executing <Task(BashOperator): sleep> on 2021-03-11T00:00:00+00:00
[2021-03-12 00:20:52,896] {standard_task_runner.py:76} INFO - Running: ['airflow', 'tasks', 'run', 'tutorial', 'sleep', '2021-03-11T00:00:00+00:00', '--job-id', '37', '--pool', 'default_pool', '--raw', '--subdir', '/home/airflow/.local/lib/python3.6/site-packages/airflow/example_dags/tutorial.py', '--cfg-path', '/tmp/tmpeq6l6f9_', '--error-file', '/tmp/tmpqxr4vdm_']
[2021-03-12 00:20:52,900] {standard_task_runner.py:77} INFO - Job 37: Subtask sleep
[2021-03-12 00:20:52,865] {standard_task_runner.py:52} INFO - Started process 47 to run task
[2021-03-12 00:20:53,027] {logging_mixin.py:104} INFO - Running <TaskInstance: tutorial.sleep 2021-03-11T00:00:00+00:00 [running]> on host e272a46ce32e
[2021-03-12 00:20:53,199] {taskinstance.py:1257} INFO - Exporting the following env vars:
AIRFLOW_CTX_DAG_EMAIL=airflow@example.com
AIRFLOW_CTX_DAG_OWNER=airflow
AIRFLOW_CTX_DAG_ID=tutorial
AIRFLOW_CTX_TASK_ID=sleep
AIRFLOW_CTX_EXECUTION_DATE=2021-03-11T00:00:00+00:00
AIRFLOW_CTX_DAG_RUN_ID=scheduled__2021-03-11T00:00:00+00:00
[2021-03-12 00:20:53,202] {bash.py:135} INFO - Tmp dir root location: 
 /tmp
[2021-03-12 00:20:53,206] {bash.py:158} INFO - Running command: sleep 5
[2021-03-12 00:20:53,238] {bash.py:169} INFO - Output:
[2021-03-12 00:20:58,250] {bash.py:177} INFO - Command exited with return code 0
[2021-03-12 00:20:58,299] {taskinstance.py:1166} INFO - Marking task as SUCCESS. dag_id=tutorial, task_id=sleep, execution_date=20210311T000000, start_date=20210312T002052, end_date=20210312T002058
[2021-03-12 00:20:58,342] {taskinstance.py:1220} INFO - 0 downstream tasks scheduled from follow-on schedule check
[2021-03-12 00:20:58,380] {local_task_job.py:146} INFO - Task exited with return code 0
